[0.602s] Invoking command in '/home/xtal/ros2_ws/build/dm': DEBUGINFOD_URLS=https://debuginfod.ubuntu.com PYTHONPATH=/home/xtal/ros2_ws/build/dm/prefix_override:/usr/lib/python3/dist-packages/colcon_core/task/python/colcon_distutils_commands:/home/xtal/ros2_ws/install/dm/lib/python3.12/site-packages: /usr/bin/python3 -W ignore:setup.py install is deprecated -W ignore:easy_install command is deprecated setup.py develop --editable --build-directory /home/xtal/ros2_ws/build/dm/build --no-deps symlink_data
[0.793s] running develop
[0.891s] running egg_info
[0.900s] writing dm.egg-info/PKG-INFO
[0.900s] writing dependency_links to dm.egg-info/dependency_links.txt
[0.900s] writing entry points to dm.egg-info/entry_points.txt
[0.900s] writing requirements to dm.egg-info/requires.txt
[0.900s] writing top-level names to dm.egg-info/top_level.txt
[0.919s] reading manifest file 'dm.egg-info/SOURCES.txt'
[0.919s] writing manifest file 'dm.egg-info/SOURCES.txt'
[0.929s] running build_ext
[0.929s] Creating /home/xtal/ros2_ws/install/dm/lib/python3.12/site-packages/dm.egg-link (link to .)
[0.930s] Installing my_publisher script to /home/xtal/ros2_ws/install/dm/lib/dm
[0.930s] Installing my_second_publisher script to /home/xtal/ros2_ws/install/dm/lib/dm
[0.930s] Installing my_subscriber script to /home/xtal/ros2_ws/install/dm/lib/dm
[0.930s] 
[0.930s] Installed /home/xtal/ros2_ws/build/dm
[0.930s] running symlink_data
[0.931s] creating /home/xtal/ros2_ws/install/dm/share/dm/launch
[0.931s] symbolically linking /home/xtal/ros2_ws/build/dm/launch/publishers.launch.py -> /home/xtal/ros2_ws/install/dm/share/dm/launch
[0.955s] Invoked command in '/home/xtal/ros2_ws/build/dm' returned '0': DEBUGINFOD_URLS=https://debuginfod.ubuntu.com PYTHONPATH=/home/xtal/ros2_ws/build/dm/prefix_override:/usr/lib/python3/dist-packages/colcon_core/task/python/colcon_distutils_commands:/home/xtal/ros2_ws/install/dm/lib/python3.12/site-packages: /usr/bin/python3 -W ignore:setup.py install is deprecated -W ignore:easy_install command is deprecated setup.py develop --editable --build-directory /home/xtal/ros2_ws/build/dm/build --no-deps symlink_data
