[0.096s] DEBUG:colcon:Command line arguments: ['/usr/bin/colcon', 'build', '--symlink-install']
[0.096s] DEBUG:colcon:Parsed command line arguments: Namespace(log_base=None, log_level=None, verb_name='build', build_base='build', install_base='install', merge_install=False, symlink_install=True, test_result_base=None, continue_on_error=False, executor='parallel', parallel_workers=16, event_handlers=None, ignore_user_meta=False, metas=['./colcon.meta'], base_paths=['.'], packages_ignore=None, packages_ignore_regex=None, paths=None, packages_up_to=None, packages_up_to_regex=None, packages_above=None, packages_above_and_dependencies=None, packages_above_depth=None, packages_select_by_dep=None, packages_skip_by_dep=None, packages_skip_up_to=None, packages_select_build_failed=False, packages_skip_build_finished=False, packages_select_test_failures=False, packages_skip_test_passed=False, packages_select=None, packages_skip=None, packages_select_regex=None, packages_skip_regex=None, packages_start=None, packages_end=None, allow_overriding=[], cmake_args=None, cmake_target=None, cmake_target_skip_unavailable=False, cmake_clean_cache=False, cmake_clean_first=False, cmake_force_configure=False, ament_cmake_args=None, catkin_cmake_args=None, catkin_skip_building_tests=False, mixin_files=None, mixin=None, verb_parser=<colcon_mixin.mixin.mixin_argument.MixinArgumentDecorator object at 0x7979a85d2f00>, verb_extension=<colcon_core.verb.build.BuildVerb object at 0x7979a85d2c30>, main=<bound method BuildVerb.main of <colcon_core.verb.build.BuildVerb object at 0x7979a85d2c30>>, mixin_verb=('build',))
[0.128s] Level 1:colcon.colcon_core.package_discovery:discover_packages(colcon_meta) check parameters
[0.128s] Level 1:colcon.colcon_core.package_discovery:discover_packages(recursive) check parameters
[0.128s] Level 1:colcon.colcon_core.package_discovery:discover_packages(ignore) check parameters
[0.128s] Level 1:colcon.colcon_core.package_discovery:discover_packages(path) check parameters
[0.128s] Level 1:colcon.colcon_core.package_discovery:discover_packages(colcon_meta) discover
[0.128s] Level 1:colcon.colcon_core.package_discovery:discover_packages(recursive) discover
[0.128s] INFO:colcon.colcon_core.package_discovery:Crawling recursively for packages in '/home/xtal/ROS2-omni-manipulator'
[0.128s] Level 1:colcon.colcon_core.package_identification:_identify(.) by extensions ['ignore', 'ignore_ament_install']
[0.128s] Level 1:colcon.colcon_core.package_identification:_identify(.) by extension 'ignore'
[0.128s] Level 1:colcon.colcon_core.package_identification:_identify(.) by extension 'ignore_ament_install'
[0.128s] Level 1:colcon.colcon_core.package_identification:_identify(.) by extensions ['colcon_pkg']
[0.128s] Level 1:colcon.colcon_core.package_identification:_identify(.) by extension 'colcon_pkg'
[0.128s] Level 1:colcon.colcon_core.package_identification:_identify(.) by extensions ['colcon_meta']
[0.129s] Level 1:colcon.colcon_core.package_identification:_identify(.) by extension 'colcon_meta'
[0.129s] Level 1:colcon.colcon_core.package_identification:_identify(.) by extensions ['ros']
[0.129s] Level 1:colcon.colcon_core.package_identification:_identify(.) by extension 'ros'
[0.148s] Level 1:colcon.colcon_core.package_identification:_identify(.) by extensions ['cmake', 'python']
[0.148s] Level 1:colcon.colcon_core.package_identification:_identify(.) by extension 'cmake'
[0.148s] Level 1:colcon.colcon_core.package_identification:_identify(.) by extension 'python'
[0.148s] Level 1:colcon.colcon_core.package_identification:_identify(.) by extensions ['python_setup_py']
[0.148s] Level 1:colcon.colcon_core.package_identification:_identify(.) by extension 'python_setup_py'
[0.148s] Level 1:colcon.colcon_core.package_identification:_identify(build) by extensions ['ignore', 'ignore_ament_install']
[0.148s] Level 1:colcon.colcon_core.package_identification:_identify(build) by extension 'ignore'
[0.148s] Level 1:colcon.colcon_core.package_identification:_identify(build) ignored
[0.148s] Level 1:colcon.colcon_core.package_identification:_identify(install) by extensions ['ignore', 'ignore_ament_install']
[0.148s] Level 1:colcon.colcon_core.package_identification:_identify(install) by extension 'ignore'
[0.148s] Level 1:colcon.colcon_core.package_identification:_identify(install) ignored
[0.148s] Level 1:colcon.colcon_core.package_identification:_identify(log) by extensions ['ignore', 'ignore_ament_install']
[0.148s] Level 1:colcon.colcon_core.package_identification:_identify(log) by extension 'ignore'
[0.148s] Level 1:colcon.colcon_core.package_identification:_identify(log) ignored
[0.148s] Level 1:colcon.colcon_core.package_identification:_identify(pcb) by extensions ['ignore', 'ignore_ament_install']
[0.148s] Level 1:colcon.colcon_core.package_identification:_identify(pcb) by extension 'ignore'
[0.148s] Level 1:colcon.colcon_core.package_identification:_identify(pcb) by extension 'ignore_ament_install'
[0.149s] Level 1:colcon.colcon_core.package_identification:_identify(pcb) by extensions ['colcon_pkg']
[0.149s] Level 1:colcon.colcon_core.package_identification:_identify(pcb) by extension 'colcon_pkg'
[0.149s] Level 1:colcon.colcon_core.package_identification:_identify(pcb) by extensions ['colcon_meta']
[0.149s] Level 1:colcon.colcon_core.package_identification:_identify(pcb) by extension 'colcon_meta'
[0.149s] Level 1:colcon.colcon_core.package_identification:_identify(pcb) by extensions ['ros']
[0.149s] Level 1:colcon.colcon_core.package_identification:_identify(pcb) by extension 'ros'
[0.149s] Level 1:colcon.colcon_core.package_identification:_identify(pcb) by extensions ['cmake', 'python']
[0.149s] Level 1:colcon.colcon_core.package_identification:_identify(pcb) by extension 'cmake'
[0.149s] Level 1:colcon.colcon_core.package_identification:_identify(pcb) by extension 'python'
[0.149s] Level 1:colcon.colcon_core.package_identification:_identify(pcb) by extensions ['python_setup_py']
[0.149s] Level 1:colcon.colcon_core.package_identification:_identify(pcb) by extension 'python_setup_py'
[0.149s] Level 1:colcon.colcon_core.package_identification:_identify(pcb/wheels-pcb) by extensions ['ignore', 'ignore_ament_install']
[0.149s] Level 1:colcon.colcon_core.package_identification:_identify(pcb/wheels-pcb) by extension 'ignore'
[0.149s] Level 1:colcon.colcon_core.package_identification:_identify(pcb/wheels-pcb) by extension 'ignore_ament_install'
[0.149s] Level 1:colcon.colcon_core.package_identification:_identify(pcb/wheels-pcb) by extensions ['colcon_pkg']
[0.149s] Level 1:colcon.colcon_core.package_identification:_identify(pcb/wheels-pcb) by extension 'colcon_pkg'
[0.149s] Level 1:colcon.colcon_core.package_identification:_identify(pcb/wheels-pcb) by extensions ['colcon_meta']
[0.149s] Level 1:colcon.colcon_core.package_identification:_identify(pcb/wheels-pcb) by extension 'colcon_meta'
[0.149s] Level 1:colcon.colcon_core.package_identification:_identify(pcb/wheels-pcb) by extensions ['ros']
[0.149s] Level 1:colcon.colcon_core.package_identification:_identify(pcb/wheels-pcb) by extension 'ros'
[0.149s] Level 1:colcon.colcon_core.package_identification:_identify(pcb/wheels-pcb) by extensions ['cmake', 'python']
[0.149s] Level 1:colcon.colcon_core.package_identification:_identify(pcb/wheels-pcb) by extension 'cmake'
[0.149s] Level 1:colcon.colcon_core.package_identification:_identify(pcb/wheels-pcb) by extension 'python'
[0.149s] Level 1:colcon.colcon_core.package_identification:_identify(pcb/wheels-pcb) by extensions ['python_setup_py']
[0.149s] Level 1:colcon.colcon_core.package_identification:_identify(pcb/wheels-pcb) by extension 'python_setup_py'
[0.149s] Level 1:colcon.colcon_core.package_identification:_identify(pcb/wheels-pcb/blueprints) by extensions ['ignore', 'ignore_ament_install']
[0.150s] Level 1:colcon.colcon_core.package_identification:_identify(pcb/wheels-pcb/blueprints) by extension 'ignore'
[0.150s] Level 1:colcon.colcon_core.package_identification:_identify(pcb/wheels-pcb/blueprints) by extension 'ignore_ament_install'
[0.150s] Level 1:colcon.colcon_core.package_identification:_identify(pcb/wheels-pcb/blueprints) by extensions ['colcon_pkg']
[0.150s] Level 1:colcon.colcon_core.package_identification:_identify(pcb/wheels-pcb/blueprints) by extension 'colcon_pkg'
[0.150s] Level 1:colcon.colcon_core.package_identification:_identify(pcb/wheels-pcb/blueprints) by extensions ['colcon_meta']
[0.150s] Level 1:colcon.colcon_core.package_identification:_identify(pcb/wheels-pcb/blueprints) by extension 'colcon_meta'
[0.150s] Level 1:colcon.colcon_core.package_identification:_identify(pcb/wheels-pcb/blueprints) by extensions ['ros']
[0.150s] Level 1:colcon.colcon_core.package_identification:_identify(pcb/wheels-pcb/blueprints) by extension 'ros'
[0.150s] Level 1:colcon.colcon_core.package_identification:_identify(pcb/wheels-pcb/blueprints) by extensions ['cmake', 'python']
[0.150s] Level 1:colcon.colcon_core.package_identification:_identify(pcb/wheels-pcb/blueprints) by extension 'cmake'
[0.150s] Level 1:colcon.colcon_core.package_identification:_identify(pcb/wheels-pcb/blueprints) by extension 'python'
[0.150s] Level 1:colcon.colcon_core.package_identification:_identify(pcb/wheels-pcb/blueprints) by extensions ['python_setup_py']
[0.150s] Level 1:colcon.colcon_core.package_identification:_identify(pcb/wheels-pcb/blueprints) by extension 'python_setup_py'
[0.150s] Level 1:colcon.colcon_core.package_identification:_identify(pcb/wheels-pcb/wheels-pcb-backups) by extensions ['ignore', 'ignore_ament_install']
[0.150s] Level 1:colcon.colcon_core.package_identification:_identify(pcb/wheels-pcb/wheels-pcb-backups) by extension 'ignore'
[0.150s] Level 1:colcon.colcon_core.package_identification:_identify(pcb/wheels-pcb/wheels-pcb-backups) by extension 'ignore_ament_install'
[0.150s] Level 1:colcon.colcon_core.package_identification:_identify(pcb/wheels-pcb/wheels-pcb-backups) by extensions ['colcon_pkg']
[0.150s] Level 1:colcon.colcon_core.package_identification:_identify(pcb/wheels-pcb/wheels-pcb-backups) by extension 'colcon_pkg'
[0.150s] Level 1:colcon.colcon_core.package_identification:_identify(pcb/wheels-pcb/wheels-pcb-backups) by extensions ['colcon_meta']
[0.150s] Level 1:colcon.colcon_core.package_identification:_identify(pcb/wheels-pcb/wheels-pcb-backups) by extension 'colcon_meta'
[0.150s] Level 1:colcon.colcon_core.package_identification:_identify(pcb/wheels-pcb/wheels-pcb-backups) by extensions ['ros']
[0.150s] Level 1:colcon.colcon_core.package_identification:_identify(pcb/wheels-pcb/wheels-pcb-backups) by extension 'ros'
[0.150s] Level 1:colcon.colcon_core.package_identification:_identify(pcb/wheels-pcb/wheels-pcb-backups) by extensions ['cmake', 'python']
[0.150s] Level 1:colcon.colcon_core.package_identification:_identify(pcb/wheels-pcb/wheels-pcb-backups) by extension 'cmake'
[0.150s] Level 1:colcon.colcon_core.package_identification:_identify(pcb/wheels-pcb/wheels-pcb-backups) by extension 'python'
[0.150s] Level 1:colcon.colcon_core.package_identification:_identify(pcb/wheels-pcb/wheels-pcb-backups) by extensions ['python_setup_py']
[0.150s] Level 1:colcon.colcon_core.package_identification:_identify(pcb/wheels-pcb/wheels-pcb-backups) by extension 'python_setup_py'
[0.150s] Level 1:colcon.colcon_core.package_identification:_identify(src) by extensions ['ignore', 'ignore_ament_install']
[0.151s] Level 1:colcon.colcon_core.package_identification:_identify(src) by extension 'ignore'
[0.151s] Level 1:colcon.colcon_core.package_identification:_identify(src) by extension 'ignore_ament_install'
[0.151s] Level 1:colcon.colcon_core.package_identification:_identify(src) by extensions ['colcon_pkg']
[0.151s] Level 1:colcon.colcon_core.package_identification:_identify(src) by extension 'colcon_pkg'
[0.151s] Level 1:colcon.colcon_core.package_identification:_identify(src) by extensions ['colcon_meta']
[0.151s] Level 1:colcon.colcon_core.package_identification:_identify(src) by extension 'colcon_meta'
[0.151s] Level 1:colcon.colcon_core.package_identification:_identify(src) by extensions ['ros']
[0.151s] Level 1:colcon.colcon_core.package_identification:_identify(src) by extension 'ros'
[0.151s] Level 1:colcon.colcon_core.package_identification:_identify(src) by extensions ['cmake', 'python']
[0.151s] Level 1:colcon.colcon_core.package_identification:_identify(src) by extension 'cmake'
[0.151s] Level 1:colcon.colcon_core.package_identification:_identify(src) by extension 'python'
[0.151s] Level 1:colcon.colcon_core.package_identification:_identify(src) by extensions ['python_setup_py']
[0.151s] Level 1:colcon.colcon_core.package_identification:_identify(src) by extension 'python_setup_py'
[0.151s] Level 1:colcon.colcon_core.package_identification:_identify(src/dm) by extensions ['ignore', 'ignore_ament_install']
[0.151s] Level 1:colcon.colcon_core.package_identification:_identify(src/dm) by extension 'ignore'
[0.151s] Level 1:colcon.colcon_core.package_identification:_identify(src/dm) by extension 'ignore_ament_install'
[0.151s] Level 1:colcon.colcon_core.package_identification:_identify(src/dm) by extensions ['colcon_pkg']
[0.151s] Level 1:colcon.colcon_core.package_identification:_identify(src/dm) by extension 'colcon_pkg'
[0.151s] Level 1:colcon.colcon_core.package_identification:_identify(src/dm) by extensions ['colcon_meta']
[0.151s] Level 1:colcon.colcon_core.package_identification:_identify(src/dm) by extension 'colcon_meta'
[0.151s] Level 1:colcon.colcon_core.package_identification:_identify(src/dm) by extensions ['ros']
[0.151s] Level 1:colcon.colcon_core.package_identification:_identify(src/dm) by extension 'ros'
[0.153s] DEBUG:colcon.colcon_core.package_identification:Package 'src/dm' with type 'ros.ament_python' and name 'dm'
[0.153s] Level 1:colcon.colcon_core.package_identification:_identify(src/kinematics) by extensions ['ignore', 'ignore_ament_install']
[0.153s] Level 1:colcon.colcon_core.package_identification:_identify(src/kinematics) by extension 'ignore'
[0.153s] Level 1:colcon.colcon_core.package_identification:_identify(src/kinematics) by extension 'ignore_ament_install'
[0.153s] Level 1:colcon.colcon_core.package_identification:_identify(src/kinematics) by extensions ['colcon_pkg']
[0.153s] Level 1:colcon.colcon_core.package_identification:_identify(src/kinematics) by extension 'colcon_pkg'
[0.153s] Level 1:colcon.colcon_core.package_identification:_identify(src/kinematics) by extensions ['colcon_meta']
[0.153s] Level 1:colcon.colcon_core.package_identification:_identify(src/kinematics) by extension 'colcon_meta'
[0.153s] Level 1:colcon.colcon_core.package_identification:_identify(src/kinematics) by extensions ['ros']
[0.153s] Level 1:colcon.colcon_core.package_identification:_identify(src/kinematics) by extension 'ros'
[0.153s] Level 1:colcon.colcon_core.package_identification:_identify(src/kinematics) by extensions ['cmake', 'python']
[0.154s] Level 1:colcon.colcon_core.package_identification:_identify(src/kinematics) by extension 'cmake'
[0.154s] Level 1:colcon.colcon_core.package_identification:_identify(src/kinematics) by extension 'python'
[0.154s] Level 1:colcon.colcon_core.package_identification:_identify(src/kinematics) by extensions ['python_setup_py']
[0.154s] Level 1:colcon.colcon_core.package_identification:_identify(src/kinematics) by extension 'python_setup_py'
[0.154s] Level 1:colcon.colcon_core.package_identification:_identify(src/ldrobot-lidar-ros2) by extensions ['ignore', 'ignore_ament_install']
[0.154s] Level 1:colcon.colcon_core.package_identification:_identify(src/ldrobot-lidar-ros2) by extension 'ignore'
[0.154s] Level 1:colcon.colcon_core.package_identification:_identify(src/ldrobot-lidar-ros2) by extension 'ignore_ament_install'
[0.154s] Level 1:colcon.colcon_core.package_identification:_identify(src/ldrobot-lidar-ros2) by extensions ['colcon_pkg']
[0.154s] Level 1:colcon.colcon_core.package_identification:_identify(src/ldrobot-lidar-ros2) by extension 'colcon_pkg'
[0.154s] Level 1:colcon.colcon_core.package_identification:_identify(src/ldrobot-lidar-ros2) by extensions ['colcon_meta']
[0.154s] Level 1:colcon.colcon_core.package_identification:_identify(src/ldrobot-lidar-ros2) by extension 'colcon_meta'
[0.154s] Level 1:colcon.colcon_core.package_identification:_identify(src/ldrobot-lidar-ros2) by extensions ['ros']
[0.154s] Level 1:colcon.colcon_core.package_identification:_identify(src/ldrobot-lidar-ros2) by extension 'ros'
[0.154s] Level 1:colcon.colcon_core.package_identification:_identify(src/ldrobot-lidar-ros2) by extensions ['cmake', 'python']
[0.154s] Level 1:colcon.colcon_core.package_identification:_identify(src/ldrobot-lidar-ros2) by extension 'cmake'
[0.154s] Level 1:colcon.colcon_core.package_identification:_identify(src/ldrobot-lidar-ros2) by extension 'python'
[0.154s] Level 1:colcon.colcon_core.package_identification:_identify(src/ldrobot-lidar-ros2) by extensions ['python_setup_py']
[0.154s] Level 1:colcon.colcon_core.package_identification:_identify(src/ldrobot-lidar-ros2) by extension 'python_setup_py'
[0.154s] Level 1:colcon.colcon_core.package_identification:_identify(src/ldrobot-lidar-ros2/3d_model) by extensions ['ignore', 'ignore_ament_install']
[0.154s] Level 1:colcon.colcon_core.package_identification:_identify(src/ldrobot-lidar-ros2/3d_model) by extension 'ignore'
[0.154s] Level 1:colcon.colcon_core.package_identification:_identify(src/ldrobot-lidar-ros2/3d_model) by extension 'ignore_ament_install'
[0.154s] Level 1:colcon.colcon_core.package_identification:_identify(src/ldrobot-lidar-ros2/3d_model) by extensions ['colcon_pkg']
[0.154s] Level 1:colcon.colcon_core.package_identification:_identify(src/ldrobot-lidar-ros2/3d_model) by extension 'colcon_pkg'
[0.154s] Level 1:colcon.colcon_core.package_identification:_identify(src/ldrobot-lidar-ros2/3d_model) by extensions ['colcon_meta']
[0.154s] Level 1:colcon.colcon_core.package_identification:_identify(src/ldrobot-lidar-ros2/3d_model) by extension 'colcon_meta'
[0.154s] Level 1:colcon.colcon_core.package_identification:_identify(src/ldrobot-lidar-ros2/3d_model) by extensions ['ros']
[0.155s] Level 1:colcon.colcon_core.package_identification:_identify(src/ldrobot-lidar-ros2/3d_model) by extension 'ros'
[0.155s] Level 1:colcon.colcon_core.package_identification:_identify(src/ldrobot-lidar-ros2/3d_model) by extensions ['cmake', 'python']
[0.155s] Level 1:colcon.colcon_core.package_identification:_identify(src/ldrobot-lidar-ros2/3d_model) by extension 'cmake'
[0.155s] Level 1:colcon.colcon_core.package_identification:_identify(src/ldrobot-lidar-ros2/3d_model) by extension 'python'
[0.155s] Level 1:colcon.colcon_core.package_identification:_identify(src/ldrobot-lidar-ros2/3d_model) by extensions ['python_setup_py']
[0.155s] Level 1:colcon.colcon_core.package_identification:_identify(src/ldrobot-lidar-ros2/3d_model) by extension 'python_setup_py'
[0.155s] Level 1:colcon.colcon_core.package_identification:_identify(src/ldrobot-lidar-ros2/docs) by extensions ['ignore', 'ignore_ament_install']
[0.155s] Level 1:colcon.colcon_core.package_identification:_identify(src/ldrobot-lidar-ros2/docs) by extension 'ignore'
[0.155s] Level 1:colcon.colcon_core.package_identification:_identify(src/ldrobot-lidar-ros2/docs) by extension 'ignore_ament_install'
[0.155s] Level 1:colcon.colcon_core.package_identification:_identify(src/ldrobot-lidar-ros2/docs) by extensions ['colcon_pkg']
[0.155s] Level 1:colcon.colcon_core.package_identification:_identify(src/ldrobot-lidar-ros2/docs) by extension 'colcon_pkg'
[0.155s] Level 1:colcon.colcon_core.package_identification:_identify(src/ldrobot-lidar-ros2/docs) by extensions ['colcon_meta']
[0.155s] Level 1:colcon.colcon_core.package_identification:_identify(src/ldrobot-lidar-ros2/docs) by extension 'colcon_meta'
[0.155s] Level 1:colcon.colcon_core.package_identification:_identify(src/ldrobot-lidar-ros2/docs) by extensions ['ros']
[0.155s] Level 1:colcon.colcon_core.package_identification:_identify(src/ldrobot-lidar-ros2/docs) by extension 'ros'
[0.155s] Level 1:colcon.colcon_core.package_identification:_identify(src/ldrobot-lidar-ros2/docs) by extensions ['cmake', 'python']
[0.155s] Level 1:colcon.colcon_core.package_identification:_identify(src/ldrobot-lidar-ros2/docs) by extension 'cmake'
[0.155s] Level 1:colcon.colcon_core.package_identification:_identify(src/ldrobot-lidar-ros2/docs) by extension 'python'
[0.155s] Level 1:colcon.colcon_core.package_identification:_identify(src/ldrobot-lidar-ros2/docs) by extensions ['python_setup_py']
[0.155s] Level 1:colcon.colcon_core.package_identification:_identify(src/ldrobot-lidar-ros2/docs) by extension 'python_setup_py'
[0.155s] Level 1:colcon.colcon_core.package_identification:_identify(src/ldrobot-lidar-ros2/images) by extensions ['ignore', 'ignore_ament_install']
[0.155s] Level 1:colcon.colcon_core.package_identification:_identify(src/ldrobot-lidar-ros2/images) by extension 'ignore'
[0.155s] Level 1:colcon.colcon_core.package_identification:_identify(src/ldrobot-lidar-ros2/images) by extension 'ignore_ament_install'
[0.155s] Level 1:colcon.colcon_core.package_identification:_identify(src/ldrobot-lidar-ros2/images) by extensions ['colcon_pkg']
[0.155s] Level 1:colcon.colcon_core.package_identification:_identify(src/ldrobot-lidar-ros2/images) by extension 'colcon_pkg'
[0.155s] Level 1:colcon.colcon_core.package_identification:_identify(src/ldrobot-lidar-ros2/images) by extensions ['colcon_meta']
[0.156s] Level 1:colcon.colcon_core.package_identification:_identify(src/ldrobot-lidar-ros2/images) by extension 'colcon_meta'
[0.156s] Level 1:colcon.colcon_core.package_identification:_identify(src/ldrobot-lidar-ros2/images) by extensions ['ros']
[0.156s] Level 1:colcon.colcon_core.package_identification:_identify(src/ldrobot-lidar-ros2/images) by extension 'ros'
[0.156s] Level 1:colcon.colcon_core.package_identification:_identify(src/ldrobot-lidar-ros2/images) by extensions ['cmake', 'python']
[0.156s] Level 1:colcon.colcon_core.package_identification:_identify(src/ldrobot-lidar-ros2/images) by extension 'cmake'
[0.156s] Level 1:colcon.colcon_core.package_identification:_identify(src/ldrobot-lidar-ros2/images) by extension 'python'
[0.156s] Level 1:colcon.colcon_core.package_identification:_identify(src/ldrobot-lidar-ros2/images) by extensions ['python_setup_py']
[0.156s] Level 1:colcon.colcon_core.package_identification:_identify(src/ldrobot-lidar-ros2/images) by extension 'python_setup_py'
[0.156s] Level 1:colcon.colcon_core.package_identification:_identify(src/ldrobot-lidar-ros2/ldlidar) by extensions ['ignore', 'ignore_ament_install']
[0.156s] Level 1:colcon.colcon_core.package_identification:_identify(src/ldrobot-lidar-ros2/ldlidar) by extension 'ignore'
[0.156s] Level 1:colcon.colcon_core.package_identification:_identify(src/ldrobot-lidar-ros2/ldlidar) by extension 'ignore_ament_install'
[0.156s] Level 1:colcon.colcon_core.package_identification:_identify(src/ldrobot-lidar-ros2/ldlidar) by extensions ['colcon_pkg']
[0.156s] Level 1:colcon.colcon_core.package_identification:_identify(src/ldrobot-lidar-ros2/ldlidar) by extension 'colcon_pkg'
[0.156s] Level 1:colcon.colcon_core.package_identification:_identify(src/ldrobot-lidar-ros2/ldlidar) by extensions ['colcon_meta']
[0.156s] Level 1:colcon.colcon_core.package_identification:_identify(src/ldrobot-lidar-ros2/ldlidar) by extension 'colcon_meta'
[0.156s] Level 1:colcon.colcon_core.package_identification:_identify(src/ldrobot-lidar-ros2/ldlidar) by extensions ['ros']
[0.156s] Level 1:colcon.colcon_core.package_identification:_identify(src/ldrobot-lidar-ros2/ldlidar) by extension 'ros'
[0.156s] DEBUG:colcon.colcon_core.package_identification:Package 'src/ldrobot-lidar-ros2/ldlidar' with type 'ros.ament_cmake' and name 'ldlidar'
[0.156s] Level 1:colcon.colcon_core.package_identification:_identify(src/ldrobot-lidar-ros2/ldlidar_component) by extensions ['ignore', 'ignore_ament_install']
[0.157s] Level 1:colcon.colcon_core.package_identification:_identify(src/ldrobot-lidar-ros2/ldlidar_component) by extension 'ignore'
[0.157s] Level 1:colcon.colcon_core.package_identification:_identify(src/ldrobot-lidar-ros2/ldlidar_component) by extension 'ignore_ament_install'
[0.157s] Level 1:colcon.colcon_core.package_identification:_identify(src/ldrobot-lidar-ros2/ldlidar_component) by extensions ['colcon_pkg']
[0.157s] Level 1:colcon.colcon_core.package_identification:_identify(src/ldrobot-lidar-ros2/ldlidar_component) by extension 'colcon_pkg'
[0.157s] Level 1:colcon.colcon_core.package_identification:_identify(src/ldrobot-lidar-ros2/ldlidar_component) by extensions ['colcon_meta']
[0.157s] Level 1:colcon.colcon_core.package_identification:_identify(src/ldrobot-lidar-ros2/ldlidar_component) by extension 'colcon_meta'
[0.157s] Level 1:colcon.colcon_core.package_identification:_identify(src/ldrobot-lidar-ros2/ldlidar_component) by extensions ['ros']
[0.157s] Level 1:colcon.colcon_core.package_identification:_identify(src/ldrobot-lidar-ros2/ldlidar_component) by extension 'ros'
[0.158s] DEBUG:colcon.colcon_core.package_identification:Package 'src/ldrobot-lidar-ros2/ldlidar_component' with type 'ros.ament_cmake' and name 'ldlidar_component'
[0.158s] Level 1:colcon.colcon_core.package_identification:_identify(src/ldrobot-lidar-ros2/ldlidar_node) by extensions ['ignore', 'ignore_ament_install']
[0.158s] Level 1:colcon.colcon_core.package_identification:_identify(src/ldrobot-lidar-ros2/ldlidar_node) by extension 'ignore'
[0.158s] Level 1:colcon.colcon_core.package_identification:_identify(src/ldrobot-lidar-ros2/ldlidar_node) by extension 'ignore_ament_install'
[0.158s] Level 1:colcon.colcon_core.package_identification:_identify(src/ldrobot-lidar-ros2/ldlidar_node) by extensions ['colcon_pkg']
[0.158s] Level 1:colcon.colcon_core.package_identification:_identify(src/ldrobot-lidar-ros2/ldlidar_node) by extension 'colcon_pkg'
[0.158s] Level 1:colcon.colcon_core.package_identification:_identify(src/ldrobot-lidar-ros2/ldlidar_node) by extensions ['colcon_meta']
[0.158s] Level 1:colcon.colcon_core.package_identification:_identify(src/ldrobot-lidar-ros2/ldlidar_node) by extension 'colcon_meta'
[0.158s] Level 1:colcon.colcon_core.package_identification:_identify(src/ldrobot-lidar-ros2/ldlidar_node) by extensions ['ros']
[0.158s] Level 1:colcon.colcon_core.package_identification:_identify(src/ldrobot-lidar-ros2/ldlidar_node) by extension 'ros'
[0.158s] DEBUG:colcon.colcon_core.package_identification:Package 'src/ldrobot-lidar-ros2/ldlidar_node' with type 'ros.ament_cmake' and name 'ldlidar_node'
[0.158s] Level 1:colcon.colcon_core.package_identification:_identify(src/ldrobot-lidar-ros2/rules) by extensions ['ignore', 'ignore_ament_install']
[0.158s] Level 1:colcon.colcon_core.package_identification:_identify(src/ldrobot-lidar-ros2/rules) by extension 'ignore'
[0.158s] Level 1:colcon.colcon_core.package_identification:_identify(src/ldrobot-lidar-ros2/rules) by extension 'ignore_ament_install'
[0.158s] Level 1:colcon.colcon_core.package_identification:_identify(src/ldrobot-lidar-ros2/rules) by extensions ['colcon_pkg']
[0.159s] Level 1:colcon.colcon_core.package_identification:_identify(src/ldrobot-lidar-ros2/rules) by extension 'colcon_pkg'
[0.159s] Level 1:colcon.colcon_core.package_identification:_identify(src/ldrobot-lidar-ros2/rules) by extensions ['colcon_meta']
[0.159s] Level 1:colcon.colcon_core.package_identification:_identify(src/ldrobot-lidar-ros2/rules) by extension 'colcon_meta'
[0.159s] Level 1:colcon.colcon_core.package_identification:_identify(src/ldrobot-lidar-ros2/rules) by extensions ['ros']
[0.159s] Level 1:colcon.colcon_core.package_identification:_identify(src/ldrobot-lidar-ros2/rules) by extension 'ros'
[0.159s] Level 1:colcon.colcon_core.package_identification:_identify(src/ldrobot-lidar-ros2/rules) by extensions ['cmake', 'python']
[0.159s] Level 1:colcon.colcon_core.package_identification:_identify(src/ldrobot-lidar-ros2/rules) by extension 'cmake'
[0.159s] Level 1:colcon.colcon_core.package_identification:_identify(src/ldrobot-lidar-ros2/rules) by extension 'python'
[0.159s] Level 1:colcon.colcon_core.package_identification:_identify(src/ldrobot-lidar-ros2/rules) by extensions ['python_setup_py']
[0.159s] Level 1:colcon.colcon_core.package_identification:_identify(src/ldrobot-lidar-ros2/rules) by extension 'python_setup_py'
[0.159s] Level 1:colcon.colcon_core.package_identification:_identify(src/ldrobot-lidar-ros2/scripts) by extensions ['ignore', 'ignore_ament_install']
[0.159s] Level 1:colcon.colcon_core.package_identification:_identify(src/ldrobot-lidar-ros2/scripts) by extension 'ignore'
[0.159s] Level 1:colcon.colcon_core.package_identification:_identify(src/ldrobot-lidar-ros2/scripts) by extension 'ignore_ament_install'
[0.159s] Level 1:colcon.colcon_core.package_identification:_identify(src/ldrobot-lidar-ros2/scripts) by extensions ['colcon_pkg']
[0.159s] Level 1:colcon.colcon_core.package_identification:_identify(src/ldrobot-lidar-ros2/scripts) by extension 'colcon_pkg'
[0.159s] Level 1:colcon.colcon_core.package_identification:_identify(src/ldrobot-lidar-ros2/scripts) by extensions ['colcon_meta']
[0.159s] Level 1:colcon.colcon_core.package_identification:_identify(src/ldrobot-lidar-ros2/scripts) by extension 'colcon_meta'
[0.159s] Level 1:colcon.colcon_core.package_identification:_identify(src/ldrobot-lidar-ros2/scripts) by extensions ['ros']
[0.159s] Level 1:colcon.colcon_core.package_identification:_identify(src/ldrobot-lidar-ros2/scripts) by extension 'ros'
[0.159s] Level 1:colcon.colcon_core.package_identification:_identify(src/ldrobot-lidar-ros2/scripts) by extensions ['cmake', 'python']
[0.159s] Level 1:colcon.colcon_core.package_identification:_identify(src/ldrobot-lidar-ros2/scripts) by extension 'cmake'
[0.159s] Level 1:colcon.colcon_core.package_identification:_identify(src/ldrobot-lidar-ros2/scripts) by extension 'python'
[0.159s] Level 1:colcon.colcon_core.package_identification:_identify(src/ldrobot-lidar-ros2/scripts) by extensions ['python_setup_py']
[0.159s] Level 1:colcon.colcon_core.package_identification:_identify(src/ldrobot-lidar-ros2/scripts) by extension 'python_setup_py'
[0.159s] Level 1:colcon.colcon_core.package_discovery:discover_packages(recursive) using defaults
[0.159s] Level 1:colcon.colcon_core.package_discovery:discover_packages(ignore) discover
[0.159s] Level 1:colcon.colcon_core.package_discovery:discover_packages(ignore) using defaults
[0.159s] Level 1:colcon.colcon_core.package_discovery:discover_packages(path) discover
[0.159s] Level 1:colcon.colcon_core.package_discovery:discover_packages(path) using defaults
[0.173s] Level 1:colcon.colcon_core.package_discovery:discover_packages(prefix_path) check parameters
[0.173s] Level 1:colcon.colcon_core.package_discovery:discover_packages(prefix_path) discover
[0.176s] DEBUG:colcon.colcon_installed_package_information.package_discovery:Found 419 installed packages in /opt/ros/jazzy
[0.177s] Level 1:colcon.colcon_core.package_discovery:discover_packages(prefix_path) using defaults
[0.219s] Level 5:colcon.colcon_core.verb:set package 'dm' build argument 'cmake_args' from command line to 'None'
[0.219s] Level 5:colcon.colcon_core.verb:set package 'dm' build argument 'cmake_target' from command line to 'None'
[0.219s] Level 5:colcon.colcon_core.verb:set package 'dm' build argument 'cmake_target_skip_unavailable' from command line to 'False'
[0.219s] Level 5:colcon.colcon_core.verb:set package 'dm' build argument 'cmake_clean_cache' from command line to 'False'
[0.219s] Level 5:colcon.colcon_core.verb:set package 'dm' build argument 'cmake_clean_first' from command line to 'False'
[0.219s] Level 5:colcon.colcon_core.verb:set package 'dm' build argument 'cmake_force_configure' from command line to 'False'
[0.219s] Level 5:colcon.colcon_core.verb:set package 'dm' build argument 'ament_cmake_args' from command line to 'None'
[0.219s] Level 5:colcon.colcon_core.verb:set package 'dm' build argument 'catkin_cmake_args' from command line to 'None'
[0.219s] Level 5:colcon.colcon_core.verb:set package 'dm' build argument 'catkin_skip_building_tests' from command line to 'False'
[0.219s] DEBUG:colcon.colcon_core.verb:Building package 'dm' with the following arguments: {'ament_cmake_args': None, 'build_base': '/home/xtal/ROS2-omni-manipulator/build/dm', 'catkin_cmake_args': None, 'catkin_skip_building_tests': False, 'cmake_args': None, 'cmake_clean_cache': False, 'cmake_clean_first': False, 'cmake_force_configure': False, 'cmake_target': None, 'cmake_target_skip_unavailable': False, 'install_base': '/home/xtal/ROS2-omni-manipulator/install/dm', 'merge_install': False, 'path': '/home/xtal/ROS2-omni-manipulator/src/dm', 'symlink_install': True, 'test_result_base': None}
[0.220s] Level 5:colcon.colcon_core.verb:set package 'ldlidar_component' build argument 'cmake_args' from command line to 'None'
[0.220s] Level 5:colcon.colcon_core.verb:set package 'ldlidar_component' build argument 'cmake_target' from command line to 'None'
[0.220s] Level 5:colcon.colcon_core.verb:set package 'ldlidar_component' build argument 'cmake_target_skip_unavailable' from command line to 'False'
[0.220s] Level 5:colcon.colcon_core.verb:set package 'ldlidar_component' build argument 'cmake_clean_cache' from command line to 'False'
[0.220s] Level 5:colcon.colcon_core.verb:set package 'ldlidar_component' build argument 'cmake_clean_first' from command line to 'False'
[0.220s] Level 5:colcon.colcon_core.verb:set package 'ldlidar_component' build argument 'cmake_force_configure' from command line to 'False'
[0.220s] Level 5:colcon.colcon_core.verb:set package 'ldlidar_component' build argument 'ament_cmake_args' from command line to 'None'
[0.220s] Level 5:colcon.colcon_core.verb:set package 'ldlidar_component' build argument 'catkin_cmake_args' from command line to 'None'
[0.220s] Level 5:colcon.colcon_core.verb:set package 'ldlidar_component' build argument 'catkin_skip_building_tests' from command line to 'False'
[0.220s] DEBUG:colcon.colcon_core.verb:Building package 'ldlidar_component' with the following arguments: {'ament_cmake_args': None, 'build_base': '/home/xtal/ROS2-omni-manipulator/build/ldlidar_component', 'catkin_cmake_args': None, 'catkin_skip_building_tests': False, 'cmake_args': None, 'cmake_clean_cache': False, 'cmake_clean_first': False, 'cmake_force_configure': False, 'cmake_target': None, 'cmake_target_skip_unavailable': False, 'install_base': '/home/xtal/ROS2-omni-manipulator/install/ldlidar_component', 'merge_install': False, 'path': '/home/xtal/ROS2-omni-manipulator/src/ldrobot-lidar-ros2/ldlidar_component', 'symlink_install': True, 'test_result_base': None}
[0.220s] Level 5:colcon.colcon_core.verb:set package 'ldlidar_node' build argument 'cmake_args' from command line to 'None'
[0.220s] Level 5:colcon.colcon_core.verb:set package 'ldlidar_node' build argument 'cmake_target' from command line to 'None'
[0.220s] Level 5:colcon.colcon_core.verb:set package 'ldlidar_node' build argument 'cmake_target_skip_unavailable' from command line to 'False'
[0.220s] Level 5:colcon.colcon_core.verb:set package 'ldlidar_node' build argument 'cmake_clean_cache' from command line to 'False'
[0.220s] Level 5:colcon.colcon_core.verb:set package 'ldlidar_node' build argument 'cmake_clean_first' from command line to 'False'
[0.220s] Level 5:colcon.colcon_core.verb:set package 'ldlidar_node' build argument 'cmake_force_configure' from command line to 'False'
[0.220s] Level 5:colcon.colcon_core.verb:set package 'ldlidar_node' build argument 'ament_cmake_args' from command line to 'None'
[0.220s] Level 5:colcon.colcon_core.verb:set package 'ldlidar_node' build argument 'catkin_cmake_args' from command line to 'None'
[0.220s] Level 5:colcon.colcon_core.verb:set package 'ldlidar_node' build argument 'catkin_skip_building_tests' from command line to 'False'
[0.220s] DEBUG:colcon.colcon_core.verb:Building package 'ldlidar_node' with the following arguments: {'ament_cmake_args': None, 'build_base': '/home/xtal/ROS2-omni-manipulator/build/ldlidar_node', 'catkin_cmake_args': None, 'catkin_skip_building_tests': False, 'cmake_args': None, 'cmake_clean_cache': False, 'cmake_clean_first': False, 'cmake_force_configure': False, 'cmake_target': None, 'cmake_target_skip_unavailable': False, 'install_base': '/home/xtal/ROS2-omni-manipulator/install/ldlidar_node', 'merge_install': False, 'path': '/home/xtal/ROS2-omni-manipulator/src/ldrobot-lidar-ros2/ldlidar_node', 'symlink_install': True, 'test_result_base': None}
[0.220s] Level 5:colcon.colcon_core.verb:set package 'ldlidar' build argument 'cmake_args' from command line to 'None'
[0.220s] Level 5:colcon.colcon_core.verb:set package 'ldlidar' build argument 'cmake_target' from command line to 'None'
[0.220s] Level 5:colcon.colcon_core.verb:set package 'ldlidar' build argument 'cmake_target_skip_unavailable' from command line to 'False'
[0.220s] Level 5:colcon.colcon_core.verb:set package 'ldlidar' build argument 'cmake_clean_cache' from command line to 'False'
[0.220s] Level 5:colcon.colcon_core.verb:set package 'ldlidar' build argument 'cmake_clean_first' from command line to 'False'
[0.220s] Level 5:colcon.colcon_core.verb:set package 'ldlidar' build argument 'cmake_force_configure' from command line to 'False'
[0.220s] Level 5:colcon.colcon_core.verb:set package 'ldlidar' build argument 'ament_cmake_args' from command line to 'None'
[0.220s] Level 5:colcon.colcon_core.verb:set package 'ldlidar' build argument 'catkin_cmake_args' from command line to 'None'
[0.220s] Level 5:colcon.colcon_core.verb:set package 'ldlidar' build argument 'catkin_skip_building_tests' from command line to 'False'
[0.220s] DEBUG:colcon.colcon_core.verb:Building package 'ldlidar' with the following arguments: {'ament_cmake_args': None, 'build_base': '/home/xtal/ROS2-omni-manipulator/build/ldlidar', 'catkin_cmake_args': None, 'catkin_skip_building_tests': False, 'cmake_args': None, 'cmake_clean_cache': False, 'cmake_clean_first': False, 'cmake_force_configure': False, 'cmake_target': None, 'cmake_target_skip_unavailable': False, 'install_base': '/home/xtal/ROS2-omni-manipulator/install/ldlidar', 'merge_install': False, 'path': '/home/xtal/ROS2-omni-manipulator/src/ldrobot-lidar-ros2/ldlidar', 'symlink_install': True, 'test_result_base': None}
[0.220s] INFO:colcon.colcon_core.executor:Executing jobs using 'parallel' executor
[0.221s] DEBUG:colcon.colcon_parallel_executor.executor.parallel:run_until_complete
[0.221s] INFO:colcon.colcon_ros.task.ament_cmake.build:Building ROS package in '/home/xtal/ROS2-omni-manipulator/src/ldrobot-lidar-ros2/ldlidar_component' with build type 'ament_cmake'
[0.222s] INFO:colcon.colcon_cmake.task.cmake.build:Building CMake package in '/home/xtal/ROS2-omni-manipulator/src/ldrobot-lidar-ros2/ldlidar_component'
[0.223s] INFO:colcon.colcon_core.plugin_system:Skipping extension 'colcon_core.shell.bat': Not used on non-Windows systems
[0.224s] INFO:colcon.colcon_core.shell:Skip shell extension 'powershell' for command environment: Not usable outside of PowerShell
[0.224s] DEBUG:colcon.colcon_core.shell:Skip shell extension 'dsv' for command environment
[0.228s] INFO:colcon.colcon_ros.task.ament_python.build:Building ROS package in '/home/xtal/ROS2-omni-manipulator/src/dm' with build type 'ament_python'
[0.228s] Level 1:colcon.colcon_core.shell:create_environment_hook('dm', 'ament_prefix_path')
[0.228s] INFO:colcon.colcon_core.shell:Creating environment hook '/home/xtal/ROS2-omni-manipulator/install/dm/share/dm/hook/ament_prefix_path.ps1'
[0.228s] INFO:colcon.colcon_core.shell:Creating environment descriptor '/home/xtal/ROS2-omni-manipulator/install/dm/share/dm/hook/ament_prefix_path.dsv'
[0.229s] INFO:colcon.colcon_core.shell:Creating environment hook '/home/xtal/ROS2-omni-manipulator/install/dm/share/dm/hook/ament_prefix_path.sh'
[0.229s] INFO:colcon.colcon_core.shell:Skip shell extension 'powershell' for command environment: Not usable outside of PowerShell
[0.229s] DEBUG:colcon.colcon_core.shell:Skip shell extension 'dsv' for command environment
[0.234s] DEBUG:colcon.colcon_core.event_handler.log_command:Invoking command in '/home/xtal/ROS2-omni-manipulator/build/ldlidar_component': CMAKE_PREFIX_PATH=${CMAKE_PREFIX_PATH}:/opt/ros/jazzy DEBUGINFOD_URLS=https://debuginfod.ubuntu.com /usr/bin/cmake --build /home/xtal/ROS2-omni-manipulator/build/ldlidar_component -- -j16 -l16
[0.430s] INFO:colcon.colcon_core.task.python.build:Building Python package in '/home/xtal/ROS2-omni-manipulator/src/dm'
[0.431s] INFO:colcon.colcon_core.shell:Skip shell extension 'powershell' for command environment: Not usable outside of PowerShell
[0.431s] DEBUG:colcon.colcon_core.shell:Skip shell extension 'dsv' for command environment
[0.434s] DEBUG:colcon.colcon_core.event_handler.log_command:Invoked command in '/home/xtal/ROS2-omni-manipulator/build/ldlidar_component' returned '0': CMAKE_PREFIX_PATH=${CMAKE_PREFIX_PATH}:/opt/ros/jazzy DEBUGINFOD_URLS=https://debuginfod.ubuntu.com /usr/bin/cmake --build /home/xtal/ROS2-omni-manipulator/build/ldlidar_component -- -j16 -l16
[0.444s] DEBUG:colcon.colcon_core.event_handler.log_command:Invoking command in '/home/xtal/ROS2-omni-manipulator/build/ldlidar_component': CMAKE_PREFIX_PATH=${CMAKE_PREFIX_PATH}:/opt/ros/jazzy DEBUGINFOD_URLS=https://debuginfod.ubuntu.com /usr/bin/cmake --install /home/xtal/ROS2-omni-manipulator/build/ldlidar_component
[0.467s] Level 1:colcon.colcon_core.environment:create_environment_scripts_only(ldlidar_component)
[0.468s] DEBUG:colcon.colcon_core.event_handler.log_command:Invoked command in '/home/xtal/ROS2-omni-manipulator/build/ldlidar_component' returned '0': CMAKE_PREFIX_PATH=${CMAKE_PREFIX_PATH}:/opt/ros/jazzy DEBUGINFOD_URLS=https://debuginfod.ubuntu.com /usr/bin/cmake --install /home/xtal/ROS2-omni-manipulator/build/ldlidar_component
[0.469s] Level 1:colcon.colcon_core.environment:checking '/home/xtal/ROS2-omni-manipulator/install/ldlidar_component' for CMake module files
[0.470s] Level 1:colcon.colcon_core.environment:checking '/home/xtal/ROS2-omni-manipulator/install/ldlidar_component' for CMake config files
[0.470s] Level 1:colcon.colcon_core.shell:create_environment_hook('ldlidar_component', 'cmake_prefix_path')
[0.470s] INFO:colcon.colcon_core.shell:Creating environment hook '/home/xtal/ROS2-omni-manipulator/install/ldlidar_component/share/ldlidar_component/hook/cmake_prefix_path.ps1'
[0.471s] INFO:colcon.colcon_core.shell:Creating environment descriptor '/home/xtal/ROS2-omni-manipulator/install/ldlidar_component/share/ldlidar_component/hook/cmake_prefix_path.dsv'
[0.471s] INFO:colcon.colcon_core.shell:Creating environment hook '/home/xtal/ROS2-omni-manipulator/install/ldlidar_component/share/ldlidar_component/hook/cmake_prefix_path.sh'
[0.471s] Level 1:colcon.colcon_core.environment:checking '/home/xtal/ROS2-omni-manipulator/install/ldlidar_component/lib'
[0.471s] Level 1:colcon.colcon_core.shell:create_environment_hook('ldlidar_component', 'ld_library_path_lib')
[0.472s] INFO:colcon.colcon_core.shell:Creating environment hook '/home/xtal/ROS2-omni-manipulator/install/ldlidar_component/share/ldlidar_component/hook/ld_library_path_lib.ps1'
[0.472s] INFO:colcon.colcon_core.shell:Creating environment descriptor '/home/xtal/ROS2-omni-manipulator/install/ldlidar_component/share/ldlidar_component/hook/ld_library_path_lib.dsv'
[0.472s] INFO:colcon.colcon_core.shell:Creating environment hook '/home/xtal/ROS2-omni-manipulator/install/ldlidar_component/share/ldlidar_component/hook/ld_library_path_lib.sh'
[0.472s] Level 1:colcon.colcon_core.environment:checking '/home/xtal/ROS2-omni-manipulator/install/ldlidar_component/bin'
[0.472s] Level 1:colcon.colcon_core.environment:checking '/home/xtal/ROS2-omni-manipulator/install/ldlidar_component/lib/pkgconfig/ldlidar_component.pc'
[0.473s] Level 1:colcon.colcon_core.environment:checking '/home/xtal/ROS2-omni-manipulator/install/ldlidar_component/lib/python3.12/site-packages'
[0.473s] Level 1:colcon.colcon_core.environment:checking '/home/xtal/ROS2-omni-manipulator/install/ldlidar_component/bin'
[0.473s] INFO:colcon.colcon_core.shell:Creating package script '/home/xtal/ROS2-omni-manipulator/install/ldlidar_component/share/ldlidar_component/package.ps1'
[0.473s] INFO:colcon.colcon_core.shell:Creating package descriptor '/home/xtal/ROS2-omni-manipulator/install/ldlidar_component/share/ldlidar_component/package.dsv'
[0.474s] INFO:colcon.colcon_core.shell:Creating package script '/home/xtal/ROS2-omni-manipulator/install/ldlidar_component/share/ldlidar_component/package.sh'
[0.474s] INFO:colcon.colcon_core.shell:Creating package script '/home/xtal/ROS2-omni-manipulator/install/ldlidar_component/share/ldlidar_component/package.bash'
[0.475s] INFO:colcon.colcon_core.shell:Creating package script '/home/xtal/ROS2-omni-manipulator/install/ldlidar_component/share/ldlidar_component/package.zsh'
[0.475s] Level 1:colcon.colcon_core.environment:create_file_with_runtime_dependencies(/home/xtal/ROS2-omni-manipulator/install/ldlidar_component/share/colcon-core/packages/ldlidar_component)
[0.476s] Level 1:colcon.colcon_core.environment:create_environment_scripts_only(ldlidar_component)
[0.476s] Level 1:colcon.colcon_core.environment:checking '/home/xtal/ROS2-omni-manipulator/install/ldlidar_component' for CMake module files
[0.476s] Level 1:colcon.colcon_core.environment:checking '/home/xtal/ROS2-omni-manipulator/install/ldlidar_component' for CMake config files
[0.476s] Level 1:colcon.colcon_core.shell:create_environment_hook('ldlidar_component', 'cmake_prefix_path')
[0.476s] INFO:colcon.colcon_core.shell:Creating environment hook '/home/xtal/ROS2-omni-manipulator/install/ldlidar_component/share/ldlidar_component/hook/cmake_prefix_path.ps1'
[0.477s] INFO:colcon.colcon_core.shell:Creating environment descriptor '/home/xtal/ROS2-omni-manipulator/install/ldlidar_component/share/ldlidar_component/hook/cmake_prefix_path.dsv'
[0.477s] INFO:colcon.colcon_core.shell:Creating environment hook '/home/xtal/ROS2-omni-manipulator/install/ldlidar_component/share/ldlidar_component/hook/cmake_prefix_path.sh'
[0.478s] Level 1:colcon.colcon_core.environment:checking '/home/xtal/ROS2-omni-manipulator/install/ldlidar_component/lib'
[0.478s] Level 1:colcon.colcon_core.shell:create_environment_hook('ldlidar_component', 'ld_library_path_lib')
[0.478s] INFO:colcon.colcon_core.shell:Creating environment hook '/home/xtal/ROS2-omni-manipulator/install/ldlidar_component/share/ldlidar_component/hook/ld_library_path_lib.ps1'
[0.478s] INFO:colcon.colcon_core.shell:Creating environment descriptor '/home/xtal/ROS2-omni-manipulator/install/ldlidar_component/share/ldlidar_component/hook/ld_library_path_lib.dsv'
[0.478s] INFO:colcon.colcon_core.shell:Creating environment hook '/home/xtal/ROS2-omni-manipulator/install/ldlidar_component/share/ldlidar_component/hook/ld_library_path_lib.sh'
[0.478s] Level 1:colcon.colcon_core.environment:checking '/home/xtal/ROS2-omni-manipulator/install/ldlidar_component/bin'
[0.479s] Level 1:colcon.colcon_core.environment:checking '/home/xtal/ROS2-omni-manipulator/install/ldlidar_component/lib/pkgconfig/ldlidar_component.pc'
[0.479s] Level 1:colcon.colcon_core.environment:checking '/home/xtal/ROS2-omni-manipulator/install/ldlidar_component/lib/python3.12/site-packages'
[0.479s] Level 1:colcon.colcon_core.environment:checking '/home/xtal/ROS2-omni-manipulator/install/ldlidar_component/bin'
[0.479s] INFO:colcon.colcon_core.shell:Creating package script '/home/xtal/ROS2-omni-manipulator/install/ldlidar_component/share/ldlidar_component/package.ps1'
[0.479s] INFO:colcon.colcon_core.shell:Creating package descriptor '/home/xtal/ROS2-omni-manipulator/install/ldlidar_component/share/ldlidar_component/package.dsv'
[0.480s] INFO:colcon.colcon_core.shell:Creating package script '/home/xtal/ROS2-omni-manipulator/install/ldlidar_component/share/ldlidar_component/package.sh'
[0.480s] INFO:colcon.colcon_core.shell:Creating package script '/home/xtal/ROS2-omni-manipulator/install/ldlidar_component/share/ldlidar_component/package.bash'
[0.480s] INFO:colcon.colcon_core.shell:Creating package script '/home/xtal/ROS2-omni-manipulator/install/ldlidar_component/share/ldlidar_component/package.zsh'
[0.480s] Level 1:colcon.colcon_core.environment:create_file_with_runtime_dependencies(/home/xtal/ROS2-omni-manipulator/install/ldlidar_component/share/colcon-core/packages/ldlidar_component)
[0.481s] INFO:colcon.colcon_ros.task.ament_cmake.build:Building ROS package in '/home/xtal/ROS2-omni-manipulator/src/ldrobot-lidar-ros2/ldlidar_node' with build type 'ament_cmake'
[0.481s] INFO:colcon.colcon_cmake.task.cmake.build:Building CMake package in '/home/xtal/ROS2-omni-manipulator/src/ldrobot-lidar-ros2/ldlidar_node'
[0.481s] INFO:colcon.colcon_core.shell:Skip shell extension 'powershell' for command environment: Not usable outside of PowerShell
[0.481s] DEBUG:colcon.colcon_core.shell:Skip shell extension 'dsv' for command environment
[0.491s] DEBUG:colcon.colcon_core.event_handler.log_command:Invoking command in '/home/xtal/ROS2-omni-manipulator/build/ldlidar_node': AMENT_PREFIX_PATH=/home/xtal/ROS2-omni-manipulator/install/ldlidar_component:${AMENT_PREFIX_PATH} CMAKE_PREFIX_PATH=/home/xtal/ROS2-omni-manipulator/install/ldlidar_component:/opt/ros/jazzy/opt/gz_sim_vendor:/opt/ros/jazzy/opt/gz_sensors_vendor:/opt/ros/jazzy/opt/gz_physics_vendor:/opt/ros/jazzy/opt/sdformat_vendor:/opt/ros/jazzy/opt/gz_gui_vendor:/opt/ros/jazzy/opt/gz_transport_vendor:/opt/ros/jazzy/opt/gz_rendering_vendor:/opt/ros/jazzy/opt/gz_plugin_vendor:/opt/ros/jazzy/opt/gz_fuel_tools_vendor:/opt/ros/jazzy/opt/gz_msgs_vendor:/opt/ros/jazzy/opt/gz_common_vendor:/opt/ros/jazzy/opt/gz_math_vendor:/opt/ros/jazzy/opt/gz_utils_vendor:/opt/ros/jazzy/opt/gz_tools_vendor:/opt/ros/jazzy/opt/gz_ogre_next_vendor:/opt/ros/jazzy/opt/gz_dartsim_vendor:/opt/ros/jazzy/opt/gz_cmake_vendor:/opt/ros/jazzy DEBUGINFOD_URLS=https://debuginfod.ubuntu.com LD_LIBRARY_PATH=/home/xtal/ROS2-omni-manipulator/install/ldlidar_component/lib:${LD_LIBRARY_PATH} /usr/bin/cmake --build /home/xtal/ROS2-omni-manipulator/build/ldlidar_node -- -j16 -l16
[0.529s] DEBUG:colcon.colcon_core.event_handler.log_command:Invoked command in '/home/xtal/ROS2-omni-manipulator/build/ldlidar_node' returned '0': AMENT_PREFIX_PATH=/home/xtal/ROS2-omni-manipulator/install/ldlidar_component:${AMENT_PREFIX_PATH} CMAKE_PREFIX_PATH=/home/xtal/ROS2-omni-manipulator/install/ldlidar_component:/opt/ros/jazzy/opt/gz_sim_vendor:/opt/ros/jazzy/opt/gz_sensors_vendor:/opt/ros/jazzy/opt/gz_physics_vendor:/opt/ros/jazzy/opt/sdformat_vendor:/opt/ros/jazzy/opt/gz_gui_vendor:/opt/ros/jazzy/opt/gz_transport_vendor:/opt/ros/jazzy/opt/gz_rendering_vendor:/opt/ros/jazzy/opt/gz_plugin_vendor:/opt/ros/jazzy/opt/gz_fuel_tools_vendor:/opt/ros/jazzy/opt/gz_msgs_vendor:/opt/ros/jazzy/opt/gz_common_vendor:/opt/ros/jazzy/opt/gz_math_vendor:/opt/ros/jazzy/opt/gz_utils_vendor:/opt/ros/jazzy/opt/gz_tools_vendor:/opt/ros/jazzy/opt/gz_ogre_next_vendor:/opt/ros/jazzy/opt/gz_dartsim_vendor:/opt/ros/jazzy/opt/gz_cmake_vendor:/opt/ros/jazzy DEBUGINFOD_URLS=https://debuginfod.ubuntu.com LD_LIBRARY_PATH=/home/xtal/ROS2-omni-manipulator/install/ldlidar_component/lib:${LD_LIBRARY_PATH} /usr/bin/cmake --build /home/xtal/ROS2-omni-manipulator/build/ldlidar_node -- -j16 -l16
[0.529s] DEBUG:colcon.colcon_core.event_handler.log_command:Invoking command in '/home/xtal/ROS2-omni-manipulator/build/ldlidar_node': AMENT_PREFIX_PATH=/home/xtal/ROS2-omni-manipulator/install/ldlidar_component:${AMENT_PREFIX_PATH} CMAKE_PREFIX_PATH=/home/xtal/ROS2-omni-manipulator/install/ldlidar_component:/opt/ros/jazzy/opt/gz_sim_vendor:/opt/ros/jazzy/opt/gz_sensors_vendor:/opt/ros/jazzy/opt/gz_physics_vendor:/opt/ros/jazzy/opt/sdformat_vendor:/opt/ros/jazzy/opt/gz_gui_vendor:/opt/ros/jazzy/opt/gz_transport_vendor:/opt/ros/jazzy/opt/gz_rendering_vendor:/opt/ros/jazzy/opt/gz_plugin_vendor:/opt/ros/jazzy/opt/gz_fuel_tools_vendor:/opt/ros/jazzy/opt/gz_msgs_vendor:/opt/ros/jazzy/opt/gz_common_vendor:/opt/ros/jazzy/opt/gz_math_vendor:/opt/ros/jazzy/opt/gz_utils_vendor:/opt/ros/jazzy/opt/gz_tools_vendor:/opt/ros/jazzy/opt/gz_ogre_next_vendor:/opt/ros/jazzy/opt/gz_dartsim_vendor:/opt/ros/jazzy/opt/gz_cmake_vendor:/opt/ros/jazzy DEBUGINFOD_URLS=https://debuginfod.ubuntu.com LD_LIBRARY_PATH=/home/xtal/ROS2-omni-manipulator/install/ldlidar_component/lib:${LD_LIBRARY_PATH} /usr/bin/cmake --install /home/xtal/ROS2-omni-manipulator/build/ldlidar_node
[0.553s] Level 1:colcon.colcon_core.environment:create_environment_scripts_only(ldlidar_node)
[0.553s] Level 1:colcon.colcon_core.environment:checking '/home/xtal/ROS2-omni-manipulator/install/ldlidar_node' for CMake module files
[0.553s] DEBUG:colcon.colcon_core.event_handler.log_command:Invoked command in '/home/xtal/ROS2-omni-manipulator/build/ldlidar_node' returned '0': AMENT_PREFIX_PATH=/home/xtal/ROS2-omni-manipulator/install/ldlidar_component:${AMENT_PREFIX_PATH} CMAKE_PREFIX_PATH=/home/xtal/ROS2-omni-manipulator/install/ldlidar_component:/opt/ros/jazzy/opt/gz_sim_vendor:/opt/ros/jazzy/opt/gz_sensors_vendor:/opt/ros/jazzy/opt/gz_physics_vendor:/opt/ros/jazzy/opt/sdformat_vendor:/opt/ros/jazzy/opt/gz_gui_vendor:/opt/ros/jazzy/opt/gz_transport_vendor:/opt/ros/jazzy/opt/gz_rendering_vendor:/opt/ros/jazzy/opt/gz_plugin_vendor:/opt/ros/jazzy/opt/gz_fuel_tools_vendor:/opt/ros/jazzy/opt/gz_msgs_vendor:/opt/ros/jazzy/opt/gz_common_vendor:/opt/ros/jazzy/opt/gz_math_vendor:/opt/ros/jazzy/opt/gz_utils_vendor:/opt/ros/jazzy/opt/gz_tools_vendor:/opt/ros/jazzy/opt/gz_ogre_next_vendor:/opt/ros/jazzy/opt/gz_dartsim_vendor:/opt/ros/jazzy/opt/gz_cmake_vendor:/opt/ros/jazzy DEBUGINFOD_URLS=https://debuginfod.ubuntu.com LD_LIBRARY_PATH=/home/xtal/ROS2-omni-manipulator/install/ldlidar_component/lib:${LD_LIBRARY_PATH} /usr/bin/cmake --install /home/xtal/ROS2-omni-manipulator/build/ldlidar_node
[0.554s] Level 1:colcon.colcon_core.environment:checking '/home/xtal/ROS2-omni-manipulator/install/ldlidar_node' for CMake config files
[0.554s] Level 1:colcon.colcon_core.shell:create_environment_hook('ldlidar_node', 'cmake_prefix_path')
[0.554s] INFO:colcon.colcon_core.shell:Creating environment hook '/home/xtal/ROS2-omni-manipulator/install/ldlidar_node/share/ldlidar_node/hook/cmake_prefix_path.ps1'
[0.554s] INFO:colcon.colcon_core.shell:Creating environment descriptor '/home/xtal/ROS2-omni-manipulator/install/ldlidar_node/share/ldlidar_node/hook/cmake_prefix_path.dsv'
[0.555s] INFO:colcon.colcon_core.shell:Creating environment hook '/home/xtal/ROS2-omni-manipulator/install/ldlidar_node/share/ldlidar_node/hook/cmake_prefix_path.sh'
[0.555s] Level 1:colcon.colcon_core.environment:checking '/home/xtal/ROS2-omni-manipulator/install/ldlidar_node/bin'
[0.555s] Level 1:colcon.colcon_core.environment:checking '/home/xtal/ROS2-omni-manipulator/install/ldlidar_node/lib/pkgconfig/ldlidar_node.pc'
[0.555s] Level 1:colcon.colcon_core.environment:checking '/home/xtal/ROS2-omni-manipulator/install/ldlidar_node/lib/python3.12/site-packages'
[0.556s] Level 1:colcon.colcon_core.environment:checking '/home/xtal/ROS2-omni-manipulator/install/ldlidar_node/bin'
[0.556s] INFO:colcon.colcon_core.shell:Creating package script '/home/xtal/ROS2-omni-manipulator/install/ldlidar_node/share/ldlidar_node/package.ps1'
[0.556s] INFO:colcon.colcon_core.shell:Creating package descriptor '/home/xtal/ROS2-omni-manipulator/install/ldlidar_node/share/ldlidar_node/package.dsv'
[0.556s] INFO:colcon.colcon_core.shell:Creating package script '/home/xtal/ROS2-omni-manipulator/install/ldlidar_node/share/ldlidar_node/package.sh'
[0.557s] INFO:colcon.colcon_core.shell:Creating package script '/home/xtal/ROS2-omni-manipulator/install/ldlidar_node/share/ldlidar_node/package.bash'
[0.557s] INFO:colcon.colcon_core.shell:Creating package script '/home/xtal/ROS2-omni-manipulator/install/ldlidar_node/share/ldlidar_node/package.zsh'
[0.557s] Level 1:colcon.colcon_core.environment:create_file_with_runtime_dependencies(/home/xtal/ROS2-omni-manipulator/install/ldlidar_node/share/colcon-core/packages/ldlidar_node)
[0.558s] Level 1:colcon.colcon_core.environment:create_environment_scripts_only(ldlidar_node)
[0.558s] Level 1:colcon.colcon_core.environment:checking '/home/xtal/ROS2-omni-manipulator/install/ldlidar_node' for CMake module files
[0.558s] Level 1:colcon.colcon_core.environment:checking '/home/xtal/ROS2-omni-manipulator/install/ldlidar_node' for CMake config files
[0.559s] Level 1:colcon.colcon_core.shell:create_environment_hook('ldlidar_node', 'cmake_prefix_path')
[0.559s] INFO:colcon.colcon_core.shell:Creating environment hook '/home/xtal/ROS2-omni-manipulator/install/ldlidar_node/share/ldlidar_node/hook/cmake_prefix_path.ps1'
[0.559s] INFO:colcon.colcon_core.shell:Creating environment descriptor '/home/xtal/ROS2-omni-manipulator/install/ldlidar_node/share/ldlidar_node/hook/cmake_prefix_path.dsv'
[0.559s] INFO:colcon.colcon_core.shell:Creating environment hook '/home/xtal/ROS2-omni-manipulator/install/ldlidar_node/share/ldlidar_node/hook/cmake_prefix_path.sh'
[0.560s] Level 1:colcon.colcon_core.environment:checking '/home/xtal/ROS2-omni-manipulator/install/ldlidar_node/bin'
[0.560s] Level 1:colcon.colcon_core.environment:checking '/home/xtal/ROS2-omni-manipulator/install/ldlidar_node/lib/pkgconfig/ldlidar_node.pc'
[0.560s] Level 1:colcon.colcon_core.environment:checking '/home/xtal/ROS2-omni-manipulator/install/ldlidar_node/lib/python3.12/site-packages'
[0.560s] Level 1:colcon.colcon_core.environment:checking '/home/xtal/ROS2-omni-manipulator/install/ldlidar_node/bin'
[0.560s] INFO:colcon.colcon_core.shell:Creating package script '/home/xtal/ROS2-omni-manipulator/install/ldlidar_node/share/ldlidar_node/package.ps1'
[0.560s] INFO:colcon.colcon_core.shell:Creating package descriptor '/home/xtal/ROS2-omni-manipulator/install/ldlidar_node/share/ldlidar_node/package.dsv'
[0.561s] INFO:colcon.colcon_core.shell:Creating package script '/home/xtal/ROS2-omni-manipulator/install/ldlidar_node/share/ldlidar_node/package.sh'
[0.561s] INFO:colcon.colcon_core.shell:Creating package script '/home/xtal/ROS2-omni-manipulator/install/ldlidar_node/share/ldlidar_node/package.bash'
[0.561s] INFO:colcon.colcon_core.shell:Creating package script '/home/xtal/ROS2-omni-manipulator/install/ldlidar_node/share/ldlidar_node/package.zsh'
[0.562s] Level 1:colcon.colcon_core.environment:create_file_with_runtime_dependencies(/home/xtal/ROS2-omni-manipulator/install/ldlidar_node/share/colcon-core/packages/ldlidar_node)
[0.562s] INFO:colcon.colcon_ros.task.ament_cmake.build:Building ROS package in '/home/xtal/ROS2-omni-manipulator/src/ldrobot-lidar-ros2/ldlidar' with build type 'ament_cmake'
[0.562s] INFO:colcon.colcon_cmake.task.cmake.build:Building CMake package in '/home/xtal/ROS2-omni-manipulator/src/ldrobot-lidar-ros2/ldlidar'
[0.562s] INFO:colcon.colcon_core.shell:Skip shell extension 'powershell' for command environment: Not usable outside of PowerShell
[0.562s] DEBUG:colcon.colcon_core.shell:Skip shell extension 'dsv' for command environment
[0.571s] DEBUG:colcon.colcon_core.event_handler.log_command:Invoking command in '/home/xtal/ROS2-omni-manipulator/build/ldlidar': AMENT_PREFIX_PATH=/home/xtal/ROS2-omni-manipulator/install/ldlidar_node:/home/xtal/ROS2-omni-manipulator/install/ldlidar_component:${AMENT_PREFIX_PATH} CMAKE_PREFIX_PATH=/home/xtal/ROS2-omni-manipulator/install/ldlidar_node:/home/xtal/ROS2-omni-manipulator/install/ldlidar_component:/opt/ros/jazzy/opt/gz_sim_vendor:/opt/ros/jazzy/opt/gz_sensors_vendor:/opt/ros/jazzy/opt/gz_physics_vendor:/opt/ros/jazzy/opt/sdformat_vendor:/opt/ros/jazzy/opt/gz_gui_vendor:/opt/ros/jazzy/opt/gz_transport_vendor:/opt/ros/jazzy/opt/gz_rendering_vendor:/opt/ros/jazzy/opt/gz_plugin_vendor:/opt/ros/jazzy/opt/gz_fuel_tools_vendor:/opt/ros/jazzy/opt/gz_msgs_vendor:/opt/ros/jazzy/opt/gz_common_vendor:/opt/ros/jazzy/opt/gz_math_vendor:/opt/ros/jazzy/opt/gz_utils_vendor:/opt/ros/jazzy/opt/gz_tools_vendor:/opt/ros/jazzy/opt/gz_ogre_next_vendor:/opt/ros/jazzy/opt/gz_dartsim_vendor:/opt/ros/jazzy/opt/gz_cmake_vendor:/opt/ros/jazzy DEBUGINFOD_URLS=https://debuginfod.ubuntu.com LD_LIBRARY_PATH=/home/xtal/ROS2-omni-manipulator/install/ldlidar_component/lib:${LD_LIBRARY_PATH} /usr/bin/cmake --build /home/xtal/ROS2-omni-manipulator/build/ldlidar -- -j16 -l16
[0.608s] DEBUG:colcon.colcon_core.event_handler.log_command:Invoked command in '/home/xtal/ROS2-omni-manipulator/build/ldlidar' returned '0': AMENT_PREFIX_PATH=/home/xtal/ROS2-omni-manipulator/install/ldlidar_node:/home/xtal/ROS2-omni-manipulator/install/ldlidar_component:${AMENT_PREFIX_PATH} CMAKE_PREFIX_PATH=/home/xtal/ROS2-omni-manipulator/install/ldlidar_node:/home/xtal/ROS2-omni-manipulator/install/ldlidar_component:/opt/ros/jazzy/opt/gz_sim_vendor:/opt/ros/jazzy/opt/gz_sensors_vendor:/opt/ros/jazzy/opt/gz_physics_vendor:/opt/ros/jazzy/opt/sdformat_vendor:/opt/ros/jazzy/opt/gz_gui_vendor:/opt/ros/jazzy/opt/gz_transport_vendor:/opt/ros/jazzy/opt/gz_rendering_vendor:/opt/ros/jazzy/opt/gz_plugin_vendor:/opt/ros/jazzy/opt/gz_fuel_tools_vendor:/opt/ros/jazzy/opt/gz_msgs_vendor:/opt/ros/jazzy/opt/gz_common_vendor:/opt/ros/jazzy/opt/gz_math_vendor:/opt/ros/jazzy/opt/gz_utils_vendor:/opt/ros/jazzy/opt/gz_tools_vendor:/opt/ros/jazzy/opt/gz_ogre_next_vendor:/opt/ros/jazzy/opt/gz_dartsim_vendor:/opt/ros/jazzy/opt/gz_cmake_vendor:/opt/ros/jazzy DEBUGINFOD_URLS=https://debuginfod.ubuntu.com LD_LIBRARY_PATH=/home/xtal/ROS2-omni-manipulator/install/ldlidar_component/lib:${LD_LIBRARY_PATH} /usr/bin/cmake --build /home/xtal/ROS2-omni-manipulator/build/ldlidar -- -j16 -l16
[0.608s] DEBUG:colcon.colcon_core.event_handler.log_command:Invoking command in '/home/xtal/ROS2-omni-manipulator/build/ldlidar': AMENT_PREFIX_PATH=/home/xtal/ROS2-omni-manipulator/install/ldlidar_node:/home/xtal/ROS2-omni-manipulator/install/ldlidar_component:${AMENT_PREFIX_PATH} CMAKE_PREFIX_PATH=/home/xtal/ROS2-omni-manipulator/install/ldlidar_node:/home/xtal/ROS2-omni-manipulator/install/ldlidar_component:/opt/ros/jazzy/opt/gz_sim_vendor:/opt/ros/jazzy/opt/gz_sensors_vendor:/opt/ros/jazzy/opt/gz_physics_vendor:/opt/ros/jazzy/opt/sdformat_vendor:/opt/ros/jazzy/opt/gz_gui_vendor:/opt/ros/jazzy/opt/gz_transport_vendor:/opt/ros/jazzy/opt/gz_rendering_vendor:/opt/ros/jazzy/opt/gz_plugin_vendor:/opt/ros/jazzy/opt/gz_fuel_tools_vendor:/opt/ros/jazzy/opt/gz_msgs_vendor:/opt/ros/jazzy/opt/gz_common_vendor:/opt/ros/jazzy/opt/gz_math_vendor:/opt/ros/jazzy/opt/gz_utils_vendor:/opt/ros/jazzy/opt/gz_tools_vendor:/opt/ros/jazzy/opt/gz_ogre_next_vendor:/opt/ros/jazzy/opt/gz_dartsim_vendor:/opt/ros/jazzy/opt/gz_cmake_vendor:/opt/ros/jazzy DEBUGINFOD_URLS=https://debuginfod.ubuntu.com LD_LIBRARY_PATH=/home/xtal/ROS2-omni-manipulator/install/ldlidar_component/lib:${LD_LIBRARY_PATH} /usr/bin/cmake --install /home/xtal/ROS2-omni-manipulator/build/ldlidar
[0.628s] Level 1:colcon.colcon_core.environment:create_environment_scripts_only(ldlidar)
[0.628s] Level 1:colcon.colcon_core.environment:checking '/home/xtal/ROS2-omni-manipulator/install/ldlidar' for CMake module files
[0.629s] DEBUG:colcon.colcon_core.event_handler.log_command:Invoked command in '/home/xtal/ROS2-omni-manipulator/build/ldlidar' returned '0': AMENT_PREFIX_PATH=/home/xtal/ROS2-omni-manipulator/install/ldlidar_node:/home/xtal/ROS2-omni-manipulator/install/ldlidar_component:${AMENT_PREFIX_PATH} CMAKE_PREFIX_PATH=/home/xtal/ROS2-omni-manipulator/install/ldlidar_node:/home/xtal/ROS2-omni-manipulator/install/ldlidar_component:/opt/ros/jazzy/opt/gz_sim_vendor:/opt/ros/jazzy/opt/gz_sensors_vendor:/opt/ros/jazzy/opt/gz_physics_vendor:/opt/ros/jazzy/opt/sdformat_vendor:/opt/ros/jazzy/opt/gz_gui_vendor:/opt/ros/jazzy/opt/gz_transport_vendor:/opt/ros/jazzy/opt/gz_rendering_vendor:/opt/ros/jazzy/opt/gz_plugin_vendor:/opt/ros/jazzy/opt/gz_fuel_tools_vendor:/opt/ros/jazzy/opt/gz_msgs_vendor:/opt/ros/jazzy/opt/gz_common_vendor:/opt/ros/jazzy/opt/gz_math_vendor:/opt/ros/jazzy/opt/gz_utils_vendor:/opt/ros/jazzy/opt/gz_tools_vendor:/opt/ros/jazzy/opt/gz_ogre_next_vendor:/opt/ros/jazzy/opt/gz_dartsim_vendor:/opt/ros/jazzy/opt/gz_cmake_vendor:/opt/ros/jazzy DEBUGINFOD_URLS=https://debuginfod.ubuntu.com LD_LIBRARY_PATH=/home/xtal/ROS2-omni-manipulator/install/ldlidar_component/lib:${LD_LIBRARY_PATH} /usr/bin/cmake --install /home/xtal/ROS2-omni-manipulator/build/ldlidar
[0.629s] Level 1:colcon.colcon_core.environment:checking '/home/xtal/ROS2-omni-manipulator/install/ldlidar' for CMake config files
[0.630s] Level 1:colcon.colcon_core.shell:create_environment_hook('ldlidar', 'cmake_prefix_path')
[0.630s] INFO:colcon.colcon_core.shell:Creating environment hook '/home/xtal/ROS2-omni-manipulator/install/ldlidar/share/ldlidar/hook/cmake_prefix_path.ps1'
[0.630s] INFO:colcon.colcon_core.shell:Creating environment descriptor '/home/xtal/ROS2-omni-manipulator/install/ldlidar/share/ldlidar/hook/cmake_prefix_path.dsv'
[0.630s] INFO:colcon.colcon_core.shell:Creating environment hook '/home/xtal/ROS2-omni-manipulator/install/ldlidar/share/ldlidar/hook/cmake_prefix_path.sh'
[0.631s] Level 1:colcon.colcon_core.environment:checking '/home/xtal/ROS2-omni-manipulator/install/ldlidar/bin'
[0.631s] Level 1:colcon.colcon_core.environment:checking '/home/xtal/ROS2-omni-manipulator/install/ldlidar/lib/pkgconfig/ldlidar.pc'
[0.631s] Level 1:colcon.colcon_core.environment:checking '/home/xtal/ROS2-omni-manipulator/install/ldlidar/lib/python3.12/site-packages'
[0.631s] Level 1:colcon.colcon_core.environment:checking '/home/xtal/ROS2-omni-manipulator/install/ldlidar/bin'
[0.631s] INFO:colcon.colcon_core.shell:Creating package script '/home/xtal/ROS2-omni-manipulator/install/ldlidar/share/ldlidar/package.ps1'
[0.632s] INFO:colcon.colcon_core.shell:Creating package descriptor '/home/xtal/ROS2-omni-manipulator/install/ldlidar/share/ldlidar/package.dsv'
[0.632s] INFO:colcon.colcon_core.shell:Creating package script '/home/xtal/ROS2-omni-manipulator/install/ldlidar/share/ldlidar/package.sh'
[0.633s] INFO:colcon.colcon_core.shell:Creating package script '/home/xtal/ROS2-omni-manipulator/install/ldlidar/share/ldlidar/package.bash'
[0.633s] INFO:colcon.colcon_core.shell:Creating package script '/home/xtal/ROS2-omni-manipulator/install/ldlidar/share/ldlidar/package.zsh'
[0.633s] Level 1:colcon.colcon_core.environment:create_file_with_runtime_dependencies(/home/xtal/ROS2-omni-manipulator/install/ldlidar/share/colcon-core/packages/ldlidar)
[0.634s] Level 1:colcon.colcon_core.environment:create_environment_scripts_only(ldlidar)
[0.634s] Level 1:colcon.colcon_core.environment:checking '/home/xtal/ROS2-omni-manipulator/install/ldlidar' for CMake module files
[0.634s] Level 1:colcon.colcon_core.environment:checking '/home/xtal/ROS2-omni-manipulator/install/ldlidar' for CMake config files
[0.635s] Level 1:colcon.colcon_core.shell:create_environment_hook('ldlidar', 'cmake_prefix_path')
[0.635s] INFO:colcon.colcon_core.shell:Creating environment hook '/home/xtal/ROS2-omni-manipulator/install/ldlidar/share/ldlidar/hook/cmake_prefix_path.ps1'
[0.635s] INFO:colcon.colcon_core.shell:Creating environment descriptor '/home/xtal/ROS2-omni-manipulator/install/ldlidar/share/ldlidar/hook/cmake_prefix_path.dsv'
[0.635s] INFO:colcon.colcon_core.shell:Creating environment hook '/home/xtal/ROS2-omni-manipulator/install/ldlidar/share/ldlidar/hook/cmake_prefix_path.sh'
[0.636s] Level 1:colcon.colcon_core.environment:checking '/home/xtal/ROS2-omni-manipulator/install/ldlidar/bin'
[0.636s] Level 1:colcon.colcon_core.environment:checking '/home/xtal/ROS2-omni-manipulator/install/ldlidar/lib/pkgconfig/ldlidar.pc'
[0.636s] Level 1:colcon.colcon_core.environment:checking '/home/xtal/ROS2-omni-manipulator/install/ldlidar/lib/python3.12/site-packages'
[0.636s] Level 1:colcon.colcon_core.environment:checking '/home/xtal/ROS2-omni-manipulator/install/ldlidar/bin'
[0.636s] INFO:colcon.colcon_core.shell:Creating package script '/home/xtal/ROS2-omni-manipulator/install/ldlidar/share/ldlidar/package.ps1'
[0.637s] INFO:colcon.colcon_core.shell:Creating package descriptor '/home/xtal/ROS2-omni-manipulator/install/ldlidar/share/ldlidar/package.dsv'
[0.637s] INFO:colcon.colcon_core.shell:Creating package script '/home/xtal/ROS2-omni-manipulator/install/ldlidar/share/ldlidar/package.sh'
[0.638s] INFO:colcon.colcon_core.shell:Creating package script '/home/xtal/ROS2-omni-manipulator/install/ldlidar/share/ldlidar/package.bash'
[0.638s] INFO:colcon.colcon_core.shell:Creating package script '/home/xtal/ROS2-omni-manipulator/install/ldlidar/share/ldlidar/package.zsh'
[0.638s] Level 1:colcon.colcon_core.environment:create_file_with_runtime_dependencies(/home/xtal/ROS2-omni-manipulator/install/ldlidar/share/colcon-core/packages/ldlidar)
[1.042s] DEBUG:colcon.colcon_core.event_handler.log_command:Invoking command in '/home/xtal/ROS2-omni-manipulator/build/dm': DEBUGINFOD_URLS=https://debuginfod.ubuntu.com PYTHONPATH=/home/xtal/ROS2-omni-manipulator/build/dm/prefix_override:/usr/lib/python3/dist-packages/colcon_core/task/python/colcon_distutils_commands:/home/xtal/ROS2-omni-manipulator/install/dm/lib/python3.12/site-packages:${PYTHONPATH} /usr/bin/python3 -W ignore:setup.py install is deprecated -W ignore:easy_install command is deprecated setup.py develop --editable --build-directory /home/xtal/ROS2-omni-manipulator/build/dm/build --no-deps symlink_data
[1.726s] Level 1:colcon.colcon_core.shell:create_environment_hook('dm', 'pythonpath_develop')
[1.726s] INFO:colcon.colcon_core.shell:Creating environment hook '/home/xtal/ROS2-omni-manipulator/build/dm/share/dm/hook/pythonpath_develop.ps1'
[1.726s] DEBUG:colcon.colcon_core.event_handler.log_command:Invoked command in '/home/xtal/ROS2-omni-manipulator/build/dm' returned '0': DEBUGINFOD_URLS=https://debuginfod.ubuntu.com PYTHONPATH=/home/xtal/ROS2-omni-manipulator/build/dm/prefix_override:/usr/lib/python3/dist-packages/colcon_core/task/python/colcon_distutils_commands:/home/xtal/ROS2-omni-manipulator/install/dm/lib/python3.12/site-packages:${PYTHONPATH} /usr/bin/python3 -W ignore:setup.py install is deprecated -W ignore:easy_install command is deprecated setup.py develop --editable --build-directory /home/xtal/ROS2-omni-manipulator/build/dm/build --no-deps symlink_data
[1.727s] INFO:colcon.colcon_core.shell:Creating environment descriptor '/home/xtal/ROS2-omni-manipulator/build/dm/share/dm/hook/pythonpath_develop.dsv'
[1.727s] INFO:colcon.colcon_core.shell:Creating environment hook '/home/xtal/ROS2-omni-manipulator/build/dm/share/dm/hook/pythonpath_develop.sh'
[1.728s] Level 1:colcon.colcon_core.environment:checking '/home/xtal/ROS2-omni-manipulator/install/dm' for CMake module files
[1.728s] Level 1:colcon.colcon_core.environment:checking '/home/xtal/ROS2-omni-manipulator/install/dm' for CMake config files
[1.729s] Level 1:colcon.colcon_core.environment:checking '/home/xtal/ROS2-omni-manipulator/install/dm/lib'
[1.729s] Level 1:colcon.colcon_core.environment:checking '/home/xtal/ROS2-omni-manipulator/install/dm/bin'
[1.729s] Level 1:colcon.colcon_core.environment:checking '/home/xtal/ROS2-omni-manipulator/install/dm/lib/pkgconfig/dm.pc'
[1.729s] Level 1:colcon.colcon_core.environment:checking '/home/xtal/ROS2-omni-manipulator/install/dm/lib/python3.12/site-packages'
[1.729s] Level 1:colcon.colcon_core.shell:create_environment_hook('dm', 'pythonpath')
[1.729s] INFO:colcon.colcon_core.shell:Creating environment hook '/home/xtal/ROS2-omni-manipulator/install/dm/share/dm/hook/pythonpath.ps1'
[1.729s] INFO:colcon.colcon_core.shell:Creating environment descriptor '/home/xtal/ROS2-omni-manipulator/install/dm/share/dm/hook/pythonpath.dsv'
[1.730s] INFO:colcon.colcon_core.shell:Creating environment hook '/home/xtal/ROS2-omni-manipulator/install/dm/share/dm/hook/pythonpath.sh'
[1.730s] Level 1:colcon.colcon_core.environment:checking '/home/xtal/ROS2-omni-manipulator/install/dm/bin'
[1.730s] Level 1:colcon.colcon_core.environment:create_environment_scripts_only(dm)
[1.730s] INFO:colcon.colcon_core.shell:Creating package script '/home/xtal/ROS2-omni-manipulator/install/dm/share/dm/package.ps1'
[1.730s] INFO:colcon.colcon_core.shell:Creating package descriptor '/home/xtal/ROS2-omni-manipulator/install/dm/share/dm/package.dsv'
[1.731s] INFO:colcon.colcon_core.shell:Creating package script '/home/xtal/ROS2-omni-manipulator/install/dm/share/dm/package.sh'
[1.731s] INFO:colcon.colcon_core.shell:Creating package script '/home/xtal/ROS2-omni-manipulator/install/dm/share/dm/package.bash'
[1.731s] INFO:colcon.colcon_core.shell:Creating package script '/home/xtal/ROS2-omni-manipulator/install/dm/share/dm/package.zsh'
[1.732s] Level 1:colcon.colcon_core.environment:create_file_with_runtime_dependencies(/home/xtal/ROS2-omni-manipulator/install/dm/share/colcon-core/packages/dm)
[1.732s] DEBUG:colcon.colcon_parallel_executor.executor.parallel:closing loop
[1.732s] DEBUG:colcon.colcon_parallel_executor.executor.parallel:loop closed
[1.732s] DEBUG:colcon.colcon_parallel_executor.executor.parallel:run_until_complete finished with '0'
[1.732s] DEBUG:colcon.colcon_core.event_reactor:joining thread
[1.736s] INFO:colcon.colcon_core.plugin_system:Skipping extension 'colcon_notification.desktop_notification.terminal_notifier': Not used on non-Darwin systems
[1.736s] INFO:colcon.colcon_core.plugin_system:Skipping extension 'colcon_notification.desktop_notification.win32': Not used on non-Windows systems
[1.736s] INFO:colcon.colcon_notification.desktop_notification:Sending desktop notification using 'notify2'
[1.746s] DEBUG:colcon.colcon_core.event_reactor:joined thread
[1.746s] INFO:colcon.colcon_core.shell:Creating prefix script '/home/xtal/ROS2-omni-manipulator/install/local_setup.ps1'
[1.747s] INFO:colcon.colcon_core.shell:Creating prefix util module '/home/xtal/ROS2-omni-manipulator/install/_local_setup_util_ps1.py'
[1.747s] INFO:colcon.colcon_core.shell:Creating prefix chain script '/home/xtal/ROS2-omni-manipulator/install/setup.ps1'
[1.748s] INFO:colcon.colcon_core.shell:Creating prefix script '/home/xtal/ROS2-omni-manipulator/install/local_setup.sh'
[1.748s] INFO:colcon.colcon_core.shell:Creating prefix util module '/home/xtal/ROS2-omni-manipulator/install/_local_setup_util_sh.py'
[1.749s] INFO:colcon.colcon_core.shell:Creating prefix chain script '/home/xtal/ROS2-omni-manipulator/install/setup.sh'
[1.749s] INFO:colcon.colcon_core.shell:Creating prefix script '/home/xtal/ROS2-omni-manipulator/install/local_setup.bash'
[1.750s] INFO:colcon.colcon_core.shell:Creating prefix chain script '/home/xtal/ROS2-omni-manipulator/install/setup.bash'
[1.750s] INFO:colcon.colcon_core.shell:Creating prefix script '/home/xtal/ROS2-omni-manipulator/install/local_setup.zsh'
[1.751s] INFO:colcon.colcon_core.shell:Creating prefix chain script '/home/xtal/ROS2-omni-manipulator/install/setup.zsh'
