[0.781s] Invoking command in '/home/xtal/ros2_ws/build/dm': DEBUGINFOD_URLS=https://debuginfod.ubuntu.com PYTHONPATH=/home/xtal/ros2_ws/build/dm/prefix_override:/usr/lib/python3/dist-packages/colcon_core/task/python/colcon_distutils_commands:/home/xtal/ros2_ws/install/dm/lib/python3.12/site-packages:${PYTHONPATH} /usr/bin/python3 -W ignore:setup.py install is deprecated -W ignore:easy_install command is deprecated setup.py develop --editable --build-directory /home/xtal/ros2_ws/build/dm/build --no-deps symlink_data
[1.042s] running develop
[1.208s] running egg_info
[1.209s] creating dm.egg-info
[1.224s] writing dm.egg-info/PKG-INFO
[1.225s] writing dependency_links to dm.egg-info/dependency_links.txt
[1.225s] writing entry points to dm.egg-info/entry_points.txt
[1.225s] writing requirements to dm.egg-info/requires.txt
[1.225s] writing top-level names to dm.egg-info/top_level.txt
[1.225s] writing manifest file 'dm.egg-info/SOURCES.txt'
[1.263s] reading manifest file 'dm.egg-info/SOURCES.txt'
[1.264s] writing manifest file 'dm.egg-info/SOURCES.txt'
[1.282s] running build_ext
[1.282s] Creating /home/xtal/ros2_ws/install/dm/lib/python3.12/site-packages/dm.egg-link (link to .)
[1.283s] Installing my_publisher script to /home/xtal/ros2_ws/install/dm/lib/dm
[1.283s] 
[1.283s] Installed /home/xtal/ros2_ws/build/dm
[1.283s] running symlink_data
[1.283s] creating /home/xtal/ros2_ws/install/dm/share/ament_index
[1.283s] creating /home/xtal/ros2_ws/install/dm/share/ament_index/resource_index
[1.283s] creating /home/xtal/ros2_ws/install/dm/share/ament_index/resource_index/packages
[1.284s] symbolically linking /home/xtal/ros2_ws/build/dm/resource/dm -> /home/xtal/ros2_ws/install/dm/share/ament_index/resource_index/packages
[1.284s] symbolically linking /home/xtal/ros2_ws/build/dm/package.xml -> /home/xtal/ros2_ws/install/dm/share/dm
[1.311s] Invoked command in '/home/xtal/ros2_ws/build/dm' returned '0': DEBUGINFOD_URLS=https://debuginfod.ubuntu.com PYTHONPATH=/home/xtal/ros2_ws/build/dm/prefix_override:/usr/lib/python3/dist-packages/colcon_core/task/python/colcon_distutils_commands:/home/xtal/ros2_ws/install/dm/lib/python3.12/site-packages:${PYTHONPATH} /usr/bin/python3 -W ignore:setup.py install is deprecated -W ignore:easy_install command is deprecated setup.py develop --editable --build-directory /home/xtal/ros2_ws/build/dm/build --no-deps symlink_data
