[0.023s] Invoking command in '/home/xtal/ROS2-omni-manipulator/build/ldlidar_component': CMAKE_PREFIX_PATH=${CMAKE_PREFIX_PATH}:/home/xtal/ROS2-omni-manipulator/install/dm:/opt/ros/jazzy DEBUGINFOD_URLS=https://debuginfod.ubuntu.com /usr/bin/cmake /home/xtal/ROS2-omni-manipulator/src/ldrobot-lidar-ros2/ldlidar_component -DAMENT_CMAKE_SYMLINK_INSTALL=1 -DCMAKE_INSTALL_PREFIX=/home/xtal/ROS2-omni-manipulator/install/ldlidar_component
[0.243s] -- The C compiler identification is GNU 13.3.0
[0.243s] -- The CXX compiler identification is GNU 13.3.0
[0.244s] -- Detecting C compiler ABI info
[0.244s] -- Detecting C compiler ABI info - done
[0.244s] -- Check for working C compiler: /usr/bin/cc - skipped
[0.244s] -- Detecting C compile features
[0.244s] -- Detecting C compile features - done
[0.244s] -- Detecting CXX compiler ABI info
[0.338s] -- Detecting CXX compiler ABI info - done
[0.346s] -- Check for working CXX compiler: /usr/bin/c++ - skipped
[0.346s] -- Detecting CXX compile features
[0.346s] -- Detecting CXX compile features - done
[0.347s] --  * Release Mode
[0.347s] -- * Found ROS2 jazzy
[0.347s] -- * ROS2 jazzy is officially supported by this package.
[0.351s] -- Found ament_cmake: 2.5.3 (/opt/ros/jazzy/share/ament_cmake/cmake)
[0.510s] -- Found Python3: /usr/bin/python3 (found version "3.12.3") found components: Interpreter 
[0.581s] -- Override CMake install command with custom implementation using symlinks instead of copying resources
[0.636s] -- Found rclcpp_lifecycle: 28.1.6 (/opt/ros/jazzy/share/rclcpp_lifecycle/cmake)
[0.701s] -- Found rosidl_generator_c: 4.6.5 (/opt/ros/jazzy/share/rosidl_generator_c/cmake)
[0.720s] -- Found rosidl_generator_cpp: 4.6.5 (/opt/ros/jazzy/share/rosidl_generator_cpp/cmake)
[0.740s] -- Using all available rosidl_typesupport_c: rosidl_typesupport_fastrtps_c;rosidl_typesupport_introspection_c
[0.762s] -- Using all available rosidl_typesupport_cpp: rosidl_typesupport_fastrtps_cpp;rosidl_typesupport_introspection_cpp
[0.874s] -- Found rmw_implementation_cmake: 7.3.1 (/opt/ros/jazzy/share/rmw_implementation_cmake/cmake)
[0.878s] -- Found rmw_fastrtps_cpp: 8.4.1 (/opt/ros/jazzy/share/rmw_fastrtps_cpp/cmake)
[0.989s] -- Found OpenSSL: /usr/lib/x86_64-linux-gnu/libcrypto.so (found version "3.0.13")  
[1.014s] -- Found FastRTPS: /opt/ros/jazzy/include (Required is at least version "2.13") 
[1.041s] -- Using RMW implementation 'rmw_fastrtps_cpp' as default
[1.145s] -- Found rclcpp_components: 28.1.6 (/opt/ros/jazzy/share/rclcpp_components/cmake)
[1.190s] -- Found nav2_util: 1.3.5 (/opt/ros/jazzy/share/nav2_util/cmake)
[1.475s] -- Found eigen3_cmake_module: 0.3.0 (/opt/ros/jazzy/share/eigen3_cmake_module/cmake)
[1.476s] -- Found Eigen3: TRUE (found version "3.4.0") 
[1.477s] -- Ensuring Eigen3 include directory is part of orocos-kdl CMake target
[1.530s] -- Found sensor_msgs: 5.3.5 (/opt/ros/jazzy/share/sensor_msgs/cmake)
[1.554s] -- Found diagnostic_msgs: 5.3.5 (/opt/ros/jazzy/share/diagnostic_msgs/cmake)
[1.572s] -- Found diagnostic_updater: 4.2.2 (/opt/ros/jazzy/share/diagnostic_updater/cmake)
[1.591s] -- Found ament_lint_auto: 0.17.1 (/opt/ros/jazzy/share/ament_lint_auto/cmake)
[1.707s] -- Added test 'copyright' to check source files copyright and LICENSE
[1.711s] -- Added test 'cppcheck' to perform static code analysis on C / C++ code
[1.712s] -- Configured cppcheck include dirs: /home/xtal/ROS2-omni-manipulator/src/ldrobot-lidar-ros2/ldlidar_component/include;/home/xtal/ROS2-omni-manipulator/src/ldrobot-lidar-ros2/ldlidar_component/tools/include;/home/xtal/ROS2-omni-manipulator/src/ldrobot-lidar-ros2/ldlidar_component/component/include;/home/xtal/ROS2-omni-manipulator/src/ldrobot-lidar-ros2/ldlidar_component/ldlidar_driver/include/core;/home/xtal/ROS2-omni-manipulator/src/ldrobot-lidar-ros2/ldlidar_component/ldlidar_driver/include/dataprocess;/home/xtal/ROS2-omni-manipulator/src/ldrobot-lidar-ros2/ldlidar_component/ldlidar_driver/include/filter;/home/xtal/ROS2-omni-manipulator/src/ldrobot-lidar-ros2/ldlidar_component/ldlidar_driver/include/logger;/home/xtal/ROS2-omni-manipulator/src/ldrobot-lidar-ros2/ldlidar_component/ldlidar_driver/include/networkcom;/home/xtal/ROS2-omni-manipulator/src/ldrobot-lidar-ros2/ldlidar_component/ldlidar_driver/include/serialcom
[1.712s] -- Configured cppcheck exclude dirs and/or files: 
[1.715s] -- Added test 'cpplint' to check C / C++ code against the Google style
[1.715s] -- Configured cpplint exclude dirs and/or files: 
[1.717s] -- Added test 'lint_cmake' to check CMake code style
[1.721s] -- Added test 'uncrustify' to check C / C++ code style
[1.721s] -- Configured uncrustify additional arguments: 
[1.722s] -- Added test 'xmllint' to check XML markup files
[1.726s] -- Added test 'clang_format' to check C / C++ code style
[1.730s] -- Configuring done (1.7s)
[1.751s] -- Generating done (0.0s)
[1.755s] -- Build files have been written to: /home/xtal/ROS2-omni-manipulator/build/ldlidar_component
[1.769s] Invoked command in '/home/xtal/ROS2-omni-manipulator/build/ldlidar_component' returned '0': CMAKE_PREFIX_PATH=${CMAKE_PREFIX_PATH}:/home/xtal/ROS2-omni-manipulator/install/dm:/opt/ros/jazzy DEBUGINFOD_URLS=https://debuginfod.ubuntu.com /usr/bin/cmake /home/xtal/ROS2-omni-manipulator/src/ldrobot-lidar-ros2/ldlidar_component -DAMENT_CMAKE_SYMLINK_INSTALL=1 -DCMAKE_INSTALL_PREFIX=/home/xtal/ROS2-omni-manipulator/install/ldlidar_component
[1.770s] Invoking command in '/home/xtal/ROS2-omni-manipulator/build/ldlidar_component': CMAKE_PREFIX_PATH=${CMAKE_PREFIX_PATH}:/home/xtal/ROS2-omni-manipulator/install/dm:/opt/ros/jazzy DEBUGINFOD_URLS=https://debuginfod.ubuntu.com /usr/bin/cmake --build /home/xtal/ROS2-omni-manipulator/build/ldlidar_component -- -j16 -l16
[1.828s] [ 40%] [32mBuilding CXX object ldlidar_driver/CMakeFiles/ldlidar.dir/src/serialcom/serial_interface_linux.cpp.o[0m
[1.828s] [ 40%] [32mBuilding CXX object ldlidar_driver/CMakeFiles/ldlidar.dir/src/dataprocess/lipkg.cpp.o[0m
[1.828s] [ 40%] [32mBuilding CXX object ldlidar_driver/CMakeFiles/ldlidar.dir/src/core/ldlidar_driver.cpp.o[0m
[1.828s] [ 40%] [32mBuilding CXX object ldlidar_driver/CMakeFiles/ldlidar.dir/src/networkcom/network_socket_interface_linux.cpp.o[0m
[1.828s] [ 50%] [32mBuilding CXX object ldlidar_driver/CMakeFiles/ldlidar.dir/src/filter/tofbf.cpp.o[0m
[1.829s] [ 60%] [32mBuilding CXX object ldlidar_driver/CMakeFiles/ldlidar.dir/src/logger/log_module.cpp.o[0m
[2.489s] [ 70%] [32m[1mLinking CXX static library libldlidar.a[0m
[2.575s] [ 70%] Built target ldlidar
[2.603s] [ 90%] [32mBuilding CXX object CMakeFiles/ldlidar_component.dir/component/src/ldlidar_component.cpp.o[0m
[2.603s] [ 90%] [32mBuilding CXX object CMakeFiles/ldlidar_component.dir/tools/src/ldlidar_tools.cpp.o[0m
[10.337s] [100%] [32m[1mLinking CXX shared library libldlidar_component.so[0m
[10.543s] [100%] Built target ldlidar_component
[10.555s] Invoked command in '/home/xtal/ROS2-omni-manipulator/build/ldlidar_component' returned '0': CMAKE_PREFIX_PATH=${CMAKE_PREFIX_PATH}:/home/xtal/ROS2-omni-manipulator/install/dm:/opt/ros/jazzy DEBUGINFOD_URLS=https://debuginfod.ubuntu.com /usr/bin/cmake --build /home/xtal/ROS2-omni-manipulator/build/ldlidar_component -- -j16 -l16
[10.556s] Invoking command in '/home/xtal/ROS2-omni-manipulator/build/ldlidar_component': CMAKE_PREFIX_PATH=${CMAKE_PREFIX_PATH}:/home/xtal/ROS2-omni-manipulator/install/dm:/opt/ros/jazzy DEBUGINFOD_URLS=https://debuginfod.ubuntu.com /usr/bin/cmake --install /home/xtal/ROS2-omni-manipulator/build/ldlidar_component
[10.564s] -- Install configuration: "Release"
[10.564s] -- Execute custom install script
[10.565s] -- Symlinking: /home/xtal/ROS2-omni-manipulator/install/ldlidar_component/lib/libldlidar_component.so
[10.575s] -- Symlinking: /home/xtal/ROS2-omni-manipulator/install/ldlidar_component/include/ldlidar_component//defines.hpp
[10.584s] -- Symlinking: /home/xtal/ROS2-omni-manipulator/install/ldlidar_component/include/ldlidar_component//ldlidar_component.hpp
[10.594s] -- Symlinking: /home/xtal/ROS2-omni-manipulator/install/ldlidar_component/include/ldlidar_component//ldlidar_tools.hpp
[10.604s] -- Symlinking: /home/xtal/ROS2-omni-manipulator/install/ldlidar_component/include/ldlidar_component//visibility_control.hpp
[10.616s] -- Symlinking: /home/xtal/ROS2-omni-manipulator/install/ldlidar_component/include/ldlidar_component//ldlidar_datatype.h
[10.628s] -- Symlinking: /home/xtal/ROS2-omni-manipulator/install/ldlidar_component/include/ldlidar_component//ldlidar_driver.h
[10.639s] -- Symlinking: /home/xtal/ROS2-omni-manipulator/install/ldlidar_component/include/ldlidar_component//lipkg.h
[10.649s] -- Symlinking: /home/xtal/ROS2-omni-manipulator/install/ldlidar_component/include/ldlidar_component//tofbf.h
[10.660s] -- Symlinking: /home/xtal/ROS2-omni-manipulator/install/ldlidar_component/include/ldlidar_component//log_module.h
[10.671s] -- Symlinking: /home/xtal/ROS2-omni-manipulator/install/ldlidar_component/include/ldlidar_component//network_socket_interface_linux.h
[10.681s] -- Symlinking: /home/xtal/ROS2-omni-manipulator/install/ldlidar_component/include/ldlidar_component//serial_interface_linux.h
[10.692s] -- Symlinking: /home/xtal/ROS2-omni-manipulator/install/ldlidar_component/share/ldlidar_component/environment/library_path.sh
[10.703s] -- Symlinking: /home/xtal/ROS2-omni-manipulator/install/ldlidar_component/share/ldlidar_component/environment/library_path.dsv
[10.714s] -- Symlinking: /home/xtal/ROS2-omni-manipulator/install/ldlidar_component/share/ament_index/resource_index/package_run_dependencies/ldlidar_component
[10.724s] -- Symlinking: /home/xtal/ROS2-omni-manipulator/install/ldlidar_component/share/ament_index/resource_index/parent_prefix_path/ldlidar_component
[10.736s] -- Symlinking: /home/xtal/ROS2-omni-manipulator/install/ldlidar_component/share/ldlidar_component/environment/ament_prefix_path.sh
[10.746s] -- Symlinking: /home/xtal/ROS2-omni-manipulator/install/ldlidar_component/share/ldlidar_component/environment/ament_prefix_path.dsv
[10.757s] -- Symlinking: /home/xtal/ROS2-omni-manipulator/install/ldlidar_component/share/ldlidar_component/environment/path.sh
[10.767s] -- Symlinking: /home/xtal/ROS2-omni-manipulator/install/ldlidar_component/share/ldlidar_component/environment/path.dsv
[10.778s] -- Symlinking: /home/xtal/ROS2-omni-manipulator/install/ldlidar_component/share/ldlidar_component/local_setup.bash
[10.789s] -- Symlinking: /home/xtal/ROS2-omni-manipulator/install/ldlidar_component/share/ldlidar_component/local_setup.sh
[10.801s] -- Symlinking: /home/xtal/ROS2-omni-manipulator/install/ldlidar_component/share/ldlidar_component/local_setup.zsh
[10.811s] -- Symlinking: /home/xtal/ROS2-omni-manipulator/install/ldlidar_component/share/ldlidar_component/local_setup.dsv
[10.823s] -- Symlinking: /home/xtal/ROS2-omni-manipulator/install/ldlidar_component/share/ldlidar_component/package.dsv
[10.834s] -- Symlinking: /home/xtal/ROS2-omni-manipulator/install/ldlidar_component/share/ament_index/resource_index/packages/ldlidar_component
[10.845s] -- Symlinking: /home/xtal/ROS2-omni-manipulator/install/ldlidar_component/share/ament_index/resource_index/rclcpp_components/ldlidar_component
[10.855s] -- Symlinking: /home/xtal/ROS2-omni-manipulator/install/ldlidar_component/share/ldlidar_component/cmake/ament_cmake_export_include_directories-extras.cmake
[10.866s] -- Symlinking: /home/xtal/ROS2-omni-manipulator/install/ldlidar_component/share/ldlidar_component/cmake/ament_cmake_export_libraries-extras.cmake
[10.876s] -- Symlinking: /home/xtal/ROS2-omni-manipulator/install/ldlidar_component/share/ldlidar_component/cmake/ament_cmake_export_dependencies-extras.cmake
[10.887s] -- Symlinking: /home/xtal/ROS2-omni-manipulator/install/ldlidar_component/share/ldlidar_component/cmake/ldlidar_componentConfig.cmake
[10.897s] -- Symlinking: /home/xtal/ROS2-omni-manipulator/install/ldlidar_component/share/ldlidar_component/cmake/ldlidar_componentConfig-version.cmake
[10.908s] -- Symlinking: /home/xtal/ROS2-omni-manipulator/install/ldlidar_component/share/ldlidar_component/package.xml
[10.920s] Invoked command in '/home/xtal/ROS2-omni-manipulator/build/ldlidar_component' returned '0': CMAKE_PREFIX_PATH=${CMAKE_PREFIX_PATH}:/home/xtal/ROS2-omni-manipulator/install/dm:/opt/ros/jazzy DEBUGINFOD_URLS=https://debuginfod.ubuntu.com /usr/bin/cmake --install /home/xtal/ROS2-omni-manipulator/build/ldlidar_component
