[0.946s] Invoking command in '/home/xtal/ROS2-omni-manipulator/build/dm': DEBUGINFOD_URLS=https://debuginfod.ubuntu.com PYTHONPATH=/home/xtal/ROS2-omni-manipulator/build/dm/prefix_override:/usr/lib/python3/dist-packages/colcon_core/task/python/colcon_distutils_commands:/home/xtal/ROS2-omni-manipulator/install/dm/lib/python3.12/site-packages:${PYTHONPATH} /usr/bin/python3 -W ignore:setup.py install is deprecated -W ignore:easy_install command is deprecated setup.py develop --editable --build-directory /home/xtal/ROS2-omni-manipulator/build/dm/build --no-deps symlink_data
[1.309s] running develop
[1.564s] running egg_info
[1.564s] creating dm.egg-info
[1.588s] writing dm.egg-info/PKG-INFO
[1.588s] writing dependency_links to dm.egg-info/dependency_links.txt
[1.588s] writing entry points to dm.egg-info/entry_points.txt
[1.588s] writing requirements to dm.egg-info/requires.txt
[1.589s] writing top-level names to dm.egg-info/top_level.txt
[1.589s] writing manifest file 'dm.egg-info/SOURCES.txt'
[1.637s] reading manifest file 'dm.egg-info/SOURCES.txt'
[1.638s] writing manifest file 'dm.egg-info/SOURCES.txt'
[1.664s] running build_ext
[1.664s] Creating /home/xtal/ROS2-omni-manipulator/install/dm/lib/python3.12/site-packages/dm.egg-link (link to .)
[1.664s] Installing my_publisher script to /home/xtal/ROS2-omni-manipulator/install/dm/lib/dm
[1.664s] Installing my_second_publisher script to /home/xtal/ROS2-omni-manipulator/install/dm/lib/dm
[1.664s] Installing my_subscriber script to /home/xtal/ROS2-omni-manipulator/install/dm/lib/dm
[1.665s] 
[1.665s] Installed /home/xtal/ROS2-omni-manipulator/build/dm
[1.665s] running symlink_data
[1.665s] creating /home/xtal/ROS2-omni-manipulator/install/dm/share/ament_index
[1.665s] creating /home/xtal/ROS2-omni-manipulator/install/dm/share/ament_index/resource_index
[1.665s] creating /home/xtal/ROS2-omni-manipulator/install/dm/share/ament_index/resource_index/packages
[1.665s] symbolically linking /home/xtal/ROS2-omni-manipulator/build/dm/resource/dm -> /home/xtal/ROS2-omni-manipulator/install/dm/share/ament_index/resource_index/packages
[1.665s] symbolically linking /home/xtal/ROS2-omni-manipulator/build/dm/package.xml -> /home/xtal/ROS2-omni-manipulator/install/dm/share/dm
[1.665s] creating /home/xtal/ROS2-omni-manipulator/install/dm/share/dm/launch
[1.665s] symbolically linking /home/xtal/ROS2-omni-manipulator/build/dm/launch/display.launch.py -> /home/xtal/ROS2-omni-manipulator/install/dm/share/dm/launch
[1.665s] symbolically linking /home/xtal/ROS2-omni-manipulator/build/dm/launch/d415.launch.py -> /home/xtal/ROS2-omni-manipulator/install/dm/share/dm/launch
[1.665s] symbolically linking /home/xtal/ROS2-omni-manipulator/build/dm/launch/publishers.launch.py -> /home/xtal/ROS2-omni-manipulator/install/dm/share/dm/launch
[1.665s] creating /home/xtal/ROS2-omni-manipulator/install/dm/share/dm/urdf
[1.665s] creating /home/xtal/ROS2-omni-manipulator/install/dm/share/dm/meshes
[1.708s] Invoked command in '/home/xtal/ROS2-omni-manipulator/build/dm' returned '0': DEBUGINFOD_URLS=https://debuginfod.ubuntu.com PYTHONPATH=/home/xtal/ROS2-omni-manipulator/build/dm/prefix_override:/usr/lib/python3/dist-packages/colcon_core/task/python/colcon_distutils_commands:/home/xtal/ROS2-omni-manipulator/install/dm/lib/python3.12/site-packages:${PYTHONPATH} /usr/bin/python3 -W ignore:setup.py install is deprecated -W ignore:easy_install command is deprecated setup.py develop --editable --build-directory /home/xtal/ROS2-omni-manipulator/build/dm/build --no-deps symlink_data
