[0.191s] Invoking command in '/home/xtal/ROS2-Omni-Manipulator/build/urdf_omnidirectional_manipulator': DEBUGINFOD_URLS=https://debuginfod.ubuntu.com /usr/bin/cmake /home/xtal/ROS2-Omni-Manipulator/model/urdf_omnidirectional_manipulator -DCATKIN_INSTALL_INTO_PREFIX_ROOT=0 -DCATKIN_SYMLINK_INSTALL=ON -DCMAKE_INSTALL_PREFIX=/home/xtal/ROS2-Omni-Manipulator/install/urdf_omnidirectional_manipulator
[0.201s] [0mCMake Deprecation Warning at CMakeLists.txt:1 (cmake_minimum_required):
[0.201s]   Compatibility with CMake < 3.5 will be removed from a future version of
[0.201s]   CMake.
[0.201s] 
[0.201s]   Update the VERSION argument <min> value or use a ...<max> suffix to tell
[0.201s]   CMake that the project does not need compatibility with older versions.
[0.201s] 
[0.202s] [0m
[0.249s] -- The C compiler identification is GNU 13.3.0
[0.308s] -- The CXX compiler identification is GNU 13.3.0
[0.329s] -- Detecting C compiler ABI info
[0.423s] -- Detecting C compiler ABI info - done
[0.432s] -- Check for working C compiler: /usr/bin/cc - skipped
[0.432s] -- Detecting C compile features
[0.432s] -- Detecting C compile features - done
[0.442s] -- Detecting CXX compiler ABI info
[0.550s] -- Detecting CXX compiler ABI info - done
[0.559s] -- Check for working CXX compiler: /usr/bin/c++ - skipped
[0.559s] -- Detecting CXX compile features
[0.560s] -- Detecting CXX compile features - done
[0.574s] [31mCMake Error at CMakeLists.txt:5 (find_package):
[0.574s]   By not providing "Findcatkin.cmake" in CMAKE_MODULE_PATH this project has
[0.574s]   asked CMake to find a package configuration file provided by "catkin", but
[0.574s]   CMake did not find one.
[0.575s] 
[0.575s]   Could not find a package configuration file provided by "catkin" with any
[0.575s]   of the following names:
[0.575s] 
[0.575s]     catkinConfig.cmake
[0.575s]     catkin-config.cmake
[0.575s] 
[0.575s]   Add the installation prefix of "catkin" to CMAKE_PREFIX_PATH or set
[0.575s]   "catkin_DIR" to a directory containing one of the above files.  If "catkin"
[0.575s]   provides a separate development package or SDK, be sure it has been
[0.575s]   installed.
[0.575s] 
[0.576s] [0m
[0.576s] -- Configuring incomplete, errors occurred!
[0.578s] Invoked command in '/home/xtal/ROS2-Omni-Manipulator/build/urdf_omnidirectional_manipulator' returned '1': DEBUGINFOD_URLS=https://debuginfod.ubuntu.com /usr/bin/cmake /home/xtal/ROS2-Omni-Manipulator/model/urdf_omnidirectional_manipulator -DCATKIN_INSTALL_INTO_PREFIX_ROOT=0 -DCATKIN_SYMLINK_INSTALL=ON -DCMAKE_INSTALL_PREFIX=/home/xtal/ROS2-Omni-Manipulator/install/urdf_omnidirectional_manipulator
