[0.013s] Invoking command in '/home/xtal/ros2_ws/build/ldlidar': AMENT_PREFIX_PATH=/home/xtal/ros2_ws/install/ldlidar_node:/home/xtal/ros2_ws/install/ldlidar_component:${AMENT_PREFIX_PATH} CMAKE_PREFIX_PATH=/home/xtal/ros2_ws/install/ldlidar_node:/home/xtal/ros2_ws/install/ldlidar_component:/opt/ros/jazzy/opt/gz_sim_vendor:/opt/ros/jazzy/opt/gz_sensors_vendor:/opt/ros/jazzy/opt/gz_physics_vendor:/opt/ros/jazzy/opt/sdformat_vendor:/opt/ros/jazzy/opt/gz_gui_vendor:/opt/ros/jazzy/opt/gz_transport_vendor:/opt/ros/jazzy/opt/gz_rendering_vendor:/opt/ros/jazzy/opt/gz_plugin_vendor:/opt/ros/jazzy/opt/gz_fuel_tools_vendor:/opt/ros/jazzy/opt/gz_msgs_vendor:/opt/ros/jazzy/opt/gz_common_vendor:/opt/ros/jazzy/opt/gz_math_vendor:/opt/ros/jazzy/opt/gz_utils_vendor:/opt/ros/jazzy/opt/gz_tools_vendor:/opt/ros/jazzy/opt/gz_ogre_next_vendor:/opt/ros/jazzy/opt/gz_dartsim_vendor:/opt/ros/jazzy/opt/gz_cmake_vendor:/opt/ros/jazzy DEBUGINFOD_URLS=https://debuginfod.ubuntu.com LD_LIBRARY_PATH=/home/xtal/ros2_ws/install/ldlidar_component/lib:${LD_LIBRARY_PATH} /usr/bin/cmake --build /home/xtal/ros2_ws/build/ldlidar -- -j16 -l16
[0.054s] Invoked command in '/home/xtal/ros2_ws/build/ldlidar' returned '0': AMENT_PREFIX_PATH=/home/xtal/ros2_ws/install/ldlidar_node:/home/xtal/ros2_ws/install/ldlidar_component:${AMENT_PREFIX_PATH} CMAKE_PREFIX_PATH=/home/xtal/ros2_ws/install/ldlidar_node:/home/xtal/ros2_ws/install/ldlidar_component:/opt/ros/jazzy/opt/gz_sim_vendor:/opt/ros/jazzy/opt/gz_sensors_vendor:/opt/ros/jazzy/opt/gz_physics_vendor:/opt/ros/jazzy/opt/sdformat_vendor:/opt/ros/jazzy/opt/gz_gui_vendor:/opt/ros/jazzy/opt/gz_transport_vendor:/opt/ros/jazzy/opt/gz_rendering_vendor:/opt/ros/jazzy/opt/gz_plugin_vendor:/opt/ros/jazzy/opt/gz_fuel_tools_vendor:/opt/ros/jazzy/opt/gz_msgs_vendor:/opt/ros/jazzy/opt/gz_common_vendor:/opt/ros/jazzy/opt/gz_math_vendor:/opt/ros/jazzy/opt/gz_utils_vendor:/opt/ros/jazzy/opt/gz_tools_vendor:/opt/ros/jazzy/opt/gz_ogre_next_vendor:/opt/ros/jazzy/opt/gz_dartsim_vendor:/opt/ros/jazzy/opt/gz_cmake_vendor:/opt/ros/jazzy DEBUGINFOD_URLS=https://debuginfod.ubuntu.com LD_LIBRARY_PATH=/home/xtal/ros2_ws/install/ldlidar_component/lib:${LD_LIBRARY_PATH} /usr/bin/cmake --build /home/xtal/ros2_ws/build/ldlidar -- -j16 -l16
[0.055s] Invoking command in '/home/xtal/ros2_ws/build/ldlidar': AMENT_PREFIX_PATH=/home/xtal/ros2_ws/install/ldlidar_node:/home/xtal/ros2_ws/install/ldlidar_component:${AMENT_PREFIX_PATH} CMAKE_PREFIX_PATH=/home/xtal/ros2_ws/install/ldlidar_node:/home/xtal/ros2_ws/install/ldlidar_component:/opt/ros/jazzy/opt/gz_sim_vendor:/opt/ros/jazzy/opt/gz_sensors_vendor:/opt/ros/jazzy/opt/gz_physics_vendor:/opt/ros/jazzy/opt/sdformat_vendor:/opt/ros/jazzy/opt/gz_gui_vendor:/opt/ros/jazzy/opt/gz_transport_vendor:/opt/ros/jazzy/opt/gz_rendering_vendor:/opt/ros/jazzy/opt/gz_plugin_vendor:/opt/ros/jazzy/opt/gz_fuel_tools_vendor:/opt/ros/jazzy/opt/gz_msgs_vendor:/opt/ros/jazzy/opt/gz_common_vendor:/opt/ros/jazzy/opt/gz_math_vendor:/opt/ros/jazzy/opt/gz_utils_vendor:/opt/ros/jazzy/opt/gz_tools_vendor:/opt/ros/jazzy/opt/gz_ogre_next_vendor:/opt/ros/jazzy/opt/gz_dartsim_vendor:/opt/ros/jazzy/opt/gz_cmake_vendor:/opt/ros/jazzy DEBUGINFOD_URLS=https://debuginfod.ubuntu.com LD_LIBRARY_PATH=/home/xtal/ros2_ws/install/ldlidar_component/lib:${LD_LIBRARY_PATH} /usr/bin/cmake --install /home/xtal/ros2_ws/build/ldlidar
[0.063s] -- Install configuration: ""
[0.063s] -- Execute custom install script
[0.063s] -- Up-to-date symlink: /home/xtal/ros2_ws/install/ldlidar/share/ament_index/resource_index/package_run_dependencies/ldlidar
[0.063s] -- Up-to-date symlink: /home/xtal/ros2_ws/install/ldlidar/share/ament_index/resource_index/parent_prefix_path/ldlidar
[0.064s] -- Up-to-date symlink: /home/xtal/ros2_ws/install/ldlidar/share/ldlidar/environment/ament_prefix_path.sh
[0.064s] -- Up-to-date symlink: /home/xtal/ros2_ws/install/ldlidar/share/ldlidar/environment/ament_prefix_path.dsv
[0.064s] -- Up-to-date symlink: /home/xtal/ros2_ws/install/ldlidar/share/ldlidar/environment/path.sh
[0.064s] -- Up-to-date symlink: /home/xtal/ros2_ws/install/ldlidar/share/ldlidar/environment/path.dsv
[0.064s] -- Up-to-date symlink: /home/xtal/ros2_ws/install/ldlidar/share/ldlidar/local_setup.bash
[0.065s] -- Up-to-date symlink: /home/xtal/ros2_ws/install/ldlidar/share/ldlidar/local_setup.sh
[0.065s] -- Up-to-date symlink: /home/xtal/ros2_ws/install/ldlidar/share/ldlidar/local_setup.zsh
[0.065s] -- Up-to-date symlink: /home/xtal/ros2_ws/install/ldlidar/share/ldlidar/local_setup.dsv
[0.065s] -- Symlinking: /home/xtal/ros2_ws/install/ldlidar/share/ldlidar/package.dsv
[0.075s] -- Up-to-date symlink: /home/xtal/ros2_ws/install/ldlidar/share/ament_index/resource_index/packages/ldlidar
[0.075s] -- Up-to-date symlink: /home/xtal/ros2_ws/install/ldlidar/share/ldlidar/cmake/ldlidarConfig.cmake
[0.075s] -- Up-to-date symlink: /home/xtal/ros2_ws/install/ldlidar/share/ldlidar/cmake/ldlidarConfig-version.cmake
[0.075s] -- Up-to-date symlink: /home/xtal/ros2_ws/install/ldlidar/share/ldlidar/package.xml
[0.077s] Invoked command in '/home/xtal/ros2_ws/build/ldlidar' returned '0': AMENT_PREFIX_PATH=/home/xtal/ros2_ws/install/ldlidar_node:/home/xtal/ros2_ws/install/ldlidar_component:${AMENT_PREFIX_PATH} CMAKE_PREFIX_PATH=/home/xtal/ros2_ws/install/ldlidar_node:/home/xtal/ros2_ws/install/ldlidar_component:/opt/ros/jazzy/opt/gz_sim_vendor:/opt/ros/jazzy/opt/gz_sensors_vendor:/opt/ros/jazzy/opt/gz_physics_vendor:/opt/ros/jazzy/opt/sdformat_vendor:/opt/ros/jazzy/opt/gz_gui_vendor:/opt/ros/jazzy/opt/gz_transport_vendor:/opt/ros/jazzy/opt/gz_rendering_vendor:/opt/ros/jazzy/opt/gz_plugin_vendor:/opt/ros/jazzy/opt/gz_fuel_tools_vendor:/opt/ros/jazzy/opt/gz_msgs_vendor:/opt/ros/jazzy/opt/gz_common_vendor:/opt/ros/jazzy/opt/gz_math_vendor:/opt/ros/jazzy/opt/gz_utils_vendor:/opt/ros/jazzy/opt/gz_tools_vendor:/opt/ros/jazzy/opt/gz_ogre_next_vendor:/opt/ros/jazzy/opt/gz_dartsim_vendor:/opt/ros/jazzy/opt/gz_cmake_vendor:/opt/ros/jazzy DEBUGINFOD_URLS=https://debuginfod.ubuntu.com LD_LIBRARY_PATH=/home/xtal/ros2_ws/install/ldlidar_component/lib:${LD_LIBRARY_PATH} /usr/bin/cmake --install /home/xtal/ros2_ws/build/ldlidar
