[0.178s] Invoking command in '/home/xtal/ros2_ws/build/ldlidar_ros2': CMAKE_PREFIX_PATH=${CMAKE_PREFIX_PATH}:/home/xtal/ros2_ws/install/dm:/opt/ros/jazzy DEBUGINFOD_URLS=https://debuginfod.ubuntu.com /usr/bin/cmake --build /home/xtal/ros2_ws/build/ldlidar_ros2 -- -j16 -l16
[0.240s] [ 84%] Built target ldlidar_driver
[0.270s] [100%] Built target ldlidar_ros2_node
[0.282s] Invoked command in '/home/xtal/ros2_ws/build/ldlidar_ros2' returned '0': CMAKE_PREFIX_PATH=${CMAKE_PREFIX_PATH}:/home/xtal/ros2_ws/install/dm:/opt/ros/jazzy DEBUGINFOD_URLS=https://debuginfod.ubuntu.com /usr/bin/cmake --build /home/xtal/ros2_ws/build/ldlidar_ros2 -- -j16 -l16
[0.283s] Invoking command in '/home/xtal/ros2_ws/build/ldlidar_ros2': CMAKE_PREFIX_PATH=${CMAKE_PREFIX_PATH}:/home/xtal/ros2_ws/install/dm:/opt/ros/jazzy DEBUGINFOD_URLS=https://debuginfod.ubuntu.com /usr/bin/cmake --install /home/xtal/ros2_ws/build/ldlidar_ros2
[0.291s] -- Install configuration: ""
[0.291s] -- Execute custom install script
[0.291s] -- Up-to-date symlink: /home/xtal/ros2_ws/install/ldlidar_ros2/lib/ldlidar_ros2/ldlidar_ros2_node
[0.291s] -- Up-to-date symlink: /home/xtal/ros2_ws/install/ldlidar_ros2/share/ldlidar_ros2//launch/ld06.launch.py
[0.292s] -- Up-to-date symlink: /home/xtal/ros2_ws/install/ldlidar_ros2/share/ldlidar_ros2//launch/ld14.launch.py
[0.292s] -- Up-to-date symlink: /home/xtal/ros2_ws/install/ldlidar_ros2/share/ldlidar_ros2//launch/ld14p.launch.py
[0.292s] -- Up-to-date symlink: /home/xtal/ros2_ws/install/ldlidar_ros2/share/ldlidar_ros2//launch/ld19.launch.py
[0.292s] -- Up-to-date symlink: /home/xtal/ros2_ws/install/ldlidar_ros2/share/ldlidar_ros2//launch/viewer_ld06.launch.py
[0.292s] -- Up-to-date symlink: /home/xtal/ros2_ws/install/ldlidar_ros2/share/ldlidar_ros2//launch/viewer_ld14.launch.py
[0.292s] -- Up-to-date symlink: /home/xtal/ros2_ws/install/ldlidar_ros2/share/ldlidar_ros2//launch/viewer_ld14p.launch.py
[0.292s] -- Up-to-date symlink: /home/xtal/ros2_ws/install/ldlidar_ros2/share/ldlidar_ros2//launch/viewer_ld19.launch.py
[0.292s] -- Up-to-date symlink: /home/xtal/ros2_ws/install/ldlidar_ros2/share/ldlidar_ros2//rviz2/ldlidar.rviz
[0.293s] -- Up-to-date symlink: /home/xtal/ros2_ws/install/ldlidar_ros2/share/ldlidar_ros2//scripts/create_udev_rules.sh
[0.293s] -- Up-to-date symlink: /home/xtal/ros2_ws/install/ldlidar_ros2/share/ldlidar_ros2//scripts/delete_udev_rules.sh
[0.293s] -- Up-to-date symlink: /home/xtal/ros2_ws/install/ldlidar_ros2/share/ldlidar_ros2//scripts/ldlidar.rules
[0.293s] -- Up-to-date symlink: /home/xtal/ros2_ws/install/ldlidar_ros2/share/ament_index/resource_index/package_run_dependencies/ldlidar_ros2
[0.293s] -- Up-to-date symlink: /home/xtal/ros2_ws/install/ldlidar_ros2/share/ament_index/resource_index/parent_prefix_path/ldlidar_ros2
[0.293s] -- Up-to-date symlink: /home/xtal/ros2_ws/install/ldlidar_ros2/share/ldlidar_ros2/environment/ament_prefix_path.sh
[0.294s] -- Up-to-date symlink: /home/xtal/ros2_ws/install/ldlidar_ros2/share/ldlidar_ros2/environment/ament_prefix_path.dsv
[0.294s] -- Up-to-date symlink: /home/xtal/ros2_ws/install/ldlidar_ros2/share/ldlidar_ros2/environment/path.sh
[0.294s] -- Up-to-date symlink: /home/xtal/ros2_ws/install/ldlidar_ros2/share/ldlidar_ros2/environment/path.dsv
[0.294s] -- Up-to-date symlink: /home/xtal/ros2_ws/install/ldlidar_ros2/share/ldlidar_ros2/local_setup.bash
[0.294s] -- Up-to-date symlink: /home/xtal/ros2_ws/install/ldlidar_ros2/share/ldlidar_ros2/local_setup.sh
[0.294s] -- Up-to-date symlink: /home/xtal/ros2_ws/install/ldlidar_ros2/share/ldlidar_ros2/local_setup.zsh
[0.294s] -- Up-to-date symlink: /home/xtal/ros2_ws/install/ldlidar_ros2/share/ldlidar_ros2/local_setup.dsv
[0.294s] -- Symlinking: /home/xtal/ros2_ws/install/ldlidar_ros2/share/ldlidar_ros2/package.dsv
[0.305s] -- Up-to-date symlink: /home/xtal/ros2_ws/install/ldlidar_ros2/share/ament_index/resource_index/packages/ldlidar_ros2
[0.305s] -- Up-to-date symlink: /home/xtal/ros2_ws/install/ldlidar_ros2/share/ldlidar_ros2/cmake/ldlidar_ros2Config.cmake
[0.305s] -- Up-to-date symlink: /home/xtal/ros2_ws/install/ldlidar_ros2/share/ldlidar_ros2/cmake/ldlidar_ros2Config-version.cmake
[0.305s] -- Up-to-date symlink: /home/xtal/ros2_ws/install/ldlidar_ros2/share/ldlidar_ros2/package.xml
[0.309s] Invoked command in '/home/xtal/ros2_ws/build/ldlidar_ros2' returned '0': CMAKE_PREFIX_PATH=${CMAKE_PREFIX_PATH}:/home/xtal/ros2_ws/install/dm:/opt/ros/jazzy DEBUGINFOD_URLS=https://debuginfod.ubuntu.com /usr/bin/cmake --install /home/xtal/ros2_ws/build/ldlidar_ros2
