[0.339s] DEBUG:colcon:Command line arguments: ['/usr/bin/colcon', 'build', '--symlink-install']
[0.340s] DEBUG:colcon:Parsed command line arguments: Namespace(log_base=None, log_level=None, verb_name='build', build_base='build', install_base='install', merge_install=False, symlink_install=True, test_result_base=None, continue_on_error=False, executor='parallel', parallel_workers=16, event_handlers=None, ignore_user_meta=False, metas=['./colcon.meta'], base_paths=['.'], packages_ignore=None, packages_ignore_regex=None, paths=None, packages_up_to=None, packages_up_to_regex=None, packages_above=None, packages_above_and_dependencies=None, packages_above_depth=None, packages_select_by_dep=None, packages_skip_by_dep=None, packages_skip_up_to=None, packages_select_build_failed=False, packages_skip_build_finished=False, packages_select_test_failures=False, packages_skip_test_passed=False, packages_select=None, packages_skip=None, packages_select_regex=None, packages_skip_regex=None, packages_start=None, packages_end=None, allow_overriding=[], cmake_args=None, cmake_target=None, cmake_target_skip_unavailable=False, cmake_clean_cache=False, cmake_clean_first=False, cmake_force_configure=False, ament_cmake_args=None, catkin_cmake_args=None, catkin_skip_building_tests=False, mixin_files=None, mixin=None, verb_parser=<colcon_mixin.mixin.mixin_argument.MixinArgumentDecorator object at 0x78eee80c6db0>, verb_extension=<colcon_core.verb.build.BuildVerb object at 0x78eee80c6ab0>, main=<bound method BuildVerb.main of <colcon_core.verb.build.BuildVerb object at 0x78eee80c6ab0>>, mixin_verb=('build',))
[0.445s] Level 1:colcon.colcon_core.package_discovery:discover_packages(colcon_meta) check parameters
[0.445s] Level 1:colcon.colcon_core.package_discovery:discover_packages(recursive) check parameters
[0.445s] Level 1:colcon.colcon_core.package_discovery:discover_packages(ignore) check parameters
[0.445s] Level 1:colcon.colcon_core.package_discovery:discover_packages(path) check parameters
[0.445s] Level 1:colcon.colcon_core.package_discovery:discover_packages(colcon_meta) discover
[0.445s] Level 1:colcon.colcon_core.package_discovery:discover_packages(recursive) discover
[0.445s] INFO:colcon.colcon_core.package_discovery:Crawling recursively for packages in '/home/xtal/ROS2-omni-manipulator'
[0.446s] Level 1:colcon.colcon_core.package_identification:_identify(.) by extensions ['ignore', 'ignore_ament_install']
[0.446s] Level 1:colcon.colcon_core.package_identification:_identify(.) by extension 'ignore'
[0.446s] Level 1:colcon.colcon_core.package_identification:_identify(.) by extension 'ignore_ament_install'
[0.446s] Level 1:colcon.colcon_core.package_identification:_identify(.) by extensions ['colcon_pkg']
[0.446s] Level 1:colcon.colcon_core.package_identification:_identify(.) by extension 'colcon_pkg'
[0.447s] Level 1:colcon.colcon_core.package_identification:_identify(.) by extensions ['colcon_meta']
[0.447s] Level 1:colcon.colcon_core.package_identification:_identify(.) by extension 'colcon_meta'
[0.447s] Level 1:colcon.colcon_core.package_identification:_identify(.) by extensions ['ros']
[0.447s] Level 1:colcon.colcon_core.package_identification:_identify(.) by extension 'ros'
[0.509s] Level 1:colcon.colcon_core.package_identification:_identify(.) by extensions ['cmake', 'python']
[0.509s] Level 1:colcon.colcon_core.package_identification:_identify(.) by extension 'cmake'
[0.509s] Level 1:colcon.colcon_core.package_identification:_identify(.) by extension 'python'
[0.509s] Level 1:colcon.colcon_core.package_identification:_identify(.) by extensions ['python_setup_py']
[0.509s] Level 1:colcon.colcon_core.package_identification:_identify(.) by extension 'python_setup_py'
[0.510s] Level 1:colcon.colcon_core.package_identification:_identify(build) by extensions ['ignore', 'ignore_ament_install']
[0.510s] Level 1:colcon.colcon_core.package_identification:_identify(build) by extension 'ignore'
[0.510s] Level 1:colcon.colcon_core.package_identification:_identify(build) ignored
[0.510s] Level 1:colcon.colcon_core.package_identification:_identify(install) by extensions ['ignore', 'ignore_ament_install']
[0.510s] Level 1:colcon.colcon_core.package_identification:_identify(install) by extension 'ignore'
[0.510s] Level 1:colcon.colcon_core.package_identification:_identify(install) ignored
[0.511s] Level 1:colcon.colcon_core.package_identification:_identify(log) by extensions ['ignore', 'ignore_ament_install']
[0.511s] Level 1:colcon.colcon_core.package_identification:_identify(log) by extension 'ignore'
[0.511s] Level 1:colcon.colcon_core.package_identification:_identify(log) ignored
[0.512s] Level 1:colcon.colcon_core.package_identification:_identify(pcb) by extensions ['ignore', 'ignore_ament_install']
[0.512s] Level 1:colcon.colcon_core.package_identification:_identify(pcb) by extension 'ignore'
[0.512s] Level 1:colcon.colcon_core.package_identification:_identify(pcb) by extension 'ignore_ament_install'
[0.512s] Level 1:colcon.colcon_core.package_identification:_identify(pcb) by extensions ['colcon_pkg']
[0.512s] Level 1:colcon.colcon_core.package_identification:_identify(pcb) by extension 'colcon_pkg'
[0.512s] Level 1:colcon.colcon_core.package_identification:_identify(pcb) by extensions ['colcon_meta']
[0.512s] Level 1:colcon.colcon_core.package_identification:_identify(pcb) by extension 'colcon_meta'
[0.512s] Level 1:colcon.colcon_core.package_identification:_identify(pcb) by extensions ['ros']
[0.513s] Level 1:colcon.colcon_core.package_identification:_identify(pcb) by extension 'ros'
[0.513s] Level 1:colcon.colcon_core.package_identification:_identify(pcb) by extensions ['cmake', 'python']
[0.513s] Level 1:colcon.colcon_core.package_identification:_identify(pcb) by extension 'cmake'
[0.513s] Level 1:colcon.colcon_core.package_identification:_identify(pcb) by extension 'python'
[0.513s] Level 1:colcon.colcon_core.package_identification:_identify(pcb) by extensions ['python_setup_py']
[0.513s] Level 1:colcon.colcon_core.package_identification:_identify(pcb) by extension 'python_setup_py'
[0.513s] Level 1:colcon.colcon_core.package_identification:_identify(pcb/wheels-pcb) by extensions ['ignore', 'ignore_ament_install']
[0.514s] Level 1:colcon.colcon_core.package_identification:_identify(pcb/wheels-pcb) by extension 'ignore'
[0.514s] Level 1:colcon.colcon_core.package_identification:_identify(pcb/wheels-pcb) by extension 'ignore_ament_install'
[0.514s] Level 1:colcon.colcon_core.package_identification:_identify(pcb/wheels-pcb) by extensions ['colcon_pkg']
[0.514s] Level 1:colcon.colcon_core.package_identification:_identify(pcb/wheels-pcb) by extension 'colcon_pkg'
[0.514s] Level 1:colcon.colcon_core.package_identification:_identify(pcb/wheels-pcb) by extensions ['colcon_meta']
[0.514s] Level 1:colcon.colcon_core.package_identification:_identify(pcb/wheels-pcb) by extension 'colcon_meta'
[0.514s] Level 1:colcon.colcon_core.package_identification:_identify(pcb/wheels-pcb) by extensions ['ros']
[0.514s] Level 1:colcon.colcon_core.package_identification:_identify(pcb/wheels-pcb) by extension 'ros'
[0.515s] Level 1:colcon.colcon_core.package_identification:_identify(pcb/wheels-pcb) by extensions ['cmake', 'python']
[0.515s] Level 1:colcon.colcon_core.package_identification:_identify(pcb/wheels-pcb) by extension 'cmake'
[0.515s] Level 1:colcon.colcon_core.package_identification:_identify(pcb/wheels-pcb) by extension 'python'
[0.515s] Level 1:colcon.colcon_core.package_identification:_identify(pcb/wheels-pcb) by extensions ['python_setup_py']
[0.515s] Level 1:colcon.colcon_core.package_identification:_identify(pcb/wheels-pcb) by extension 'python_setup_py'
[0.515s] Level 1:colcon.colcon_core.package_identification:_identify(pcb/wheels-pcb/blueprints) by extensions ['ignore', 'ignore_ament_install']
[0.515s] Level 1:colcon.colcon_core.package_identification:_identify(pcb/wheels-pcb/blueprints) by extension 'ignore'
[0.516s] Level 1:colcon.colcon_core.package_identification:_identify(pcb/wheels-pcb/blueprints) by extension 'ignore_ament_install'
[0.516s] Level 1:colcon.colcon_core.package_identification:_identify(pcb/wheels-pcb/blueprints) by extensions ['colcon_pkg']
[0.516s] Level 1:colcon.colcon_core.package_identification:_identify(pcb/wheels-pcb/blueprints) by extension 'colcon_pkg'
[0.516s] Level 1:colcon.colcon_core.package_identification:_identify(pcb/wheels-pcb/blueprints) by extensions ['colcon_meta']
[0.516s] Level 1:colcon.colcon_core.package_identification:_identify(pcb/wheels-pcb/blueprints) by extension 'colcon_meta'
[0.516s] Level 1:colcon.colcon_core.package_identification:_identify(pcb/wheels-pcb/blueprints) by extensions ['ros']
[0.516s] Level 1:colcon.colcon_core.package_identification:_identify(pcb/wheels-pcb/blueprints) by extension 'ros'
[0.517s] Level 1:colcon.colcon_core.package_identification:_identify(pcb/wheels-pcb/blueprints) by extensions ['cmake', 'python']
[0.517s] Level 1:colcon.colcon_core.package_identification:_identify(pcb/wheels-pcb/blueprints) by extension 'cmake'
[0.517s] Level 1:colcon.colcon_core.package_identification:_identify(pcb/wheels-pcb/blueprints) by extension 'python'
[0.517s] Level 1:colcon.colcon_core.package_identification:_identify(pcb/wheels-pcb/blueprints) by extensions ['python_setup_py']
[0.517s] Level 1:colcon.colcon_core.package_identification:_identify(pcb/wheels-pcb/blueprints) by extension 'python_setup_py'
[0.517s] Level 1:colcon.colcon_core.package_identification:_identify(pcb/wheels-pcb/wheels-pcb-backups) by extensions ['ignore', 'ignore_ament_install']
[0.518s] Level 1:colcon.colcon_core.package_identification:_identify(pcb/wheels-pcb/wheels-pcb-backups) by extension 'ignore'
[0.518s] Level 1:colcon.colcon_core.package_identification:_identify(pcb/wheels-pcb/wheels-pcb-backups) by extension 'ignore_ament_install'
[0.518s] Level 1:colcon.colcon_core.package_identification:_identify(pcb/wheels-pcb/wheels-pcb-backups) by extensions ['colcon_pkg']
[0.518s] Level 1:colcon.colcon_core.package_identification:_identify(pcb/wheels-pcb/wheels-pcb-backups) by extension 'colcon_pkg'
[0.518s] Level 1:colcon.colcon_core.package_identification:_identify(pcb/wheels-pcb/wheels-pcb-backups) by extensions ['colcon_meta']
[0.518s] Level 1:colcon.colcon_core.package_identification:_identify(pcb/wheels-pcb/wheels-pcb-backups) by extension 'colcon_meta'
[0.518s] Level 1:colcon.colcon_core.package_identification:_identify(pcb/wheels-pcb/wheels-pcb-backups) by extensions ['ros']
[0.519s] Level 1:colcon.colcon_core.package_identification:_identify(pcb/wheels-pcb/wheels-pcb-backups) by extension 'ros'
[0.519s] Level 1:colcon.colcon_core.package_identification:_identify(pcb/wheels-pcb/wheels-pcb-backups) by extensions ['cmake', 'python']
[0.519s] Level 1:colcon.colcon_core.package_identification:_identify(pcb/wheels-pcb/wheels-pcb-backups) by extension 'cmake'
[0.519s] Level 1:colcon.colcon_core.package_identification:_identify(pcb/wheels-pcb/wheels-pcb-backups) by extension 'python'
[0.519s] Level 1:colcon.colcon_core.package_identification:_identify(pcb/wheels-pcb/wheels-pcb-backups) by extensions ['python_setup_py']
[0.519s] Level 1:colcon.colcon_core.package_identification:_identify(pcb/wheels-pcb/wheels-pcb-backups) by extension 'python_setup_py'
[0.519s] Level 1:colcon.colcon_core.package_identification:_identify(src) by extensions ['ignore', 'ignore_ament_install']
[0.520s] Level 1:colcon.colcon_core.package_identification:_identify(src) by extension 'ignore'
[0.520s] Level 1:colcon.colcon_core.package_identification:_identify(src) by extension 'ignore_ament_install'
[0.520s] Level 1:colcon.colcon_core.package_identification:_identify(src) by extensions ['colcon_pkg']
[0.520s] Level 1:colcon.colcon_core.package_identification:_identify(src) by extension 'colcon_pkg'
[0.520s] Level 1:colcon.colcon_core.package_identification:_identify(src) by extensions ['colcon_meta']
[0.520s] Level 1:colcon.colcon_core.package_identification:_identify(src) by extension 'colcon_meta'
[0.520s] Level 1:colcon.colcon_core.package_identification:_identify(src) by extensions ['ros']
[0.521s] Level 1:colcon.colcon_core.package_identification:_identify(src) by extension 'ros'
[0.521s] Level 1:colcon.colcon_core.package_identification:_identify(src) by extensions ['cmake', 'python']
[0.521s] Level 1:colcon.colcon_core.package_identification:_identify(src) by extension 'cmake'
[0.521s] Level 1:colcon.colcon_core.package_identification:_identify(src) by extension 'python'
[0.521s] Level 1:colcon.colcon_core.package_identification:_identify(src) by extensions ['python_setup_py']
[0.521s] Level 1:colcon.colcon_core.package_identification:_identify(src) by extension 'python_setup_py'
[0.521s] Level 1:colcon.colcon_core.package_identification:_identify(src/dm) by extensions ['ignore', 'ignore_ament_install']
[0.522s] Level 1:colcon.colcon_core.package_identification:_identify(src/dm) by extension 'ignore'
[0.522s] Level 1:colcon.colcon_core.package_identification:_identify(src/dm) by extension 'ignore_ament_install'
[0.522s] Level 1:colcon.colcon_core.package_identification:_identify(src/dm) by extensions ['colcon_pkg']
[0.522s] Level 1:colcon.colcon_core.package_identification:_identify(src/dm) by extension 'colcon_pkg'
[0.522s] Level 1:colcon.colcon_core.package_identification:_identify(src/dm) by extensions ['colcon_meta']
[0.522s] Level 1:colcon.colcon_core.package_identification:_identify(src/dm) by extension 'colcon_meta'
[0.522s] Level 1:colcon.colcon_core.package_identification:_identify(src/dm) by extensions ['ros']
[0.522s] Level 1:colcon.colcon_core.package_identification:_identify(src/dm) by extension 'ros'
[0.528s] DEBUG:colcon.colcon_core.package_identification:Package 'src/dm' with type 'ros.ament_python' and name 'dm'
[0.529s] Level 1:colcon.colcon_core.package_identification:_identify(src/kinematics) by extensions ['ignore', 'ignore_ament_install']
[0.529s] Level 1:colcon.colcon_core.package_identification:_identify(src/kinematics) by extension 'ignore'
[0.529s] Level 1:colcon.colcon_core.package_identification:_identify(src/kinematics) by extension 'ignore_ament_install'
[0.529s] Level 1:colcon.colcon_core.package_identification:_identify(src/kinematics) by extensions ['colcon_pkg']
[0.529s] Level 1:colcon.colcon_core.package_identification:_identify(src/kinematics) by extension 'colcon_pkg'
[0.529s] Level 1:colcon.colcon_core.package_identification:_identify(src/kinematics) by extensions ['colcon_meta']
[0.529s] Level 1:colcon.colcon_core.package_identification:_identify(src/kinematics) by extension 'colcon_meta'
[0.530s] Level 1:colcon.colcon_core.package_identification:_identify(src/kinematics) by extensions ['ros']
[0.530s] Level 1:colcon.colcon_core.package_identification:_identify(src/kinematics) by extension 'ros'
[0.530s] Level 1:colcon.colcon_core.package_identification:_identify(src/kinematics) by extensions ['cmake', 'python']
[0.530s] Level 1:colcon.colcon_core.package_identification:_identify(src/kinematics) by extension 'cmake'
[0.530s] Level 1:colcon.colcon_core.package_identification:_identify(src/kinematics) by extension 'python'
[0.530s] Level 1:colcon.colcon_core.package_identification:_identify(src/kinematics) by extensions ['python_setup_py']
[0.530s] Level 1:colcon.colcon_core.package_identification:_identify(src/kinematics) by extension 'python_setup_py'
[0.530s] Level 1:colcon.colcon_core.package_identification:_identify(src/ldrobot-lidar-ros2) by extensions ['ignore', 'ignore_ament_install']
[0.531s] Level 1:colcon.colcon_core.package_identification:_identify(src/ldrobot-lidar-ros2) by extension 'ignore'
[0.531s] Level 1:colcon.colcon_core.package_identification:_identify(src/ldrobot-lidar-ros2) by extension 'ignore_ament_install'
[0.531s] Level 1:colcon.colcon_core.package_identification:_identify(src/ldrobot-lidar-ros2) by extensions ['colcon_pkg']
[0.531s] Level 1:colcon.colcon_core.package_identification:_identify(src/ldrobot-lidar-ros2) by extension 'colcon_pkg'
[0.531s] Level 1:colcon.colcon_core.package_identification:_identify(src/ldrobot-lidar-ros2) by extensions ['colcon_meta']
[0.531s] Level 1:colcon.colcon_core.package_identification:_identify(src/ldrobot-lidar-ros2) by extension 'colcon_meta'
[0.531s] Level 1:colcon.colcon_core.package_identification:_identify(src/ldrobot-lidar-ros2) by extensions ['ros']
[0.532s] Level 1:colcon.colcon_core.package_identification:_identify(src/ldrobot-lidar-ros2) by extension 'ros'
[0.532s] Level 1:colcon.colcon_core.package_identification:_identify(src/ldrobot-lidar-ros2) by extensions ['cmake', 'python']
[0.532s] Level 1:colcon.colcon_core.package_identification:_identify(src/ldrobot-lidar-ros2) by extension 'cmake'
[0.532s] Level 1:colcon.colcon_core.package_identification:_identify(src/ldrobot-lidar-ros2) by extension 'python'
[0.532s] Level 1:colcon.colcon_core.package_identification:_identify(src/ldrobot-lidar-ros2) by extensions ['python_setup_py']
[0.532s] Level 1:colcon.colcon_core.package_identification:_identify(src/ldrobot-lidar-ros2) by extension 'python_setup_py'
[0.533s] Level 1:colcon.colcon_core.package_identification:_identify(src/ldrobot-lidar-ros2/3d_model) by extensions ['ignore', 'ignore_ament_install']
[0.533s] Level 1:colcon.colcon_core.package_identification:_identify(src/ldrobot-lidar-ros2/3d_model) by extension 'ignore'
[0.533s] Level 1:colcon.colcon_core.package_identification:_identify(src/ldrobot-lidar-ros2/3d_model) by extension 'ignore_ament_install'
[0.533s] Level 1:colcon.colcon_core.package_identification:_identify(src/ldrobot-lidar-ros2/3d_model) by extensions ['colcon_pkg']
[0.533s] Level 1:colcon.colcon_core.package_identification:_identify(src/ldrobot-lidar-ros2/3d_model) by extension 'colcon_pkg'
[0.534s] Level 1:colcon.colcon_core.package_identification:_identify(src/ldrobot-lidar-ros2/3d_model) by extensions ['colcon_meta']
[0.534s] Level 1:colcon.colcon_core.package_identification:_identify(src/ldrobot-lidar-ros2/3d_model) by extension 'colcon_meta'
[0.534s] Level 1:colcon.colcon_core.package_identification:_identify(src/ldrobot-lidar-ros2/3d_model) by extensions ['ros']
[0.534s] Level 1:colcon.colcon_core.package_identification:_identify(src/ldrobot-lidar-ros2/3d_model) by extension 'ros'
[0.534s] Level 1:colcon.colcon_core.package_identification:_identify(src/ldrobot-lidar-ros2/3d_model) by extensions ['cmake', 'python']
[0.534s] Level 1:colcon.colcon_core.package_identification:_identify(src/ldrobot-lidar-ros2/3d_model) by extension 'cmake'
[0.534s] Level 1:colcon.colcon_core.package_identification:_identify(src/ldrobot-lidar-ros2/3d_model) by extension 'python'
[0.535s] Level 1:colcon.colcon_core.package_identification:_identify(src/ldrobot-lidar-ros2/3d_model) by extensions ['python_setup_py']
[0.535s] Level 1:colcon.colcon_core.package_identification:_identify(src/ldrobot-lidar-ros2/3d_model) by extension 'python_setup_py'
[0.535s] Level 1:colcon.colcon_core.package_identification:_identify(src/ldrobot-lidar-ros2/docs) by extensions ['ignore', 'ignore_ament_install']
[0.535s] Level 1:colcon.colcon_core.package_identification:_identify(src/ldrobot-lidar-ros2/docs) by extension 'ignore'
[0.535s] Level 1:colcon.colcon_core.package_identification:_identify(src/ldrobot-lidar-ros2/docs) by extension 'ignore_ament_install'
[0.536s] Level 1:colcon.colcon_core.package_identification:_identify(src/ldrobot-lidar-ros2/docs) by extensions ['colcon_pkg']
[0.536s] Level 1:colcon.colcon_core.package_identification:_identify(src/ldrobot-lidar-ros2/docs) by extension 'colcon_pkg'
[0.536s] Level 1:colcon.colcon_core.package_identification:_identify(src/ldrobot-lidar-ros2/docs) by extensions ['colcon_meta']
[0.536s] Level 1:colcon.colcon_core.package_identification:_identify(src/ldrobot-lidar-ros2/docs) by extension 'colcon_meta'
[0.536s] Level 1:colcon.colcon_core.package_identification:_identify(src/ldrobot-lidar-ros2/docs) by extensions ['ros']
[0.536s] Level 1:colcon.colcon_core.package_identification:_identify(src/ldrobot-lidar-ros2/docs) by extension 'ros'
[0.536s] Level 1:colcon.colcon_core.package_identification:_identify(src/ldrobot-lidar-ros2/docs) by extensions ['cmake', 'python']
[0.537s] Level 1:colcon.colcon_core.package_identification:_identify(src/ldrobot-lidar-ros2/docs) by extension 'cmake'
[0.537s] Level 1:colcon.colcon_core.package_identification:_identify(src/ldrobot-lidar-ros2/docs) by extension 'python'
[0.537s] Level 1:colcon.colcon_core.package_identification:_identify(src/ldrobot-lidar-ros2/docs) by extensions ['python_setup_py']
[0.537s] Level 1:colcon.colcon_core.package_identification:_identify(src/ldrobot-lidar-ros2/docs) by extension 'python_setup_py'
[0.537s] Level 1:colcon.colcon_core.package_identification:_identify(src/ldrobot-lidar-ros2/images) by extensions ['ignore', 'ignore_ament_install']
[0.537s] Level 1:colcon.colcon_core.package_identification:_identify(src/ldrobot-lidar-ros2/images) by extension 'ignore'
[0.538s] Level 1:colcon.colcon_core.package_identification:_identify(src/ldrobot-lidar-ros2/images) by extension 'ignore_ament_install'
[0.538s] Level 1:colcon.colcon_core.package_identification:_identify(src/ldrobot-lidar-ros2/images) by extensions ['colcon_pkg']
[0.538s] Level 1:colcon.colcon_core.package_identification:_identify(src/ldrobot-lidar-ros2/images) by extension 'colcon_pkg'
[0.538s] Level 1:colcon.colcon_core.package_identification:_identify(src/ldrobot-lidar-ros2/images) by extensions ['colcon_meta']
[0.538s] Level 1:colcon.colcon_core.package_identification:_identify(src/ldrobot-lidar-ros2/images) by extension 'colcon_meta'
[0.538s] Level 1:colcon.colcon_core.package_identification:_identify(src/ldrobot-lidar-ros2/images) by extensions ['ros']
[0.538s] Level 1:colcon.colcon_core.package_identification:_identify(src/ldrobot-lidar-ros2/images) by extension 'ros'
[0.538s] Level 1:colcon.colcon_core.package_identification:_identify(src/ldrobot-lidar-ros2/images) by extensions ['cmake', 'python']
[0.538s] Level 1:colcon.colcon_core.package_identification:_identify(src/ldrobot-lidar-ros2/images) by extension 'cmake'
[0.539s] Level 1:colcon.colcon_core.package_identification:_identify(src/ldrobot-lidar-ros2/images) by extension 'python'
[0.539s] Level 1:colcon.colcon_core.package_identification:_identify(src/ldrobot-lidar-ros2/images) by extensions ['python_setup_py']
[0.539s] Level 1:colcon.colcon_core.package_identification:_identify(src/ldrobot-lidar-ros2/images) by extension 'python_setup_py'
[0.539s] Level 1:colcon.colcon_core.package_identification:_identify(src/ldrobot-lidar-ros2/ldlidar) by extensions ['ignore', 'ignore_ament_install']
[0.539s] Level 1:colcon.colcon_core.package_identification:_identify(src/ldrobot-lidar-ros2/ldlidar) by extension 'ignore'
[0.540s] Level 1:colcon.colcon_core.package_identification:_identify(src/ldrobot-lidar-ros2/ldlidar) by extension 'ignore_ament_install'
[0.540s] Level 1:colcon.colcon_core.package_identification:_identify(src/ldrobot-lidar-ros2/ldlidar) by extensions ['colcon_pkg']
[0.540s] Level 1:colcon.colcon_core.package_identification:_identify(src/ldrobot-lidar-ros2/ldlidar) by extension 'colcon_pkg'
[0.540s] Level 1:colcon.colcon_core.package_identification:_identify(src/ldrobot-lidar-ros2/ldlidar) by extensions ['colcon_meta']
[0.540s] Level 1:colcon.colcon_core.package_identification:_identify(src/ldrobot-lidar-ros2/ldlidar) by extension 'colcon_meta'
[0.540s] Level 1:colcon.colcon_core.package_identification:_identify(src/ldrobot-lidar-ros2/ldlidar) by extensions ['ros']
[0.540s] Level 1:colcon.colcon_core.package_identification:_identify(src/ldrobot-lidar-ros2/ldlidar) by extension 'ros'
[0.541s] DEBUG:colcon.colcon_core.package_identification:Package 'src/ldrobot-lidar-ros2/ldlidar' with type 'ros.ament_cmake' and name 'ldlidar'
[0.542s] Level 1:colcon.colcon_core.package_identification:_identify(src/ldrobot-lidar-ros2/ldlidar_component) by extensions ['ignore', 'ignore_ament_install']
[0.542s] Level 1:colcon.colcon_core.package_identification:_identify(src/ldrobot-lidar-ros2/ldlidar_component) by extension 'ignore'
[0.542s] Level 1:colcon.colcon_core.package_identification:_identify(src/ldrobot-lidar-ros2/ldlidar_component) by extension 'ignore_ament_install'
[0.542s] Level 1:colcon.colcon_core.package_identification:_identify(src/ldrobot-lidar-ros2/ldlidar_component) by extensions ['colcon_pkg']
[0.542s] Level 1:colcon.colcon_core.package_identification:_identify(src/ldrobot-lidar-ros2/ldlidar_component) by extension 'colcon_pkg'
[0.542s] Level 1:colcon.colcon_core.package_identification:_identify(src/ldrobot-lidar-ros2/ldlidar_component) by extensions ['colcon_meta']
[0.542s] Level 1:colcon.colcon_core.package_identification:_identify(src/ldrobot-lidar-ros2/ldlidar_component) by extension 'colcon_meta'
[0.542s] Level 1:colcon.colcon_core.package_identification:_identify(src/ldrobot-lidar-ros2/ldlidar_component) by extensions ['ros']
[0.542s] Level 1:colcon.colcon_core.package_identification:_identify(src/ldrobot-lidar-ros2/ldlidar_component) by extension 'ros'
[0.545s] DEBUG:colcon.colcon_core.package_identification:Package 'src/ldrobot-lidar-ros2/ldlidar_component' with type 'ros.ament_cmake' and name 'ldlidar_component'
[0.545s] Level 1:colcon.colcon_core.package_identification:_identify(src/ldrobot-lidar-ros2/ldlidar_node) by extensions ['ignore', 'ignore_ament_install']
[0.545s] Level 1:colcon.colcon_core.package_identification:_identify(src/ldrobot-lidar-ros2/ldlidar_node) by extension 'ignore'
[0.545s] Level 1:colcon.colcon_core.package_identification:_identify(src/ldrobot-lidar-ros2/ldlidar_node) by extension 'ignore_ament_install'
[0.546s] Level 1:colcon.colcon_core.package_identification:_identify(src/ldrobot-lidar-ros2/ldlidar_node) by extensions ['colcon_pkg']
[0.546s] Level 1:colcon.colcon_core.package_identification:_identify(src/ldrobot-lidar-ros2/ldlidar_node) by extension 'colcon_pkg'
[0.546s] Level 1:colcon.colcon_core.package_identification:_identify(src/ldrobot-lidar-ros2/ldlidar_node) by extensions ['colcon_meta']
[0.546s] Level 1:colcon.colcon_core.package_identification:_identify(src/ldrobot-lidar-ros2/ldlidar_node) by extension 'colcon_meta'
[0.546s] Level 1:colcon.colcon_core.package_identification:_identify(src/ldrobot-lidar-ros2/ldlidar_node) by extensions ['ros']
[0.546s] Level 1:colcon.colcon_core.package_identification:_identify(src/ldrobot-lidar-ros2/ldlidar_node) by extension 'ros'
[0.547s] DEBUG:colcon.colcon_core.package_identification:Package 'src/ldrobot-lidar-ros2/ldlidar_node' with type 'ros.ament_cmake' and name 'ldlidar_node'
[0.548s] Level 1:colcon.colcon_core.package_identification:_identify(src/ldrobot-lidar-ros2/rules) by extensions ['ignore', 'ignore_ament_install']
[0.548s] Level 1:colcon.colcon_core.package_identification:_identify(src/ldrobot-lidar-ros2/rules) by extension 'ignore'
[0.548s] Level 1:colcon.colcon_core.package_identification:_identify(src/ldrobot-lidar-ros2/rules) by extension 'ignore_ament_install'
[0.548s] Level 1:colcon.colcon_core.package_identification:_identify(src/ldrobot-lidar-ros2/rules) by extensions ['colcon_pkg']
[0.548s] Level 1:colcon.colcon_core.package_identification:_identify(src/ldrobot-lidar-ros2/rules) by extension 'colcon_pkg'
[0.548s] Level 1:colcon.colcon_core.package_identification:_identify(src/ldrobot-lidar-ros2/rules) by extensions ['colcon_meta']
[0.549s] Level 1:colcon.colcon_core.package_identification:_identify(src/ldrobot-lidar-ros2/rules) by extension 'colcon_meta'
[0.549s] Level 1:colcon.colcon_core.package_identification:_identify(src/ldrobot-lidar-ros2/rules) by extensions ['ros']
[0.549s] Level 1:colcon.colcon_core.package_identification:_identify(src/ldrobot-lidar-ros2/rules) by extension 'ros'
[0.549s] Level 1:colcon.colcon_core.package_identification:_identify(src/ldrobot-lidar-ros2/rules) by extensions ['cmake', 'python']
[0.549s] Level 1:colcon.colcon_core.package_identification:_identify(src/ldrobot-lidar-ros2/rules) by extension 'cmake'
[0.549s] Level 1:colcon.colcon_core.package_identification:_identify(src/ldrobot-lidar-ros2/rules) by extension 'python'
[0.549s] Level 1:colcon.colcon_core.package_identification:_identify(src/ldrobot-lidar-ros2/rules) by extensions ['python_setup_py']
[0.550s] Level 1:colcon.colcon_core.package_identification:_identify(src/ldrobot-lidar-ros2/rules) by extension 'python_setup_py'
[0.550s] Level 1:colcon.colcon_core.package_identification:_identify(src/ldrobot-lidar-ros2/scripts) by extensions ['ignore', 'ignore_ament_install']
[0.550s] Level 1:colcon.colcon_core.package_identification:_identify(src/ldrobot-lidar-ros2/scripts) by extension 'ignore'
[0.550s] Level 1:colcon.colcon_core.package_identification:_identify(src/ldrobot-lidar-ros2/scripts) by extension 'ignore_ament_install'
[0.550s] Level 1:colcon.colcon_core.package_identification:_identify(src/ldrobot-lidar-ros2/scripts) by extensions ['colcon_pkg']
[0.550s] Level 1:colcon.colcon_core.package_identification:_identify(src/ldrobot-lidar-ros2/scripts) by extension 'colcon_pkg'
[0.551s] Level 1:colcon.colcon_core.package_identification:_identify(src/ldrobot-lidar-ros2/scripts) by extensions ['colcon_meta']
[0.551s] Level 1:colcon.colcon_core.package_identification:_identify(src/ldrobot-lidar-ros2/scripts) by extension 'colcon_meta'
[0.551s] Level 1:colcon.colcon_core.package_identification:_identify(src/ldrobot-lidar-ros2/scripts) by extensions ['ros']
[0.551s] Level 1:colcon.colcon_core.package_identification:_identify(src/ldrobot-lidar-ros2/scripts) by extension 'ros'
[0.551s] Level 1:colcon.colcon_core.package_identification:_identify(src/ldrobot-lidar-ros2/scripts) by extensions ['cmake', 'python']
[0.551s] Level 1:colcon.colcon_core.package_identification:_identify(src/ldrobot-lidar-ros2/scripts) by extension 'cmake'
[0.551s] Level 1:colcon.colcon_core.package_identification:_identify(src/ldrobot-lidar-ros2/scripts) by extension 'python'
[0.551s] Level 1:colcon.colcon_core.package_identification:_identify(src/ldrobot-lidar-ros2/scripts) by extensions ['python_setup_py']
[0.551s] Level 1:colcon.colcon_core.package_identification:_identify(src/ldrobot-lidar-ros2/scripts) by extension 'python_setup_py'
[0.551s] Level 1:colcon.colcon_core.package_discovery:discover_packages(recursive) using defaults
[0.552s] Level 1:colcon.colcon_core.package_discovery:discover_packages(ignore) discover
[0.552s] Level 1:colcon.colcon_core.package_discovery:discover_packages(ignore) using defaults
[0.552s] Level 1:colcon.colcon_core.package_discovery:discover_packages(path) discover
[0.552s] Level 1:colcon.colcon_core.package_discovery:discover_packages(path) using defaults
[0.598s] Level 1:colcon.colcon_core.package_discovery:discover_packages(prefix_path) check parameters
[0.598s] Level 1:colcon.colcon_core.package_discovery:discover_packages(prefix_path) discover
[0.607s] DEBUG:colcon.colcon_installed_package_information.package_discovery:Found 419 installed packages in /opt/ros/jazzy
[0.611s] Level 1:colcon.colcon_core.package_discovery:discover_packages(prefix_path) using defaults
[0.757s] Level 5:colcon.colcon_core.verb:set package 'dm' build argument 'cmake_args' from command line to 'None'
[0.757s] Level 5:colcon.colcon_core.verb:set package 'dm' build argument 'cmake_target' from command line to 'None'
[0.757s] Level 5:colcon.colcon_core.verb:set package 'dm' build argument 'cmake_target_skip_unavailable' from command line to 'False'
[0.757s] Level 5:colcon.colcon_core.verb:set package 'dm' build argument 'cmake_clean_cache' from command line to 'False'
[0.757s] Level 5:colcon.colcon_core.verb:set package 'dm' build argument 'cmake_clean_first' from command line to 'False'
[0.757s] Level 5:colcon.colcon_core.verb:set package 'dm' build argument 'cmake_force_configure' from command line to 'False'
[0.757s] Level 5:colcon.colcon_core.verb:set package 'dm' build argument 'ament_cmake_args' from command line to 'None'
[0.757s] Level 5:colcon.colcon_core.verb:set package 'dm' build argument 'catkin_cmake_args' from command line to 'None'
[0.757s] Level 5:colcon.colcon_core.verb:set package 'dm' build argument 'catkin_skip_building_tests' from command line to 'False'
[0.757s] DEBUG:colcon.colcon_core.verb:Building package 'dm' with the following arguments: {'ament_cmake_args': None, 'build_base': '/home/xtal/ROS2-omni-manipulator/build/dm', 'catkin_cmake_args': None, 'catkin_skip_building_tests': False, 'cmake_args': None, 'cmake_clean_cache': False, 'cmake_clean_first': False, 'cmake_force_configure': False, 'cmake_target': None, 'cmake_target_skip_unavailable': False, 'install_base': '/home/xtal/ROS2-omni-manipulator/install/dm', 'merge_install': False, 'path': '/home/xtal/ROS2-omni-manipulator/src/dm', 'symlink_install': True, 'test_result_base': None}
[0.758s] Level 5:colcon.colcon_core.verb:set package 'ldlidar_component' build argument 'cmake_args' from command line to 'None'
[0.758s] Level 5:colcon.colcon_core.verb:set package 'ldlidar_component' build argument 'cmake_target' from command line to 'None'
[0.758s] Level 5:colcon.colcon_core.verb:set package 'ldlidar_component' build argument 'cmake_target_skip_unavailable' from command line to 'False'
[0.758s] Level 5:colcon.colcon_core.verb:set package 'ldlidar_component' build argument 'cmake_clean_cache' from command line to 'False'
[0.758s] Level 5:colcon.colcon_core.verb:set package 'ldlidar_component' build argument 'cmake_clean_first' from command line to 'False'
[0.758s] Level 5:colcon.colcon_core.verb:set package 'ldlidar_component' build argument 'cmake_force_configure' from command line to 'False'
[0.758s] Level 5:colcon.colcon_core.verb:set package 'ldlidar_component' build argument 'ament_cmake_args' from command line to 'None'
[0.759s] Level 5:colcon.colcon_core.verb:set package 'ldlidar_component' build argument 'catkin_cmake_args' from command line to 'None'
[0.759s] Level 5:colcon.colcon_core.verb:set package 'ldlidar_component' build argument 'catkin_skip_building_tests' from command line to 'False'
[0.759s] DEBUG:colcon.colcon_core.verb:Building package 'ldlidar_component' with the following arguments: {'ament_cmake_args': None, 'build_base': '/home/xtal/ROS2-omni-manipulator/build/ldlidar_component', 'catkin_cmake_args': None, 'catkin_skip_building_tests': False, 'cmake_args': None, 'cmake_clean_cache': False, 'cmake_clean_first': False, 'cmake_force_configure': False, 'cmake_target': None, 'cmake_target_skip_unavailable': False, 'install_base': '/home/xtal/ROS2-omni-manipulator/install/ldlidar_component', 'merge_install': False, 'path': '/home/xtal/ROS2-omni-manipulator/src/ldrobot-lidar-ros2/ldlidar_component', 'symlink_install': True, 'test_result_base': None}
[0.759s] Level 5:colcon.colcon_core.verb:set package 'ldlidar_node' build argument 'cmake_args' from command line to 'None'
[0.759s] Level 5:colcon.colcon_core.verb:set package 'ldlidar_node' build argument 'cmake_target' from command line to 'None'
[0.759s] Level 5:colcon.colcon_core.verb:set package 'ldlidar_node' build argument 'cmake_target_skip_unavailable' from command line to 'False'
[0.759s] Level 5:colcon.colcon_core.verb:set package 'ldlidar_node' build argument 'cmake_clean_cache' from command line to 'False'
[0.760s] Level 5:colcon.colcon_core.verb:set package 'ldlidar_node' build argument 'cmake_clean_first' from command line to 'False'
[0.760s] Level 5:colcon.colcon_core.verb:set package 'ldlidar_node' build argument 'cmake_force_configure' from command line to 'False'
[0.760s] Level 5:colcon.colcon_core.verb:set package 'ldlidar_node' build argument 'ament_cmake_args' from command line to 'None'
[0.760s] Level 5:colcon.colcon_core.verb:set package 'ldlidar_node' build argument 'catkin_cmake_args' from command line to 'None'
[0.760s] Level 5:colcon.colcon_core.verb:set package 'ldlidar_node' build argument 'catkin_skip_building_tests' from command line to 'False'
[0.760s] DEBUG:colcon.colcon_core.verb:Building package 'ldlidar_node' with the following arguments: {'ament_cmake_args': None, 'build_base': '/home/xtal/ROS2-omni-manipulator/build/ldlidar_node', 'catkin_cmake_args': None, 'catkin_skip_building_tests': False, 'cmake_args': None, 'cmake_clean_cache': False, 'cmake_clean_first': False, 'cmake_force_configure': False, 'cmake_target': None, 'cmake_target_skip_unavailable': False, 'install_base': '/home/xtal/ROS2-omni-manipulator/install/ldlidar_node', 'merge_install': False, 'path': '/home/xtal/ROS2-omni-manipulator/src/ldrobot-lidar-ros2/ldlidar_node', 'symlink_install': True, 'test_result_base': None}
[0.760s] Level 5:colcon.colcon_core.verb:set package 'ldlidar' build argument 'cmake_args' from command line to 'None'
[0.761s] Level 5:colcon.colcon_core.verb:set package 'ldlidar' build argument 'cmake_target' from command line to 'None'
[0.761s] Level 5:colcon.colcon_core.verb:set package 'ldlidar' build argument 'cmake_target_skip_unavailable' from command line to 'False'
[0.761s] Level 5:colcon.colcon_core.verb:set package 'ldlidar' build argument 'cmake_clean_cache' from command line to 'False'
[0.761s] Level 5:colcon.colcon_core.verb:set package 'ldlidar' build argument 'cmake_clean_first' from command line to 'False'
[0.761s] Level 5:colcon.colcon_core.verb:set package 'ldlidar' build argument 'cmake_force_configure' from command line to 'False'
[0.761s] Level 5:colcon.colcon_core.verb:set package 'ldlidar' build argument 'ament_cmake_args' from command line to 'None'
[0.761s] Level 5:colcon.colcon_core.verb:set package 'ldlidar' build argument 'catkin_cmake_args' from command line to 'None'
[0.761s] Level 5:colcon.colcon_core.verb:set package 'ldlidar' build argument 'catkin_skip_building_tests' from command line to 'False'
[0.761s] DEBUG:colcon.colcon_core.verb:Building package 'ldlidar' with the following arguments: {'ament_cmake_args': None, 'build_base': '/home/xtal/ROS2-omni-manipulator/build/ldlidar', 'catkin_cmake_args': None, 'catkin_skip_building_tests': False, 'cmake_args': None, 'cmake_clean_cache': False, 'cmake_clean_first': False, 'cmake_force_configure': False, 'cmake_target': None, 'cmake_target_skip_unavailable': False, 'install_base': '/home/xtal/ROS2-omni-manipulator/install/ldlidar', 'merge_install': False, 'path': '/home/xtal/ROS2-omni-manipulator/src/ldrobot-lidar-ros2/ldlidar', 'symlink_install': True, 'test_result_base': None}
[0.761s] INFO:colcon.colcon_core.executor:Executing jobs using 'parallel' executor
[0.763s] DEBUG:colcon.colcon_parallel_executor.executor.parallel:run_until_complete
[0.764s] INFO:colcon.colcon_ros.task.ament_cmake.build:Building ROS package in '/home/xtal/ROS2-omni-manipulator/src/ldrobot-lidar-ros2/ldlidar_component' with build type 'ament_cmake'
[0.764s] INFO:colcon.colcon_cmake.task.cmake.build:Building CMake package in '/home/xtal/ROS2-omni-manipulator/src/ldrobot-lidar-ros2/ldlidar_component'
[0.770s] INFO:colcon.colcon_core.plugin_system:Skipping extension 'colcon_core.shell.bat': Not used on non-Windows systems
[0.770s] INFO:colcon.colcon_core.shell:Skip shell extension 'powershell' for command environment: Not usable outside of PowerShell
[0.770s] DEBUG:colcon.colcon_core.shell:Skip shell extension 'dsv' for command environment
[0.779s] INFO:colcon.colcon_ros.task.ament_python.build:Building ROS package in '/home/xtal/ROS2-omni-manipulator/src/dm' with build type 'ament_python'
[0.779s] Level 1:colcon.colcon_core.shell:create_environment_hook('dm', 'ament_prefix_path')
[0.779s] INFO:colcon.colcon_core.shell:Creating environment hook '/home/xtal/ROS2-omni-manipulator/install/dm/share/dm/hook/ament_prefix_path.ps1'
[0.781s] INFO:colcon.colcon_core.shell:Creating environment descriptor '/home/xtal/ROS2-omni-manipulator/install/dm/share/dm/hook/ament_prefix_path.dsv'
[0.782s] INFO:colcon.colcon_core.shell:Creating environment hook '/home/xtal/ROS2-omni-manipulator/install/dm/share/dm/hook/ament_prefix_path.sh'
[0.784s] INFO:colcon.colcon_core.shell:Skip shell extension 'powershell' for command environment: Not usable outside of PowerShell
[0.784s] DEBUG:colcon.colcon_core.shell:Skip shell extension 'dsv' for command environment
[0.801s] DEBUG:colcon.colcon_core.event_handler.log_command:Invoking command in '/home/xtal/ROS2-omni-manipulator/build/ldlidar_component': CMAKE_PREFIX_PATH=${CMAKE_PREFIX_PATH}:/opt/ros/jazzy DEBUGINFOD_URLS=https://debuginfod.ubuntu.com /usr/bin/cmake /home/xtal/ROS2-omni-manipulator/src/ldrobot-lidar-ros2/ldlidar_component -DAMENT_CMAKE_SYMLINK_INSTALL=1 -DCMAKE_INSTALL_PREFIX=/home/xtal/ROS2-omni-manipulator/install/ldlidar_component
[1.531s] INFO:colcon.colcon_core.task.python.build:Building Python package in '/home/xtal/ROS2-omni-manipulator/src/dm'
[1.531s] INFO:colcon.colcon_core.shell:Skip shell extension 'powershell' for command environment: Not usable outside of PowerShell
[1.531s] DEBUG:colcon.colcon_core.shell:Skip shell extension 'dsv' for command environment
[3.604s] DEBUG:colcon.colcon_core.event_handler.log_command:Invoking command in '/home/xtal/ROS2-omni-manipulator/build/dm': DEBUGINFOD_URLS=https://debuginfod.ubuntu.com PYTHONPATH=/home/xtal/ROS2-omni-manipulator/build/dm/prefix_override:/usr/lib/python3/dist-packages/colcon_core/task/python/colcon_distutils_commands:/home/xtal/ROS2-omni-manipulator/install/dm/lib/python3.12/site-packages:${PYTHONPATH} /usr/bin/python3 -W ignore:setup.py install is deprecated -W ignore:easy_install command is deprecated setup.py develop --editable --build-directory /home/xtal/ROS2-omni-manipulator/build/dm/build --no-deps symlink_data
[6.044s] Level 1:colcon.colcon_core.shell:create_environment_hook('dm', 'pythonpath_develop')
[6.044s] DEBUG:colcon.colcon_core.event_handler.log_command:Invoked command in '/home/xtal/ROS2-omni-manipulator/build/dm' returned '0': DEBUGINFOD_URLS=https://debuginfod.ubuntu.com PYTHONPATH=/home/xtal/ROS2-omni-manipulator/build/dm/prefix_override:/usr/lib/python3/dist-packages/colcon_core/task/python/colcon_distutils_commands:/home/xtal/ROS2-omni-manipulator/install/dm/lib/python3.12/site-packages:${PYTHONPATH} /usr/bin/python3 -W ignore:setup.py install is deprecated -W ignore:easy_install command is deprecated setup.py develop --editable --build-directory /home/xtal/ROS2-omni-manipulator/build/dm/build --no-deps symlink_data
[6.045s] INFO:colcon.colcon_core.shell:Creating environment hook '/home/xtal/ROS2-omni-manipulator/build/dm/share/dm/hook/pythonpath_develop.ps1'
[6.046s] INFO:colcon.colcon_core.shell:Creating environment descriptor '/home/xtal/ROS2-omni-manipulator/build/dm/share/dm/hook/pythonpath_develop.dsv'
[6.047s] INFO:colcon.colcon_core.shell:Creating environment hook '/home/xtal/ROS2-omni-manipulator/build/dm/share/dm/hook/pythonpath_develop.sh'
[6.054s] Level 1:colcon.colcon_core.environment:checking '/home/xtal/ROS2-omni-manipulator/install/dm' for CMake module files
[6.055s] Level 1:colcon.colcon_core.environment:checking '/home/xtal/ROS2-omni-manipulator/install/dm' for CMake config files
[6.056s] Level 1:colcon.colcon_core.environment:checking '/home/xtal/ROS2-omni-manipulator/install/dm/lib'
[6.057s] Level 1:colcon.colcon_core.environment:checking '/home/xtal/ROS2-omni-manipulator/install/dm/bin'
[6.057s] Level 1:colcon.colcon_core.environment:checking '/home/xtal/ROS2-omni-manipulator/install/dm/lib/pkgconfig/dm.pc'
[6.057s] Level 1:colcon.colcon_core.environment:checking '/home/xtal/ROS2-omni-manipulator/install/dm/lib/python3.12/site-packages'
[6.058s] Level 1:colcon.colcon_core.shell:create_environment_hook('dm', 'pythonpath')
[6.058s] INFO:colcon.colcon_core.shell:Creating environment hook '/home/xtal/ROS2-omni-manipulator/install/dm/share/dm/hook/pythonpath.ps1'
[6.059s] INFO:colcon.colcon_core.shell:Creating environment descriptor '/home/xtal/ROS2-omni-manipulator/install/dm/share/dm/hook/pythonpath.dsv'
[6.060s] INFO:colcon.colcon_core.shell:Creating environment hook '/home/xtal/ROS2-omni-manipulator/install/dm/share/dm/hook/pythonpath.sh'
[6.061s] Level 1:colcon.colcon_core.environment:checking '/home/xtal/ROS2-omni-manipulator/install/dm/bin'
[6.062s] Level 1:colcon.colcon_core.environment:create_environment_scripts_only(dm)
[6.062s] INFO:colcon.colcon_core.shell:Creating package script '/home/xtal/ROS2-omni-manipulator/install/dm/share/dm/package.ps1'
[6.064s] INFO:colcon.colcon_core.shell:Creating package descriptor '/home/xtal/ROS2-omni-manipulator/install/dm/share/dm/package.dsv'
[6.065s] INFO:colcon.colcon_core.shell:Creating package script '/home/xtal/ROS2-omni-manipulator/install/dm/share/dm/package.sh'
[6.067s] INFO:colcon.colcon_core.shell:Creating package script '/home/xtal/ROS2-omni-manipulator/install/dm/share/dm/package.bash'
[6.068s] INFO:colcon.colcon_core.shell:Creating package script '/home/xtal/ROS2-omni-manipulator/install/dm/share/dm/package.zsh'
[6.070s] Level 1:colcon.colcon_core.environment:create_file_with_runtime_dependencies(/home/xtal/ROS2-omni-manipulator/install/dm/share/colcon-core/packages/dm)
[6.427s] DEBUG:colcon.colcon_core.event_handler.log_command:Invoked command in '/home/xtal/ROS2-omni-manipulator/build/ldlidar_component' returned '0': CMAKE_PREFIX_PATH=${CMAKE_PREFIX_PATH}:/opt/ros/jazzy DEBUGINFOD_URLS=https://debuginfod.ubuntu.com /usr/bin/cmake /home/xtal/ROS2-omni-manipulator/src/ldrobot-lidar-ros2/ldlidar_component -DAMENT_CMAKE_SYMLINK_INSTALL=1 -DCMAKE_INSTALL_PREFIX=/home/xtal/ROS2-omni-manipulator/install/ldlidar_component
[6.430s] DEBUG:colcon.colcon_core.event_handler.log_command:Invoking command in '/home/xtal/ROS2-omni-manipulator/build/ldlidar_component': CMAKE_PREFIX_PATH=${CMAKE_PREFIX_PATH}:/opt/ros/jazzy DEBUGINFOD_URLS=https://debuginfod.ubuntu.com /usr/bin/cmake --build /home/xtal/ROS2-omni-manipulator/build/ldlidar_component -- -j16 -l16
[15.346s] DEBUG:colcon.colcon_core.event_handler.log_command:Invoked command in '/home/xtal/ROS2-omni-manipulator/build/ldlidar_component' returned '0': CMAKE_PREFIX_PATH=${CMAKE_PREFIX_PATH}:/opt/ros/jazzy DEBUGINFOD_URLS=https://debuginfod.ubuntu.com /usr/bin/cmake --build /home/xtal/ROS2-omni-manipulator/build/ldlidar_component -- -j16 -l16
[15.358s] DEBUG:colcon.colcon_core.event_handler.log_command:Invoking command in '/home/xtal/ROS2-omni-manipulator/build/ldlidar_component': CMAKE_PREFIX_PATH=${CMAKE_PREFIX_PATH}:/opt/ros/jazzy DEBUGINFOD_URLS=https://debuginfod.ubuntu.com /usr/bin/cmake --install /home/xtal/ROS2-omni-manipulator/build/ldlidar_component
[15.692s] Level 1:colcon.colcon_core.environment:create_environment_scripts_only(ldlidar_component)
[15.692s] Level 1:colcon.colcon_core.environment:checking '/home/xtal/ROS2-omni-manipulator/install/ldlidar_component' for CMake module files
[15.692s] DEBUG:colcon.colcon_core.event_handler.log_command:Invoked command in '/home/xtal/ROS2-omni-manipulator/build/ldlidar_component' returned '0': CMAKE_PREFIX_PATH=${CMAKE_PREFIX_PATH}:/opt/ros/jazzy DEBUGINFOD_URLS=https://debuginfod.ubuntu.com /usr/bin/cmake --install /home/xtal/ROS2-omni-manipulator/build/ldlidar_component
[15.693s] Level 1:colcon.colcon_core.environment:checking '/home/xtal/ROS2-omni-manipulator/install/ldlidar_component' for CMake config files
[15.694s] Level 1:colcon.colcon_core.shell:create_environment_hook('ldlidar_component', 'cmake_prefix_path')
[15.694s] INFO:colcon.colcon_core.shell:Creating environment hook '/home/xtal/ROS2-omni-manipulator/install/ldlidar_component/share/ldlidar_component/hook/cmake_prefix_path.ps1'
[15.695s] INFO:colcon.colcon_core.shell:Creating environment descriptor '/home/xtal/ROS2-omni-manipulator/install/ldlidar_component/share/ldlidar_component/hook/cmake_prefix_path.dsv'
[15.695s] INFO:colcon.colcon_core.shell:Creating environment hook '/home/xtal/ROS2-omni-manipulator/install/ldlidar_component/share/ldlidar_component/hook/cmake_prefix_path.sh'
[15.695s] Level 1:colcon.colcon_core.environment:checking '/home/xtal/ROS2-omni-manipulator/install/ldlidar_component/lib'
[15.695s] Level 1:colcon.colcon_core.shell:create_environment_hook('ldlidar_component', 'ld_library_path_lib')
[15.696s] INFO:colcon.colcon_core.shell:Creating environment hook '/home/xtal/ROS2-omni-manipulator/install/ldlidar_component/share/ldlidar_component/hook/ld_library_path_lib.ps1'
[15.696s] INFO:colcon.colcon_core.shell:Creating environment descriptor '/home/xtal/ROS2-omni-manipulator/install/ldlidar_component/share/ldlidar_component/hook/ld_library_path_lib.dsv'
[15.696s] INFO:colcon.colcon_core.shell:Creating environment hook '/home/xtal/ROS2-omni-manipulator/install/ldlidar_component/share/ldlidar_component/hook/ld_library_path_lib.sh'
[15.696s] Level 1:colcon.colcon_core.environment:checking '/home/xtal/ROS2-omni-manipulator/install/ldlidar_component/bin'
[15.696s] Level 1:colcon.colcon_core.environment:checking '/home/xtal/ROS2-omni-manipulator/install/ldlidar_component/lib/pkgconfig/ldlidar_component.pc'
[15.696s] Level 1:colcon.colcon_core.environment:checking '/home/xtal/ROS2-omni-manipulator/install/ldlidar_component/lib/python3.12/site-packages'
[15.697s] Level 1:colcon.colcon_core.environment:checking '/home/xtal/ROS2-omni-manipulator/install/ldlidar_component/bin'
[15.697s] INFO:colcon.colcon_core.shell:Creating package script '/home/xtal/ROS2-omni-manipulator/install/ldlidar_component/share/ldlidar_component/package.ps1'
[15.697s] INFO:colcon.colcon_core.shell:Creating package descriptor '/home/xtal/ROS2-omni-manipulator/install/ldlidar_component/share/ldlidar_component/package.dsv'
[15.697s] INFO:colcon.colcon_core.shell:Creating package script '/home/xtal/ROS2-omni-manipulator/install/ldlidar_component/share/ldlidar_component/package.sh'
[15.698s] INFO:colcon.colcon_core.shell:Creating package script '/home/xtal/ROS2-omni-manipulator/install/ldlidar_component/share/ldlidar_component/package.bash'
[15.698s] INFO:colcon.colcon_core.shell:Creating package script '/home/xtal/ROS2-omni-manipulator/install/ldlidar_component/share/ldlidar_component/package.zsh'
[15.698s] Level 1:colcon.colcon_core.environment:create_file_with_runtime_dependencies(/home/xtal/ROS2-omni-manipulator/install/ldlidar_component/share/colcon-core/packages/ldlidar_component)
[15.698s] Level 1:colcon.colcon_core.environment:create_environment_scripts_only(ldlidar_component)
[15.699s] Level 1:colcon.colcon_core.environment:checking '/home/xtal/ROS2-omni-manipulator/install/ldlidar_component' for CMake module files
[15.699s] Level 1:colcon.colcon_core.environment:checking '/home/xtal/ROS2-omni-manipulator/install/ldlidar_component' for CMake config files
[15.699s] Level 1:colcon.colcon_core.shell:create_environment_hook('ldlidar_component', 'cmake_prefix_path')
[15.699s] INFO:colcon.colcon_core.shell:Creating environment hook '/home/xtal/ROS2-omni-manipulator/install/ldlidar_component/share/ldlidar_component/hook/cmake_prefix_path.ps1'
[15.700s] INFO:colcon.colcon_core.shell:Creating environment descriptor '/home/xtal/ROS2-omni-manipulator/install/ldlidar_component/share/ldlidar_component/hook/cmake_prefix_path.dsv'
[15.700s] INFO:colcon.colcon_core.shell:Creating environment hook '/home/xtal/ROS2-omni-manipulator/install/ldlidar_component/share/ldlidar_component/hook/cmake_prefix_path.sh'
[15.700s] Level 1:colcon.colcon_core.environment:checking '/home/xtal/ROS2-omni-manipulator/install/ldlidar_component/lib'
[15.701s] Level 1:colcon.colcon_core.shell:create_environment_hook('ldlidar_component', 'ld_library_path_lib')
[15.701s] INFO:colcon.colcon_core.shell:Creating environment hook '/home/xtal/ROS2-omni-manipulator/install/ldlidar_component/share/ldlidar_component/hook/ld_library_path_lib.ps1'
[15.701s] INFO:colcon.colcon_core.shell:Creating environment descriptor '/home/xtal/ROS2-omni-manipulator/install/ldlidar_component/share/ldlidar_component/hook/ld_library_path_lib.dsv'
[15.701s] INFO:colcon.colcon_core.shell:Creating environment hook '/home/xtal/ROS2-omni-manipulator/install/ldlidar_component/share/ldlidar_component/hook/ld_library_path_lib.sh'
[15.702s] Level 1:colcon.colcon_core.environment:checking '/home/xtal/ROS2-omni-manipulator/install/ldlidar_component/bin'
[15.702s] Level 1:colcon.colcon_core.environment:checking '/home/xtal/ROS2-omni-manipulator/install/ldlidar_component/lib/pkgconfig/ldlidar_component.pc'
[15.702s] Level 1:colcon.colcon_core.environment:checking '/home/xtal/ROS2-omni-manipulator/install/ldlidar_component/lib/python3.12/site-packages'
[15.702s] Level 1:colcon.colcon_core.environment:checking '/home/xtal/ROS2-omni-manipulator/install/ldlidar_component/bin'
[15.702s] INFO:colcon.colcon_core.shell:Creating package script '/home/xtal/ROS2-omni-manipulator/install/ldlidar_component/share/ldlidar_component/package.ps1'
[15.702s] INFO:colcon.colcon_core.shell:Creating package descriptor '/home/xtal/ROS2-omni-manipulator/install/ldlidar_component/share/ldlidar_component/package.dsv'
[15.703s] INFO:colcon.colcon_core.shell:Creating package script '/home/xtal/ROS2-omni-manipulator/install/ldlidar_component/share/ldlidar_component/package.sh'
[15.703s] INFO:colcon.colcon_core.shell:Creating package script '/home/xtal/ROS2-omni-manipulator/install/ldlidar_component/share/ldlidar_component/package.bash'
[15.703s] INFO:colcon.colcon_core.shell:Creating package script '/home/xtal/ROS2-omni-manipulator/install/ldlidar_component/share/ldlidar_component/package.zsh'
[15.704s] Level 1:colcon.colcon_core.environment:create_file_with_runtime_dependencies(/home/xtal/ROS2-omni-manipulator/install/ldlidar_component/share/colcon-core/packages/ldlidar_component)
[15.704s] INFO:colcon.colcon_ros.task.ament_cmake.build:Building ROS package in '/home/xtal/ROS2-omni-manipulator/src/ldrobot-lidar-ros2/ldlidar_node' with build type 'ament_cmake'
[15.704s] INFO:colcon.colcon_cmake.task.cmake.build:Building CMake package in '/home/xtal/ROS2-omni-manipulator/src/ldrobot-lidar-ros2/ldlidar_node'
[15.704s] INFO:colcon.colcon_core.shell:Skip shell extension 'powershell' for command environment: Not usable outside of PowerShell
[15.704s] DEBUG:colcon.colcon_core.shell:Skip shell extension 'dsv' for command environment
[15.714s] DEBUG:colcon.colcon_core.event_handler.log_command:Invoking command in '/home/xtal/ROS2-omni-manipulator/build/ldlidar_node': AMENT_PREFIX_PATH=/home/xtal/ROS2-omni-manipulator/install/ldlidar_component:${AMENT_PREFIX_PATH} CMAKE_PREFIX_PATH=/home/xtal/ROS2-omni-manipulator/install/ldlidar_component:/opt/ros/jazzy/opt/gz_sim_vendor:/opt/ros/jazzy/opt/gz_sensors_vendor:/opt/ros/jazzy/opt/gz_physics_vendor:/opt/ros/jazzy/opt/sdformat_vendor:/opt/ros/jazzy/opt/gz_gui_vendor:/opt/ros/jazzy/opt/gz_transport_vendor:/opt/ros/jazzy/opt/gz_rendering_vendor:/opt/ros/jazzy/opt/gz_plugin_vendor:/opt/ros/jazzy/opt/gz_fuel_tools_vendor:/opt/ros/jazzy/opt/gz_msgs_vendor:/opt/ros/jazzy/opt/gz_common_vendor:/opt/ros/jazzy/opt/gz_math_vendor:/opt/ros/jazzy/opt/gz_utils_vendor:/opt/ros/jazzy/opt/gz_tools_vendor:/opt/ros/jazzy/opt/gz_ogre_next_vendor:/opt/ros/jazzy/opt/gz_dartsim_vendor:/opt/ros/jazzy/opt/gz_cmake_vendor:/opt/ros/jazzy DEBUGINFOD_URLS=https://debuginfod.ubuntu.com LD_LIBRARY_PATH=/home/xtal/ROS2-omni-manipulator/install/ldlidar_component/lib:${LD_LIBRARY_PATH} /usr/bin/cmake /home/xtal/ROS2-omni-manipulator/src/ldrobot-lidar-ros2/ldlidar_node -DAMENT_CMAKE_SYMLINK_INSTALL=1 -DCMAKE_INSTALL_PREFIX=/home/xtal/ROS2-omni-manipulator/install/ldlidar_node
[16.629s] DEBUG:colcon.colcon_core.event_handler.log_command:Invoked command in '/home/xtal/ROS2-omni-manipulator/build/ldlidar_node' returned '0': AMENT_PREFIX_PATH=/home/xtal/ROS2-omni-manipulator/install/ldlidar_component:${AMENT_PREFIX_PATH} CMAKE_PREFIX_PATH=/home/xtal/ROS2-omni-manipulator/install/ldlidar_component:/opt/ros/jazzy/opt/gz_sim_vendor:/opt/ros/jazzy/opt/gz_sensors_vendor:/opt/ros/jazzy/opt/gz_physics_vendor:/opt/ros/jazzy/opt/sdformat_vendor:/opt/ros/jazzy/opt/gz_gui_vendor:/opt/ros/jazzy/opt/gz_transport_vendor:/opt/ros/jazzy/opt/gz_rendering_vendor:/opt/ros/jazzy/opt/gz_plugin_vendor:/opt/ros/jazzy/opt/gz_fuel_tools_vendor:/opt/ros/jazzy/opt/gz_msgs_vendor:/opt/ros/jazzy/opt/gz_common_vendor:/opt/ros/jazzy/opt/gz_math_vendor:/opt/ros/jazzy/opt/gz_utils_vendor:/opt/ros/jazzy/opt/gz_tools_vendor:/opt/ros/jazzy/opt/gz_ogre_next_vendor:/opt/ros/jazzy/opt/gz_dartsim_vendor:/opt/ros/jazzy/opt/gz_cmake_vendor:/opt/ros/jazzy DEBUGINFOD_URLS=https://debuginfod.ubuntu.com LD_LIBRARY_PATH=/home/xtal/ROS2-omni-manipulator/install/ldlidar_component/lib:${LD_LIBRARY_PATH} /usr/bin/cmake /home/xtal/ROS2-omni-manipulator/src/ldrobot-lidar-ros2/ldlidar_node -DAMENT_CMAKE_SYMLINK_INSTALL=1 -DCMAKE_INSTALL_PREFIX=/home/xtal/ROS2-omni-manipulator/install/ldlidar_node
[16.630s] DEBUG:colcon.colcon_core.event_handler.log_command:Invoking command in '/home/xtal/ROS2-omni-manipulator/build/ldlidar_node': AMENT_PREFIX_PATH=/home/xtal/ROS2-omni-manipulator/install/ldlidar_component:${AMENT_PREFIX_PATH} CMAKE_PREFIX_PATH=/home/xtal/ROS2-omni-manipulator/install/ldlidar_component:/opt/ros/jazzy/opt/gz_sim_vendor:/opt/ros/jazzy/opt/gz_sensors_vendor:/opt/ros/jazzy/opt/gz_physics_vendor:/opt/ros/jazzy/opt/sdformat_vendor:/opt/ros/jazzy/opt/gz_gui_vendor:/opt/ros/jazzy/opt/gz_transport_vendor:/opt/ros/jazzy/opt/gz_rendering_vendor:/opt/ros/jazzy/opt/gz_plugin_vendor:/opt/ros/jazzy/opt/gz_fuel_tools_vendor:/opt/ros/jazzy/opt/gz_msgs_vendor:/opt/ros/jazzy/opt/gz_common_vendor:/opt/ros/jazzy/opt/gz_math_vendor:/opt/ros/jazzy/opt/gz_utils_vendor:/opt/ros/jazzy/opt/gz_tools_vendor:/opt/ros/jazzy/opt/gz_ogre_next_vendor:/opt/ros/jazzy/opt/gz_dartsim_vendor:/opt/ros/jazzy/opt/gz_cmake_vendor:/opt/ros/jazzy DEBUGINFOD_URLS=https://debuginfod.ubuntu.com LD_LIBRARY_PATH=/home/xtal/ROS2-omni-manipulator/install/ldlidar_component/lib:${LD_LIBRARY_PATH} /usr/bin/cmake --build /home/xtal/ROS2-omni-manipulator/build/ldlidar_node -- -j16 -l16
[16.673s] DEBUG:colcon.colcon_core.event_handler.log_command:Invoked command in '/home/xtal/ROS2-omni-manipulator/build/ldlidar_node' returned '0': AMENT_PREFIX_PATH=/home/xtal/ROS2-omni-manipulator/install/ldlidar_component:${AMENT_PREFIX_PATH} CMAKE_PREFIX_PATH=/home/xtal/ROS2-omni-manipulator/install/ldlidar_component:/opt/ros/jazzy/opt/gz_sim_vendor:/opt/ros/jazzy/opt/gz_sensors_vendor:/opt/ros/jazzy/opt/gz_physics_vendor:/opt/ros/jazzy/opt/sdformat_vendor:/opt/ros/jazzy/opt/gz_gui_vendor:/opt/ros/jazzy/opt/gz_transport_vendor:/opt/ros/jazzy/opt/gz_rendering_vendor:/opt/ros/jazzy/opt/gz_plugin_vendor:/opt/ros/jazzy/opt/gz_fuel_tools_vendor:/opt/ros/jazzy/opt/gz_msgs_vendor:/opt/ros/jazzy/opt/gz_common_vendor:/opt/ros/jazzy/opt/gz_math_vendor:/opt/ros/jazzy/opt/gz_utils_vendor:/opt/ros/jazzy/opt/gz_tools_vendor:/opt/ros/jazzy/opt/gz_ogre_next_vendor:/opt/ros/jazzy/opt/gz_dartsim_vendor:/opt/ros/jazzy/opt/gz_cmake_vendor:/opt/ros/jazzy DEBUGINFOD_URLS=https://debuginfod.ubuntu.com LD_LIBRARY_PATH=/home/xtal/ROS2-omni-manipulator/install/ldlidar_component/lib:${LD_LIBRARY_PATH} /usr/bin/cmake --build /home/xtal/ROS2-omni-manipulator/build/ldlidar_node -- -j16 -l16
[16.674s] DEBUG:colcon.colcon_core.event_handler.log_command:Invoking command in '/home/xtal/ROS2-omni-manipulator/build/ldlidar_node': AMENT_PREFIX_PATH=/home/xtal/ROS2-omni-manipulator/install/ldlidar_component:${AMENT_PREFIX_PATH} CMAKE_PREFIX_PATH=/home/xtal/ROS2-omni-manipulator/install/ldlidar_component:/opt/ros/jazzy/opt/gz_sim_vendor:/opt/ros/jazzy/opt/gz_sensors_vendor:/opt/ros/jazzy/opt/gz_physics_vendor:/opt/ros/jazzy/opt/sdformat_vendor:/opt/ros/jazzy/opt/gz_gui_vendor:/opt/ros/jazzy/opt/gz_transport_vendor:/opt/ros/jazzy/opt/gz_rendering_vendor:/opt/ros/jazzy/opt/gz_plugin_vendor:/opt/ros/jazzy/opt/gz_fuel_tools_vendor:/opt/ros/jazzy/opt/gz_msgs_vendor:/opt/ros/jazzy/opt/gz_common_vendor:/opt/ros/jazzy/opt/gz_math_vendor:/opt/ros/jazzy/opt/gz_utils_vendor:/opt/ros/jazzy/opt/gz_tools_vendor:/opt/ros/jazzy/opt/gz_ogre_next_vendor:/opt/ros/jazzy/opt/gz_dartsim_vendor:/opt/ros/jazzy/opt/gz_cmake_vendor:/opt/ros/jazzy DEBUGINFOD_URLS=https://debuginfod.ubuntu.com LD_LIBRARY_PATH=/home/xtal/ROS2-omni-manipulator/install/ldlidar_component/lib:${LD_LIBRARY_PATH} /usr/bin/cmake --install /home/xtal/ROS2-omni-manipulator/build/ldlidar_node
[17.018s] Level 1:colcon.colcon_core.environment:create_environment_scripts_only(ldlidar_node)
[17.018s] Level 1:colcon.colcon_core.environment:checking '/home/xtal/ROS2-omni-manipulator/install/ldlidar_node' for CMake module files
[17.019s] DEBUG:colcon.colcon_core.event_handler.log_command:Invoked command in '/home/xtal/ROS2-omni-manipulator/build/ldlidar_node' returned '0': AMENT_PREFIX_PATH=/home/xtal/ROS2-omni-manipulator/install/ldlidar_component:${AMENT_PREFIX_PATH} CMAKE_PREFIX_PATH=/home/xtal/ROS2-omni-manipulator/install/ldlidar_component:/opt/ros/jazzy/opt/gz_sim_vendor:/opt/ros/jazzy/opt/gz_sensors_vendor:/opt/ros/jazzy/opt/gz_physics_vendor:/opt/ros/jazzy/opt/sdformat_vendor:/opt/ros/jazzy/opt/gz_gui_vendor:/opt/ros/jazzy/opt/gz_transport_vendor:/opt/ros/jazzy/opt/gz_rendering_vendor:/opt/ros/jazzy/opt/gz_plugin_vendor:/opt/ros/jazzy/opt/gz_fuel_tools_vendor:/opt/ros/jazzy/opt/gz_msgs_vendor:/opt/ros/jazzy/opt/gz_common_vendor:/opt/ros/jazzy/opt/gz_math_vendor:/opt/ros/jazzy/opt/gz_utils_vendor:/opt/ros/jazzy/opt/gz_tools_vendor:/opt/ros/jazzy/opt/gz_ogre_next_vendor:/opt/ros/jazzy/opt/gz_dartsim_vendor:/opt/ros/jazzy/opt/gz_cmake_vendor:/opt/ros/jazzy DEBUGINFOD_URLS=https://debuginfod.ubuntu.com LD_LIBRARY_PATH=/home/xtal/ROS2-omni-manipulator/install/ldlidar_component/lib:${LD_LIBRARY_PATH} /usr/bin/cmake --install /home/xtal/ROS2-omni-manipulator/build/ldlidar_node
[17.019s] Level 1:colcon.colcon_core.environment:checking '/home/xtal/ROS2-omni-manipulator/install/ldlidar_node' for CMake config files
[17.019s] Level 1:colcon.colcon_core.shell:create_environment_hook('ldlidar_node', 'cmake_prefix_path')
[17.019s] INFO:colcon.colcon_core.shell:Creating environment hook '/home/xtal/ROS2-omni-manipulator/install/ldlidar_node/share/ldlidar_node/hook/cmake_prefix_path.ps1'
[17.020s] INFO:colcon.colcon_core.shell:Creating environment descriptor '/home/xtal/ROS2-omni-manipulator/install/ldlidar_node/share/ldlidar_node/hook/cmake_prefix_path.dsv'
[17.020s] INFO:colcon.colcon_core.shell:Creating environment hook '/home/xtal/ROS2-omni-manipulator/install/ldlidar_node/share/ldlidar_node/hook/cmake_prefix_path.sh'
[17.021s] Level 1:colcon.colcon_core.environment:checking '/home/xtal/ROS2-omni-manipulator/install/ldlidar_node/bin'
[17.021s] Level 1:colcon.colcon_core.environment:checking '/home/xtal/ROS2-omni-manipulator/install/ldlidar_node/lib/pkgconfig/ldlidar_node.pc'
[17.021s] Level 1:colcon.colcon_core.environment:checking '/home/xtal/ROS2-omni-manipulator/install/ldlidar_node/lib/python3.12/site-packages'
[17.021s] Level 1:colcon.colcon_core.environment:checking '/home/xtal/ROS2-omni-manipulator/install/ldlidar_node/bin'
[17.021s] INFO:colcon.colcon_core.shell:Creating package script '/home/xtal/ROS2-omni-manipulator/install/ldlidar_node/share/ldlidar_node/package.ps1'
[17.021s] INFO:colcon.colcon_core.shell:Creating package descriptor '/home/xtal/ROS2-omni-manipulator/install/ldlidar_node/share/ldlidar_node/package.dsv'
[17.022s] INFO:colcon.colcon_core.shell:Creating package script '/home/xtal/ROS2-omni-manipulator/install/ldlidar_node/share/ldlidar_node/package.sh'
[17.022s] INFO:colcon.colcon_core.shell:Creating package script '/home/xtal/ROS2-omni-manipulator/install/ldlidar_node/share/ldlidar_node/package.bash'
[17.022s] INFO:colcon.colcon_core.shell:Creating package script '/home/xtal/ROS2-omni-manipulator/install/ldlidar_node/share/ldlidar_node/package.zsh'
[17.022s] Level 1:colcon.colcon_core.environment:create_file_with_runtime_dependencies(/home/xtal/ROS2-omni-manipulator/install/ldlidar_node/share/colcon-core/packages/ldlidar_node)
[17.023s] Level 1:colcon.colcon_core.environment:create_environment_scripts_only(ldlidar_node)
[17.023s] Level 1:colcon.colcon_core.environment:checking '/home/xtal/ROS2-omni-manipulator/install/ldlidar_node' for CMake module files
[17.023s] Level 1:colcon.colcon_core.environment:checking '/home/xtal/ROS2-omni-manipulator/install/ldlidar_node' for CMake config files
[17.024s] Level 1:colcon.colcon_core.shell:create_environment_hook('ldlidar_node', 'cmake_prefix_path')
[17.024s] INFO:colcon.colcon_core.shell:Creating environment hook '/home/xtal/ROS2-omni-manipulator/install/ldlidar_node/share/ldlidar_node/hook/cmake_prefix_path.ps1'
[17.024s] INFO:colcon.colcon_core.shell:Creating environment descriptor '/home/xtal/ROS2-omni-manipulator/install/ldlidar_node/share/ldlidar_node/hook/cmake_prefix_path.dsv'
[17.024s] INFO:colcon.colcon_core.shell:Creating environment hook '/home/xtal/ROS2-omni-manipulator/install/ldlidar_node/share/ldlidar_node/hook/cmake_prefix_path.sh'
[17.025s] Level 1:colcon.colcon_core.environment:checking '/home/xtal/ROS2-omni-manipulator/install/ldlidar_node/bin'
[17.025s] Level 1:colcon.colcon_core.environment:checking '/home/xtal/ROS2-omni-manipulator/install/ldlidar_node/lib/pkgconfig/ldlidar_node.pc'
[17.025s] Level 1:colcon.colcon_core.environment:checking '/home/xtal/ROS2-omni-manipulator/install/ldlidar_node/lib/python3.12/site-packages'
[17.025s] Level 1:colcon.colcon_core.environment:checking '/home/xtal/ROS2-omni-manipulator/install/ldlidar_node/bin'
[17.025s] INFO:colcon.colcon_core.shell:Creating package script '/home/xtal/ROS2-omni-manipulator/install/ldlidar_node/share/ldlidar_node/package.ps1'
[17.026s] INFO:colcon.colcon_core.shell:Creating package descriptor '/home/xtal/ROS2-omni-manipulator/install/ldlidar_node/share/ldlidar_node/package.dsv'
[17.026s] INFO:colcon.colcon_core.shell:Creating package script '/home/xtal/ROS2-omni-manipulator/install/ldlidar_node/share/ldlidar_node/package.sh'
[17.026s] INFO:colcon.colcon_core.shell:Creating package script '/home/xtal/ROS2-omni-manipulator/install/ldlidar_node/share/ldlidar_node/package.bash'
[17.027s] INFO:colcon.colcon_core.shell:Creating package script '/home/xtal/ROS2-omni-manipulator/install/ldlidar_node/share/ldlidar_node/package.zsh'
[17.027s] Level 1:colcon.colcon_core.environment:create_file_with_runtime_dependencies(/home/xtal/ROS2-omni-manipulator/install/ldlidar_node/share/colcon-core/packages/ldlidar_node)
[17.027s] INFO:colcon.colcon_ros.task.ament_cmake.build:Building ROS package in '/home/xtal/ROS2-omni-manipulator/src/ldrobot-lidar-ros2/ldlidar' with build type 'ament_cmake'
[17.027s] INFO:colcon.colcon_cmake.task.cmake.build:Building CMake package in '/home/xtal/ROS2-omni-manipulator/src/ldrobot-lidar-ros2/ldlidar'
[17.028s] INFO:colcon.colcon_core.shell:Skip shell extension 'powershell' for command environment: Not usable outside of PowerShell
[17.028s] DEBUG:colcon.colcon_core.shell:Skip shell extension 'dsv' for command environment
[17.040s] DEBUG:colcon.colcon_core.event_handler.log_command:Invoking command in '/home/xtal/ROS2-omni-manipulator/build/ldlidar': AMENT_PREFIX_PATH=/home/xtal/ROS2-omni-manipulator/install/ldlidar_node:/home/xtal/ROS2-omni-manipulator/install/ldlidar_component:${AMENT_PREFIX_PATH} CMAKE_PREFIX_PATH=/home/xtal/ROS2-omni-manipulator/install/ldlidar_node:/home/xtal/ROS2-omni-manipulator/install/ldlidar_component:/opt/ros/jazzy/opt/gz_sim_vendor:/opt/ros/jazzy/opt/gz_sensors_vendor:/opt/ros/jazzy/opt/gz_physics_vendor:/opt/ros/jazzy/opt/sdformat_vendor:/opt/ros/jazzy/opt/gz_gui_vendor:/opt/ros/jazzy/opt/gz_transport_vendor:/opt/ros/jazzy/opt/gz_rendering_vendor:/opt/ros/jazzy/opt/gz_plugin_vendor:/opt/ros/jazzy/opt/gz_fuel_tools_vendor:/opt/ros/jazzy/opt/gz_msgs_vendor:/opt/ros/jazzy/opt/gz_common_vendor:/opt/ros/jazzy/opt/gz_math_vendor:/opt/ros/jazzy/opt/gz_utils_vendor:/opt/ros/jazzy/opt/gz_tools_vendor:/opt/ros/jazzy/opt/gz_ogre_next_vendor:/opt/ros/jazzy/opt/gz_dartsim_vendor:/opt/ros/jazzy/opt/gz_cmake_vendor:/opt/ros/jazzy DEBUGINFOD_URLS=https://debuginfod.ubuntu.com LD_LIBRARY_PATH=/home/xtal/ROS2-omni-manipulator/install/ldlidar_component/lib:${LD_LIBRARY_PATH} /usr/bin/cmake /home/xtal/ROS2-omni-manipulator/src/ldrobot-lidar-ros2/ldlidar -DAMENT_CMAKE_SYMLINK_INSTALL=1 -DCMAKE_INSTALL_PREFIX=/home/xtal/ROS2-omni-manipulator/install/ldlidar
[17.419s] DEBUG:colcon.colcon_core.event_handler.log_command:Invoked command in '/home/xtal/ROS2-omni-manipulator/build/ldlidar' returned '0': AMENT_PREFIX_PATH=/home/xtal/ROS2-omni-manipulator/install/ldlidar_node:/home/xtal/ROS2-omni-manipulator/install/ldlidar_component:${AMENT_PREFIX_PATH} CMAKE_PREFIX_PATH=/home/xtal/ROS2-omni-manipulator/install/ldlidar_node:/home/xtal/ROS2-omni-manipulator/install/ldlidar_component:/opt/ros/jazzy/opt/gz_sim_vendor:/opt/ros/jazzy/opt/gz_sensors_vendor:/opt/ros/jazzy/opt/gz_physics_vendor:/opt/ros/jazzy/opt/sdformat_vendor:/opt/ros/jazzy/opt/gz_gui_vendor:/opt/ros/jazzy/opt/gz_transport_vendor:/opt/ros/jazzy/opt/gz_rendering_vendor:/opt/ros/jazzy/opt/gz_plugin_vendor:/opt/ros/jazzy/opt/gz_fuel_tools_vendor:/opt/ros/jazzy/opt/gz_msgs_vendor:/opt/ros/jazzy/opt/gz_common_vendor:/opt/ros/jazzy/opt/gz_math_vendor:/opt/ros/jazzy/opt/gz_utils_vendor:/opt/ros/jazzy/opt/gz_tools_vendor:/opt/ros/jazzy/opt/gz_ogre_next_vendor:/opt/ros/jazzy/opt/gz_dartsim_vendor:/opt/ros/jazzy/opt/gz_cmake_vendor:/opt/ros/jazzy DEBUGINFOD_URLS=https://debuginfod.ubuntu.com LD_LIBRARY_PATH=/home/xtal/ROS2-omni-manipulator/install/ldlidar_component/lib:${LD_LIBRARY_PATH} /usr/bin/cmake /home/xtal/ROS2-omni-manipulator/src/ldrobot-lidar-ros2/ldlidar -DAMENT_CMAKE_SYMLINK_INSTALL=1 -DCMAKE_INSTALL_PREFIX=/home/xtal/ROS2-omni-manipulator/install/ldlidar
[17.420s] DEBUG:colcon.colcon_core.event_handler.log_command:Invoking command in '/home/xtal/ROS2-omni-manipulator/build/ldlidar': AMENT_PREFIX_PATH=/home/xtal/ROS2-omni-manipulator/install/ldlidar_node:/home/xtal/ROS2-omni-manipulator/install/ldlidar_component:${AMENT_PREFIX_PATH} CMAKE_PREFIX_PATH=/home/xtal/ROS2-omni-manipulator/install/ldlidar_node:/home/xtal/ROS2-omni-manipulator/install/ldlidar_component:/opt/ros/jazzy/opt/gz_sim_vendor:/opt/ros/jazzy/opt/gz_sensors_vendor:/opt/ros/jazzy/opt/gz_physics_vendor:/opt/ros/jazzy/opt/sdformat_vendor:/opt/ros/jazzy/opt/gz_gui_vendor:/opt/ros/jazzy/opt/gz_transport_vendor:/opt/ros/jazzy/opt/gz_rendering_vendor:/opt/ros/jazzy/opt/gz_plugin_vendor:/opt/ros/jazzy/opt/gz_fuel_tools_vendor:/opt/ros/jazzy/opt/gz_msgs_vendor:/opt/ros/jazzy/opt/gz_common_vendor:/opt/ros/jazzy/opt/gz_math_vendor:/opt/ros/jazzy/opt/gz_utils_vendor:/opt/ros/jazzy/opt/gz_tools_vendor:/opt/ros/jazzy/opt/gz_ogre_next_vendor:/opt/ros/jazzy/opt/gz_dartsim_vendor:/opt/ros/jazzy/opt/gz_cmake_vendor:/opt/ros/jazzy DEBUGINFOD_URLS=https://debuginfod.ubuntu.com LD_LIBRARY_PATH=/home/xtal/ROS2-omni-manipulator/install/ldlidar_component/lib:${LD_LIBRARY_PATH} /usr/bin/cmake --build /home/xtal/ROS2-omni-manipulator/build/ldlidar -- -j16 -l16
[17.464s] DEBUG:colcon.colcon_core.event_handler.log_command:Invoked command in '/home/xtal/ROS2-omni-manipulator/build/ldlidar' returned '0': AMENT_PREFIX_PATH=/home/xtal/ROS2-omni-manipulator/install/ldlidar_node:/home/xtal/ROS2-omni-manipulator/install/ldlidar_component:${AMENT_PREFIX_PATH} CMAKE_PREFIX_PATH=/home/xtal/ROS2-omni-manipulator/install/ldlidar_node:/home/xtal/ROS2-omni-manipulator/install/ldlidar_component:/opt/ros/jazzy/opt/gz_sim_vendor:/opt/ros/jazzy/opt/gz_sensors_vendor:/opt/ros/jazzy/opt/gz_physics_vendor:/opt/ros/jazzy/opt/sdformat_vendor:/opt/ros/jazzy/opt/gz_gui_vendor:/opt/ros/jazzy/opt/gz_transport_vendor:/opt/ros/jazzy/opt/gz_rendering_vendor:/opt/ros/jazzy/opt/gz_plugin_vendor:/opt/ros/jazzy/opt/gz_fuel_tools_vendor:/opt/ros/jazzy/opt/gz_msgs_vendor:/opt/ros/jazzy/opt/gz_common_vendor:/opt/ros/jazzy/opt/gz_math_vendor:/opt/ros/jazzy/opt/gz_utils_vendor:/opt/ros/jazzy/opt/gz_tools_vendor:/opt/ros/jazzy/opt/gz_ogre_next_vendor:/opt/ros/jazzy/opt/gz_dartsim_vendor:/opt/ros/jazzy/opt/gz_cmake_vendor:/opt/ros/jazzy DEBUGINFOD_URLS=https://debuginfod.ubuntu.com LD_LIBRARY_PATH=/home/xtal/ROS2-omni-manipulator/install/ldlidar_component/lib:${LD_LIBRARY_PATH} /usr/bin/cmake --build /home/xtal/ROS2-omni-manipulator/build/ldlidar -- -j16 -l16
[17.465s] DEBUG:colcon.colcon_core.event_handler.log_command:Invoking command in '/home/xtal/ROS2-omni-manipulator/build/ldlidar': AMENT_PREFIX_PATH=/home/xtal/ROS2-omni-manipulator/install/ldlidar_node:/home/xtal/ROS2-omni-manipulator/install/ldlidar_component:${AMENT_PREFIX_PATH} CMAKE_PREFIX_PATH=/home/xtal/ROS2-omni-manipulator/install/ldlidar_node:/home/xtal/ROS2-omni-manipulator/install/ldlidar_component:/opt/ros/jazzy/opt/gz_sim_vendor:/opt/ros/jazzy/opt/gz_sensors_vendor:/opt/ros/jazzy/opt/gz_physics_vendor:/opt/ros/jazzy/opt/sdformat_vendor:/opt/ros/jazzy/opt/gz_gui_vendor:/opt/ros/jazzy/opt/gz_transport_vendor:/opt/ros/jazzy/opt/gz_rendering_vendor:/opt/ros/jazzy/opt/gz_plugin_vendor:/opt/ros/jazzy/opt/gz_fuel_tools_vendor:/opt/ros/jazzy/opt/gz_msgs_vendor:/opt/ros/jazzy/opt/gz_common_vendor:/opt/ros/jazzy/opt/gz_math_vendor:/opt/ros/jazzy/opt/gz_utils_vendor:/opt/ros/jazzy/opt/gz_tools_vendor:/opt/ros/jazzy/opt/gz_ogre_next_vendor:/opt/ros/jazzy/opt/gz_dartsim_vendor:/opt/ros/jazzy/opt/gz_cmake_vendor:/opt/ros/jazzy DEBUGINFOD_URLS=https://debuginfod.ubuntu.com LD_LIBRARY_PATH=/home/xtal/ROS2-omni-manipulator/install/ldlidar_component/lib:${LD_LIBRARY_PATH} /usr/bin/cmake --install /home/xtal/ROS2-omni-manipulator/build/ldlidar
[17.630s] Level 1:colcon.colcon_core.environment:create_environment_scripts_only(ldlidar)
[17.630s] Level 1:colcon.colcon_core.environment:checking '/home/xtal/ROS2-omni-manipulator/install/ldlidar' for CMake module files
[17.631s] DEBUG:colcon.colcon_core.event_handler.log_command:Invoked command in '/home/xtal/ROS2-omni-manipulator/build/ldlidar' returned '0': AMENT_PREFIX_PATH=/home/xtal/ROS2-omni-manipulator/install/ldlidar_node:/home/xtal/ROS2-omni-manipulator/install/ldlidar_component:${AMENT_PREFIX_PATH} CMAKE_PREFIX_PATH=/home/xtal/ROS2-omni-manipulator/install/ldlidar_node:/home/xtal/ROS2-omni-manipulator/install/ldlidar_component:/opt/ros/jazzy/opt/gz_sim_vendor:/opt/ros/jazzy/opt/gz_sensors_vendor:/opt/ros/jazzy/opt/gz_physics_vendor:/opt/ros/jazzy/opt/sdformat_vendor:/opt/ros/jazzy/opt/gz_gui_vendor:/opt/ros/jazzy/opt/gz_transport_vendor:/opt/ros/jazzy/opt/gz_rendering_vendor:/opt/ros/jazzy/opt/gz_plugin_vendor:/opt/ros/jazzy/opt/gz_fuel_tools_vendor:/opt/ros/jazzy/opt/gz_msgs_vendor:/opt/ros/jazzy/opt/gz_common_vendor:/opt/ros/jazzy/opt/gz_math_vendor:/opt/ros/jazzy/opt/gz_utils_vendor:/opt/ros/jazzy/opt/gz_tools_vendor:/opt/ros/jazzy/opt/gz_ogre_next_vendor:/opt/ros/jazzy/opt/gz_dartsim_vendor:/opt/ros/jazzy/opt/gz_cmake_vendor:/opt/ros/jazzy DEBUGINFOD_URLS=https://debuginfod.ubuntu.com LD_LIBRARY_PATH=/home/xtal/ROS2-omni-manipulator/install/ldlidar_component/lib:${LD_LIBRARY_PATH} /usr/bin/cmake --install /home/xtal/ROS2-omni-manipulator/build/ldlidar
[17.631s] Level 1:colcon.colcon_core.environment:checking '/home/xtal/ROS2-omni-manipulator/install/ldlidar' for CMake config files
[17.631s] Level 1:colcon.colcon_core.shell:create_environment_hook('ldlidar', 'cmake_prefix_path')
[17.631s] INFO:colcon.colcon_core.shell:Creating environment hook '/home/xtal/ROS2-omni-manipulator/install/ldlidar/share/ldlidar/hook/cmake_prefix_path.ps1'
[17.632s] INFO:colcon.colcon_core.shell:Creating environment descriptor '/home/xtal/ROS2-omni-manipulator/install/ldlidar/share/ldlidar/hook/cmake_prefix_path.dsv'
[17.632s] INFO:colcon.colcon_core.shell:Creating environment hook '/home/xtal/ROS2-omni-manipulator/install/ldlidar/share/ldlidar/hook/cmake_prefix_path.sh'
[17.632s] Level 1:colcon.colcon_core.environment:checking '/home/xtal/ROS2-omni-manipulator/install/ldlidar/bin'
[17.633s] Level 1:colcon.colcon_core.environment:checking '/home/xtal/ROS2-omni-manipulator/install/ldlidar/lib/pkgconfig/ldlidar.pc'
[17.633s] Level 1:colcon.colcon_core.environment:checking '/home/xtal/ROS2-omni-manipulator/install/ldlidar/lib/python3.12/site-packages'
[17.633s] Level 1:colcon.colcon_core.environment:checking '/home/xtal/ROS2-omni-manipulator/install/ldlidar/bin'
[17.633s] INFO:colcon.colcon_core.shell:Creating package script '/home/xtal/ROS2-omni-manipulator/install/ldlidar/share/ldlidar/package.ps1'
[17.633s] INFO:colcon.colcon_core.shell:Creating package descriptor '/home/xtal/ROS2-omni-manipulator/install/ldlidar/share/ldlidar/package.dsv'
[17.634s] INFO:colcon.colcon_core.shell:Creating package script '/home/xtal/ROS2-omni-manipulator/install/ldlidar/share/ldlidar/package.sh'
[17.634s] INFO:colcon.colcon_core.shell:Creating package script '/home/xtal/ROS2-omni-manipulator/install/ldlidar/share/ldlidar/package.bash'
[17.634s] INFO:colcon.colcon_core.shell:Creating package script '/home/xtal/ROS2-omni-manipulator/install/ldlidar/share/ldlidar/package.zsh'
[17.634s] Level 1:colcon.colcon_core.environment:create_file_with_runtime_dependencies(/home/xtal/ROS2-omni-manipulator/install/ldlidar/share/colcon-core/packages/ldlidar)
[17.635s] Level 1:colcon.colcon_core.environment:create_environment_scripts_only(ldlidar)
[17.635s] Level 1:colcon.colcon_core.environment:checking '/home/xtal/ROS2-omni-manipulator/install/ldlidar' for CMake module files
[17.635s] Level 1:colcon.colcon_core.environment:checking '/home/xtal/ROS2-omni-manipulator/install/ldlidar' for CMake config files
[17.635s] Level 1:colcon.colcon_core.shell:create_environment_hook('ldlidar', 'cmake_prefix_path')
[17.636s] INFO:colcon.colcon_core.shell:Creating environment hook '/home/xtal/ROS2-omni-manipulator/install/ldlidar/share/ldlidar/hook/cmake_prefix_path.ps1'
[17.636s] INFO:colcon.colcon_core.shell:Creating environment descriptor '/home/xtal/ROS2-omni-manipulator/install/ldlidar/share/ldlidar/hook/cmake_prefix_path.dsv'
[17.636s] INFO:colcon.colcon_core.shell:Creating environment hook '/home/xtal/ROS2-omni-manipulator/install/ldlidar/share/ldlidar/hook/cmake_prefix_path.sh'
[17.636s] Level 1:colcon.colcon_core.environment:checking '/home/xtal/ROS2-omni-manipulator/install/ldlidar/bin'
[17.636s] Level 1:colcon.colcon_core.environment:checking '/home/xtal/ROS2-omni-manipulator/install/ldlidar/lib/pkgconfig/ldlidar.pc'
[17.637s] Level 1:colcon.colcon_core.environment:checking '/home/xtal/ROS2-omni-manipulator/install/ldlidar/lib/python3.12/site-packages'
[17.637s] Level 1:colcon.colcon_core.environment:checking '/home/xtal/ROS2-omni-manipulator/install/ldlidar/bin'
[17.637s] INFO:colcon.colcon_core.shell:Creating package script '/home/xtal/ROS2-omni-manipulator/install/ldlidar/share/ldlidar/package.ps1'
[17.637s] INFO:colcon.colcon_core.shell:Creating package descriptor '/home/xtal/ROS2-omni-manipulator/install/ldlidar/share/ldlidar/package.dsv'
[17.638s] INFO:colcon.colcon_core.shell:Creating package script '/home/xtal/ROS2-omni-manipulator/install/ldlidar/share/ldlidar/package.sh'
[17.638s] INFO:colcon.colcon_core.shell:Creating package script '/home/xtal/ROS2-omni-manipulator/install/ldlidar/share/ldlidar/package.bash'
[17.638s] INFO:colcon.colcon_core.shell:Creating package script '/home/xtal/ROS2-omni-manipulator/install/ldlidar/share/ldlidar/package.zsh'
[17.638s] Level 1:colcon.colcon_core.environment:create_file_with_runtime_dependencies(/home/xtal/ROS2-omni-manipulator/install/ldlidar/share/colcon-core/packages/ldlidar)
[17.639s] DEBUG:colcon.colcon_parallel_executor.executor.parallel:closing loop
[17.639s] DEBUG:colcon.colcon_parallel_executor.executor.parallel:loop closed
[17.639s] DEBUG:colcon.colcon_parallel_executor.executor.parallel:run_until_complete finished with '0'
[17.639s] DEBUG:colcon.colcon_core.event_reactor:joining thread
[17.644s] INFO:colcon.colcon_core.plugin_system:Skipping extension 'colcon_notification.desktop_notification.terminal_notifier': Not used on non-Darwin systems
[17.644s] INFO:colcon.colcon_core.plugin_system:Skipping extension 'colcon_notification.desktop_notification.win32': Not used on non-Windows systems
[17.644s] INFO:colcon.colcon_notification.desktop_notification:Sending desktop notification using 'notify2'
[17.656s] DEBUG:colcon.colcon_core.event_reactor:joined thread
[17.656s] INFO:colcon.colcon_core.shell:Creating prefix script '/home/xtal/ROS2-omni-manipulator/install/local_setup.ps1'
[17.657s] INFO:colcon.colcon_core.shell:Creating prefix util module '/home/xtal/ROS2-omni-manipulator/install/_local_setup_util_ps1.py'
[17.658s] INFO:colcon.colcon_core.shell:Creating prefix chain script '/home/xtal/ROS2-omni-manipulator/install/setup.ps1'
[17.658s] INFO:colcon.colcon_core.shell:Creating prefix script '/home/xtal/ROS2-omni-manipulator/install/local_setup.sh'
[17.659s] INFO:colcon.colcon_core.shell:Creating prefix util module '/home/xtal/ROS2-omni-manipulator/install/_local_setup_util_sh.py'
[17.659s] INFO:colcon.colcon_core.shell:Creating prefix chain script '/home/xtal/ROS2-omni-manipulator/install/setup.sh'
[17.660s] INFO:colcon.colcon_core.shell:Creating prefix script '/home/xtal/ROS2-omni-manipulator/install/local_setup.bash'
[17.660s] INFO:colcon.colcon_core.shell:Creating prefix chain script '/home/xtal/ROS2-omni-manipulator/install/setup.bash'
[17.661s] INFO:colcon.colcon_core.shell:Creating prefix script '/home/xtal/ROS2-omni-manipulator/install/local_setup.zsh'
[17.661s] INFO:colcon.colcon_core.shell:Creating prefix chain script '/home/xtal/ROS2-omni-manipulator/install/setup.zsh'
