[0.035s] Invoking command in '/home/xtal/ROS2-omni-manipulator/build/ldlidar_component': CMAKE_PREFIX_PATH=${CMAKE_PREFIX_PATH}:/opt/ros/jazzy DEBUGINFOD_URLS=https://debuginfod.ubuntu.com /usr/bin/cmake /home/xtal/ROS2-omni-manipulator/src/ldrobot-lidar-ros2/ldlidar_component -DAMENT_CMAKE_SYMLINK_INSTALL=1 -DCMAKE_INSTALL_PREFIX=/home/xtal/ROS2-omni-manipulator/install/ldlidar_component
[0.284s] -- The C compiler identification is GNU 13.3.0
[0.501s] -- The CXX compiler identification is GNU 13.3.0
[0.558s] -- Detecting C compiler ABI info
[0.826s] -- Detecting C compiler ABI info - done
[0.852s] -- Check for working C compiler: /usr/bin/cc - skipped
[0.853s] -- Detecting C compile features
[0.854s] -- Detecting C compile features - done
[0.883s] -- Detecting CXX compiler ABI info
[1.167s] -- Detecting CXX compiler ABI info - done
[1.191s] -- Check for working CXX compiler: /usr/bin/c++ - skipped
[1.192s] -- Detecting CXX compile features
[1.193s] -- Detecting CXX compile features - done
[1.195s] --  * Release Mode
[1.195s] -- * Found ROS2 jazzy
[1.195s] -- * ROS2 jazzy is officially supported by this package.
[1.215s] -- Found ament_cmake: 2.5.3 (/opt/ros/jazzy/share/ament_cmake/cmake)
[1.657s] -- Found Python3: /usr/bin/python3 (found version "3.12.3") found components: Interpreter 
[1.863s] -- Override CMake install command with custom implementation using symlinks instead of copying resources
[2.047s] -- Found rclcpp_lifecycle: 28.1.6 (/opt/ros/jazzy/share/rclcpp_lifecycle/cmake)
[2.267s] -- Found rosidl_generator_c: 4.6.5 (/opt/ros/jazzy/share/rosidl_generator_c/cmake)
[2.325s] -- Found rosidl_generator_cpp: 4.6.5 (/opt/ros/jazzy/share/rosidl_generator_cpp/cmake)
[2.393s] -- Using all available rosidl_typesupport_c: rosidl_typesupport_fastrtps_c;rosidl_typesupport_introspection_c
[2.467s] -- Using all available rosidl_typesupport_cpp: rosidl_typesupport_fastrtps_cpp;rosidl_typesupport_introspection_cpp
[2.813s] -- Found rmw_implementation_cmake: 7.3.1 (/opt/ros/jazzy/share/rmw_implementation_cmake/cmake)
[2.829s] -- Found rmw_fastrtps_cpp: 8.4.1 (/opt/ros/jazzy/share/rmw_fastrtps_cpp/cmake)
[3.146s] -- Found OpenSSL: /usr/lib/x86_64-linux-gnu/libcrypto.so (found version "3.0.13")  
[3.212s] -- Found FastRTPS: /opt/ros/jazzy/include (Required is at least version "2.13") 
[3.282s] -- Using RMW implementation 'rmw_fastrtps_cpp' as default
[3.626s] -- Found rclcpp_components: 28.1.6 (/opt/ros/jazzy/share/rclcpp_components/cmake)
[3.770s] -- Found nav2_util: 1.3.5 (/opt/ros/jazzy/share/nav2_util/cmake)
[4.677s] -- Found eigen3_cmake_module: 0.3.0 (/opt/ros/jazzy/share/eigen3_cmake_module/cmake)
[4.681s] -- Found Eigen3: TRUE (found version "3.4.0") 
[4.681s] -- Ensuring Eigen3 include directory is part of orocos-kdl CMake target
[4.862s] -- Found sensor_msgs: 5.3.5 (/opt/ros/jazzy/share/sensor_msgs/cmake)
[4.950s] -- Found diagnostic_msgs: 5.3.5 (/opt/ros/jazzy/share/diagnostic_msgs/cmake)
[5.032s] -- Found diagnostic_updater: 4.2.2 (/opt/ros/jazzy/share/diagnostic_updater/cmake)
[5.086s] -- Found ament_lint_auto: 0.17.1 (/opt/ros/jazzy/share/ament_lint_auto/cmake)
[5.478s] -- Added test 'copyright' to check source files copyright and LICENSE
[5.489s] -- Added test 'cppcheck' to perform static code analysis on C / C++ code
[5.492s] -- Configured cppcheck include dirs: /home/xtal/ROS2-omni-manipulator/src/ldrobot-lidar-ros2/ldlidar_component/include;/home/xtal/ROS2-omni-manipulator/src/ldrobot-lidar-ros2/ldlidar_component/tools/include;/home/xtal/ROS2-omni-manipulator/src/ldrobot-lidar-ros2/ldlidar_component/component/include;/home/xtal/ROS2-omni-manipulator/src/ldrobot-lidar-ros2/ldlidar_component/ldlidar_driver/include/core;/home/xtal/ROS2-omni-manipulator/src/ldrobot-lidar-ros2/ldlidar_component/ldlidar_driver/include/dataprocess;/home/xtal/ROS2-omni-manipulator/src/ldrobot-lidar-ros2/ldlidar_component/ldlidar_driver/include/filter;/home/xtal/ROS2-omni-manipulator/src/ldrobot-lidar-ros2/ldlidar_component/ldlidar_driver/include/logger;/home/xtal/ROS2-omni-manipulator/src/ldrobot-lidar-ros2/ldlidar_component/ldlidar_driver/include/networkcom;/home/xtal/ROS2-omni-manipulator/src/ldrobot-lidar-ros2/ldlidar_component/ldlidar_driver/include/serialcom
[5.492s] -- Configured cppcheck exclude dirs and/or files: 
[5.503s] -- Added test 'cpplint' to check C / C++ code against the Google style
[5.503s] -- Configured cpplint exclude dirs and/or files: 
[5.509s] -- Added test 'lint_cmake' to check CMake code style
[5.520s] -- Added test 'uncrustify' to check C / C++ code style
[5.521s] -- Configured uncrustify additional arguments: 
[5.524s] -- Added test 'xmllint' to check XML markup files
[5.536s] -- Added test 'clang_format' to check C / C++ code style
[5.548s] -- Configuring done (5.5s)
[5.615s] -- Generating done (0.0s)
[5.630s] -- Build files have been written to: /home/xtal/ROS2-omni-manipulator/build/ldlidar_component
[5.661s] Invoked command in '/home/xtal/ROS2-omni-manipulator/build/ldlidar_component' returned '0': CMAKE_PREFIX_PATH=${CMAKE_PREFIX_PATH}:/opt/ros/jazzy DEBUGINFOD_URLS=https://debuginfod.ubuntu.com /usr/bin/cmake /home/xtal/ROS2-omni-manipulator/src/ldrobot-lidar-ros2/ldlidar_component -DAMENT_CMAKE_SYMLINK_INSTALL=1 -DCMAKE_INSTALL_PREFIX=/home/xtal/ROS2-omni-manipulator/install/ldlidar_component
[5.665s] Invoking command in '/home/xtal/ROS2-omni-manipulator/build/ldlidar_component': CMAKE_PREFIX_PATH=${CMAKE_PREFIX_PATH}:/opt/ros/jazzy DEBUGINFOD_URLS=https://debuginfod.ubuntu.com /usr/bin/cmake --build /home/xtal/ROS2-omni-manipulator/build/ldlidar_component -- -j16 -l16
[5.829s] [ 20%] [32mBuilding CXX object ldlidar_driver/CMakeFiles/ldlidar.dir/src/filter/tofbf.cpp.o[0m
[5.829s] [ 20%] [32mBuilding CXX object ldlidar_driver/CMakeFiles/ldlidar.dir/src/core/ldlidar_driver.cpp.o[0m
[5.829s] [ 30%] [32mBuilding CXX object ldlidar_driver/CMakeFiles/ldlidar.dir/src/dataprocess/lipkg.cpp.o[0m
[5.830s] [ 40%] [32mBuilding CXX object ldlidar_driver/CMakeFiles/ldlidar.dir/src/logger/log_module.cpp.o[0m
[5.830s] [ 50%] [32mBuilding CXX object ldlidar_driver/CMakeFiles/ldlidar.dir/src/networkcom/network_socket_interface_linux.cpp.o[0m
[5.831s] [ 60%] [32mBuilding CXX object ldlidar_driver/CMakeFiles/ldlidar.dir/src/serialcom/serial_interface_linux.cpp.o[0m
[7.218s] [ 70%] [32m[1mLinking CXX static library libldlidar.a[0m
[7.467s] [ 70%] Built target ldlidar
[7.508s] [ 90%] [32mBuilding CXX object CMakeFiles/ldlidar_component.dir/component/src/ldlidar_component.cpp.o[0m
[7.508s] [ 90%] [32mBuilding CXX object CMakeFiles/ldlidar_component.dir/tools/src/ldlidar_tools.cpp.o[0m
[14.382s] [100%] [32m[1mLinking CXX shared library libldlidar_component.so[0m
[14.567s] [100%] Built target ldlidar_component
[14.581s] Invoked command in '/home/xtal/ROS2-omni-manipulator/build/ldlidar_component' returned '0': CMAKE_PREFIX_PATH=${CMAKE_PREFIX_PATH}:/opt/ros/jazzy DEBUGINFOD_URLS=https://debuginfod.ubuntu.com /usr/bin/cmake --build /home/xtal/ROS2-omni-manipulator/build/ldlidar_component -- -j16 -l16
[14.592s] Invoking command in '/home/xtal/ROS2-omni-manipulator/build/ldlidar_component': CMAKE_PREFIX_PATH=${CMAKE_PREFIX_PATH}:/opt/ros/jazzy DEBUGINFOD_URLS=https://debuginfod.ubuntu.com /usr/bin/cmake --install /home/xtal/ROS2-omni-manipulator/build/ldlidar_component
[14.602s] -- Install configuration: "Release"
[14.603s] -- Execute custom install script
[14.603s] -- Symlinking: /home/xtal/ROS2-omni-manipulator/install/ldlidar_component/lib/libldlidar_component.so
[14.614s] -- Symlinking: /home/xtal/ROS2-omni-manipulator/install/ldlidar_component/include/ldlidar_component//defines.hpp
[14.624s] -- Symlinking: /home/xtal/ROS2-omni-manipulator/install/ldlidar_component/include/ldlidar_component//ldlidar_component.hpp
[14.635s] -- Symlinking: /home/xtal/ROS2-omni-manipulator/install/ldlidar_component/include/ldlidar_component//ldlidar_tools.hpp
[14.646s] -- Symlinking: /home/xtal/ROS2-omni-manipulator/install/ldlidar_component/include/ldlidar_component//visibility_control.hpp
[14.655s] -- Symlinking: /home/xtal/ROS2-omni-manipulator/install/ldlidar_component/include/ldlidar_component//ldlidar_datatype.h
[14.665s] -- Symlinking: /home/xtal/ROS2-omni-manipulator/install/ldlidar_component/include/ldlidar_component//ldlidar_driver.h
[14.676s] -- Symlinking: /home/xtal/ROS2-omni-manipulator/install/ldlidar_component/include/ldlidar_component//lipkg.h
[14.685s] -- Symlinking: /home/xtal/ROS2-omni-manipulator/install/ldlidar_component/include/ldlidar_component//tofbf.h
[14.694s] -- Symlinking: /home/xtal/ROS2-omni-manipulator/install/ldlidar_component/include/ldlidar_component//log_module.h
[14.703s] -- Symlinking: /home/xtal/ROS2-omni-manipulator/install/ldlidar_component/include/ldlidar_component//network_socket_interface_linux.h
[14.714s] -- Symlinking: /home/xtal/ROS2-omni-manipulator/install/ldlidar_component/include/ldlidar_component//serial_interface_linux.h
[14.723s] -- Symlinking: /home/xtal/ROS2-omni-manipulator/install/ldlidar_component/share/ldlidar_component/environment/library_path.sh
[14.732s] -- Symlinking: /home/xtal/ROS2-omni-manipulator/install/ldlidar_component/share/ldlidar_component/environment/library_path.dsv
[14.741s] -- Symlinking: /home/xtal/ROS2-omni-manipulator/install/ldlidar_component/share/ament_index/resource_index/package_run_dependencies/ldlidar_component
[14.753s] -- Symlinking: /home/xtal/ROS2-omni-manipulator/install/ldlidar_component/share/ament_index/resource_index/parent_prefix_path/ldlidar_component
[14.763s] -- Symlinking: /home/xtal/ROS2-omni-manipulator/install/ldlidar_component/share/ldlidar_component/environment/ament_prefix_path.sh
[14.773s] -- Symlinking: /home/xtal/ROS2-omni-manipulator/install/ldlidar_component/share/ldlidar_component/environment/ament_prefix_path.dsv
[14.782s] -- Symlinking: /home/xtal/ROS2-omni-manipulator/install/ldlidar_component/share/ldlidar_component/environment/path.sh
[14.792s] -- Symlinking: /home/xtal/ROS2-omni-manipulator/install/ldlidar_component/share/ldlidar_component/environment/path.dsv
[14.801s] -- Symlinking: /home/xtal/ROS2-omni-manipulator/install/ldlidar_component/share/ldlidar_component/local_setup.bash
[14.810s] -- Symlinking: /home/xtal/ROS2-omni-manipulator/install/ldlidar_component/share/ldlidar_component/local_setup.sh
[14.819s] -- Symlinking: /home/xtal/ROS2-omni-manipulator/install/ldlidar_component/share/ldlidar_component/local_setup.zsh
[14.829s] -- Symlinking: /home/xtal/ROS2-omni-manipulator/install/ldlidar_component/share/ldlidar_component/local_setup.dsv
[14.838s] -- Symlinking: /home/xtal/ROS2-omni-manipulator/install/ldlidar_component/share/ldlidar_component/package.dsv
[14.849s] -- Symlinking: /home/xtal/ROS2-omni-manipulator/install/ldlidar_component/share/ament_index/resource_index/packages/ldlidar_component
[14.858s] -- Symlinking: /home/xtal/ROS2-omni-manipulator/install/ldlidar_component/share/ament_index/resource_index/rclcpp_components/ldlidar_component
[14.869s] -- Symlinking: /home/xtal/ROS2-omni-manipulator/install/ldlidar_component/share/ldlidar_component/cmake/ament_cmake_export_include_directories-extras.cmake
[14.878s] -- Symlinking: /home/xtal/ROS2-omni-manipulator/install/ldlidar_component/share/ldlidar_component/cmake/ament_cmake_export_libraries-extras.cmake
[14.887s] -- Symlinking: /home/xtal/ROS2-omni-manipulator/install/ldlidar_component/share/ldlidar_component/cmake/ament_cmake_export_dependencies-extras.cmake
[14.896s] -- Symlinking: /home/xtal/ROS2-omni-manipulator/install/ldlidar_component/share/ldlidar_component/cmake/ldlidar_componentConfig.cmake
[14.905s] -- Symlinking: /home/xtal/ROS2-omni-manipulator/install/ldlidar_component/share/ldlidar_component/cmake/ldlidar_componentConfig-version.cmake
[14.915s] -- Symlinking: /home/xtal/ROS2-omni-manipulator/install/ldlidar_component/share/ldlidar_component/package.xml
[14.927s] Invoked command in '/home/xtal/ROS2-omni-manipulator/build/ldlidar_component' returned '0': CMAKE_PREFIX_PATH=${CMAKE_PREFIX_PATH}:/opt/ros/jazzy DEBUGINFOD_URLS=https://debuginfod.ubuntu.com /usr/bin/cmake --install /home/xtal/ROS2-omni-manipulator/build/ldlidar_component
