[0.023s] Invoking command in '/home/xtal/ROS2-omni-manipulator/build/micro_ros_msgs': CMAKE_PREFIX_PATH=${CMAKE_PREFIX_PATH}:/opt/ros/jazzy DEBUGINFOD_URLS=https://debuginfod.ubuntu.com /usr/bin/cmake --build /home/xtal/ROS2-omni-manipulator/build/micro_ros_msgs -- -j16 -l16
[0.255s] [  1%] Built target micro_ros_msgs__rosidl_generator_type_description
[0.256s] [  1%] Built target ament_cmake_python_symlink_micro_ros_msgs
[0.256s] [  3%] Built target micro_ros_msgs__cpp
[0.256s] [ 24%] Built target micro_ros_msgs__rosidl_generator_c
[0.256s] [ 48%] Built target micro_ros_msgs__rosidl_typesupport_introspection_cpp
[0.256s] [ 48%] Built target micro_ros_msgs__rosidl_typesupport_fastrtps_c
[0.256s] [ 51%] Built target micro_ros_msgs__rosidl_typesupport_c
[0.256s] [ 61%] Built target micro_ros_msgs__rosidl_typesupport_introspection_c
[0.256s] [ 70%] Built target micro_ros_msgs__rosidl_typesupport_cpp
[0.256s] [ 79%] Built target micro_ros_msgs__rosidl_typesupport_fastrtps_cpp
[0.256s] [ 79%] Built target micro_ros_msgs
[0.257s] [ 81%] Built target micro_ros_msgs__py
[0.257s] [ 88%] Built target micro_ros_msgs__rosidl_generator_py
[0.259s] [100%] Built target micro_ros_msgs_s__rosidl_typesupport_introspection_c
[0.259s] [100%] Built target micro_ros_msgs_s__rosidl_typesupport_c
[0.259s] [100%] Built target micro_ros_msgs_s__rosidl_typesupport_fastrtps_c
[0.356s] running egg_info
[0.394s] writing micro_ros_msgs.egg-info/PKG-INFO
[0.394s] writing dependency_links to micro_ros_msgs.egg-info/dependency_links.txt
[0.394s] writing top-level names to micro_ros_msgs.egg-info/top_level.txt
[0.490s] reading manifest file 'micro_ros_msgs.egg-info/SOURCES.txt'
[0.491s] writing manifest file 'micro_ros_msgs.egg-info/SOURCES.txt'
[0.531s] [100%] Built target ament_cmake_python_build_micro_ros_msgs_egg
[0.563s] Invoked command in '/home/xtal/ROS2-omni-manipulator/build/micro_ros_msgs' returned '0': CMAKE_PREFIX_PATH=${CMAKE_PREFIX_PATH}:/opt/ros/jazzy DEBUGINFOD_URLS=https://debuginfod.ubuntu.com /usr/bin/cmake --build /home/xtal/ROS2-omni-manipulator/build/micro_ros_msgs -- -j16 -l16
[0.564s] Invoking command in '/home/xtal/ROS2-omni-manipulator/build/micro_ros_msgs': CMAKE_PREFIX_PATH=${CMAKE_PREFIX_PATH}:/opt/ros/jazzy DEBUGINFOD_URLS=https://debuginfod.ubuntu.com /usr/bin/cmake --install /home/xtal/ROS2-omni-manipulator/build/micro_ros_msgs
[0.573s] -- Install configuration: ""
[0.574s] -- Execute custom install script
[0.574s] -- Up-to-date symlink: /home/xtal/ROS2-omni-manipulator/install/micro_ros_msgs/share/ament_index/resource_index/rosidl_interfaces/micro_ros_msgs
[0.575s] -- Up-to-date symlink: /home/xtal/ROS2-omni-manipulator/install/micro_ros_msgs/share/micro_ros_msgs/msg/Graph.json
[0.575s] -- Up-to-date symlink: /home/xtal/ROS2-omni-manipulator/install/micro_ros_msgs/share/micro_ros_msgs/msg/Node.json
[0.575s] -- Up-to-date symlink: /home/xtal/ROS2-omni-manipulator/install/micro_ros_msgs/share/micro_ros_msgs/msg/Entity.json
[0.581s] -- Up-to-date symlink: /home/xtal/ROS2-omni-manipulator/install/micro_ros_msgs/include/micro_ros_msgs/micro_ros_msgs/msg/detail/entity__functions.h
[0.581s] -- Up-to-date symlink: /home/xtal/ROS2-omni-manipulator/install/micro_ros_msgs/include/micro_ros_msgs/micro_ros_msgs/msg/detail/entity__struct.h
[0.582s] -- Up-to-date symlink: /home/xtal/ROS2-omni-manipulator/install/micro_ros_msgs/include/micro_ros_msgs/micro_ros_msgs/msg/detail/entity__type_support.h
[0.582s] -- Up-to-date symlink: /home/xtal/ROS2-omni-manipulator/install/micro_ros_msgs/include/micro_ros_msgs/micro_ros_msgs/msg/detail/graph__functions.h
[0.582s] -- Up-to-date symlink: /home/xtal/ROS2-omni-manipulator/install/micro_ros_msgs/include/micro_ros_msgs/micro_ros_msgs/msg/detail/graph__struct.h
[0.582s] -- Up-to-date symlink: /home/xtal/ROS2-omni-manipulator/install/micro_ros_msgs/include/micro_ros_msgs/micro_ros_msgs/msg/detail/graph__type_support.h
[0.583s] -- Up-to-date symlink: /home/xtal/ROS2-omni-manipulator/install/micro_ros_msgs/include/micro_ros_msgs/micro_ros_msgs/msg/detail/node__functions.h
[0.583s] -- Up-to-date symlink: /home/xtal/ROS2-omni-manipulator/install/micro_ros_msgs/include/micro_ros_msgs/micro_ros_msgs/msg/detail/node__struct.h
[0.583s] -- Up-to-date symlink: /home/xtal/ROS2-omni-manipulator/install/micro_ros_msgs/include/micro_ros_msgs/micro_ros_msgs/msg/detail/node__type_support.h
[0.583s] -- Up-to-date symlink: /home/xtal/ROS2-omni-manipulator/install/micro_ros_msgs/include/micro_ros_msgs/micro_ros_msgs/msg/entity.h
[0.583s] -- Up-to-date symlink: /home/xtal/ROS2-omni-manipulator/install/micro_ros_msgs/include/micro_ros_msgs/micro_ros_msgs/msg/graph.h
[0.584s] -- Up-to-date symlink: /home/xtal/ROS2-omni-manipulator/install/micro_ros_msgs/include/micro_ros_msgs/micro_ros_msgs/msg/node.h
[0.584s] -- Up-to-date symlink: /home/xtal/ROS2-omni-manipulator/install/micro_ros_msgs/include/micro_ros_msgs/micro_ros_msgs/msg/rosidl_generator_c__visibility_control.h
[0.584s] -- Up-to-date symlink: /home/xtal/ROS2-omni-manipulator/install/micro_ros_msgs/share/micro_ros_msgs/environment/library_path.sh
[0.584s] -- Up-to-date symlink: /home/xtal/ROS2-omni-manipulator/install/micro_ros_msgs/share/micro_ros_msgs/environment/library_path.dsv
[0.585s] -- Up-to-date symlink: /home/xtal/ROS2-omni-manipulator/install/micro_ros_msgs/include/micro_ros_msgs/micro_ros_msgs/msg/detail/entity__rosidl_typesupport_fastrtps_c.h
[0.586s] -- Up-to-date symlink: /home/xtal/ROS2-omni-manipulator/install/micro_ros_msgs/include/micro_ros_msgs/micro_ros_msgs/msg/detail/graph__rosidl_typesupport_fastrtps_c.h
[0.586s] -- Up-to-date symlink: /home/xtal/ROS2-omni-manipulator/install/micro_ros_msgs/include/micro_ros_msgs/micro_ros_msgs/msg/detail/node__rosidl_typesupport_fastrtps_c.h
[0.586s] -- Up-to-date symlink: /home/xtal/ROS2-omni-manipulator/install/micro_ros_msgs/include/micro_ros_msgs/micro_ros_msgs/msg/rosidl_typesupport_fastrtps_c__visibility_control.h
[0.587s] -- Up-to-date symlink: /home/xtal/ROS2-omni-manipulator/install/micro_ros_msgs/include/micro_ros_msgs/micro_ros_msgs/msg/detail/entity__rosidl_typesupport_introspection_c.h
[0.587s] -- Up-to-date symlink: /home/xtal/ROS2-omni-manipulator/install/micro_ros_msgs/include/micro_ros_msgs/micro_ros_msgs/msg/detail/graph__rosidl_typesupport_introspection_c.h
[0.587s] -- Up-to-date symlink: /home/xtal/ROS2-omni-manipulator/install/micro_ros_msgs/include/micro_ros_msgs/micro_ros_msgs/msg/detail/node__rosidl_typesupport_introspection_c.h
[0.587s] -- Up-to-date symlink: /home/xtal/ROS2-omni-manipulator/install/micro_ros_msgs/include/micro_ros_msgs/micro_ros_msgs/msg/rosidl_typesupport_introspection_c__visibility_control.h
[0.588s] -- Up-to-date symlink: /home/xtal/ROS2-omni-manipulator/install/micro_ros_msgs/include/micro_ros_msgs/micro_ros_msgs/msg/detail/entity__builder.hpp
[0.588s] -- Up-to-date symlink: /home/xtal/ROS2-omni-manipulator/install/micro_ros_msgs/include/micro_ros_msgs/micro_ros_msgs/msg/detail/entity__struct.hpp
[0.588s] -- Up-to-date symlink: /home/xtal/ROS2-omni-manipulator/install/micro_ros_msgs/include/micro_ros_msgs/micro_ros_msgs/msg/detail/entity__traits.hpp
[0.589s] -- Up-to-date symlink: /home/xtal/ROS2-omni-manipulator/install/micro_ros_msgs/include/micro_ros_msgs/micro_ros_msgs/msg/detail/entity__type_support.hpp
[0.589s] -- Up-to-date symlink: /home/xtal/ROS2-omni-manipulator/install/micro_ros_msgs/include/micro_ros_msgs/micro_ros_msgs/msg/detail/graph__builder.hpp
[0.589s] -- Up-to-date symlink: /home/xtal/ROS2-omni-manipulator/install/micro_ros_msgs/include/micro_ros_msgs/micro_ros_msgs/msg/detail/graph__struct.hpp
[0.589s] -- Up-to-date symlink: /home/xtal/ROS2-omni-manipulator/install/micro_ros_msgs/include/micro_ros_msgs/micro_ros_msgs/msg/detail/graph__traits.hpp
[0.589s] -- Up-to-date symlink: /home/xtal/ROS2-omni-manipulator/install/micro_ros_msgs/include/micro_ros_msgs/micro_ros_msgs/msg/detail/graph__type_support.hpp
[0.589s] -- Up-to-date symlink: /home/xtal/ROS2-omni-manipulator/install/micro_ros_msgs/include/micro_ros_msgs/micro_ros_msgs/msg/detail/node__builder.hpp
[0.590s] -- Up-to-date symlink: /home/xtal/ROS2-omni-manipulator/install/micro_ros_msgs/include/micro_ros_msgs/micro_ros_msgs/msg/detail/node__struct.hpp
[0.590s] -- Up-to-date symlink: /home/xtal/ROS2-omni-manipulator/install/micro_ros_msgs/include/micro_ros_msgs/micro_ros_msgs/msg/detail/node__traits.hpp
[0.590s] -- Up-to-date symlink: /home/xtal/ROS2-omni-manipulator/install/micro_ros_msgs/include/micro_ros_msgs/micro_ros_msgs/msg/detail/node__type_support.hpp
[0.590s] -- Up-to-date symlink: /home/xtal/ROS2-omni-manipulator/install/micro_ros_msgs/include/micro_ros_msgs/micro_ros_msgs/msg/entity.hpp
[0.590s] -- Up-to-date symlink: /home/xtal/ROS2-omni-manipulator/install/micro_ros_msgs/include/micro_ros_msgs/micro_ros_msgs/msg/graph.hpp
[0.591s] -- Up-to-date symlink: /home/xtal/ROS2-omni-manipulator/install/micro_ros_msgs/include/micro_ros_msgs/micro_ros_msgs/msg/node.hpp
[0.591s] -- Up-to-date symlink: /home/xtal/ROS2-omni-manipulator/install/micro_ros_msgs/include/micro_ros_msgs/micro_ros_msgs/msg/rosidl_generator_cpp__visibility_control.hpp
[0.592s] -- Up-to-date symlink: /home/xtal/ROS2-omni-manipulator/install/micro_ros_msgs/include/micro_ros_msgs/micro_ros_msgs/msg/detail/entity__rosidl_typesupport_fastrtps_cpp.hpp
[0.592s] -- Up-to-date symlink: /home/xtal/ROS2-omni-manipulator/install/micro_ros_msgs/include/micro_ros_msgs/micro_ros_msgs/msg/detail/graph__rosidl_typesupport_fastrtps_cpp.hpp
[0.593s] -- Up-to-date symlink: /home/xtal/ROS2-omni-manipulator/install/micro_ros_msgs/include/micro_ros_msgs/micro_ros_msgs/msg/detail/node__rosidl_typesupport_fastrtps_cpp.hpp
[0.593s] -- Up-to-date symlink: /home/xtal/ROS2-omni-manipulator/install/micro_ros_msgs/include/micro_ros_msgs/micro_ros_msgs/msg/rosidl_typesupport_fastrtps_cpp__visibility_control.h
[0.594s] -- Up-to-date symlink: /home/xtal/ROS2-omni-manipulator/install/micro_ros_msgs/include/micro_ros_msgs/micro_ros_msgs/msg/detail/entity__rosidl_typesupport_introspection_cpp.hpp
[0.594s] -- Up-to-date symlink: /home/xtal/ROS2-omni-manipulator/install/micro_ros_msgs/include/micro_ros_msgs/micro_ros_msgs/msg/detail/graph__rosidl_typesupport_introspection_cpp.hpp
[0.594s] -- Up-to-date symlink: /home/xtal/ROS2-omni-manipulator/install/micro_ros_msgs/include/micro_ros_msgs/micro_ros_msgs/msg/detail/node__rosidl_typesupport_introspection_cpp.hpp
[0.595s] -- Up-to-date symlink: /home/xtal/ROS2-omni-manipulator/install/micro_ros_msgs/share/micro_ros_msgs/environment/pythonpath.sh
[0.595s] -- Up-to-date symlink: /home/xtal/ROS2-omni-manipulator/install/micro_ros_msgs/share/micro_ros_msgs/environment/pythonpath.dsv
[0.595s] -- Up-to-date symlink: /home/xtal/ROS2-omni-manipulator/install/micro_ros_msgs/lib/python3.12/site-packages/micro_ros_msgs-5.0.2-py3.12.egg-info/PKG-INFO
[0.596s] -- Up-to-date symlink: /home/xtal/ROS2-omni-manipulator/install/micro_ros_msgs/lib/python3.12/site-packages/micro_ros_msgs-5.0.2-py3.12.egg-info/SOURCES.txt
[0.596s] -- Up-to-date symlink: /home/xtal/ROS2-omni-manipulator/install/micro_ros_msgs/lib/python3.12/site-packages/micro_ros_msgs-5.0.2-py3.12.egg-info/dependency_links.txt
[0.596s] -- Up-to-date symlink: /home/xtal/ROS2-omni-manipulator/install/micro_ros_msgs/lib/python3.12/site-packages/micro_ros_msgs-5.0.2-py3.12.egg-info/top_level.txt
[0.597s] -- Up-to-date symlink: /home/xtal/ROS2-omni-manipulator/install/micro_ros_msgs/lib/python3.12/site-packages/micro_ros_msgs/__init__.py
[0.597s] -- Up-to-date symlink: /home/xtal/ROS2-omni-manipulator/install/micro_ros_msgs/lib/python3.12/site-packages/micro_ros_msgs/_micro_ros_msgs_s.ep.rosidl_typesupport_c.c
[0.598s] -- Up-to-date symlink: /home/xtal/ROS2-omni-manipulator/install/micro_ros_msgs/lib/python3.12/site-packages/micro_ros_msgs/_micro_ros_msgs_s.ep.rosidl_typesupport_fastrtps_c.c
[0.598s] -- Up-to-date symlink: /home/xtal/ROS2-omni-manipulator/install/micro_ros_msgs/lib/python3.12/site-packages/micro_ros_msgs/_micro_ros_msgs_s.ep.rosidl_typesupport_introspection_c.c
[0.598s] -- Up-to-date symlink: /home/xtal/ROS2-omni-manipulator/install/micro_ros_msgs/lib/python3.12/site-packages/micro_ros_msgs/micro_ros_msgs_s__rosidl_typesupport_c.so
[0.598s] -- Up-to-date symlink: /home/xtal/ROS2-omni-manipulator/install/micro_ros_msgs/lib/python3.12/site-packages/micro_ros_msgs/micro_ros_msgs_s__rosidl_typesupport_fastrtps_c.so
[0.598s] -- Up-to-date symlink: /home/xtal/ROS2-omni-manipulator/install/micro_ros_msgs/lib/python3.12/site-packages/micro_ros_msgs/micro_ros_msgs_s__rosidl_typesupport_introspection_c.so
[0.599s] -- Up-to-date symlink: /home/xtal/ROS2-omni-manipulator/install/micro_ros_msgs/lib/python3.12/site-packages/micro_ros_msgs/msg/__init__.py
[0.599s] -- Up-to-date symlink: /home/xtal/ROS2-omni-manipulator/install/micro_ros_msgs/lib/python3.12/site-packages/micro_ros_msgs/msg/_entity.py
[0.599s] -- Up-to-date symlink: /home/xtal/ROS2-omni-manipulator/install/micro_ros_msgs/lib/python3.12/site-packages/micro_ros_msgs/msg/_entity_s.c
[0.599s] -- Up-to-date symlink: /home/xtal/ROS2-omni-manipulator/install/micro_ros_msgs/lib/python3.12/site-packages/micro_ros_msgs/msg/_graph.py
[0.599s] -- Up-to-date symlink: /home/xtal/ROS2-omni-manipulator/install/micro_ros_msgs/lib/python3.12/site-packages/micro_ros_msgs/msg/_graph_s.c
[0.600s] -- Up-to-date symlink: /home/xtal/ROS2-omni-manipulator/install/micro_ros_msgs/lib/python3.12/site-packages/micro_ros_msgs/msg/_node.py
[0.600s] -- Up-to-date symlink: /home/xtal/ROS2-omni-manipulator/install/micro_ros_msgs/lib/python3.12/site-packages/micro_ros_msgs/msg/_node_s.c
[0.600s] -- Up-to-date symlink: /home/xtal/ROS2-omni-manipulator/install/micro_ros_msgs/lib/python3.12/site-packages/micro_ros_msgs/micro_ros_msgs_s__rosidl_typesupport_fastrtps_c.so
[0.600s] -- Up-to-date symlink: /home/xtal/ROS2-omni-manipulator/install/micro_ros_msgs/lib/python3.12/site-packages/micro_ros_msgs/micro_ros_msgs_s__rosidl_typesupport_introspection_c.so
[0.601s] -- Up-to-date symlink: /home/xtal/ROS2-omni-manipulator/install/micro_ros_msgs/lib/python3.12/site-packages/micro_ros_msgs/micro_ros_msgs_s__rosidl_typesupport_c.so
[0.601s] -- Up-to-date symlink: /home/xtal/ROS2-omni-manipulator/install/micro_ros_msgs/share/micro_ros_msgs/msg/Graph.idl
[0.601s] -- Up-to-date symlink: /home/xtal/ROS2-omni-manipulator/install/micro_ros_msgs/share/micro_ros_msgs/msg/Node.idl
[0.601s] -- Up-to-date symlink: /home/xtal/ROS2-omni-manipulator/install/micro_ros_msgs/share/micro_ros_msgs/msg/Entity.idl
[0.602s] -- Up-to-date symlink: /home/xtal/ROS2-omni-manipulator/install/micro_ros_msgs/share/micro_ros_msgs/msg/Graph.msg
[0.602s] -- Up-to-date symlink: /home/xtal/ROS2-omni-manipulator/install/micro_ros_msgs/share/micro_ros_msgs/msg/Node.msg
[0.602s] -- Up-to-date symlink: /home/xtal/ROS2-omni-manipulator/install/micro_ros_msgs/share/micro_ros_msgs/msg/Entity.msg
[0.603s] -- Up-to-date symlink: /home/xtal/ROS2-omni-manipulator/install/micro_ros_msgs/share/ament_index/resource_index/package_run_dependencies/micro_ros_msgs
[0.603s] -- Up-to-date symlink: /home/xtal/ROS2-omni-manipulator/install/micro_ros_msgs/share/ament_index/resource_index/parent_prefix_path/micro_ros_msgs
[0.603s] -- Up-to-date symlink: /home/xtal/ROS2-omni-manipulator/install/micro_ros_msgs/share/micro_ros_msgs/environment/ament_prefix_path.sh
[0.603s] -- Up-to-date symlink: /home/xtal/ROS2-omni-manipulator/install/micro_ros_msgs/share/micro_ros_msgs/environment/ament_prefix_path.dsv
[0.604s] -- Up-to-date symlink: /home/xtal/ROS2-omni-manipulator/install/micro_ros_msgs/share/micro_ros_msgs/environment/path.sh
[0.604s] -- Up-to-date symlink: /home/xtal/ROS2-omni-manipulator/install/micro_ros_msgs/share/micro_ros_msgs/environment/path.dsv
[0.604s] -- Up-to-date symlink: /home/xtal/ROS2-omni-manipulator/install/micro_ros_msgs/share/micro_ros_msgs/local_setup.bash
[0.604s] -- Up-to-date symlink: /home/xtal/ROS2-omni-manipulator/install/micro_ros_msgs/share/micro_ros_msgs/local_setup.sh
[0.605s] -- Up-to-date symlink: /home/xtal/ROS2-omni-manipulator/install/micro_ros_msgs/share/micro_ros_msgs/local_setup.zsh
[0.605s] -- Up-to-date symlink: /home/xtal/ROS2-omni-manipulator/install/micro_ros_msgs/share/micro_ros_msgs/local_setup.dsv
[0.605s] -- Symlinking: /home/xtal/ROS2-omni-manipulator/install/micro_ros_msgs/share/micro_ros_msgs/package.dsv
[0.617s] -- Up-to-date symlink: /home/xtal/ROS2-omni-manipulator/install/micro_ros_msgs/share/ament_index/resource_index/packages/micro_ros_msgs
[0.617s] -- Up-to-date symlink: /home/xtal/ROS2-omni-manipulator/install/micro_ros_msgs/share/micro_ros_msgs/cmake/rosidl_cmake-extras.cmake
[0.618s] -- Up-to-date symlink: /home/xtal/ROS2-omni-manipulator/install/micro_ros_msgs/share/micro_ros_msgs/cmake/ament_cmake_export_include_directories-extras.cmake
[0.618s] -- Up-to-date symlink: /home/xtal/ROS2-omni-manipulator/install/micro_ros_msgs/share/micro_ros_msgs/cmake/ament_cmake_export_libraries-extras.cmake
[0.618s] -- Up-to-date symlink: /home/xtal/ROS2-omni-manipulator/install/micro_ros_msgs/share/micro_ros_msgs/cmake/ament_cmake_export_targets-extras.cmake
[0.619s] -- Up-to-date symlink: /home/xtal/ROS2-omni-manipulator/install/micro_ros_msgs/share/micro_ros_msgs/cmake/rosidl_cmake_export_typesupport_targets-extras.cmake
[0.619s] -- Up-to-date symlink: /home/xtal/ROS2-omni-manipulator/install/micro_ros_msgs/share/micro_ros_msgs/cmake/ament_cmake_export_dependencies-extras.cmake
[0.619s] -- Up-to-date symlink: /home/xtal/ROS2-omni-manipulator/install/micro_ros_msgs/share/micro_ros_msgs/cmake/rosidl_cmake_export_typesupport_libraries-extras.cmake
[0.619s] -- Up-to-date symlink: /home/xtal/ROS2-omni-manipulator/install/micro_ros_msgs/share/micro_ros_msgs/cmake/micro_ros_msgsConfig.cmake
[0.620s] -- Up-to-date symlink: /home/xtal/ROS2-omni-manipulator/install/micro_ros_msgs/share/micro_ros_msgs/cmake/micro_ros_msgsConfig-version.cmake
[0.620s] -- Up-to-date symlink: /home/xtal/ROS2-omni-manipulator/install/micro_ros_msgs/share/micro_ros_msgs/package.xml
[0.621s] -- Up-to-date: /home/xtal/ROS2-omni-manipulator/install/micro_ros_msgs/lib/libmicro_ros_msgs__rosidl_generator_c.so
[0.622s] -- Up-to-date: /home/xtal/ROS2-omni-manipulator/install/micro_ros_msgs/lib/libmicro_ros_msgs__rosidl_typesupport_fastrtps_c.so
[0.623s] -- Up-to-date: /home/xtal/ROS2-omni-manipulator/install/micro_ros_msgs/lib/libmicro_ros_msgs__rosidl_typesupport_introspection_c.so
[0.623s] -- Up-to-date: /home/xtal/ROS2-omni-manipulator/install/micro_ros_msgs/lib/libmicro_ros_msgs__rosidl_typesupport_c.so
[0.624s] -- Up-to-date: /home/xtal/ROS2-omni-manipulator/install/micro_ros_msgs/lib/libmicro_ros_msgs__rosidl_typesupport_fastrtps_cpp.so
[0.625s] -- Up-to-date: /home/xtal/ROS2-omni-manipulator/install/micro_ros_msgs/lib/libmicro_ros_msgs__rosidl_typesupport_introspection_cpp.so
[0.625s] -- Up-to-date: /home/xtal/ROS2-omni-manipulator/install/micro_ros_msgs/lib/libmicro_ros_msgs__rosidl_typesupport_cpp.so
[0.659s] Listing '/home/xtal/ROS2-omni-manipulator/install/micro_ros_msgs/lib/python3.12/site-packages/micro_ros_msgs'...
[0.659s] Listing '/home/xtal/ROS2-omni-manipulator/install/micro_ros_msgs/lib/python3.12/site-packages/micro_ros_msgs/msg'...
[0.665s] -- Up-to-date: /home/xtal/ROS2-omni-manipulator/install/micro_ros_msgs/lib/libmicro_ros_msgs__rosidl_generator_py.so
[0.665s] -- Up-to-date: /home/xtal/ROS2-omni-manipulator/install/micro_ros_msgs/share/micro_ros_msgs/cmake/export_micro_ros_msgs__rosidl_generator_cExport.cmake
[0.666s] -- Up-to-date: /home/xtal/ROS2-omni-manipulator/install/micro_ros_msgs/share/micro_ros_msgs/cmake/export_micro_ros_msgs__rosidl_generator_cExport-noconfig.cmake
[0.666s] -- Up-to-date: /home/xtal/ROS2-omni-manipulator/install/micro_ros_msgs/share/micro_ros_msgs/cmake/export_micro_ros_msgs__rosidl_typesupport_fastrtps_cExport.cmake
[0.666s] -- Up-to-date: /home/xtal/ROS2-omni-manipulator/install/micro_ros_msgs/share/micro_ros_msgs/cmake/export_micro_ros_msgs__rosidl_typesupport_fastrtps_cExport-noconfig.cmake
[0.666s] -- Up-to-date: /home/xtal/ROS2-omni-manipulator/install/micro_ros_msgs/share/micro_ros_msgs/cmake/micro_ros_msgs__rosidl_typesupport_introspection_cExport.cmake
[0.666s] -- Up-to-date: /home/xtal/ROS2-omni-manipulator/install/micro_ros_msgs/share/micro_ros_msgs/cmake/micro_ros_msgs__rosidl_typesupport_introspection_cExport-noconfig.cmake
[0.667s] -- Up-to-date: /home/xtal/ROS2-omni-manipulator/install/micro_ros_msgs/share/micro_ros_msgs/cmake/micro_ros_msgs__rosidl_typesupport_cExport.cmake
[0.667s] -- Up-to-date: /home/xtal/ROS2-omni-manipulator/install/micro_ros_msgs/share/micro_ros_msgs/cmake/micro_ros_msgs__rosidl_typesupport_cExport-noconfig.cmake
[0.668s] -- Up-to-date: /home/xtal/ROS2-omni-manipulator/install/micro_ros_msgs/share/micro_ros_msgs/cmake/export_micro_ros_msgs__rosidl_generator_cppExport.cmake
[0.668s] -- Up-to-date: /home/xtal/ROS2-omni-manipulator/install/micro_ros_msgs/share/micro_ros_msgs/cmake/export_micro_ros_msgs__rosidl_typesupport_fastrtps_cppExport.cmake
[0.668s] -- Up-to-date: /home/xtal/ROS2-omni-manipulator/install/micro_ros_msgs/share/micro_ros_msgs/cmake/export_micro_ros_msgs__rosidl_typesupport_fastrtps_cppExport-noconfig.cmake
[0.669s] -- Up-to-date: /home/xtal/ROS2-omni-manipulator/install/micro_ros_msgs/share/micro_ros_msgs/cmake/micro_ros_msgs__rosidl_typesupport_introspection_cppExport.cmake
[0.669s] -- Up-to-date: /home/xtal/ROS2-omni-manipulator/install/micro_ros_msgs/share/micro_ros_msgs/cmake/micro_ros_msgs__rosidl_typesupport_introspection_cppExport-noconfig.cmake
[0.669s] -- Up-to-date: /home/xtal/ROS2-omni-manipulator/install/micro_ros_msgs/share/micro_ros_msgs/cmake/micro_ros_msgs__rosidl_typesupport_cppExport.cmake
[0.669s] -- Up-to-date: /home/xtal/ROS2-omni-manipulator/install/micro_ros_msgs/share/micro_ros_msgs/cmake/micro_ros_msgs__rosidl_typesupport_cppExport-noconfig.cmake
[0.669s] -- Up-to-date: /home/xtal/ROS2-omni-manipulator/install/micro_ros_msgs/share/micro_ros_msgs/cmake/export_micro_ros_msgs__rosidl_generator_pyExport.cmake
[0.669s] -- Up-to-date: /home/xtal/ROS2-omni-manipulator/install/micro_ros_msgs/share/micro_ros_msgs/cmake/export_micro_ros_msgs__rosidl_generator_pyExport-noconfig.cmake
[0.672s] Invoked command in '/home/xtal/ROS2-omni-manipulator/build/micro_ros_msgs' returned '0': CMAKE_PREFIX_PATH=${CMAKE_PREFIX_PATH}:/opt/ros/jazzy DEBUGINFOD_URLS=https://debuginfod.ubuntu.com /usr/bin/cmake --install /home/xtal/ROS2-omni-manipulator/build/micro_ros_msgs
