[0.313s] DEBUG:colcon:Command line arguments: ['/usr/bin/colcon', 'build', '--symlink-install']
[0.313s] DEBUG:colcon:Parsed command line arguments: Namespace(log_base=None, log_level=None, verb_name='build', build_base='build', install_base='install', merge_install=False, symlink_install=True, test_result_base=None, continue_on_error=False, executor='parallel', parallel_workers=16, event_handlers=None, ignore_user_meta=False, metas=['./colcon.meta'], base_paths=['.'], packages_ignore=None, packages_ignore_regex=None, paths=None, packages_up_to=None, packages_up_to_regex=None, packages_above=None, packages_above_and_dependencies=None, packages_above_depth=None, packages_select_by_dep=None, packages_skip_by_dep=None, packages_skip_up_to=None, packages_select_build_failed=False, packages_skip_build_finished=False, packages_select_test_failures=False, packages_skip_test_passed=False, packages_select=None, packages_skip=None, packages_select_regex=None, packages_skip_regex=None, packages_start=None, packages_end=None, allow_overriding=[], cmake_args=None, cmake_target=None, cmake_target_skip_unavailable=False, cmake_clean_cache=False, cmake_clean_first=False, cmake_force_configure=False, ament_cmake_args=None, catkin_cmake_args=None, catkin_skip_building_tests=False, mixin_files=None, mixin=None, verb_parser=<colcon_mixin.mixin.mixin_argument.MixinArgumentDecorator object at 0x712416ad2ff0>, verb_extension=<colcon_core.verb.build.BuildVerb object at 0x712416ad2cf0>, main=<bound method BuildVerb.main of <colcon_core.verb.build.BuildVerb object at 0x712416ad2cf0>>, mixin_verb=('build',))
[0.411s] Level 1:colcon.colcon_core.package_discovery:discover_packages(colcon_meta) check parameters
[0.412s] Level 1:colcon.colcon_core.package_discovery:discover_packages(recursive) check parameters
[0.412s] Level 1:colcon.colcon_core.package_discovery:discover_packages(ignore) check parameters
[0.412s] Level 1:colcon.colcon_core.package_discovery:discover_packages(path) check parameters
[0.412s] Level 1:colcon.colcon_core.package_discovery:discover_packages(colcon_meta) discover
[0.412s] Level 1:colcon.colcon_core.package_discovery:discover_packages(recursive) discover
[0.412s] INFO:colcon.colcon_core.package_discovery:Crawling recursively for packages in '/home/xtal/ROS2-omni-manipulator'
[0.412s] Level 1:colcon.colcon_core.package_identification:_identify(.) by extensions ['ignore', 'ignore_ament_install']
[0.413s] Level 1:colcon.colcon_core.package_identification:_identify(.) by extension 'ignore'
[0.413s] Level 1:colcon.colcon_core.package_identification:_identify(.) by extension 'ignore_ament_install'
[0.413s] Level 1:colcon.colcon_core.package_identification:_identify(.) by extensions ['colcon_pkg']
[0.413s] Level 1:colcon.colcon_core.package_identification:_identify(.) by extension 'colcon_pkg'
[0.413s] Level 1:colcon.colcon_core.package_identification:_identify(.) by extensions ['colcon_meta']
[0.413s] Level 1:colcon.colcon_core.package_identification:_identify(.) by extension 'colcon_meta'
[0.413s] Level 1:colcon.colcon_core.package_identification:_identify(.) by extensions ['ros']
[0.413s] Level 1:colcon.colcon_core.package_identification:_identify(.) by extension 'ros'
[0.473s] Level 1:colcon.colcon_core.package_identification:_identify(.) by extensions ['cmake', 'python']
[0.474s] Level 1:colcon.colcon_core.package_identification:_identify(.) by extension 'cmake'
[0.474s] Level 1:colcon.colcon_core.package_identification:_identify(.) by extension 'python'
[0.474s] Level 1:colcon.colcon_core.package_identification:_identify(.) by extensions ['python_setup_py']
[0.474s] Level 1:colcon.colcon_core.package_identification:_identify(.) by extension 'python_setup_py'
[0.474s] Level 1:colcon.colcon_core.package_identification:_identify(build) by extensions ['ignore', 'ignore_ament_install']
[0.474s] Level 1:colcon.colcon_core.package_identification:_identify(build) by extension 'ignore'
[0.474s] Level 1:colcon.colcon_core.package_identification:_identify(build) ignored
[0.475s] Level 1:colcon.colcon_core.package_identification:_identify(install) by extensions ['ignore', 'ignore_ament_install']
[0.475s] Level 1:colcon.colcon_core.package_identification:_identify(install) by extension 'ignore'
[0.475s] Level 1:colcon.colcon_core.package_identification:_identify(install) ignored
[0.475s] Level 1:colcon.colcon_core.package_identification:_identify(log) by extensions ['ignore', 'ignore_ament_install']
[0.476s] Level 1:colcon.colcon_core.package_identification:_identify(log) by extension 'ignore'
[0.476s] Level 1:colcon.colcon_core.package_identification:_identify(log) ignored
[0.476s] Level 1:colcon.colcon_core.package_identification:_identify(pcb) by extensions ['ignore', 'ignore_ament_install']
[0.476s] Level 1:colcon.colcon_core.package_identification:_identify(pcb) by extension 'ignore'
[0.476s] Level 1:colcon.colcon_core.package_identification:_identify(pcb) by extension 'ignore_ament_install'
[0.476s] Level 1:colcon.colcon_core.package_identification:_identify(pcb) by extensions ['colcon_pkg']
[0.476s] Level 1:colcon.colcon_core.package_identification:_identify(pcb) by extension 'colcon_pkg'
[0.476s] Level 1:colcon.colcon_core.package_identification:_identify(pcb) by extensions ['colcon_meta']
[0.477s] Level 1:colcon.colcon_core.package_identification:_identify(pcb) by extension 'colcon_meta'
[0.477s] Level 1:colcon.colcon_core.package_identification:_identify(pcb) by extensions ['ros']
[0.477s] Level 1:colcon.colcon_core.package_identification:_identify(pcb) by extension 'ros'
[0.477s] Level 1:colcon.colcon_core.package_identification:_identify(pcb) by extensions ['cmake', 'python']
[0.477s] Level 1:colcon.colcon_core.package_identification:_identify(pcb) by extension 'cmake'
[0.477s] Level 1:colcon.colcon_core.package_identification:_identify(pcb) by extension 'python'
[0.477s] Level 1:colcon.colcon_core.package_identification:_identify(pcb) by extensions ['python_setup_py']
[0.477s] Level 1:colcon.colcon_core.package_identification:_identify(pcb) by extension 'python_setup_py'
[0.478s] Level 1:colcon.colcon_core.package_identification:_identify(pcb/wheels-pcb) by extensions ['ignore', 'ignore_ament_install']
[0.478s] Level 1:colcon.colcon_core.package_identification:_identify(pcb/wheels-pcb) by extension 'ignore'
[0.478s] Level 1:colcon.colcon_core.package_identification:_identify(pcb/wheels-pcb) by extension 'ignore_ament_install'
[0.478s] Level 1:colcon.colcon_core.package_identification:_identify(pcb/wheels-pcb) by extensions ['colcon_pkg']
[0.478s] Level 1:colcon.colcon_core.package_identification:_identify(pcb/wheels-pcb) by extension 'colcon_pkg'
[0.478s] Level 1:colcon.colcon_core.package_identification:_identify(pcb/wheels-pcb) by extensions ['colcon_meta']
[0.478s] Level 1:colcon.colcon_core.package_identification:_identify(pcb/wheels-pcb) by extension 'colcon_meta'
[0.478s] Level 1:colcon.colcon_core.package_identification:_identify(pcb/wheels-pcb) by extensions ['ros']
[0.478s] Level 1:colcon.colcon_core.package_identification:_identify(pcb/wheels-pcb) by extension 'ros'
[0.479s] Level 1:colcon.colcon_core.package_identification:_identify(pcb/wheels-pcb) by extensions ['cmake', 'python']
[0.479s] Level 1:colcon.colcon_core.package_identification:_identify(pcb/wheels-pcb) by extension 'cmake'
[0.479s] Level 1:colcon.colcon_core.package_identification:_identify(pcb/wheels-pcb) by extension 'python'
[0.479s] Level 1:colcon.colcon_core.package_identification:_identify(pcb/wheels-pcb) by extensions ['python_setup_py']
[0.479s] Level 1:colcon.colcon_core.package_identification:_identify(pcb/wheels-pcb) by extension 'python_setup_py'
[0.479s] Level 1:colcon.colcon_core.package_identification:_identify(pcb/wheels-pcb/blueprints) by extensions ['ignore', 'ignore_ament_install']
[0.479s] Level 1:colcon.colcon_core.package_identification:_identify(pcb/wheels-pcb/blueprints) by extension 'ignore'
[0.480s] Level 1:colcon.colcon_core.package_identification:_identify(pcb/wheels-pcb/blueprints) by extension 'ignore_ament_install'
[0.480s] Level 1:colcon.colcon_core.package_identification:_identify(pcb/wheels-pcb/blueprints) by extensions ['colcon_pkg']
[0.480s] Level 1:colcon.colcon_core.package_identification:_identify(pcb/wheels-pcb/blueprints) by extension 'colcon_pkg'
[0.480s] Level 1:colcon.colcon_core.package_identification:_identify(pcb/wheels-pcb/blueprints) by extensions ['colcon_meta']
[0.480s] Level 1:colcon.colcon_core.package_identification:_identify(pcb/wheels-pcb/blueprints) by extension 'colcon_meta'
[0.480s] Level 1:colcon.colcon_core.package_identification:_identify(pcb/wheels-pcb/blueprints) by extensions ['ros']
[0.480s] Level 1:colcon.colcon_core.package_identification:_identify(pcb/wheels-pcb/blueprints) by extension 'ros'
[0.480s] Level 1:colcon.colcon_core.package_identification:_identify(pcb/wheels-pcb/blueprints) by extensions ['cmake', 'python']
[0.480s] Level 1:colcon.colcon_core.package_identification:_identify(pcb/wheels-pcb/blueprints) by extension 'cmake'
[0.481s] Level 1:colcon.colcon_core.package_identification:_identify(pcb/wheels-pcb/blueprints) by extension 'python'
[0.481s] Level 1:colcon.colcon_core.package_identification:_identify(pcb/wheels-pcb/blueprints) by extensions ['python_setup_py']
[0.481s] Level 1:colcon.colcon_core.package_identification:_identify(pcb/wheels-pcb/blueprints) by extension 'python_setup_py'
[0.481s] Level 1:colcon.colcon_core.package_identification:_identify(pcb/wheels-pcb/wheels-pcb-backups) by extensions ['ignore', 'ignore_ament_install']
[0.481s] Level 1:colcon.colcon_core.package_identification:_identify(pcb/wheels-pcb/wheels-pcb-backups) by extension 'ignore'
[0.481s] Level 1:colcon.colcon_core.package_identification:_identify(pcb/wheels-pcb/wheels-pcb-backups) by extension 'ignore_ament_install'
[0.481s] Level 1:colcon.colcon_core.package_identification:_identify(pcb/wheels-pcb/wheels-pcb-backups) by extensions ['colcon_pkg']
[0.482s] Level 1:colcon.colcon_core.package_identification:_identify(pcb/wheels-pcb/wheels-pcb-backups) by extension 'colcon_pkg'
[0.482s] Level 1:colcon.colcon_core.package_identification:_identify(pcb/wheels-pcb/wheels-pcb-backups) by extensions ['colcon_meta']
[0.482s] Level 1:colcon.colcon_core.package_identification:_identify(pcb/wheels-pcb/wheels-pcb-backups) by extension 'colcon_meta'
[0.482s] Level 1:colcon.colcon_core.package_identification:_identify(pcb/wheels-pcb/wheels-pcb-backups) by extensions ['ros']
[0.482s] Level 1:colcon.colcon_core.package_identification:_identify(pcb/wheels-pcb/wheels-pcb-backups) by extension 'ros'
[0.482s] Level 1:colcon.colcon_core.package_identification:_identify(pcb/wheels-pcb/wheels-pcb-backups) by extensions ['cmake', 'python']
[0.482s] Level 1:colcon.colcon_core.package_identification:_identify(pcb/wheels-pcb/wheels-pcb-backups) by extension 'cmake'
[0.482s] Level 1:colcon.colcon_core.package_identification:_identify(pcb/wheels-pcb/wheels-pcb-backups) by extension 'python'
[0.482s] Level 1:colcon.colcon_core.package_identification:_identify(pcb/wheels-pcb/wheels-pcb-backups) by extensions ['python_setup_py']
[0.482s] Level 1:colcon.colcon_core.package_identification:_identify(pcb/wheels-pcb/wheels-pcb-backups) by extension 'python_setup_py'
[0.483s] Level 1:colcon.colcon_core.package_identification:_identify(src) by extensions ['ignore', 'ignore_ament_install']
[0.483s] Level 1:colcon.colcon_core.package_identification:_identify(src) by extension 'ignore'
[0.483s] Level 1:colcon.colcon_core.package_identification:_identify(src) by extension 'ignore_ament_install'
[0.483s] Level 1:colcon.colcon_core.package_identification:_identify(src) by extensions ['colcon_pkg']
[0.483s] Level 1:colcon.colcon_core.package_identification:_identify(src) by extension 'colcon_pkg'
[0.483s] Level 1:colcon.colcon_core.package_identification:_identify(src) by extensions ['colcon_meta']
[0.483s] Level 1:colcon.colcon_core.package_identification:_identify(src) by extension 'colcon_meta'
[0.483s] Level 1:colcon.colcon_core.package_identification:_identify(src) by extensions ['ros']
[0.483s] Level 1:colcon.colcon_core.package_identification:_identify(src) by extension 'ros'
[0.484s] Level 1:colcon.colcon_core.package_identification:_identify(src) by extensions ['cmake', 'python']
[0.484s] Level 1:colcon.colcon_core.package_identification:_identify(src) by extension 'cmake'
[0.484s] Level 1:colcon.colcon_core.package_identification:_identify(src) by extension 'python'
[0.484s] Level 1:colcon.colcon_core.package_identification:_identify(src) by extensions ['python_setup_py']
[0.484s] Level 1:colcon.colcon_core.package_identification:_identify(src) by extension 'python_setup_py'
[0.484s] Level 1:colcon.colcon_core.package_identification:_identify(src/dm) by extensions ['ignore', 'ignore_ament_install']
[0.484s] Level 1:colcon.colcon_core.package_identification:_identify(src/dm) by extension 'ignore'
[0.485s] Level 1:colcon.colcon_core.package_identification:_identify(src/dm) by extension 'ignore_ament_install'
[0.485s] Level 1:colcon.colcon_core.package_identification:_identify(src/dm) by extensions ['colcon_pkg']
[0.485s] Level 1:colcon.colcon_core.package_identification:_identify(src/dm) by extension 'colcon_pkg'
[0.485s] Level 1:colcon.colcon_core.package_identification:_identify(src/dm) by extensions ['colcon_meta']
[0.485s] Level 1:colcon.colcon_core.package_identification:_identify(src/dm) by extension 'colcon_meta'
[0.485s] Level 1:colcon.colcon_core.package_identification:_identify(src/dm) by extensions ['ros']
[0.485s] Level 1:colcon.colcon_core.package_identification:_identify(src/dm) by extension 'ros'
[0.491s] DEBUG:colcon.colcon_core.package_identification:Package 'src/dm' with type 'ros.ament_python' and name 'dm'
[0.491s] Level 1:colcon.colcon_core.package_identification:_identify(src/kinematics) by extensions ['ignore', 'ignore_ament_install']
[0.491s] Level 1:colcon.colcon_core.package_identification:_identify(src/kinematics) by extension 'ignore'
[0.492s] Level 1:colcon.colcon_core.package_identification:_identify(src/kinematics) by extension 'ignore_ament_install'
[0.492s] Level 1:colcon.colcon_core.package_identification:_identify(src/kinematics) by extensions ['colcon_pkg']
[0.492s] Level 1:colcon.colcon_core.package_identification:_identify(src/kinematics) by extension 'colcon_pkg'
[0.492s] Level 1:colcon.colcon_core.package_identification:_identify(src/kinematics) by extensions ['colcon_meta']
[0.492s] Level 1:colcon.colcon_core.package_identification:_identify(src/kinematics) by extension 'colcon_meta'
[0.492s] Level 1:colcon.colcon_core.package_identification:_identify(src/kinematics) by extensions ['ros']
[0.492s] Level 1:colcon.colcon_core.package_identification:_identify(src/kinematics) by extension 'ros'
[0.493s] Level 1:colcon.colcon_core.package_identification:_identify(src/kinematics) by extensions ['cmake', 'python']
[0.493s] Level 1:colcon.colcon_core.package_identification:_identify(src/kinematics) by extension 'cmake'
[0.493s] Level 1:colcon.colcon_core.package_identification:_identify(src/kinematics) by extension 'python'
[0.493s] Level 1:colcon.colcon_core.package_identification:_identify(src/kinematics) by extensions ['python_setup_py']
[0.493s] Level 1:colcon.colcon_core.package_identification:_identify(src/kinematics) by extension 'python_setup_py'
[0.493s] Level 1:colcon.colcon_core.package_identification:_identify(src/ldlidar_ros2) by extensions ['ignore', 'ignore_ament_install']
[0.493s] Level 1:colcon.colcon_core.package_identification:_identify(src/ldlidar_ros2) by extension 'ignore'
[0.494s] Level 1:colcon.colcon_core.package_identification:_identify(src/ldlidar_ros2) by extension 'ignore_ament_install'
[0.494s] Level 1:colcon.colcon_core.package_identification:_identify(src/ldlidar_ros2) by extensions ['colcon_pkg']
[0.494s] Level 1:colcon.colcon_core.package_identification:_identify(src/ldlidar_ros2) by extension 'colcon_pkg'
[0.494s] Level 1:colcon.colcon_core.package_identification:_identify(src/ldlidar_ros2) by extensions ['colcon_meta']
[0.494s] Level 1:colcon.colcon_core.package_identification:_identify(src/ldlidar_ros2) by extension 'colcon_meta'
[0.494s] Level 1:colcon.colcon_core.package_identification:_identify(src/ldlidar_ros2) by extensions ['ros']
[0.494s] Level 1:colcon.colcon_core.package_identification:_identify(src/ldlidar_ros2) by extension 'ros'
[0.495s] Level 1:colcon.colcon_core.package_identification:_identify(src/ldlidar_ros2) by extensions ['cmake', 'python']
[0.495s] Level 1:colcon.colcon_core.package_identification:_identify(src/ldlidar_ros2) by extension 'cmake'
[0.495s] Level 1:colcon.colcon_core.package_identification:_identify(src/ldlidar_ros2) by extension 'python'
[0.495s] Level 1:colcon.colcon_core.package_identification:_identify(src/ldlidar_ros2) by extensions ['python_setup_py']
[0.495s] Level 1:colcon.colcon_core.package_identification:_identify(src/ldlidar_ros2) by extension 'python_setup_py'
[0.495s] Level 1:colcon.colcon_core.package_identification:_identify(src/ldrobot-lidar-ros2) by extensions ['ignore', 'ignore_ament_install']
[0.495s] Level 1:colcon.colcon_core.package_identification:_identify(src/ldrobot-lidar-ros2) by extension 'ignore'
[0.496s] Level 1:colcon.colcon_core.package_identification:_identify(src/ldrobot-lidar-ros2) by extension 'ignore_ament_install'
[0.496s] Level 1:colcon.colcon_core.package_identification:_identify(src/ldrobot-lidar-ros2) by extensions ['colcon_pkg']
[0.496s] Level 1:colcon.colcon_core.package_identification:_identify(src/ldrobot-lidar-ros2) by extension 'colcon_pkg'
[0.496s] Level 1:colcon.colcon_core.package_identification:_identify(src/ldrobot-lidar-ros2) by extensions ['colcon_meta']
[0.496s] Level 1:colcon.colcon_core.package_identification:_identify(src/ldrobot-lidar-ros2) by extension 'colcon_meta'
[0.496s] Level 1:colcon.colcon_core.package_identification:_identify(src/ldrobot-lidar-ros2) by extensions ['ros']
[0.496s] Level 1:colcon.colcon_core.package_identification:_identify(src/ldrobot-lidar-ros2) by extension 'ros'
[0.496s] Level 1:colcon.colcon_core.package_identification:_identify(src/ldrobot-lidar-ros2) by extensions ['cmake', 'python']
[0.496s] Level 1:colcon.colcon_core.package_identification:_identify(src/ldrobot-lidar-ros2) by extension 'cmake'
[0.496s] Level 1:colcon.colcon_core.package_identification:_identify(src/ldrobot-lidar-ros2) by extension 'python'
[0.497s] Level 1:colcon.colcon_core.package_identification:_identify(src/ldrobot-lidar-ros2) by extensions ['python_setup_py']
[0.497s] Level 1:colcon.colcon_core.package_identification:_identify(src/ldrobot-lidar-ros2) by extension 'python_setup_py'
[0.497s] Level 1:colcon.colcon_core.package_discovery:discover_packages(recursive) using defaults
[0.497s] Level 1:colcon.colcon_core.package_discovery:discover_packages(ignore) discover
[0.497s] Level 1:colcon.colcon_core.package_discovery:discover_packages(ignore) using defaults
[0.497s] Level 1:colcon.colcon_core.package_discovery:discover_packages(path) discover
[0.497s] Level 1:colcon.colcon_core.package_discovery:discover_packages(path) using defaults
[0.538s] Level 1:colcon.colcon_core.package_discovery:discover_packages(prefix_path) check parameters
[0.538s] Level 1:colcon.colcon_core.package_discovery:discover_packages(prefix_path) discover
[0.546s] DEBUG:colcon.colcon_installed_package_information.package_discovery:Found 419 installed packages in /opt/ros/jazzy
[0.550s] Level 1:colcon.colcon_core.package_discovery:discover_packages(prefix_path) using defaults
[0.687s] Level 5:colcon.colcon_core.verb:set package 'dm' build argument 'cmake_args' from command line to 'None'
[0.687s] Level 5:colcon.colcon_core.verb:set package 'dm' build argument 'cmake_target' from command line to 'None'
[0.687s] Level 5:colcon.colcon_core.verb:set package 'dm' build argument 'cmake_target_skip_unavailable' from command line to 'False'
[0.687s] Level 5:colcon.colcon_core.verb:set package 'dm' build argument 'cmake_clean_cache' from command line to 'False'
[0.687s] Level 5:colcon.colcon_core.verb:set package 'dm' build argument 'cmake_clean_first' from command line to 'False'
[0.687s] Level 5:colcon.colcon_core.verb:set package 'dm' build argument 'cmake_force_configure' from command line to 'False'
[0.687s] Level 5:colcon.colcon_core.verb:set package 'dm' build argument 'ament_cmake_args' from command line to 'None'
[0.687s] Level 5:colcon.colcon_core.verb:set package 'dm' build argument 'catkin_cmake_args' from command line to 'None'
[0.687s] Level 5:colcon.colcon_core.verb:set package 'dm' build argument 'catkin_skip_building_tests' from command line to 'False'
[0.687s] DEBUG:colcon.colcon_core.verb:Building package 'dm' with the following arguments: {'ament_cmake_args': None, 'build_base': '/home/xtal/ROS2-omni-manipulator/build/dm', 'catkin_cmake_args': None, 'catkin_skip_building_tests': False, 'cmake_args': None, 'cmake_clean_cache': False, 'cmake_clean_first': False, 'cmake_force_configure': False, 'cmake_target': None, 'cmake_target_skip_unavailable': False, 'install_base': '/home/xtal/ROS2-omni-manipulator/install/dm', 'merge_install': False, 'path': '/home/xtal/ROS2-omni-manipulator/src/dm', 'symlink_install': True, 'test_result_base': None}
[0.688s] INFO:colcon.colcon_core.executor:Executing jobs using 'parallel' executor
[0.689s] DEBUG:colcon.colcon_parallel_executor.executor.parallel:run_until_complete
[0.690s] INFO:colcon.colcon_ros.task.ament_python.build:Building ROS package in '/home/xtal/ROS2-omni-manipulator/src/dm' with build type 'ament_python'
[0.690s] Level 1:colcon.colcon_core.shell:create_environment_hook('dm', 'ament_prefix_path')
[0.695s] INFO:colcon.colcon_core.plugin_system:Skipping extension 'colcon_core.shell.bat': Not used on non-Windows systems
[0.695s] INFO:colcon.colcon_core.shell:Creating environment hook '/home/xtal/ROS2-omni-manipulator/install/dm/share/dm/hook/ament_prefix_path.ps1'
[0.697s] INFO:colcon.colcon_core.shell:Creating environment descriptor '/home/xtal/ROS2-omni-manipulator/install/dm/share/dm/hook/ament_prefix_path.dsv'
[0.698s] INFO:colcon.colcon_core.shell:Creating environment hook '/home/xtal/ROS2-omni-manipulator/install/dm/share/dm/hook/ament_prefix_path.sh'
[0.700s] INFO:colcon.colcon_core.shell:Skip shell extension 'powershell' for command environment: Not usable outside of PowerShell
[0.700s] DEBUG:colcon.colcon_core.shell:Skip shell extension 'dsv' for command environment
[1.339s] INFO:colcon.colcon_core.task.python.build:Building Python package in '/home/xtal/ROS2-omni-manipulator/src/dm'
[1.339s] INFO:colcon.colcon_core.shell:Skip shell extension 'powershell' for command environment: Not usable outside of PowerShell
[1.340s] DEBUG:colcon.colcon_core.shell:Skip shell extension 'dsv' for command environment
[3.244s] DEBUG:colcon.colcon_core.event_handler.log_command:Invoking command in '/home/xtal/ROS2-omni-manipulator/build/dm': DEBUGINFOD_URLS=https://debuginfod.ubuntu.com PYTHONPATH=/home/xtal/ROS2-omni-manipulator/build/dm/prefix_override:/usr/lib/python3/dist-packages/colcon_core/task/python/colcon_distutils_commands:/home/xtal/ROS2-omni-manipulator/install/dm/lib/python3.12/site-packages:${PYTHONPATH} /usr/bin/python3 -W ignore:setup.py install is deprecated -W ignore:easy_install command is deprecated setup.py develop --editable --build-directory /home/xtal/ROS2-omni-manipulator/build/dm/build --no-deps symlink_data
[5.139s] Level 1:colcon.colcon_core.shell:create_environment_hook('dm', 'pythonpath_develop')
[5.140s] INFO:colcon.colcon_core.shell:Creating environment hook '/home/xtal/ROS2-omni-manipulator/build/dm/share/dm/hook/pythonpath_develop.ps1'
[5.140s] DEBUG:colcon.colcon_core.event_handler.log_command:Invoked command in '/home/xtal/ROS2-omni-manipulator/build/dm' returned '0': DEBUGINFOD_URLS=https://debuginfod.ubuntu.com PYTHONPATH=/home/xtal/ROS2-omni-manipulator/build/dm/prefix_override:/usr/lib/python3/dist-packages/colcon_core/task/python/colcon_distutils_commands:/home/xtal/ROS2-omni-manipulator/install/dm/lib/python3.12/site-packages:${PYTHONPATH} /usr/bin/python3 -W ignore:setup.py install is deprecated -W ignore:easy_install command is deprecated setup.py develop --editable --build-directory /home/xtal/ROS2-omni-manipulator/build/dm/build --no-deps symlink_data
[5.141s] INFO:colcon.colcon_core.shell:Creating environment descriptor '/home/xtal/ROS2-omni-manipulator/build/dm/share/dm/hook/pythonpath_develop.dsv'
[5.142s] INFO:colcon.colcon_core.shell:Creating environment hook '/home/xtal/ROS2-omni-manipulator/build/dm/share/dm/hook/pythonpath_develop.sh'
[5.145s] Level 1:colcon.colcon_core.environment:checking '/home/xtal/ROS2-omni-manipulator/install/dm' for CMake module files
[5.146s] Level 1:colcon.colcon_core.environment:checking '/home/xtal/ROS2-omni-manipulator/install/dm' for CMake config files
[5.147s] Level 1:colcon.colcon_core.environment:checking '/home/xtal/ROS2-omni-manipulator/install/dm/lib'
[5.147s] Level 1:colcon.colcon_core.environment:checking '/home/xtal/ROS2-omni-manipulator/install/dm/bin'
[5.147s] Level 1:colcon.colcon_core.environment:checking '/home/xtal/ROS2-omni-manipulator/install/dm/lib/pkgconfig/dm.pc'
[5.147s] Level 1:colcon.colcon_core.environment:checking '/home/xtal/ROS2-omni-manipulator/install/dm/lib/python3.12/site-packages'
[5.148s] Level 1:colcon.colcon_core.shell:create_environment_hook('dm', 'pythonpath')
[5.148s] INFO:colcon.colcon_core.shell:Creating environment hook '/home/xtal/ROS2-omni-manipulator/install/dm/share/dm/hook/pythonpath.ps1'
[5.148s] INFO:colcon.colcon_core.shell:Creating environment descriptor '/home/xtal/ROS2-omni-manipulator/install/dm/share/dm/hook/pythonpath.dsv'
[5.149s] INFO:colcon.colcon_core.shell:Creating environment hook '/home/xtal/ROS2-omni-manipulator/install/dm/share/dm/hook/pythonpath.sh'
[5.150s] Level 1:colcon.colcon_core.environment:checking '/home/xtal/ROS2-omni-manipulator/install/dm/bin'
[5.150s] Level 1:colcon.colcon_core.environment:create_environment_scripts_only(dm)
[5.150s] INFO:colcon.colcon_core.shell:Creating package script '/home/xtal/ROS2-omni-manipulator/install/dm/share/dm/package.ps1'
[5.151s] INFO:colcon.colcon_core.shell:Creating package descriptor '/home/xtal/ROS2-omni-manipulator/install/dm/share/dm/package.dsv'
[5.152s] INFO:colcon.colcon_core.shell:Creating package script '/home/xtal/ROS2-omni-manipulator/install/dm/share/dm/package.sh'
[5.152s] INFO:colcon.colcon_core.shell:Creating package script '/home/xtal/ROS2-omni-manipulator/install/dm/share/dm/package.bash'
[5.153s] INFO:colcon.colcon_core.shell:Creating package script '/home/xtal/ROS2-omni-manipulator/install/dm/share/dm/package.zsh'
[5.154s] Level 1:colcon.colcon_core.environment:create_file_with_runtime_dependencies(/home/xtal/ROS2-omni-manipulator/install/dm/share/colcon-core/packages/dm)
[5.155s] DEBUG:colcon.colcon_parallel_executor.executor.parallel:closing loop
[5.155s] DEBUG:colcon.colcon_parallel_executor.executor.parallel:loop closed
[5.155s] DEBUG:colcon.colcon_parallel_executor.executor.parallel:run_until_complete finished with '0'
[5.155s] DEBUG:colcon.colcon_core.event_reactor:joining thread
[5.163s] INFO:colcon.colcon_core.plugin_system:Skipping extension 'colcon_notification.desktop_notification.terminal_notifier': Not used on non-Darwin systems
[5.163s] INFO:colcon.colcon_core.plugin_system:Skipping extension 'colcon_notification.desktop_notification.win32': Not used on non-Windows systems
[5.163s] INFO:colcon.colcon_notification.desktop_notification:Sending desktop notification using 'notify2'
[5.184s] DEBUG:colcon.colcon_core.event_reactor:joined thread
[5.184s] INFO:colcon.colcon_core.shell:Creating prefix script '/home/xtal/ROS2-omni-manipulator/install/local_setup.ps1'
[5.185s] INFO:colcon.colcon_core.shell:Creating prefix util module '/home/xtal/ROS2-omni-manipulator/install/_local_setup_util_ps1.py'
[5.187s] INFO:colcon.colcon_core.shell:Creating prefix chain script '/home/xtal/ROS2-omni-manipulator/install/setup.ps1'
[5.188s] INFO:colcon.colcon_core.shell:Creating prefix script '/home/xtal/ROS2-omni-manipulator/install/local_setup.sh'
[5.189s] INFO:colcon.colcon_core.shell:Creating prefix util module '/home/xtal/ROS2-omni-manipulator/install/_local_setup_util_sh.py'
[5.190s] INFO:colcon.colcon_core.shell:Creating prefix chain script '/home/xtal/ROS2-omni-manipulator/install/setup.sh'
[5.191s] INFO:colcon.colcon_core.shell:Creating prefix script '/home/xtal/ROS2-omni-manipulator/install/local_setup.bash'
[5.192s] INFO:colcon.colcon_core.shell:Creating prefix chain script '/home/xtal/ROS2-omni-manipulator/install/setup.bash'
[5.193s] INFO:colcon.colcon_core.shell:Creating prefix script '/home/xtal/ROS2-omni-manipulator/install/local_setup.zsh'
[5.193s] INFO:colcon.colcon_core.shell:Creating prefix chain script '/home/xtal/ROS2-omni-manipulator/install/setup.zsh'
