[0.177s] Invoking command in '/home/xtal/ros2_ws/build/ldlidar_ros2': CMAKE_PREFIX_PATH=${CMAKE_PREFIX_PATH}:/opt/ros/jazzy DEBUGINFOD_URLS=https://debuginfod.ubuntu.com /usr/bin/cmake /home/xtal/ros2_ws/src/ldlidar_ros2 -DAMENT_CMAKE_SYMLINK_INSTALL=1 -DCMAKE_INSTALL_PREFIX=/home/xtal/ros2_ws/install/ldlidar_ros2
[0.224s] -- The C compiler identification is GNU 13.3.0
[0.275s] -- The CXX compiler identification is GNU 13.3.0
[0.289s] -- Detecting C compiler ABI info
[0.371s] -- Detecting C compiler ABI info - done
[0.378s] -- Check for working C compiler: /usr/bin/cc - skipped
[0.378s] -- Detecting C compile features
[0.378s] -- Detecting C compile features - done
[0.386s] -- Detecting CXX compiler ABI info
[0.477s] -- Detecting CXX compiler ABI info - done
[0.485s] -- Check for working CXX compiler: /usr/bin/c++ - skipped
[0.485s] -- Detecting CXX compile features
[0.486s] -- Detecting CXX compile features - done
[0.489s] -- Found ament_cmake: 2.5.3 (/opt/ros/jazzy/share/ament_cmake/cmake)
[0.616s] -- Found Python3: /usr/bin/python3 (found version "3.12.3") found components: Interpreter 
[0.673s] -- Override CMake install command with custom implementation using symlinks instead of copying resources
[0.721s] -- Found rclcpp: 28.1.6 (/opt/ros/jazzy/share/rclcpp/cmake)
[0.771s] -- Found rosidl_generator_c: 4.6.5 (/opt/ros/jazzy/share/rosidl_generator_c/cmake)
[0.786s] -- Found rosidl_generator_cpp: 4.6.5 (/opt/ros/jazzy/share/rosidl_generator_cpp/cmake)
[0.804s] -- Using all available rosidl_typesupport_c: rosidl_typesupport_fastrtps_c;rosidl_typesupport_introspection_c
[0.822s] -- Using all available rosidl_typesupport_cpp: rosidl_typesupport_fastrtps_cpp;rosidl_typesupport_introspection_cpp
[0.911s] -- Found rmw_implementation_cmake: 7.3.1 (/opt/ros/jazzy/share/rmw_implementation_cmake/cmake)
[0.915s] -- Found rmw_fastrtps_cpp: 8.4.1 (/opt/ros/jazzy/share/rmw_fastrtps_cpp/cmake)
[1.015s] -- Found OpenSSL: /usr/lib/x86_64-linux-gnu/libcrypto.so (found version "3.0.13")  
[1.034s] -- Found FastRTPS: /opt/ros/jazzy/include (Required is at least version "2.13") 
[1.055s] -- Using RMW implementation 'rmw_fastrtps_cpp' as default
[1.149s] -- Found sensor_msgs: 5.3.5 (/opt/ros/jazzy/share/sensor_msgs/cmake)
[1.225s] -- Found ament_lint_auto: 0.17.1 (/opt/ros/jazzy/share/ament_lint_auto/cmake)
[1.331s] -- operation system is Linux-6.11.0-19-generic
[1.332s] -- current platform: Linux 
[1.338s] -- Added test 'copyright' to check source files copyright and LICENSE
[1.346s] -- Added test 'cppcheck' to perform static code analysis on C / C++ code
[1.346s] -- Configured cppcheck include dirs: /home/xtal/ros2_ws/src/ldlidar_ros2/include;/home/xtal/ros2_ws/src/ldlidar_ros2/sdk/include
[1.346s] -- Configured cppcheck exclude dirs and/or files: 
[1.355s] -- Added test 'cpplint' to check C / C++ code against the Google style
[1.355s] -- Configured cpplint exclude dirs and/or files: 
[1.356s] -- Added test 'flake8' to check Python code syntax and style conventions
[1.356s] -- Configured 'flake8' exclude dirs and/or files: 
[1.359s] -- Added test 'lint_cmake' to check CMake code style
[1.361s] -- Added test 'pep257' to check Python code against some of the docstring style conventions in PEP 257
[1.369s] -- Added test 'uncrustify' to check C / C++ code style
[1.369s] -- Configured uncrustify additional arguments: 
[1.370s] -- Added test 'xmllint' to check XML markup files
[1.373s] -- Configuring done (1.2s)
[1.385s] -- Generating done (0.0s)
[1.388s] -- Build files have been written to: /home/xtal/ros2_ws/build/ldlidar_ros2
