[0.010s] Invoking command in '/home/xtal/ROS2-omni-manipulator/build/ldlidar_node': CMAKE_PREFIX_PATH=/home/xtal/ROS2-omni-manipulator/install/ldlidar_component:/home/xtal/ROS2-omni-manipulator/install/micro_ros_setup:/home/xtal/ROS2-omni-manipulator/install/micro_ros_agent:/home/xtal/ROS2-omni-manipulator/install/ldlidar:/home/xtal/ROS2-omni-manipulator/install/ldlidar_node:/opt/ros/jazzy/opt/gz_sim_vendor:/opt/ros/jazzy/opt/gz_sensors_vendor:/opt/ros/jazzy/opt/gz_physics_vendor:/opt/ros/jazzy/opt/sdformat_vendor:/opt/ros/jazzy/opt/gz_gui_vendor:/opt/ros/jazzy/opt/gz_transport_vendor:/opt/ros/jazzy/opt/gz_rendering_vendor:/opt/ros/jazzy/opt/gz_plugin_vendor:/opt/ros/jazzy/opt/gz_fuel_tools_vendor:/opt/ros/jazzy/opt/gz_msgs_vendor:/opt/ros/jazzy/opt/gz_common_vendor:/opt/ros/jazzy/opt/gz_math_vendor:/opt/ros/jazzy/opt/gz_utils_vendor:/opt/ros/jazzy/opt/gz_tools_vendor:/opt/ros/jazzy/opt/gz_ogre_next_vendor:/opt/ros/jazzy/opt/gz_dartsim_vendor:/opt/ros/jazzy/opt/gz_cmake_vendor:/home/xtal/ROS2-omni-manipulator/install/dm:/opt/ros/jazzy DEBUGINFOD_URLS=https://debuginfod.ubuntu.com LD_LIBRARY_PATH=/home/xtal/ROS2-omni-manipulator/install/ldlidar_component/lib:/home/xtal/ROS2-omni-manipulator/install/micro_ros_agent/lib:/opt/ros/jazzy/opt/gz_sim_vendor/lib:/opt/ros/jazzy/opt/gz_sensors_vendor/lib:/opt/ros/jazzy/opt/gz_physics_vendor/lib:/opt/ros/jazzy/opt/sdformat_vendor/lib:/opt/ros/jazzy/opt/rviz_ogre_vendor/lib:/opt/ros/jazzy/lib/x86_64-linux-gnu:/opt/ros/jazzy/opt/gz_gui_vendor/lib:/opt/ros/jazzy/opt/gz_transport_vendor/lib:/opt/ros/jazzy/opt/gz_rendering_vendor/lib:/opt/ros/jazzy/opt/gz_plugin_vendor/lib:/opt/ros/jazzy/opt/gz_fuel_tools_vendor/lib:/opt/ros/jazzy/opt/gz_msgs_vendor/lib:/opt/ros/jazzy/opt/gz_common_vendor/lib:/opt/ros/jazzy/opt/gz_math_vendor/lib:/opt/ros/jazzy/opt/gz_utils_vendor/lib:/opt/ros/jazzy/opt/gz_tools_vendor/lib:/opt/ros/jazzy/opt/gz_ogre_next_vendor/lib:/opt/ros/jazzy/opt/gz_dartsim_vendor/lib:/opt/ros/jazzy/opt/gz_cmake_vendor/lib:/opt/ros/jazzy/lib /usr/bin/cmake /home/xtal/ROS2-omni-manipulator/src/ldrobot-lidar-ros2/ldlidar_node -DAMENT_CMAKE_SYMLINK_INSTALL=1 -DCMAKE_INSTALL_PREFIX=/home/xtal/ROS2-omni-manipulator/install/ldlidar_node
[0.065s] -- The C compiler identification is GNU 13.3.0
[0.115s] -- The CXX compiler identification is GNU 13.3.0
[0.130s] -- Detecting C compiler ABI info
[0.217s] -- Detecting C compiler ABI info - done
[0.224s] -- Check for working C compiler: /usr/bin/cc - skipped
[0.224s] -- Detecting C compile features
[0.224s] -- Detecting C compile features - done
[0.233s] -- Detecting CXX compiler ABI info
[0.331s] -- Detecting CXX compiler ABI info - done
[0.339s] -- Check for working CXX compiler: /usr/bin/c++ - skipped
[0.339s] -- Detecting CXX compile features
[0.339s] -- Detecting CXX compile features - done
[0.340s] -- * Found ROS2 jazzy
[0.340s] -- * ROS2 jazzy is officially supported by this package.
[0.344s] -- Found ament_cmake: 2.5.3 (/opt/ros/jazzy/share/ament_cmake/cmake)
[0.489s] -- Found Python3: /usr/bin/python3 (found version "3.12.3") found components: Interpreter 
[0.550s] -- Override CMake install command with custom implementation using symlinks instead of copying resources
[0.606s] -- Found ament_lint_auto: 0.17.1 (/opt/ros/jazzy/share/ament_lint_auto/cmake)
[0.765s] -- Found python_cmake_module: 0.11.1 (/opt/ros/jazzy/share/python_cmake_module/cmake)
[0.881s] -- Found PythonExtra: /usr/bin/python3  
[0.889s] -- Added test 'copyright' to check source files copyright and LICENSE
[0.894s] -- Added test 'flake8' to check Python code syntax and style conventions
[0.894s] -- Configured 'flake8' exclude dirs and/or files: 
[0.895s] -- Added test 'lint_cmake' to check CMake code style
[0.896s] -- Added test 'pep257' to check Python code against some of the docstring style conventions in PEP 257
[0.898s] -- Added test 'xmllint' to check XML markup files
[0.901s] -- Configuring done (0.9s)
[0.904s] -- Generating done (0.0s)
[0.905s] -- Build files have been written to: /home/xtal/ROS2-omni-manipulator/build/ldlidar_node
[0.911s] Invoked command in '/home/xtal/ROS2-omni-manipulator/build/ldlidar_node' returned '0': CMAKE_PREFIX_PATH=/home/xtal/ROS2-omni-manipulator/install/ldlidar_component:/home/xtal/ROS2-omni-manipulator/install/micro_ros_setup:/home/xtal/ROS2-omni-manipulator/install/micro_ros_agent:/home/xtal/ROS2-omni-manipulator/install/ldlidar:/home/xtal/ROS2-omni-manipulator/install/ldlidar_node:/opt/ros/jazzy/opt/gz_sim_vendor:/opt/ros/jazzy/opt/gz_sensors_vendor:/opt/ros/jazzy/opt/gz_physics_vendor:/opt/ros/jazzy/opt/sdformat_vendor:/opt/ros/jazzy/opt/gz_gui_vendor:/opt/ros/jazzy/opt/gz_transport_vendor:/opt/ros/jazzy/opt/gz_rendering_vendor:/opt/ros/jazzy/opt/gz_plugin_vendor:/opt/ros/jazzy/opt/gz_fuel_tools_vendor:/opt/ros/jazzy/opt/gz_msgs_vendor:/opt/ros/jazzy/opt/gz_common_vendor:/opt/ros/jazzy/opt/gz_math_vendor:/opt/ros/jazzy/opt/gz_utils_vendor:/opt/ros/jazzy/opt/gz_tools_vendor:/opt/ros/jazzy/opt/gz_ogre_next_vendor:/opt/ros/jazzy/opt/gz_dartsim_vendor:/opt/ros/jazzy/opt/gz_cmake_vendor:/home/xtal/ROS2-omni-manipulator/install/dm:/opt/ros/jazzy DEBUGINFOD_URLS=https://debuginfod.ubuntu.com LD_LIBRARY_PATH=/home/xtal/ROS2-omni-manipulator/install/ldlidar_component/lib:/home/xtal/ROS2-omni-manipulator/install/micro_ros_agent/lib:/opt/ros/jazzy/opt/gz_sim_vendor/lib:/opt/ros/jazzy/opt/gz_sensors_vendor/lib:/opt/ros/jazzy/opt/gz_physics_vendor/lib:/opt/ros/jazzy/opt/sdformat_vendor/lib:/opt/ros/jazzy/opt/rviz_ogre_vendor/lib:/opt/ros/jazzy/lib/x86_64-linux-gnu:/opt/ros/jazzy/opt/gz_gui_vendor/lib:/opt/ros/jazzy/opt/gz_transport_vendor/lib:/opt/ros/jazzy/opt/gz_rendering_vendor/lib:/opt/ros/jazzy/opt/gz_plugin_vendor/lib:/opt/ros/jazzy/opt/gz_fuel_tools_vendor/lib:/opt/ros/jazzy/opt/gz_msgs_vendor/lib:/opt/ros/jazzy/opt/gz_common_vendor/lib:/opt/ros/jazzy/opt/gz_math_vendor/lib:/opt/ros/jazzy/opt/gz_utils_vendor/lib:/opt/ros/jazzy/opt/gz_tools_vendor/lib:/opt/ros/jazzy/opt/gz_ogre_next_vendor/lib:/opt/ros/jazzy/opt/gz_dartsim_vendor/lib:/opt/ros/jazzy/opt/gz_cmake_vendor/lib:/opt/ros/jazzy/lib /usr/bin/cmake /home/xtal/ROS2-omni-manipulator/src/ldrobot-lidar-ros2/ldlidar_node -DAMENT_CMAKE_SYMLINK_INSTALL=1 -DCMAKE_INSTALL_PREFIX=/home/xtal/ROS2-omni-manipulator/install/ldlidar_node
[0.912s] Invoking command in '/home/xtal/ROS2-omni-manipulator/build/ldlidar_node': CMAKE_PREFIX_PATH=/home/xtal/ROS2-omni-manipulator/install/ldlidar_component:/home/xtal/ROS2-omni-manipulator/install/micro_ros_setup:/home/xtal/ROS2-omni-manipulator/install/micro_ros_agent:/home/xtal/ROS2-omni-manipulator/install/ldlidar:/home/xtal/ROS2-omni-manipulator/install/ldlidar_node:/opt/ros/jazzy/opt/gz_sim_vendor:/opt/ros/jazzy/opt/gz_sensors_vendor:/opt/ros/jazzy/opt/gz_physics_vendor:/opt/ros/jazzy/opt/sdformat_vendor:/opt/ros/jazzy/opt/gz_gui_vendor:/opt/ros/jazzy/opt/gz_transport_vendor:/opt/ros/jazzy/opt/gz_rendering_vendor:/opt/ros/jazzy/opt/gz_plugin_vendor:/opt/ros/jazzy/opt/gz_fuel_tools_vendor:/opt/ros/jazzy/opt/gz_msgs_vendor:/opt/ros/jazzy/opt/gz_common_vendor:/opt/ros/jazzy/opt/gz_math_vendor:/opt/ros/jazzy/opt/gz_utils_vendor:/opt/ros/jazzy/opt/gz_tools_vendor:/opt/ros/jazzy/opt/gz_ogre_next_vendor:/opt/ros/jazzy/opt/gz_dartsim_vendor:/opt/ros/jazzy/opt/gz_cmake_vendor:/home/xtal/ROS2-omni-manipulator/install/dm:/opt/ros/jazzy DEBUGINFOD_URLS=https://debuginfod.ubuntu.com LD_LIBRARY_PATH=/home/xtal/ROS2-omni-manipulator/install/ldlidar_component/lib:/home/xtal/ROS2-omni-manipulator/install/micro_ros_agent/lib:/opt/ros/jazzy/opt/gz_sim_vendor/lib:/opt/ros/jazzy/opt/gz_sensors_vendor/lib:/opt/ros/jazzy/opt/gz_physics_vendor/lib:/opt/ros/jazzy/opt/sdformat_vendor/lib:/opt/ros/jazzy/opt/rviz_ogre_vendor/lib:/opt/ros/jazzy/lib/x86_64-linux-gnu:/opt/ros/jazzy/opt/gz_gui_vendor/lib:/opt/ros/jazzy/opt/gz_transport_vendor/lib:/opt/ros/jazzy/opt/gz_rendering_vendor/lib:/opt/ros/jazzy/opt/gz_plugin_vendor/lib:/opt/ros/jazzy/opt/gz_fuel_tools_vendor/lib:/opt/ros/jazzy/opt/gz_msgs_vendor/lib:/opt/ros/jazzy/opt/gz_common_vendor/lib:/opt/ros/jazzy/opt/gz_math_vendor/lib:/opt/ros/jazzy/opt/gz_utils_vendor/lib:/opt/ros/jazzy/opt/gz_tools_vendor/lib:/opt/ros/jazzy/opt/gz_ogre_next_vendor/lib:/opt/ros/jazzy/opt/gz_dartsim_vendor/lib:/opt/ros/jazzy/opt/gz_cmake_vendor/lib:/opt/ros/jazzy/lib /usr/bin/cmake --build /home/xtal/ROS2-omni-manipulator/build/ldlidar_node -- -j16 -l16
[0.953s] Invoked command in '/home/xtal/ROS2-omni-manipulator/build/ldlidar_node' returned '0': CMAKE_PREFIX_PATH=/home/xtal/ROS2-omni-manipulator/install/ldlidar_component:/home/xtal/ROS2-omni-manipulator/install/micro_ros_setup:/home/xtal/ROS2-omni-manipulator/install/micro_ros_agent:/home/xtal/ROS2-omni-manipulator/install/ldlidar:/home/xtal/ROS2-omni-manipulator/install/ldlidar_node:/opt/ros/jazzy/opt/gz_sim_vendor:/opt/ros/jazzy/opt/gz_sensors_vendor:/opt/ros/jazzy/opt/gz_physics_vendor:/opt/ros/jazzy/opt/sdformat_vendor:/opt/ros/jazzy/opt/gz_gui_vendor:/opt/ros/jazzy/opt/gz_transport_vendor:/opt/ros/jazzy/opt/gz_rendering_vendor:/opt/ros/jazzy/opt/gz_plugin_vendor:/opt/ros/jazzy/opt/gz_fuel_tools_vendor:/opt/ros/jazzy/opt/gz_msgs_vendor:/opt/ros/jazzy/opt/gz_common_vendor:/opt/ros/jazzy/opt/gz_math_vendor:/opt/ros/jazzy/opt/gz_utils_vendor:/opt/ros/jazzy/opt/gz_tools_vendor:/opt/ros/jazzy/opt/gz_ogre_next_vendor:/opt/ros/jazzy/opt/gz_dartsim_vendor:/opt/ros/jazzy/opt/gz_cmake_vendor:/home/xtal/ROS2-omni-manipulator/install/dm:/opt/ros/jazzy DEBUGINFOD_URLS=https://debuginfod.ubuntu.com LD_LIBRARY_PATH=/home/xtal/ROS2-omni-manipulator/install/ldlidar_component/lib:/home/xtal/ROS2-omni-manipulator/install/micro_ros_agent/lib:/opt/ros/jazzy/opt/gz_sim_vendor/lib:/opt/ros/jazzy/opt/gz_sensors_vendor/lib:/opt/ros/jazzy/opt/gz_physics_vendor/lib:/opt/ros/jazzy/opt/sdformat_vendor/lib:/opt/ros/jazzy/opt/rviz_ogre_vendor/lib:/opt/ros/jazzy/lib/x86_64-linux-gnu:/opt/ros/jazzy/opt/gz_gui_vendor/lib:/opt/ros/jazzy/opt/gz_transport_vendor/lib:/opt/ros/jazzy/opt/gz_rendering_vendor/lib:/opt/ros/jazzy/opt/gz_plugin_vendor/lib:/opt/ros/jazzy/opt/gz_fuel_tools_vendor/lib:/opt/ros/jazzy/opt/gz_msgs_vendor/lib:/opt/ros/jazzy/opt/gz_common_vendor/lib:/opt/ros/jazzy/opt/gz_math_vendor/lib:/opt/ros/jazzy/opt/gz_utils_vendor/lib:/opt/ros/jazzy/opt/gz_tools_vendor/lib:/opt/ros/jazzy/opt/gz_ogre_next_vendor/lib:/opt/ros/jazzy/opt/gz_dartsim_vendor/lib:/opt/ros/jazzy/opt/gz_cmake_vendor/lib:/opt/ros/jazzy/lib /usr/bin/cmake --build /home/xtal/ROS2-omni-manipulator/build/ldlidar_node -- -j16 -l16
[0.954s] Invoking command in '/home/xtal/ROS2-omni-manipulator/build/ldlidar_node': CMAKE_PREFIX_PATH=/home/xtal/ROS2-omni-manipulator/install/ldlidar_component:/home/xtal/ROS2-omni-manipulator/install/micro_ros_setup:/home/xtal/ROS2-omni-manipulator/install/micro_ros_agent:/home/xtal/ROS2-omni-manipulator/install/ldlidar:/home/xtal/ROS2-omni-manipulator/install/ldlidar_node:/opt/ros/jazzy/opt/gz_sim_vendor:/opt/ros/jazzy/opt/gz_sensors_vendor:/opt/ros/jazzy/opt/gz_physics_vendor:/opt/ros/jazzy/opt/sdformat_vendor:/opt/ros/jazzy/opt/gz_gui_vendor:/opt/ros/jazzy/opt/gz_transport_vendor:/opt/ros/jazzy/opt/gz_rendering_vendor:/opt/ros/jazzy/opt/gz_plugin_vendor:/opt/ros/jazzy/opt/gz_fuel_tools_vendor:/opt/ros/jazzy/opt/gz_msgs_vendor:/opt/ros/jazzy/opt/gz_common_vendor:/opt/ros/jazzy/opt/gz_math_vendor:/opt/ros/jazzy/opt/gz_utils_vendor:/opt/ros/jazzy/opt/gz_tools_vendor:/opt/ros/jazzy/opt/gz_ogre_next_vendor:/opt/ros/jazzy/opt/gz_dartsim_vendor:/opt/ros/jazzy/opt/gz_cmake_vendor:/home/xtal/ROS2-omni-manipulator/install/dm:/opt/ros/jazzy DEBUGINFOD_URLS=https://debuginfod.ubuntu.com LD_LIBRARY_PATH=/home/xtal/ROS2-omni-manipulator/install/ldlidar_component/lib:/home/xtal/ROS2-omni-manipulator/install/micro_ros_agent/lib:/opt/ros/jazzy/opt/gz_sim_vendor/lib:/opt/ros/jazzy/opt/gz_sensors_vendor/lib:/opt/ros/jazzy/opt/gz_physics_vendor/lib:/opt/ros/jazzy/opt/sdformat_vendor/lib:/opt/ros/jazzy/opt/rviz_ogre_vendor/lib:/opt/ros/jazzy/lib/x86_64-linux-gnu:/opt/ros/jazzy/opt/gz_gui_vendor/lib:/opt/ros/jazzy/opt/gz_transport_vendor/lib:/opt/ros/jazzy/opt/gz_rendering_vendor/lib:/opt/ros/jazzy/opt/gz_plugin_vendor/lib:/opt/ros/jazzy/opt/gz_fuel_tools_vendor/lib:/opt/ros/jazzy/opt/gz_msgs_vendor/lib:/opt/ros/jazzy/opt/gz_common_vendor/lib:/opt/ros/jazzy/opt/gz_math_vendor/lib:/opt/ros/jazzy/opt/gz_utils_vendor/lib:/opt/ros/jazzy/opt/gz_tools_vendor/lib:/opt/ros/jazzy/opt/gz_ogre_next_vendor/lib:/opt/ros/jazzy/opt/gz_dartsim_vendor/lib:/opt/ros/jazzy/opt/gz_cmake_vendor/lib:/opt/ros/jazzy/lib /usr/bin/cmake --install /home/xtal/ROS2-omni-manipulator/build/ldlidar_node
[0.961s] -- Install configuration: ""
[0.962s] -- Execute custom install script
[0.962s] -- Symlinking: /home/xtal/ROS2-omni-manipulator/install/ldlidar_node/share/ldlidar_node/params/ldlidar.yaml
[0.971s] -- Symlinking: /home/xtal/ROS2-omni-manipulator/install/ldlidar_node/share/ldlidar_node/params/lifecycle_mgr.yaml
[0.980s] -- Symlinking: /home/xtal/ROS2-omni-manipulator/install/ldlidar_node/share/ldlidar_node/params/lifecycle_mgr_slam.yaml
[0.990s] -- Symlinking: /home/xtal/ROS2-omni-manipulator/install/ldlidar_node/share/ldlidar_node/params/slam_toolbox.yaml
[1.001s] -- Symlinking: /home/xtal/ROS2-omni-manipulator/install/ldlidar_node/share/ldlidar_node/config/ldlidar.rviz
[1.011s] -- Symlinking: /home/xtal/ROS2-omni-manipulator/install/ldlidar_node/share/ldlidar_node/config/ldlidar_slam.rviz
[1.022s] -- Symlinking: /home/xtal/ROS2-omni-manipulator/install/ldlidar_node/share/ldlidar_node/urdf/ldlidar_descr.urdf.xml
[1.032s] -- Symlinking: /home/xtal/ROS2-omni-manipulator/install/ldlidar_node/share/ldlidar_node/urdf/model/LD19.stl
[1.045s] -- Symlinking: /home/xtal/ROS2-omni-manipulator/install/ldlidar_node/share/ldlidar_node/launch/.data
[1.055s] -- Symlinking: /home/xtal/ROS2-omni-manipulator/install/ldlidar_node/share/ldlidar_node/launch/.posegraph
[1.065s] -- Symlinking: /home/xtal/ROS2-omni-manipulator/install/ldlidar_node/share/ldlidar_node/launch/__pycache__/ldlidar_bringup.launch.cpython-312.pyc
[1.074s] -- Symlinking: /home/xtal/ROS2-omni-manipulator/install/ldlidar_node/share/ldlidar_node/launch/__pycache__/ldlidar_rviz2.launch.cpython-312.pyc
[1.085s] -- Symlinking: /home/xtal/ROS2-omni-manipulator/install/ldlidar_node/share/ldlidar_node/launch/__pycache__/ldlidar_slam.launch.cpython-312.pyc
[1.097s] -- Symlinking: /home/xtal/ROS2-omni-manipulator/install/ldlidar_node/share/ldlidar_node/launch/__pycache__/ldlidar_with_mgr.launch.cpython-312.pyc
[1.108s] -- Symlinking: /home/xtal/ROS2-omni-manipulator/install/ldlidar_node/share/ldlidar_node/launch/ldlidar_bringup.launch.py
[1.119s] -- Symlinking: /home/xtal/ROS2-omni-manipulator/install/ldlidar_node/share/ldlidar_node/launch/ldlidar_rviz2.launch.py
[1.128s] -- Symlinking: /home/xtal/ROS2-omni-manipulator/install/ldlidar_node/share/ldlidar_node/launch/ldlidar_slam.launch.py
[1.138s] -- Symlinking: /home/xtal/ROS2-omni-manipulator/install/ldlidar_node/share/ldlidar_node/launch/ldlidar_with_mgr.launch.py
[1.148s] -- Symlinking: /home/xtal/ROS2-omni-manipulator/install/ldlidar_node/share/ament_index/resource_index/package_run_dependencies/ldlidar_node
[1.158s] -- Symlinking: /home/xtal/ROS2-omni-manipulator/install/ldlidar_node/share/ament_index/resource_index/parent_prefix_path/ldlidar_node
[1.169s] -- Symlinking: /home/xtal/ROS2-omni-manipulator/install/ldlidar_node/share/ldlidar_node/environment/ament_prefix_path.sh
[1.179s] -- Symlinking: /home/xtal/ROS2-omni-manipulator/install/ldlidar_node/share/ldlidar_node/environment/ament_prefix_path.dsv
[1.188s] -- Symlinking: /home/xtal/ROS2-omni-manipulator/install/ldlidar_node/share/ldlidar_node/environment/path.sh
[1.199s] -- Symlinking: /home/xtal/ROS2-omni-manipulator/install/ldlidar_node/share/ldlidar_node/environment/path.dsv
[1.209s] -- Symlinking: /home/xtal/ROS2-omni-manipulator/install/ldlidar_node/share/ldlidar_node/local_setup.bash
[1.218s] -- Symlinking: /home/xtal/ROS2-omni-manipulator/install/ldlidar_node/share/ldlidar_node/local_setup.sh
[1.228s] -- Symlinking: /home/xtal/ROS2-omni-manipulator/install/ldlidar_node/share/ldlidar_node/local_setup.zsh
[1.237s] -- Symlinking: /home/xtal/ROS2-omni-manipulator/install/ldlidar_node/share/ldlidar_node/local_setup.dsv
[1.248s] -- Symlinking: /home/xtal/ROS2-omni-manipulator/install/ldlidar_node/share/ldlidar_node/package.dsv
[1.258s] -- Symlinking: /home/xtal/ROS2-omni-manipulator/install/ldlidar_node/share/ament_index/resource_index/packages/ldlidar_node
[1.267s] -- Symlinking: /home/xtal/ROS2-omni-manipulator/install/ldlidar_node/share/ldlidar_node/cmake/ldlidar_nodeConfig.cmake
[1.277s] -- Symlinking: /home/xtal/ROS2-omni-manipulator/install/ldlidar_node/share/ldlidar_node/cmake/ldlidar_nodeConfig-version.cmake
[1.286s] -- Symlinking: /home/xtal/ROS2-omni-manipulator/install/ldlidar_node/share/ldlidar_node/package.xml
[1.299s] Invoked command in '/home/xtal/ROS2-omni-manipulator/build/ldlidar_node' returned '0': CMAKE_PREFIX_PATH=/home/xtal/ROS2-omni-manipulator/install/ldlidar_component:/home/xtal/ROS2-omni-manipulator/install/micro_ros_setup:/home/xtal/ROS2-omni-manipulator/install/micro_ros_agent:/home/xtal/ROS2-omni-manipulator/install/ldlidar:/home/xtal/ROS2-omni-manipulator/install/ldlidar_node:/opt/ros/jazzy/opt/gz_sim_vendor:/opt/ros/jazzy/opt/gz_sensors_vendor:/opt/ros/jazzy/opt/gz_physics_vendor:/opt/ros/jazzy/opt/sdformat_vendor:/opt/ros/jazzy/opt/gz_gui_vendor:/opt/ros/jazzy/opt/gz_transport_vendor:/opt/ros/jazzy/opt/gz_rendering_vendor:/opt/ros/jazzy/opt/gz_plugin_vendor:/opt/ros/jazzy/opt/gz_fuel_tools_vendor:/opt/ros/jazzy/opt/gz_msgs_vendor:/opt/ros/jazzy/opt/gz_common_vendor:/opt/ros/jazzy/opt/gz_math_vendor:/opt/ros/jazzy/opt/gz_utils_vendor:/opt/ros/jazzy/opt/gz_tools_vendor:/opt/ros/jazzy/opt/gz_ogre_next_vendor:/opt/ros/jazzy/opt/gz_dartsim_vendor:/opt/ros/jazzy/opt/gz_cmake_vendor:/home/xtal/ROS2-omni-manipulator/install/dm:/opt/ros/jazzy DEBUGINFOD_URLS=https://debuginfod.ubuntu.com LD_LIBRARY_PATH=/home/xtal/ROS2-omni-manipulator/install/ldlidar_component/lib:/home/xtal/ROS2-omni-manipulator/install/micro_ros_agent/lib:/opt/ros/jazzy/opt/gz_sim_vendor/lib:/opt/ros/jazzy/opt/gz_sensors_vendor/lib:/opt/ros/jazzy/opt/gz_physics_vendor/lib:/opt/ros/jazzy/opt/sdformat_vendor/lib:/opt/ros/jazzy/opt/rviz_ogre_vendor/lib:/opt/ros/jazzy/lib/x86_64-linux-gnu:/opt/ros/jazzy/opt/gz_gui_vendor/lib:/opt/ros/jazzy/opt/gz_transport_vendor/lib:/opt/ros/jazzy/opt/gz_rendering_vendor/lib:/opt/ros/jazzy/opt/gz_plugin_vendor/lib:/opt/ros/jazzy/opt/gz_fuel_tools_vendor/lib:/opt/ros/jazzy/opt/gz_msgs_vendor/lib:/opt/ros/jazzy/opt/gz_common_vendor/lib:/opt/ros/jazzy/opt/gz_math_vendor/lib:/opt/ros/jazzy/opt/gz_utils_vendor/lib:/opt/ros/jazzy/opt/gz_tools_vendor/lib:/opt/ros/jazzy/opt/gz_ogre_next_vendor/lib:/opt/ros/jazzy/opt/gz_dartsim_vendor/lib:/opt/ros/jazzy/opt/gz_cmake_vendor/lib:/opt/ros/jazzy/lib /usr/bin/cmake --install /home/xtal/ROS2-omni-manipulator/build/ldlidar_node
