[0.020s] Invoking command in '/home/xtal/ROS2-omni-manipulator/build/micro_ros_msgs': CMAKE_PREFIX_PATH=${CMAKE_PREFIX_PATH}:/home/xtal/ROS2-omni-manipulator/install/dm:/opt/ros/jazzy DEBUGINFOD_URLS=https://debuginfod.ubuntu.com /usr/bin/cmake /home/xtal/ROS2-omni-manipulator/src/uros/micro_ros_msgs -DAMENT_CMAKE_SYMLINK_INSTALL=1 -DCMAKE_INSTALL_PREFIX=/home/xtal/ROS2-omni-manipulator/install/micro_ros_msgs
[0.239s] -- The C compiler identification is GNU 13.3.0
[0.239s] -- The CXX compiler identification is GNU 13.3.0
[0.239s] -- Detecting C compiler ABI info
[0.239s] -- Detecting C compiler ABI info - done
[0.239s] -- Check for working C compiler: /usr/bin/cc - skipped
[0.239s] -- Detecting C compile features
[0.239s] -- Detecting C compile features - done
[0.239s] -- Detecting CXX compiler ABI info
[0.333s] -- Detecting CXX compiler ABI info - done
[0.341s] -- Check for working CXX compiler: /usr/bin/c++ - skipped
[0.341s] -- Detecting CXX compile features
[0.341s] -- Detecting CXX compile features - done
[0.346s] -- Found ament_cmake: 2.5.3 (/opt/ros/jazzy/share/ament_cmake/cmake)
[0.504s] -- Found Python3: /usr/bin/python3 (found version "3.12.3") found components: Interpreter 
[0.577s] -- Override CMake install command with custom implementation using symlinks instead of copying resources
[0.632s] -- Found rosidl_default_generators: 1.6.0 (/opt/ros/jazzy/share/rosidl_default_generators/cmake)
[0.641s] -- Using all available rosidl_typesupport_c: rosidl_typesupport_fastrtps_c;rosidl_typesupport_introspection_c
[0.713s] -- Using all available rosidl_typesupport_cpp: rosidl_typesupport_fastrtps_cpp;rosidl_typesupport_introspection_cpp
[0.772s] -- Found rosidl_adapter: 4.6.5 (/opt/ros/jazzy/share/rosidl_adapter/cmake)
[0.778s] -- Found ament_lint_auto: 0.17.1 (/opt/ros/jazzy/share/ament_lint_auto/cmake)
[1.365s] -- Found ament_cmake_ros: 0.12.0 (/opt/ros/jazzy/share/ament_cmake_ros/cmake)
[1.758s] -- Using all available rosidl_typesupport_c: rosidl_typesupport_fastrtps_c;rosidl_typesupport_introspection_c
[2.361s] -- Using all available rosidl_typesupport_cpp: rosidl_typesupport_fastrtps_cpp;rosidl_typesupport_introspection_cpp
[2.366s] -- Found python_cmake_module: 0.11.1 (/opt/ros/jazzy/share/python_cmake_module/cmake)
[2.506s] -- Found PythonExtra: /usr/bin/python3  
[2.937s] -- Found Python3: /usr/bin/python3 (found version "3.12.3") found components: Interpreter Development NumPy Development.Module Development.Embed 
[2.969s] -- Added test 'copyright' to check source files copyright and LICENSE
[2.977s] -- Added test 'lint_cmake' to check CMake code style
[2.981s] -- Added test 'xmllint' to check XML markup files
[2.988s] -- Configuring done (3.0s)
[3.020s] -- Generating done (0.0s)
[3.029s] -- Build files have been written to: /home/xtal/ROS2-omni-manipulator/build/micro_ros_msgs
[3.038s] Invoked command in '/home/xtal/ROS2-omni-manipulator/build/micro_ros_msgs' returned '0': CMAKE_PREFIX_PATH=${CMAKE_PREFIX_PATH}:/home/xtal/ROS2-omni-manipulator/install/dm:/opt/ros/jazzy DEBUGINFOD_URLS=https://debuginfod.ubuntu.com /usr/bin/cmake /home/xtal/ROS2-omni-manipulator/src/uros/micro_ros_msgs -DAMENT_CMAKE_SYMLINK_INSTALL=1 -DCMAKE_INSTALL_PREFIX=/home/xtal/ROS2-omni-manipulator/install/micro_ros_msgs
[3.039s] Invoking command in '/home/xtal/ROS2-omni-manipulator/build/micro_ros_msgs': CMAKE_PREFIX_PATH=${CMAKE_PREFIX_PATH}:/home/xtal/ROS2-omni-manipulator/install/dm:/opt/ros/jazzy DEBUGINFOD_URLS=https://debuginfod.ubuntu.com /usr/bin/cmake --build /home/xtal/ROS2-omni-manipulator/build/micro_ros_msgs -- -j16 -l16
[3.095s] [  1%] [34m[1mGenerating type hashes for ROS interfaces[0m
[3.106s] [  1%] Built target ament_cmake_python_symlink_micro_ros_msgs
[3.303s] [  1%] Built target micro_ros_msgs__rosidl_generator_type_description
[3.315s] [  3%] [34m[1mGenerating C code for ROS interfaces[0m
[3.327s] [  5%] [34m[1mGenerating C++ code for ROS interfaces[0m
[3.349s] running egg_info
[3.349s] creating micro_ros_msgs.egg-info
[3.375s] writing micro_ros_msgs.egg-info/PKG-INFO
[3.375s] writing dependency_links to micro_ros_msgs.egg-info/dependency_links.txt
[3.375s] writing top-level names to micro_ros_msgs.egg-info/top_level.txt
[3.375s] writing manifest file 'micro_ros_msgs.egg-info/SOURCES.txt'
[3.452s] reading manifest file 'micro_ros_msgs.egg-info/SOURCES.txt'
[3.452s] writing manifest file 'micro_ros_msgs.egg-info/SOURCES.txt'
[3.487s] [  5%] Built target ament_cmake_python_build_micro_ros_msgs_egg
[3.619s] [  5%] Built target micro_ros_msgs__cpp
[3.678s] [  9%] [32mBuilding C object CMakeFiles/micro_ros_msgs__rosidl_generator_c.dir/rosidl_generator_c/micro_ros_msgs/msg/detail/graph__type_support.c.o[0m
[3.678s] [  9%] [32mBuilding C object CMakeFiles/micro_ros_msgs__rosidl_generator_c.dir/rosidl_generator_c/micro_ros_msgs/msg/detail/graph__description.c.o[0m
[3.678s] [ 11%] [32mBuilding C object CMakeFiles/micro_ros_msgs__rosidl_generator_c.dir/rosidl_generator_c/micro_ros_msgs/msg/detail/node__functions.c.o[0m
[3.679s] [ 12%] [32mBuilding C object CMakeFiles/micro_ros_msgs__rosidl_generator_c.dir/rosidl_generator_c/micro_ros_msgs/msg/detail/node__description.c.o[0m
[3.680s] [ 14%] [32mBuilding C object CMakeFiles/micro_ros_msgs__rosidl_generator_c.dir/rosidl_generator_c/micro_ros_msgs/msg/detail/entity__description.c.o[0m
[3.681s] [ 16%] [32mBuilding C object CMakeFiles/micro_ros_msgs__rosidl_generator_c.dir/rosidl_generator_c/micro_ros_msgs/msg/detail/graph__functions.c.o[0m
[3.681s] [ 18%] [32mBuilding C object CMakeFiles/micro_ros_msgs__rosidl_generator_c.dir/rosidl_generator_c/micro_ros_msgs/msg/detail/node__type_support.c.o[0m
[3.681s] [ 20%] [32mBuilding C object CMakeFiles/micro_ros_msgs__rosidl_generator_c.dir/rosidl_generator_c/micro_ros_msgs/msg/detail/entity__type_support.c.o[0m
[3.681s] [ 22%] [32mBuilding C object CMakeFiles/micro_ros_msgs__rosidl_generator_c.dir/rosidl_generator_c/micro_ros_msgs/msg/detail/entity__functions.c.o[0m
[3.740s] [ 24%] [32m[1mLinking C shared library libmicro_ros_msgs__rosidl_generator_c.so[0m
[3.780s] [ 24%] Built target micro_ros_msgs__rosidl_generator_c
[3.794s] [ 27%] [34m[1mGenerating C introspection for ROS interfaces[0m
[3.794s] [ 27%] [34m[1mGenerating C++ type support for eProsima Fast-RTPS[0m
[3.794s] [ 29%] [34m[1mGenerating C type support dispatch for ROS interfaces[0m
[3.794s] [ 33%] [34m[1mGenerating C++ introspection for ROS interfaces[0m
[3.794s] [ 33%] [34m[1mGenerating C type support for eProsima Fast-RTPS[0m
[3.794s] [ 35%] [34m[1mGenerating C++ type support dispatch for ROS interfaces[0m
[4.109s] [ 40%] [32mBuilding CXX object CMakeFiles/micro_ros_msgs__rosidl_typesupport_c.dir/rosidl_typesupport_c/micro_ros_msgs/msg/node__type_support.cpp.o[0m
[4.109s] [ 40%] [32mBuilding CXX object CMakeFiles/micro_ros_msgs__rosidl_typesupport_c.dir/rosidl_typesupport_c/micro_ros_msgs/msg/graph__type_support.cpp.o[0m
[4.109s] [ 40%] [32mBuilding CXX object CMakeFiles/micro_ros_msgs__rosidl_typesupport_c.dir/rosidl_typesupport_c/micro_ros_msgs/msg/entity__type_support.cpp.o[0m
[4.152s] [ 44%] [32mBuilding CXX object CMakeFiles/micro_ros_msgs__rosidl_typesupport_cpp.dir/rosidl_typesupport_cpp/micro_ros_msgs/msg/graph__type_support.cpp.o[0m
[4.152s] [ 44%] [32mBuilding CXX object CMakeFiles/micro_ros_msgs__rosidl_typesupport_cpp.dir/rosidl_typesupport_cpp/micro_ros_msgs/msg/node__type_support.cpp.o[0m
[4.153s] [ 46%] [32mBuilding CXX object CMakeFiles/micro_ros_msgs__rosidl_typesupport_cpp.dir/rosidl_typesupport_cpp/micro_ros_msgs/msg/entity__type_support.cpp.o[0m
[4.180s] [ 48%] [32m[1mLinking CXX shared library libmicro_ros_msgs__rosidl_typesupport_c.so[0m
[4.233s] [ 50%] [32mBuilding CXX object CMakeFiles/micro_ros_msgs__rosidl_typesupport_introspection_cpp.dir/rosidl_typesupport_introspection_cpp/micro_ros_msgs/msg/detail/node__type_support.cpp.o[0m
[4.238s] [ 55%] [32mBuilding CXX object CMakeFiles/micro_ros_msgs__rosidl_typesupport_introspection_cpp.dir/rosidl_typesupport_introspection_cpp/micro_ros_msgs/msg/detail/graph__type_support.cpp.o[0m
[4.238s] [ 55%] [32mBuilding C object CMakeFiles/micro_ros_msgs__rosidl_typesupport_introspection_c.dir/rosidl_typesupport_introspection_c/micro_ros_msgs/msg/detail/graph__type_support.c.o[0m
[4.238s] [ 55%] [32mBuilding CXX object CMakeFiles/micro_ros_msgs__rosidl_typesupport_introspection_cpp.dir/rosidl_typesupport_introspection_cpp/micro_ros_msgs/msg/detail/entity__type_support.cpp.o[0m
[4.240s] [ 57%] [32mBuilding C object CMakeFiles/micro_ros_msgs__rosidl_typesupport_introspection_c.dir/rosidl_typesupport_introspection_c/micro_ros_msgs/msg/detail/entity__type_support.c.o[0m
[4.241s] [ 59%] [32mBuilding C object CMakeFiles/micro_ros_msgs__rosidl_typesupport_introspection_c.dir/rosidl_typesupport_introspection_c/micro_ros_msgs/msg/detail/node__type_support.c.o[0m
[4.247s] [ 61%] [32mBuilding CXX object CMakeFiles/micro_ros_msgs__rosidl_typesupport_fastrtps_cpp.dir/rosidl_typesupport_fastrtps_cpp/micro_ros_msgs/msg/detail/dds_fastrtps/node__type_support.cpp.o[0m
[4.249s] [ 62%] [32mBuilding CXX object CMakeFiles/micro_ros_msgs__rosidl_typesupport_fastrtps_cpp.dir/rosidl_typesupport_fastrtps_cpp/micro_ros_msgs/msg/detail/dds_fastrtps/graph__type_support.cpp.o[0m
[4.251s] [ 64%] [32mBuilding CXX object CMakeFiles/micro_ros_msgs__rosidl_typesupport_fastrtps_cpp.dir/rosidl_typesupport_fastrtps_cpp/micro_ros_msgs/msg/detail/dds_fastrtps/entity__type_support.cpp.o[0m
[4.253s] [ 64%] Built target micro_ros_msgs__rosidl_typesupport_c
[4.317s] [ 66%] [32m[1mLinking C shared library libmicro_ros_msgs__rosidl_typesupport_introspection_c.so[0m
[4.332s] [ 68%] [32mBuilding CXX object CMakeFiles/micro_ros_msgs__rosidl_typesupport_fastrtps_c.dir/rosidl_typesupport_fastrtps_c/micro_ros_msgs/msg/detail/graph__type_support_c.cpp.o[0m
[4.343s] [ 70%] [32mBuilding CXX object CMakeFiles/micro_ros_msgs__rosidl_typesupport_fastrtps_c.dir/rosidl_typesupport_fastrtps_c/micro_ros_msgs/msg/detail/node__type_support_c.cpp.o[0m
[4.357s] [ 72%] [32mBuilding CXX object CMakeFiles/micro_ros_msgs__rosidl_typesupport_fastrtps_c.dir/rosidl_typesupport_fastrtps_c/micro_ros_msgs/msg/detail/entity__type_support_c.cpp.o[0m
[4.414s] [ 72%] Built target micro_ros_msgs__rosidl_typesupport_introspection_c
[4.619s] [ 74%] [32m[1mLinking CXX shared library libmicro_ros_msgs__rosidl_typesupport_cpp.so[0m
[4.697s] [ 74%] Built target micro_ros_msgs__rosidl_typesupport_cpp
[4.867s] [ 75%] [32m[1mLinking CXX shared library libmicro_ros_msgs__rosidl_typesupport_introspection_cpp.so[0m
[4.998s] [ 77%] [32m[1mLinking CXX shared library libmicro_ros_msgs__rosidl_typesupport_fastrtps_cpp.so[0m
[5.026s] [ 77%] Built target micro_ros_msgs__rosidl_typesupport_introspection_cpp
[5.027s] [ 79%] [32m[1mLinking CXX shared library libmicro_ros_msgs__rosidl_typesupport_fastrtps_c.so[0m
[5.125s] [ 79%] Built target micro_ros_msgs__rosidl_typesupport_fastrtps_cpp
[5.148s] [ 79%] Built target micro_ros_msgs__rosidl_typesupport_fastrtps_c
[5.173s] [ 79%] Built target micro_ros_msgs
[5.205s] [ 81%] [34m[1mGenerating Python code for ROS interfaces[0m
[5.716s] [ 81%] Built target micro_ros_msgs__py
[5.745s] [ 85%] [32mBuilding C object CMakeFiles/micro_ros_msgs__rosidl_generator_py.dir/rosidl_generator_py/micro_ros_msgs/msg/_graph_s.c.o[0m
[5.745s] [ 85%] [32mBuilding C object CMakeFiles/micro_ros_msgs__rosidl_generator_py.dir/rosidl_generator_py/micro_ros_msgs/msg/_node_s.c.o[0m
[5.747s] [ 87%] [32mBuilding C object CMakeFiles/micro_ros_msgs__rosidl_generator_py.dir/rosidl_generator_py/micro_ros_msgs/msg/_entity_s.c.o[0m
[5.941s] [ 88%] [32m[1mLinking C shared library libmicro_ros_msgs__rosidl_generator_py.so[0m
[6.007s] [ 88%] Built target micro_ros_msgs__rosidl_generator_py
[6.060s] [ 90%] [32mBuilding C object CMakeFiles/micro_ros_msgs_s__rosidl_typesupport_c.dir/rosidl_generator_py/micro_ros_msgs/_micro_ros_msgs_s.ep.rosidl_typesupport_c.c.o[0m
[6.087s] [ 92%] [32mBuilding C object CMakeFiles/micro_ros_msgs_s__rosidl_typesupport_introspection_c.dir/rosidl_generator_py/micro_ros_msgs/_micro_ros_msgs_s.ep.rosidl_typesupport_introspection_c.c.o[0m
[6.093s] [ 94%] [32mBuilding C object CMakeFiles/micro_ros_msgs_s__rosidl_typesupport_fastrtps_c.dir/rosidl_generator_py/micro_ros_msgs/_micro_ros_msgs_s.ep.rosidl_typesupport_fastrtps_c.c.o[0m
[6.346s] [ 96%] [32m[1mLinking C shared module rosidl_generator_py/micro_ros_msgs/micro_ros_msgs_s__rosidl_typesupport_c.so[0m
[6.409s] [ 96%] Built target micro_ros_msgs_s__rosidl_typesupport_c
[6.414s] [ 98%] [32m[1mLinking C shared module rosidl_generator_py/micro_ros_msgs/micro_ros_msgs_s__rosidl_typesupport_fastrtps_c.so[0m
[6.448s] [100%] [32m[1mLinking C shared module rosidl_generator_py/micro_ros_msgs/micro_ros_msgs_s__rosidl_typesupport_introspection_c.so[0m
[6.498s] [100%] Built target micro_ros_msgs_s__rosidl_typesupport_fastrtps_c
[6.514s] [100%] Built target micro_ros_msgs_s__rosidl_typesupport_introspection_c
[6.539s] Invoked command in '/home/xtal/ROS2-omni-manipulator/build/micro_ros_msgs' returned '0': CMAKE_PREFIX_PATH=${CMAKE_PREFIX_PATH}:/home/xtal/ROS2-omni-manipulator/install/dm:/opt/ros/jazzy DEBUGINFOD_URLS=https://debuginfod.ubuntu.com /usr/bin/cmake --build /home/xtal/ROS2-omni-manipulator/build/micro_ros_msgs -- -j16 -l16
[6.540s] Invoking command in '/home/xtal/ROS2-omni-manipulator/build/micro_ros_msgs': CMAKE_PREFIX_PATH=${CMAKE_PREFIX_PATH}:/home/xtal/ROS2-omni-manipulator/install/dm:/opt/ros/jazzy DEBUGINFOD_URLS=https://debuginfod.ubuntu.com /usr/bin/cmake --install /home/xtal/ROS2-omni-manipulator/build/micro_ros_msgs
[6.559s] -- Install configuration: ""
[6.559s] -- Execute custom install script
[6.559s] -- Symlinking: /home/xtal/ROS2-omni-manipulator/install/micro_ros_msgs/share/ament_index/resource_index/rosidl_interfaces/micro_ros_msgs
[6.574s] -- Symlinking: /home/xtal/ROS2-omni-manipulator/install/micro_ros_msgs/share/micro_ros_msgs/msg/Graph.json
[6.589s] -- Symlinking: /home/xtal/ROS2-omni-manipulator/install/micro_ros_msgs/share/micro_ros_msgs/msg/Node.json
[6.602s] -- Symlinking: /home/xtal/ROS2-omni-manipulator/install/micro_ros_msgs/share/micro_ros_msgs/msg/Entity.json
[6.623s] -- Symlinking: /home/xtal/ROS2-omni-manipulator/install/micro_ros_msgs/include/micro_ros_msgs/micro_ros_msgs/msg/detail/entity__functions.h
[6.642s] -- Symlinking: /home/xtal/ROS2-omni-manipulator/install/micro_ros_msgs/include/micro_ros_msgs/micro_ros_msgs/msg/detail/entity__struct.h
[6.660s] -- Symlinking: /home/xtal/ROS2-omni-manipulator/install/micro_ros_msgs/include/micro_ros_msgs/micro_ros_msgs/msg/detail/entity__type_support.h
[6.675s] -- Symlinking: /home/xtal/ROS2-omni-manipulator/install/micro_ros_msgs/include/micro_ros_msgs/micro_ros_msgs/msg/detail/graph__functions.h
[6.689s] -- Symlinking: /home/xtal/ROS2-omni-manipulator/install/micro_ros_msgs/include/micro_ros_msgs/micro_ros_msgs/msg/detail/graph__struct.h
[6.701s] -- Symlinking: /home/xtal/ROS2-omni-manipulator/install/micro_ros_msgs/include/micro_ros_msgs/micro_ros_msgs/msg/detail/graph__type_support.h
[6.714s] -- Symlinking: /home/xtal/ROS2-omni-manipulator/install/micro_ros_msgs/include/micro_ros_msgs/micro_ros_msgs/msg/detail/node__functions.h
[6.726s] -- Symlinking: /home/xtal/ROS2-omni-manipulator/install/micro_ros_msgs/include/micro_ros_msgs/micro_ros_msgs/msg/detail/node__struct.h
[6.740s] -- Symlinking: /home/xtal/ROS2-omni-manipulator/install/micro_ros_msgs/include/micro_ros_msgs/micro_ros_msgs/msg/detail/node__type_support.h
[6.752s] -- Symlinking: /home/xtal/ROS2-omni-manipulator/install/micro_ros_msgs/include/micro_ros_msgs/micro_ros_msgs/msg/entity.h
[6.765s] -- Symlinking: /home/xtal/ROS2-omni-manipulator/install/micro_ros_msgs/include/micro_ros_msgs/micro_ros_msgs/msg/graph.h
[6.776s] -- Symlinking: /home/xtal/ROS2-omni-manipulator/install/micro_ros_msgs/include/micro_ros_msgs/micro_ros_msgs/msg/node.h
[6.787s] -- Symlinking: /home/xtal/ROS2-omni-manipulator/install/micro_ros_msgs/include/micro_ros_msgs/micro_ros_msgs/msg/rosidl_generator_c__visibility_control.h
[6.799s] -- Symlinking: /home/xtal/ROS2-omni-manipulator/install/micro_ros_msgs/share/micro_ros_msgs/environment/library_path.sh
[6.811s] -- Symlinking: /home/xtal/ROS2-omni-manipulator/install/micro_ros_msgs/share/micro_ros_msgs/environment/library_path.dsv
[6.824s] -- Symlinking: /home/xtal/ROS2-omni-manipulator/install/micro_ros_msgs/include/micro_ros_msgs/micro_ros_msgs/msg/detail/entity__rosidl_typesupport_fastrtps_c.h
[6.834s] -- Symlinking: /home/xtal/ROS2-omni-manipulator/install/micro_ros_msgs/include/micro_ros_msgs/micro_ros_msgs/msg/detail/graph__rosidl_typesupport_fastrtps_c.h
[6.845s] -- Symlinking: /home/xtal/ROS2-omni-manipulator/install/micro_ros_msgs/include/micro_ros_msgs/micro_ros_msgs/msg/detail/node__rosidl_typesupport_fastrtps_c.h
[6.855s] -- Symlinking: /home/xtal/ROS2-omni-manipulator/install/micro_ros_msgs/include/micro_ros_msgs/micro_ros_msgs/msg/rosidl_typesupport_fastrtps_c__visibility_control.h
[6.866s] -- Symlinking: /home/xtal/ROS2-omni-manipulator/install/micro_ros_msgs/include/micro_ros_msgs/micro_ros_msgs/msg/detail/entity__rosidl_typesupport_introspection_c.h
[6.876s] -- Symlinking: /home/xtal/ROS2-omni-manipulator/install/micro_ros_msgs/include/micro_ros_msgs/micro_ros_msgs/msg/detail/graph__rosidl_typesupport_introspection_c.h
[6.885s] -- Symlinking: /home/xtal/ROS2-omni-manipulator/install/micro_ros_msgs/include/micro_ros_msgs/micro_ros_msgs/msg/detail/node__rosidl_typesupport_introspection_c.h
[6.895s] -- Symlinking: /home/xtal/ROS2-omni-manipulator/install/micro_ros_msgs/include/micro_ros_msgs/micro_ros_msgs/msg/rosidl_typesupport_introspection_c__visibility_control.h
[6.905s] -- Symlinking: /home/xtal/ROS2-omni-manipulator/install/micro_ros_msgs/include/micro_ros_msgs/micro_ros_msgs/msg/detail/entity__builder.hpp
[6.916s] -- Symlinking: /home/xtal/ROS2-omni-manipulator/install/micro_ros_msgs/include/micro_ros_msgs/micro_ros_msgs/msg/detail/entity__struct.hpp
[6.926s] -- Symlinking: /home/xtal/ROS2-omni-manipulator/install/micro_ros_msgs/include/micro_ros_msgs/micro_ros_msgs/msg/detail/entity__traits.hpp
[6.936s] -- Symlinking: /home/xtal/ROS2-omni-manipulator/install/micro_ros_msgs/include/micro_ros_msgs/micro_ros_msgs/msg/detail/entity__type_support.hpp
[6.946s] -- Symlinking: /home/xtal/ROS2-omni-manipulator/install/micro_ros_msgs/include/micro_ros_msgs/micro_ros_msgs/msg/detail/graph__builder.hpp
[6.955s] -- Symlinking: /home/xtal/ROS2-omni-manipulator/install/micro_ros_msgs/include/micro_ros_msgs/micro_ros_msgs/msg/detail/graph__struct.hpp
[6.965s] -- Symlinking: /home/xtal/ROS2-omni-manipulator/install/micro_ros_msgs/include/micro_ros_msgs/micro_ros_msgs/msg/detail/graph__traits.hpp
[6.974s] -- Symlinking: /home/xtal/ROS2-omni-manipulator/install/micro_ros_msgs/include/micro_ros_msgs/micro_ros_msgs/msg/detail/graph__type_support.hpp
[6.983s] -- Symlinking: /home/xtal/ROS2-omni-manipulator/install/micro_ros_msgs/include/micro_ros_msgs/micro_ros_msgs/msg/detail/node__builder.hpp
[6.993s] -- Symlinking: /home/xtal/ROS2-omni-manipulator/install/micro_ros_msgs/include/micro_ros_msgs/micro_ros_msgs/msg/detail/node__struct.hpp
[7.003s] -- Symlinking: /home/xtal/ROS2-omni-manipulator/install/micro_ros_msgs/include/micro_ros_msgs/micro_ros_msgs/msg/detail/node__traits.hpp
[7.014s] -- Symlinking: /home/xtal/ROS2-omni-manipulator/install/micro_ros_msgs/include/micro_ros_msgs/micro_ros_msgs/msg/detail/node__type_support.hpp
[7.025s] -- Symlinking: /home/xtal/ROS2-omni-manipulator/install/micro_ros_msgs/include/micro_ros_msgs/micro_ros_msgs/msg/entity.hpp
[7.035s] -- Symlinking: /home/xtal/ROS2-omni-manipulator/install/micro_ros_msgs/include/micro_ros_msgs/micro_ros_msgs/msg/graph.hpp
[7.046s] -- Symlinking: /home/xtal/ROS2-omni-manipulator/install/micro_ros_msgs/include/micro_ros_msgs/micro_ros_msgs/msg/node.hpp
[7.056s] -- Symlinking: /home/xtal/ROS2-omni-manipulator/install/micro_ros_msgs/include/micro_ros_msgs/micro_ros_msgs/msg/rosidl_generator_cpp__visibility_control.hpp
[7.067s] -- Symlinking: /home/xtal/ROS2-omni-manipulator/install/micro_ros_msgs/include/micro_ros_msgs/micro_ros_msgs/msg/detail/entity__rosidl_typesupport_fastrtps_cpp.hpp
[7.077s] -- Symlinking: /home/xtal/ROS2-omni-manipulator/install/micro_ros_msgs/include/micro_ros_msgs/micro_ros_msgs/msg/detail/graph__rosidl_typesupport_fastrtps_cpp.hpp
[7.087s] -- Symlinking: /home/xtal/ROS2-omni-manipulator/install/micro_ros_msgs/include/micro_ros_msgs/micro_ros_msgs/msg/detail/node__rosidl_typesupport_fastrtps_cpp.hpp
[7.098s] -- Symlinking: /home/xtal/ROS2-omni-manipulator/install/micro_ros_msgs/include/micro_ros_msgs/micro_ros_msgs/msg/rosidl_typesupport_fastrtps_cpp__visibility_control.h
[7.108s] -- Symlinking: /home/xtal/ROS2-omni-manipulator/install/micro_ros_msgs/include/micro_ros_msgs/micro_ros_msgs/msg/detail/entity__rosidl_typesupport_introspection_cpp.hpp
[7.119s] -- Symlinking: /home/xtal/ROS2-omni-manipulator/install/micro_ros_msgs/include/micro_ros_msgs/micro_ros_msgs/msg/detail/graph__rosidl_typesupport_introspection_cpp.hpp
[7.130s] -- Symlinking: /home/xtal/ROS2-omni-manipulator/install/micro_ros_msgs/include/micro_ros_msgs/micro_ros_msgs/msg/detail/node__rosidl_typesupport_introspection_cpp.hpp
[7.141s] -- Symlinking: /home/xtal/ROS2-omni-manipulator/install/micro_ros_msgs/share/micro_ros_msgs/environment/pythonpath.sh
[7.152s] -- Symlinking: /home/xtal/ROS2-omni-manipulator/install/micro_ros_msgs/share/micro_ros_msgs/environment/pythonpath.dsv
[7.162s] -- Symlinking: /home/xtal/ROS2-omni-manipulator/install/micro_ros_msgs/lib/python3.12/site-packages/micro_ros_msgs-5.0.2-py3.12.egg-info/PKG-INFO
[7.172s] -- Symlinking: /home/xtal/ROS2-omni-manipulator/install/micro_ros_msgs/lib/python3.12/site-packages/micro_ros_msgs-5.0.2-py3.12.egg-info/SOURCES.txt
[7.182s] -- Symlinking: /home/xtal/ROS2-omni-manipulator/install/micro_ros_msgs/lib/python3.12/site-packages/micro_ros_msgs-5.0.2-py3.12.egg-info/dependency_links.txt
[7.192s] -- Symlinking: /home/xtal/ROS2-omni-manipulator/install/micro_ros_msgs/lib/python3.12/site-packages/micro_ros_msgs-5.0.2-py3.12.egg-info/top_level.txt
[7.203s] -- Symlinking: /home/xtal/ROS2-omni-manipulator/install/micro_ros_msgs/lib/python3.12/site-packages/micro_ros_msgs/__init__.py
[7.212s] -- Symlinking: /home/xtal/ROS2-omni-manipulator/install/micro_ros_msgs/lib/python3.12/site-packages/micro_ros_msgs/_micro_ros_msgs_s.ep.rosidl_typesupport_c.c
[7.223s] -- Symlinking: /home/xtal/ROS2-omni-manipulator/install/micro_ros_msgs/lib/python3.12/site-packages/micro_ros_msgs/_micro_ros_msgs_s.ep.rosidl_typesupport_fastrtps_c.c
[7.233s] -- Symlinking: /home/xtal/ROS2-omni-manipulator/install/micro_ros_msgs/lib/python3.12/site-packages/micro_ros_msgs/_micro_ros_msgs_s.ep.rosidl_typesupport_introspection_c.c
[7.243s] -- Symlinking: /home/xtal/ROS2-omni-manipulator/install/micro_ros_msgs/lib/python3.12/site-packages/micro_ros_msgs/micro_ros_msgs_s__rosidl_typesupport_c.so
[7.253s] -- Symlinking: /home/xtal/ROS2-omni-manipulator/install/micro_ros_msgs/lib/python3.12/site-packages/micro_ros_msgs/micro_ros_msgs_s__rosidl_typesupport_fastrtps_c.so
[7.263s] -- Symlinking: /home/xtal/ROS2-omni-manipulator/install/micro_ros_msgs/lib/python3.12/site-packages/micro_ros_msgs/micro_ros_msgs_s__rosidl_typesupport_introspection_c.so
[7.272s] -- Symlinking: /home/xtal/ROS2-omni-manipulator/install/micro_ros_msgs/lib/python3.12/site-packages/micro_ros_msgs/msg/__init__.py
[7.282s] -- Symlinking: /home/xtal/ROS2-omni-manipulator/install/micro_ros_msgs/lib/python3.12/site-packages/micro_ros_msgs/msg/_entity.py
[7.292s] -- Symlinking: /home/xtal/ROS2-omni-manipulator/install/micro_ros_msgs/lib/python3.12/site-packages/micro_ros_msgs/msg/_entity_s.c
[7.302s] -- Symlinking: /home/xtal/ROS2-omni-manipulator/install/micro_ros_msgs/lib/python3.12/site-packages/micro_ros_msgs/msg/_graph.py
[7.312s] -- Symlinking: /home/xtal/ROS2-omni-manipulator/install/micro_ros_msgs/lib/python3.12/site-packages/micro_ros_msgs/msg/_graph_s.c
[7.323s] -- Symlinking: /home/xtal/ROS2-omni-manipulator/install/micro_ros_msgs/lib/python3.12/site-packages/micro_ros_msgs/msg/_node.py
[7.334s] -- Symlinking: /home/xtal/ROS2-omni-manipulator/install/micro_ros_msgs/lib/python3.12/site-packages/micro_ros_msgs/msg/_node_s.c
[7.344s] -- Up-to-date symlink: /home/xtal/ROS2-omni-manipulator/install/micro_ros_msgs/lib/python3.12/site-packages/micro_ros_msgs/micro_ros_msgs_s__rosidl_typesupport_fastrtps_c.so
[7.344s] -- Up-to-date symlink: /home/xtal/ROS2-omni-manipulator/install/micro_ros_msgs/lib/python3.12/site-packages/micro_ros_msgs/micro_ros_msgs_s__rosidl_typesupport_introspection_c.so
[7.345s] -- Up-to-date symlink: /home/xtal/ROS2-omni-manipulator/install/micro_ros_msgs/lib/python3.12/site-packages/micro_ros_msgs/micro_ros_msgs_s__rosidl_typesupport_c.so
[7.345s] -- Symlinking: /home/xtal/ROS2-omni-manipulator/install/micro_ros_msgs/share/micro_ros_msgs/msg/Graph.idl
[7.355s] -- Symlinking: /home/xtal/ROS2-omni-manipulator/install/micro_ros_msgs/share/micro_ros_msgs/msg/Node.idl
[7.365s] -- Symlinking: /home/xtal/ROS2-omni-manipulator/install/micro_ros_msgs/share/micro_ros_msgs/msg/Entity.idl
[7.376s] -- Symlinking: /home/xtal/ROS2-omni-manipulator/install/micro_ros_msgs/share/micro_ros_msgs/msg/Graph.msg
[7.385s] -- Symlinking: /home/xtal/ROS2-omni-manipulator/install/micro_ros_msgs/share/micro_ros_msgs/msg/Node.msg
[7.396s] -- Symlinking: /home/xtal/ROS2-omni-manipulator/install/micro_ros_msgs/share/micro_ros_msgs/msg/Entity.msg
[7.406s] -- Symlinking: /home/xtal/ROS2-omni-manipulator/install/micro_ros_msgs/share/ament_index/resource_index/package_run_dependencies/micro_ros_msgs
[7.417s] -- Symlinking: /home/xtal/ROS2-omni-manipulator/install/micro_ros_msgs/share/ament_index/resource_index/parent_prefix_path/micro_ros_msgs
[7.427s] -- Symlinking: /home/xtal/ROS2-omni-manipulator/install/micro_ros_msgs/share/micro_ros_msgs/environment/ament_prefix_path.sh
[7.437s] -- Symlinking: /home/xtal/ROS2-omni-manipulator/install/micro_ros_msgs/share/micro_ros_msgs/environment/ament_prefix_path.dsv
[7.447s] -- Symlinking: /home/xtal/ROS2-omni-manipulator/install/micro_ros_msgs/share/micro_ros_msgs/environment/path.sh
[7.457s] -- Symlinking: /home/xtal/ROS2-omni-manipulator/install/micro_ros_msgs/share/micro_ros_msgs/environment/path.dsv
[7.467s] -- Symlinking: /home/xtal/ROS2-omni-manipulator/install/micro_ros_msgs/share/micro_ros_msgs/local_setup.bash
[7.477s] -- Symlinking: /home/xtal/ROS2-omni-manipulator/install/micro_ros_msgs/share/micro_ros_msgs/local_setup.sh
[7.487s] -- Symlinking: /home/xtal/ROS2-omni-manipulator/install/micro_ros_msgs/share/micro_ros_msgs/local_setup.zsh
[7.497s] -- Symlinking: /home/xtal/ROS2-omni-manipulator/install/micro_ros_msgs/share/micro_ros_msgs/local_setup.dsv
[7.508s] -- Symlinking: /home/xtal/ROS2-omni-manipulator/install/micro_ros_msgs/share/micro_ros_msgs/package.dsv
[7.519s] -- Symlinking: /home/xtal/ROS2-omni-manipulator/install/micro_ros_msgs/share/ament_index/resource_index/packages/micro_ros_msgs
[7.530s] -- Symlinking: /home/xtal/ROS2-omni-manipulator/install/micro_ros_msgs/share/micro_ros_msgs/cmake/rosidl_cmake-extras.cmake
[7.540s] -- Symlinking: /home/xtal/ROS2-omni-manipulator/install/micro_ros_msgs/share/micro_ros_msgs/cmake/ament_cmake_export_include_directories-extras.cmake
[7.551s] -- Symlinking: /home/xtal/ROS2-omni-manipulator/install/micro_ros_msgs/share/micro_ros_msgs/cmake/ament_cmake_export_libraries-extras.cmake
[7.561s] -- Symlinking: /home/xtal/ROS2-omni-manipulator/install/micro_ros_msgs/share/micro_ros_msgs/cmake/ament_cmake_export_targets-extras.cmake
[7.571s] -- Symlinking: /home/xtal/ROS2-omni-manipulator/install/micro_ros_msgs/share/micro_ros_msgs/cmake/rosidl_cmake_export_typesupport_targets-extras.cmake
[7.582s] -- Symlinking: /home/xtal/ROS2-omni-manipulator/install/micro_ros_msgs/share/micro_ros_msgs/cmake/ament_cmake_export_dependencies-extras.cmake
[7.592s] -- Symlinking: /home/xtal/ROS2-omni-manipulator/install/micro_ros_msgs/share/micro_ros_msgs/cmake/rosidl_cmake_export_typesupport_libraries-extras.cmake
[7.603s] -- Symlinking: /home/xtal/ROS2-omni-manipulator/install/micro_ros_msgs/share/micro_ros_msgs/cmake/micro_ros_msgsConfig.cmake
[7.613s] -- Symlinking: /home/xtal/ROS2-omni-manipulator/install/micro_ros_msgs/share/micro_ros_msgs/cmake/micro_ros_msgsConfig-version.cmake
[7.625s] -- Symlinking: /home/xtal/ROS2-omni-manipulator/install/micro_ros_msgs/share/micro_ros_msgs/package.xml
[7.635s] -- Installing: /home/xtal/ROS2-omni-manipulator/install/micro_ros_msgs/lib/libmicro_ros_msgs__rosidl_generator_c.so
[7.635s] -- Set non-toolchain portion of runtime path of "/home/xtal/ROS2-omni-manipulator/install/micro_ros_msgs/lib/libmicro_ros_msgs__rosidl_generator_c.so" to ""
[7.635s] -- Installing: /home/xtal/ROS2-omni-manipulator/install/micro_ros_msgs/lib/libmicro_ros_msgs__rosidl_typesupport_fastrtps_c.so
[7.636s] -- Set non-toolchain portion of runtime path of "/home/xtal/ROS2-omni-manipulator/install/micro_ros_msgs/lib/libmicro_ros_msgs__rosidl_typesupport_fastrtps_c.so" to ""
[7.636s] -- Installing: /home/xtal/ROS2-omni-manipulator/install/micro_ros_msgs/lib/libmicro_ros_msgs__rosidl_typesupport_introspection_c.so
[7.636s] -- Set non-toolchain portion of runtime path of "/home/xtal/ROS2-omni-manipulator/install/micro_ros_msgs/lib/libmicro_ros_msgs__rosidl_typesupport_introspection_c.so" to ""
[7.636s] -- Installing: /home/xtal/ROS2-omni-manipulator/install/micro_ros_msgs/lib/libmicro_ros_msgs__rosidl_typesupport_c.so
[7.636s] -- Set non-toolchain portion of runtime path of "/home/xtal/ROS2-omni-manipulator/install/micro_ros_msgs/lib/libmicro_ros_msgs__rosidl_typesupport_c.so" to ""
[7.636s] -- Installing: /home/xtal/ROS2-omni-manipulator/install/micro_ros_msgs/lib/libmicro_ros_msgs__rosidl_typesupport_fastrtps_cpp.so
[7.637s] -- Set non-toolchain portion of runtime path of "/home/xtal/ROS2-omni-manipulator/install/micro_ros_msgs/lib/libmicro_ros_msgs__rosidl_typesupport_fastrtps_cpp.so" to ""
[7.637s] -- Installing: /home/xtal/ROS2-omni-manipulator/install/micro_ros_msgs/lib/libmicro_ros_msgs__rosidl_typesupport_introspection_cpp.so
[7.637s] -- Set non-toolchain portion of runtime path of "/home/xtal/ROS2-omni-manipulator/install/micro_ros_msgs/lib/libmicro_ros_msgs__rosidl_typesupport_introspection_cpp.so" to ""
[7.637s] -- Installing: /home/xtal/ROS2-omni-manipulator/install/micro_ros_msgs/lib/libmicro_ros_msgs__rosidl_typesupport_cpp.so
[7.638s] -- Set non-toolchain portion of runtime path of "/home/xtal/ROS2-omni-manipulator/install/micro_ros_msgs/lib/libmicro_ros_msgs__rosidl_typesupport_cpp.so" to ""
[7.675s] Listing '/home/xtal/ROS2-omni-manipulator/install/micro_ros_msgs/lib/python3.12/site-packages/micro_ros_msgs'...
[7.675s] Compiling '/home/xtal/ROS2-omni-manipulator/install/micro_ros_msgs/lib/python3.12/site-packages/micro_ros_msgs/__init__.py'...
[7.675s] Listing '/home/xtal/ROS2-omni-manipulator/install/micro_ros_msgs/lib/python3.12/site-packages/micro_ros_msgs/msg'...
[7.675s] Compiling '/home/xtal/ROS2-omni-manipulator/install/micro_ros_msgs/lib/python3.12/site-packages/micro_ros_msgs/msg/__init__.py'...
[7.675s] Compiling '/home/xtal/ROS2-omni-manipulator/install/micro_ros_msgs/lib/python3.12/site-packages/micro_ros_msgs/msg/_entity.py'...
[7.675s] Compiling '/home/xtal/ROS2-omni-manipulator/install/micro_ros_msgs/lib/python3.12/site-packages/micro_ros_msgs/msg/_graph.py'...
[7.675s] Compiling '/home/xtal/ROS2-omni-manipulator/install/micro_ros_msgs/lib/python3.12/site-packages/micro_ros_msgs/msg/_node.py'...
[7.680s] -- Installing: /home/xtal/ROS2-omni-manipulator/install/micro_ros_msgs/lib/libmicro_ros_msgs__rosidl_generator_py.so
[7.681s] -- Set non-toolchain portion of runtime path of "/home/xtal/ROS2-omni-manipulator/install/micro_ros_msgs/lib/libmicro_ros_msgs__rosidl_generator_py.so" to ""
[7.681s] -- Installing: /home/xtal/ROS2-omni-manipulator/install/micro_ros_msgs/share/micro_ros_msgs/cmake/export_micro_ros_msgs__rosidl_generator_cExport.cmake
[7.681s] -- Installing: /home/xtal/ROS2-omni-manipulator/install/micro_ros_msgs/share/micro_ros_msgs/cmake/export_micro_ros_msgs__rosidl_generator_cExport-noconfig.cmake
[7.681s] -- Installing: /home/xtal/ROS2-omni-manipulator/install/micro_ros_msgs/share/micro_ros_msgs/cmake/export_micro_ros_msgs__rosidl_typesupport_fastrtps_cExport.cmake
[7.681s] -- Installing: /home/xtal/ROS2-omni-manipulator/install/micro_ros_msgs/share/micro_ros_msgs/cmake/export_micro_ros_msgs__rosidl_typesupport_fastrtps_cExport-noconfig.cmake
[7.681s] -- Installing: /home/xtal/ROS2-omni-manipulator/install/micro_ros_msgs/share/micro_ros_msgs/cmake/micro_ros_msgs__rosidl_typesupport_introspection_cExport.cmake
[7.681s] -- Installing: /home/xtal/ROS2-omni-manipulator/install/micro_ros_msgs/share/micro_ros_msgs/cmake/micro_ros_msgs__rosidl_typesupport_introspection_cExport-noconfig.cmake
[7.681s] -- Installing: /home/xtal/ROS2-omni-manipulator/install/micro_ros_msgs/share/micro_ros_msgs/cmake/micro_ros_msgs__rosidl_typesupport_cExport.cmake
[7.682s] -- Installing: /home/xtal/ROS2-omni-manipulator/install/micro_ros_msgs/share/micro_ros_msgs/cmake/micro_ros_msgs__rosidl_typesupport_cExport-noconfig.cmake
[7.682s] -- Installing: /home/xtal/ROS2-omni-manipulator/install/micro_ros_msgs/share/micro_ros_msgs/cmake/export_micro_ros_msgs__rosidl_generator_cppExport.cmake
[7.682s] -- Installing: /home/xtal/ROS2-omni-manipulator/install/micro_ros_msgs/share/micro_ros_msgs/cmake/export_micro_ros_msgs__rosidl_typesupport_fastrtps_cppExport.cmake
[7.682s] -- Installing: /home/xtal/ROS2-omni-manipulator/install/micro_ros_msgs/share/micro_ros_msgs/cmake/export_micro_ros_msgs__rosidl_typesupport_fastrtps_cppExport-noconfig.cmake
[7.682s] -- Installing: /home/xtal/ROS2-omni-manipulator/install/micro_ros_msgs/share/micro_ros_msgs/cmake/micro_ros_msgs__rosidl_typesupport_introspection_cppExport.cmake
[7.682s] -- Installing: /home/xtal/ROS2-omni-manipulator/install/micro_ros_msgs/share/micro_ros_msgs/cmake/micro_ros_msgs__rosidl_typesupport_introspection_cppExport-noconfig.cmake
[7.682s] -- Installing: /home/xtal/ROS2-omni-manipulator/install/micro_ros_msgs/share/micro_ros_msgs/cmake/micro_ros_msgs__rosidl_typesupport_cppExport.cmake
[7.683s] -- Installing: /home/xtal/ROS2-omni-manipulator/install/micro_ros_msgs/share/micro_ros_msgs/cmake/micro_ros_msgs__rosidl_typesupport_cppExport-noconfig.cmake
[7.683s] -- Installing: /home/xtal/ROS2-omni-manipulator/install/micro_ros_msgs/share/micro_ros_msgs/cmake/export_micro_ros_msgs__rosidl_generator_pyExport.cmake
[7.683s] -- Installing: /home/xtal/ROS2-omni-manipulator/install/micro_ros_msgs/share/micro_ros_msgs/cmake/export_micro_ros_msgs__rosidl_generator_pyExport-noconfig.cmake
[7.686s] Invoked command in '/home/xtal/ROS2-omni-manipulator/build/micro_ros_msgs' returned '0': CMAKE_PREFIX_PATH=${CMAKE_PREFIX_PATH}:/home/xtal/ROS2-omni-manipulator/install/dm:/opt/ros/jazzy DEBUGINFOD_URLS=https://debuginfod.ubuntu.com /usr/bin/cmake --install /home/xtal/ROS2-omni-manipulator/build/micro_ros_msgs
