[0.228s] DEBUG:colcon:Command line arguments: ['/usr/bin/colcon', 'build', '--symlink-install']
[0.229s] DEBUG:colcon:Parsed command line arguments: Namespace(log_base=None, log_level=None, verb_name='build', build_base='build', install_base='install', merge_install=False, symlink_install=True, test_result_base=None, continue_on_error=False, executor='parallel', parallel_workers=16, event_handlers=None, ignore_user_meta=False, metas=['./colcon.meta'], base_paths=['.'], packages_ignore=None, packages_ignore_regex=None, paths=None, packages_up_to=None, packages_up_to_regex=None, packages_above=None, packages_above_and_dependencies=None, packages_above_depth=None, packages_select_by_dep=None, packages_skip_by_dep=None, packages_skip_up_to=None, packages_select_build_failed=False, packages_skip_build_finished=False, packages_select_test_failures=False, packages_skip_test_passed=False, packages_select=None, packages_skip=None, packages_select_regex=None, packages_skip_regex=None, packages_start=None, packages_end=None, allow_overriding=[], cmake_args=None, cmake_target=None, cmake_target_skip_unavailable=False, cmake_clean_cache=False, cmake_clean_first=False, cmake_force_configure=False, ament_cmake_args=None, catkin_cmake_args=None, catkin_skip_building_tests=False, verb_parser=<colcon_defaults.argument_parser.defaults.DefaultArgumentsDecorator object at 0x7ae43f573800>, verb_extension=<colcon_core.verb.build.BuildVerb object at 0x7ae43f573680>, main=<bound method BuildVerb.main of <colcon_core.verb.build.BuildVerb object at 0x7ae43f573680>>)
[0.279s] Level 1:colcon.colcon_core.package_discovery:discover_packages(colcon_meta) check parameters
[0.279s] Level 1:colcon.colcon_core.package_discovery:discover_packages(recursive) check parameters
[0.279s] Level 1:colcon.colcon_core.package_discovery:discover_packages(ignore) check parameters
[0.279s] Level 1:colcon.colcon_core.package_discovery:discover_packages(path) check parameters
[0.279s] Level 1:colcon.colcon_core.package_discovery:discover_packages(colcon_meta) discover
[0.279s] Level 1:colcon.colcon_core.package_discovery:discover_packages(recursive) discover
[0.279s] INFO:colcon.colcon_core.package_discovery:Crawling recursively for packages in '/home/xtal/ROS2-Omni-Manipulator'
[0.279s] Level 1:colcon.colcon_core.package_identification:_identify(.) by extensions ['ignore', 'ignore_ament_install']
[0.279s] Level 1:colcon.colcon_core.package_identification:_identify(.) by extension 'ignore'
[0.279s] Level 1:colcon.colcon_core.package_identification:_identify(.) by extension 'ignore_ament_install'
[0.280s] Level 1:colcon.colcon_core.package_identification:_identify(.) by extensions ['colcon_pkg']
[0.280s] Level 1:colcon.colcon_core.package_identification:_identify(.) by extension 'colcon_pkg'
[0.280s] Level 1:colcon.colcon_core.package_identification:_identify(.) by extensions ['colcon_meta']
[0.280s] Level 1:colcon.colcon_core.package_identification:_identify(.) by extension 'colcon_meta'
[0.280s] Level 1:colcon.colcon_core.package_identification:_identify(.) by extensions ['ros']
[0.280s] Level 1:colcon.colcon_core.package_identification:_identify(.) by extension 'ros'
[0.315s] Level 1:colcon.colcon_core.package_identification:_identify(.) by extensions ['cmake', 'python']
[0.315s] Level 1:colcon.colcon_core.package_identification:_identify(.) by extension 'cmake'
[0.315s] Level 1:colcon.colcon_core.package_identification:_identify(.) by extension 'python'
[0.315s] Level 1:colcon.colcon_core.package_identification:_identify(.) by extensions ['python_setup_py']
[0.315s] Level 1:colcon.colcon_core.package_identification:_identify(.) by extension 'python_setup_py'
[0.315s] Level 1:colcon.colcon_core.package_identification:_identify(build) by extensions ['ignore', 'ignore_ament_install']
[0.315s] Level 1:colcon.colcon_core.package_identification:_identify(build) by extension 'ignore'
[0.315s] Level 1:colcon.colcon_core.package_identification:_identify(build) ignored
[0.316s] Level 1:colcon.colcon_core.package_identification:_identify(install) by extensions ['ignore', 'ignore_ament_install']
[0.316s] Level 1:colcon.colcon_core.package_identification:_identify(install) by extension 'ignore'
[0.316s] Level 1:colcon.colcon_core.package_identification:_identify(install) ignored
[0.316s] Level 1:colcon.colcon_core.package_identification:_identify(log) by extensions ['ignore', 'ignore_ament_install']
[0.316s] Level 1:colcon.colcon_core.package_identification:_identify(log) by extension 'ignore'
[0.316s] Level 1:colcon.colcon_core.package_identification:_identify(log) ignored
[0.316s] Level 1:colcon.colcon_core.package_identification:_identify(model) by extensions ['ignore', 'ignore_ament_install']
[0.316s] Level 1:colcon.colcon_core.package_identification:_identify(model) by extension 'ignore'
[0.316s] Level 1:colcon.colcon_core.package_identification:_identify(model) by extension 'ignore_ament_install'
[0.316s] Level 1:colcon.colcon_core.package_identification:_identify(model) by extensions ['colcon_pkg']
[0.316s] Level 1:colcon.colcon_core.package_identification:_identify(model) by extension 'colcon_pkg'
[0.316s] Level 1:colcon.colcon_core.package_identification:_identify(model) by extensions ['colcon_meta']
[0.316s] Level 1:colcon.colcon_core.package_identification:_identify(model) by extension 'colcon_meta'
[0.316s] Level 1:colcon.colcon_core.package_identification:_identify(model) by extensions ['ros']
[0.316s] Level 1:colcon.colcon_core.package_identification:_identify(model) by extension 'ros'
[0.316s] Level 1:colcon.colcon_core.package_identification:_identify(model) by extensions ['cmake', 'python']
[0.316s] Level 1:colcon.colcon_core.package_identification:_identify(model) by extension 'cmake'
[0.316s] Level 1:colcon.colcon_core.package_identification:_identify(model) by extension 'python'
[0.317s] Level 1:colcon.colcon_core.package_identification:_identify(model) by extensions ['python_setup_py']
[0.317s] Level 1:colcon.colcon_core.package_identification:_identify(model) by extension 'python_setup_py'
[0.317s] Level 1:colcon.colcon_core.package_identification:_identify(model/Omnidirectional_Robot) by extensions ['ignore', 'ignore_ament_install']
[0.317s] Level 1:colcon.colcon_core.package_identification:_identify(model/Omnidirectional_Robot) by extension 'ignore'
[0.317s] Level 1:colcon.colcon_core.package_identification:_identify(model/Omnidirectional_Robot) by extension 'ignore_ament_install'
[0.317s] Level 1:colcon.colcon_core.package_identification:_identify(model/Omnidirectional_Robot) by extensions ['colcon_pkg']
[0.317s] Level 1:colcon.colcon_core.package_identification:_identify(model/Omnidirectional_Robot) by extension 'colcon_pkg'
[0.317s] Level 1:colcon.colcon_core.package_identification:_identify(model/Omnidirectional_Robot) by extensions ['colcon_meta']
[0.317s] Level 1:colcon.colcon_core.package_identification:_identify(model/Omnidirectional_Robot) by extension 'colcon_meta'
[0.317s] Level 1:colcon.colcon_core.package_identification:_identify(model/Omnidirectional_Robot) by extensions ['ros']
[0.317s] Level 1:colcon.colcon_core.package_identification:_identify(model/Omnidirectional_Robot) by extension 'ros'
[0.317s] Level 1:colcon.colcon_core.package_identification:_identify(model/Omnidirectional_Robot) by extensions ['cmake', 'python']
[0.317s] Level 1:colcon.colcon_core.package_identification:_identify(model/Omnidirectional_Robot) by extension 'cmake'
[0.317s] Level 1:colcon.colcon_core.package_identification:_identify(model/Omnidirectional_Robot) by extension 'python'
[0.317s] Level 1:colcon.colcon_core.package_identification:_identify(model/Omnidirectional_Robot) by extensions ['python_setup_py']
[0.317s] Level 1:colcon.colcon_core.package_identification:_identify(model/Omnidirectional_Robot) by extension 'python_setup_py'
[0.317s] Level 1:colcon.colcon_core.package_identification:_identify(model/Omnidirectional_Wheels) by extensions ['ignore', 'ignore_ament_install']
[0.317s] Level 1:colcon.colcon_core.package_identification:_identify(model/Omnidirectional_Wheels) by extension 'ignore'
[0.317s] Level 1:colcon.colcon_core.package_identification:_identify(model/Omnidirectional_Wheels) by extension 'ignore_ament_install'
[0.317s] Level 1:colcon.colcon_core.package_identification:_identify(model/Omnidirectional_Wheels) by extensions ['colcon_pkg']
[0.317s] Level 1:colcon.colcon_core.package_identification:_identify(model/Omnidirectional_Wheels) by extension 'colcon_pkg'
[0.318s] Level 1:colcon.colcon_core.package_identification:_identify(model/Omnidirectional_Wheels) by extensions ['colcon_meta']
[0.318s] Level 1:colcon.colcon_core.package_identification:_identify(model/Omnidirectional_Wheels) by extension 'colcon_meta'
[0.318s] Level 1:colcon.colcon_core.package_identification:_identify(model/Omnidirectional_Wheels) by extensions ['ros']
[0.318s] Level 1:colcon.colcon_core.package_identification:_identify(model/Omnidirectional_Wheels) by extension 'ros'
[0.318s] Level 1:colcon.colcon_core.package_identification:_identify(model/Omnidirectional_Wheels) by extensions ['cmake', 'python']
[0.318s] Level 1:colcon.colcon_core.package_identification:_identify(model/Omnidirectional_Wheels) by extension 'cmake'
[0.318s] Level 1:colcon.colcon_core.package_identification:_identify(model/Omnidirectional_Wheels) by extension 'python'
[0.318s] Level 1:colcon.colcon_core.package_identification:_identify(model/Omnidirectional_Wheels) by extensions ['python_setup_py']
[0.318s] Level 1:colcon.colcon_core.package_identification:_identify(model/Omnidirectional_Wheels) by extension 'python_setup_py'
[0.318s] Level 1:colcon.colcon_core.package_identification:_identify(model/Robot_Manipulator) by extensions ['ignore', 'ignore_ament_install']
[0.318s] Level 1:colcon.colcon_core.package_identification:_identify(model/Robot_Manipulator) by extension 'ignore'
[0.318s] Level 1:colcon.colcon_core.package_identification:_identify(model/Robot_Manipulator) by extension 'ignore_ament_install'
[0.318s] Level 1:colcon.colcon_core.package_identification:_identify(model/Robot_Manipulator) by extensions ['colcon_pkg']
[0.318s] Level 1:colcon.colcon_core.package_identification:_identify(model/Robot_Manipulator) by extension 'colcon_pkg'
[0.318s] Level 1:colcon.colcon_core.package_identification:_identify(model/Robot_Manipulator) by extensions ['colcon_meta']
[0.318s] Level 1:colcon.colcon_core.package_identification:_identify(model/Robot_Manipulator) by extension 'colcon_meta'
[0.318s] Level 1:colcon.colcon_core.package_identification:_identify(model/Robot_Manipulator) by extensions ['ros']
[0.318s] Level 1:colcon.colcon_core.package_identification:_identify(model/Robot_Manipulator) by extension 'ros'
[0.318s] Level 1:colcon.colcon_core.package_identification:_identify(model/Robot_Manipulator) by extensions ['cmake', 'python']
[0.318s] Level 1:colcon.colcon_core.package_identification:_identify(model/Robot_Manipulator) by extension 'cmake'
[0.318s] Level 1:colcon.colcon_core.package_identification:_identify(model/Robot_Manipulator) by extension 'python'
[0.318s] Level 1:colcon.colcon_core.package_identification:_identify(model/Robot_Manipulator) by extensions ['python_setup_py']
[0.318s] Level 1:colcon.colcon_core.package_identification:_identify(model/Robot_Manipulator) by extension 'python_setup_py'
[0.318s] Level 1:colcon.colcon_core.package_identification:_identify(model/Robot_Manipulator/Part_Manipulator) by extensions ['ignore', 'ignore_ament_install']
[0.319s] Level 1:colcon.colcon_core.package_identification:_identify(model/Robot_Manipulator/Part_Manipulator) by extension 'ignore'
[0.319s] Level 1:colcon.colcon_core.package_identification:_identify(model/Robot_Manipulator/Part_Manipulator) by extension 'ignore_ament_install'
[0.319s] Level 1:colcon.colcon_core.package_identification:_identify(model/Robot_Manipulator/Part_Manipulator) by extensions ['colcon_pkg']
[0.319s] Level 1:colcon.colcon_core.package_identification:_identify(model/Robot_Manipulator/Part_Manipulator) by extension 'colcon_pkg'
[0.319s] Level 1:colcon.colcon_core.package_identification:_identify(model/Robot_Manipulator/Part_Manipulator) by extensions ['colcon_meta']
[0.319s] Level 1:colcon.colcon_core.package_identification:_identify(model/Robot_Manipulator/Part_Manipulator) by extension 'colcon_meta'
[0.319s] Level 1:colcon.colcon_core.package_identification:_identify(model/Robot_Manipulator/Part_Manipulator) by extensions ['ros']
[0.319s] Level 1:colcon.colcon_core.package_identification:_identify(model/Robot_Manipulator/Part_Manipulator) by extension 'ros'
[0.319s] Level 1:colcon.colcon_core.package_identification:_identify(model/Robot_Manipulator/Part_Manipulator) by extensions ['cmake', 'python']
[0.319s] Level 1:colcon.colcon_core.package_identification:_identify(model/Robot_Manipulator/Part_Manipulator) by extension 'cmake'
[0.319s] Level 1:colcon.colcon_core.package_identification:_identify(model/Robot_Manipulator/Part_Manipulator) by extension 'python'
[0.319s] Level 1:colcon.colcon_core.package_identification:_identify(model/Robot_Manipulator/Part_Manipulator) by extensions ['python_setup_py']
[0.319s] Level 1:colcon.colcon_core.package_identification:_identify(model/Robot_Manipulator/Part_Manipulator) by extension 'python_setup_py'
[0.319s] Level 1:colcon.colcon_core.package_identification:_identify(model/Robot_Manipulator/Robot Gripper) by extensions ['ignore', 'ignore_ament_install']
[0.319s] Level 1:colcon.colcon_core.package_identification:_identify(model/Robot_Manipulator/Robot Gripper) by extension 'ignore'
[0.319s] Level 1:colcon.colcon_core.package_identification:_identify(model/Robot_Manipulator/Robot Gripper) by extension 'ignore_ament_install'
[0.319s] Level 1:colcon.colcon_core.package_identification:_identify(model/Robot_Manipulator/Robot Gripper) by extensions ['colcon_pkg']
[0.319s] Level 1:colcon.colcon_core.package_identification:_identify(model/Robot_Manipulator/Robot Gripper) by extension 'colcon_pkg'
[0.319s] Level 1:colcon.colcon_core.package_identification:_identify(model/Robot_Manipulator/Robot Gripper) by extensions ['colcon_meta']
[0.319s] Level 1:colcon.colcon_core.package_identification:_identify(model/Robot_Manipulator/Robot Gripper) by extension 'colcon_meta'
[0.319s] Level 1:colcon.colcon_core.package_identification:_identify(model/Robot_Manipulator/Robot Gripper) by extensions ['ros']
[0.319s] Level 1:colcon.colcon_core.package_identification:_identify(model/Robot_Manipulator/Robot Gripper) by extension 'ros'
[0.319s] Level 1:colcon.colcon_core.package_identification:_identify(model/Robot_Manipulator/Robot Gripper) by extensions ['cmake', 'python']
[0.319s] Level 1:colcon.colcon_core.package_identification:_identify(model/Robot_Manipulator/Robot Gripper) by extension 'cmake'
[0.320s] Level 1:colcon.colcon_core.package_identification:_identify(model/Robot_Manipulator/Robot Gripper) by extension 'python'
[0.320s] Level 1:colcon.colcon_core.package_identification:_identify(model/Robot_Manipulator/Robot Gripper) by extensions ['python_setup_py']
[0.320s] Level 1:colcon.colcon_core.package_identification:_identify(model/Robot_Manipulator/Robot Gripper) by extension 'python_setup_py'
[0.320s] Level 1:colcon.colcon_core.package_identification:_identify(model/urdf_omnidirectional_manipulator) by extensions ['ignore', 'ignore_ament_install']
[0.320s] Level 1:colcon.colcon_core.package_identification:_identify(model/urdf_omnidirectional_manipulator) by extension 'ignore'
[0.320s] Level 1:colcon.colcon_core.package_identification:_identify(model/urdf_omnidirectional_manipulator) by extension 'ignore_ament_install'
[0.320s] Level 1:colcon.colcon_core.package_identification:_identify(model/urdf_omnidirectional_manipulator) by extensions ['colcon_pkg']
[0.320s] Level 1:colcon.colcon_core.package_identification:_identify(model/urdf_omnidirectional_manipulator) by extension 'colcon_pkg'
[0.320s] Level 1:colcon.colcon_core.package_identification:_identify(model/urdf_omnidirectional_manipulator) by extensions ['colcon_meta']
[0.320s] Level 1:colcon.colcon_core.package_identification:_identify(model/urdf_omnidirectional_manipulator) by extension 'colcon_meta'
[0.320s] Level 1:colcon.colcon_core.package_identification:_identify(model/urdf_omnidirectional_manipulator) by extensions ['ros']
[0.320s] Level 1:colcon.colcon_core.package_identification:_identify(model/urdf_omnidirectional_manipulator) by extension 'ros'
[0.323s] DEBUG:colcon.colcon_core.package_identification:Package 'model/urdf_omnidirectional_manipulator' with type 'ros.catkin' and name 'urdf_omnidirectional_manipulator'
[0.323s] Level 1:colcon.colcon_core.package_identification:_identify(pcb) by extensions ['ignore', 'ignore_ament_install']
[0.323s] Level 1:colcon.colcon_core.package_identification:_identify(pcb) by extension 'ignore'
[0.323s] Level 1:colcon.colcon_core.package_identification:_identify(pcb) by extension 'ignore_ament_install'
[0.323s] Level 1:colcon.colcon_core.package_identification:_identify(pcb) by extensions ['colcon_pkg']
[0.323s] Level 1:colcon.colcon_core.package_identification:_identify(pcb) by extension 'colcon_pkg'
[0.323s] Level 1:colcon.colcon_core.package_identification:_identify(pcb) by extensions ['colcon_meta']
[0.323s] Level 1:colcon.colcon_core.package_identification:_identify(pcb) by extension 'colcon_meta'
[0.323s] Level 1:colcon.colcon_core.package_identification:_identify(pcb) by extensions ['ros']
[0.323s] Level 1:colcon.colcon_core.package_identification:_identify(pcb) by extension 'ros'
[0.323s] Level 1:colcon.colcon_core.package_identification:_identify(pcb) by extensions ['cmake', 'python']
[0.323s] Level 1:colcon.colcon_core.package_identification:_identify(pcb) by extension 'cmake'
[0.323s] Level 1:colcon.colcon_core.package_identification:_identify(pcb) by extension 'python'
[0.323s] Level 1:colcon.colcon_core.package_identification:_identify(pcb) by extensions ['python_setup_py']
[0.324s] Level 1:colcon.colcon_core.package_identification:_identify(pcb) by extension 'python_setup_py'
[0.324s] Level 1:colcon.colcon_core.package_identification:_identify(pcb/wheels-pcb) by extensions ['ignore', 'ignore_ament_install']
[0.324s] Level 1:colcon.colcon_core.package_identification:_identify(pcb/wheels-pcb) by extension 'ignore'
[0.324s] Level 1:colcon.colcon_core.package_identification:_identify(pcb/wheels-pcb) by extension 'ignore_ament_install'
[0.324s] Level 1:colcon.colcon_core.package_identification:_identify(pcb/wheels-pcb) by extensions ['colcon_pkg']
[0.324s] Level 1:colcon.colcon_core.package_identification:_identify(pcb/wheels-pcb) by extension 'colcon_pkg'
[0.324s] Level 1:colcon.colcon_core.package_identification:_identify(pcb/wheels-pcb) by extensions ['colcon_meta']
[0.324s] Level 1:colcon.colcon_core.package_identification:_identify(pcb/wheels-pcb) by extension 'colcon_meta'
[0.324s] Level 1:colcon.colcon_core.package_identification:_identify(pcb/wheels-pcb) by extensions ['ros']
[0.324s] Level 1:colcon.colcon_core.package_identification:_identify(pcb/wheels-pcb) by extension 'ros'
[0.324s] Level 1:colcon.colcon_core.package_identification:_identify(pcb/wheels-pcb) by extensions ['cmake', 'python']
[0.324s] Level 1:colcon.colcon_core.package_identification:_identify(pcb/wheels-pcb) by extension 'cmake'
[0.324s] Level 1:colcon.colcon_core.package_identification:_identify(pcb/wheels-pcb) by extension 'python'
[0.324s] Level 1:colcon.colcon_core.package_identification:_identify(pcb/wheels-pcb) by extensions ['python_setup_py']
[0.324s] Level 1:colcon.colcon_core.package_identification:_identify(pcb/wheels-pcb) by extension 'python_setup_py'
[0.324s] Level 1:colcon.colcon_core.package_identification:_identify(pcb/wheels-pcb/wheels-pcb-backups) by extensions ['ignore', 'ignore_ament_install']
[0.324s] Level 1:colcon.colcon_core.package_identification:_identify(pcb/wheels-pcb/wheels-pcb-backups) by extension 'ignore'
[0.324s] Level 1:colcon.colcon_core.package_identification:_identify(pcb/wheels-pcb/wheels-pcb-backups) by extension 'ignore_ament_install'
[0.324s] Level 1:colcon.colcon_core.package_identification:_identify(pcb/wheels-pcb/wheels-pcb-backups) by extensions ['colcon_pkg']
[0.324s] Level 1:colcon.colcon_core.package_identification:_identify(pcb/wheels-pcb/wheels-pcb-backups) by extension 'colcon_pkg'
[0.324s] Level 1:colcon.colcon_core.package_identification:_identify(pcb/wheels-pcb/wheels-pcb-backups) by extensions ['colcon_meta']
[0.324s] Level 1:colcon.colcon_core.package_identification:_identify(pcb/wheels-pcb/wheels-pcb-backups) by extension 'colcon_meta'
[0.324s] Level 1:colcon.colcon_core.package_identification:_identify(pcb/wheels-pcb/wheels-pcb-backups) by extensions ['ros']
[0.325s] Level 1:colcon.colcon_core.package_identification:_identify(pcb/wheels-pcb/wheels-pcb-backups) by extension 'ros'
[0.325s] Level 1:colcon.colcon_core.package_identification:_identify(pcb/wheels-pcb/wheels-pcb-backups) by extensions ['cmake', 'python']
[0.325s] Level 1:colcon.colcon_core.package_identification:_identify(pcb/wheels-pcb/wheels-pcb-backups) by extension 'cmake'
[0.325s] Level 1:colcon.colcon_core.package_identification:_identify(pcb/wheels-pcb/wheels-pcb-backups) by extension 'python'
[0.325s] Level 1:colcon.colcon_core.package_identification:_identify(pcb/wheels-pcb/wheels-pcb-backups) by extensions ['python_setup_py']
[0.325s] Level 1:colcon.colcon_core.package_identification:_identify(pcb/wheels-pcb/wheels-pcb-backups) by extension 'python_setup_py'
[0.325s] Level 1:colcon.colcon_core.package_identification:_identify(src) by extensions ['ignore', 'ignore_ament_install']
[0.325s] Level 1:colcon.colcon_core.package_identification:_identify(src) by extension 'ignore'
[0.325s] Level 1:colcon.colcon_core.package_identification:_identify(src) by extension 'ignore_ament_install'
[0.325s] Level 1:colcon.colcon_core.package_identification:_identify(src) by extensions ['colcon_pkg']
[0.325s] Level 1:colcon.colcon_core.package_identification:_identify(src) by extension 'colcon_pkg'
[0.325s] Level 1:colcon.colcon_core.package_identification:_identify(src) by extensions ['colcon_meta']
[0.325s] Level 1:colcon.colcon_core.package_identification:_identify(src) by extension 'colcon_meta'
[0.325s] Level 1:colcon.colcon_core.package_identification:_identify(src) by extensions ['ros']
[0.325s] Level 1:colcon.colcon_core.package_identification:_identify(src) by extension 'ros'
[0.325s] Level 1:colcon.colcon_core.package_identification:_identify(src) by extensions ['cmake', 'python']
[0.325s] Level 1:colcon.colcon_core.package_identification:_identify(src) by extension 'cmake'
[0.325s] Level 1:colcon.colcon_core.package_identification:_identify(src) by extension 'python'
[0.325s] Level 1:colcon.colcon_core.package_identification:_identify(src) by extensions ['python_setup_py']
[0.325s] Level 1:colcon.colcon_core.package_identification:_identify(src) by extension 'python_setup_py'
[0.325s] Level 1:colcon.colcon_core.package_identification:_identify(src/dm) by extensions ['ignore', 'ignore_ament_install']
[0.325s] Level 1:colcon.colcon_core.package_identification:_identify(src/dm) by extension 'ignore'
[0.325s] Level 1:colcon.colcon_core.package_identification:_identify(src/dm) by extension 'ignore_ament_install'
[0.326s] Level 1:colcon.colcon_core.package_identification:_identify(src/dm) by extensions ['colcon_pkg']
[0.326s] Level 1:colcon.colcon_core.package_identification:_identify(src/dm) by extension 'colcon_pkg'
[0.326s] Level 1:colcon.colcon_core.package_identification:_identify(src/dm) by extensions ['colcon_meta']
[0.326s] Level 1:colcon.colcon_core.package_identification:_identify(src/dm) by extension 'colcon_meta'
[0.326s] Level 1:colcon.colcon_core.package_identification:_identify(src/dm) by extensions ['ros']
[0.326s] Level 1:colcon.colcon_core.package_identification:_identify(src/dm) by extension 'ros'
[0.326s] DEBUG:colcon.colcon_core.package_identification:Package 'src/dm' with type 'ros.ament_python' and name 'dm'
[0.326s] Level 1:colcon.colcon_core.package_identification:_identify(src/kinematics) by extensions ['ignore', 'ignore_ament_install']
[0.326s] Level 1:colcon.colcon_core.package_identification:_identify(src/kinematics) by extension 'ignore'
[0.326s] Level 1:colcon.colcon_core.package_identification:_identify(src/kinematics) by extension 'ignore_ament_install'
[0.326s] Level 1:colcon.colcon_core.package_identification:_identify(src/kinematics) by extensions ['colcon_pkg']
[0.326s] Level 1:colcon.colcon_core.package_identification:_identify(src/kinematics) by extension 'colcon_pkg'
[0.327s] Level 1:colcon.colcon_core.package_identification:_identify(src/kinematics) by extensions ['colcon_meta']
[0.327s] Level 1:colcon.colcon_core.package_identification:_identify(src/kinematics) by extension 'colcon_meta'
[0.327s] Level 1:colcon.colcon_core.package_identification:_identify(src/kinematics) by extensions ['ros']
[0.327s] Level 1:colcon.colcon_core.package_identification:_identify(src/kinematics) by extension 'ros'
[0.327s] Level 1:colcon.colcon_core.package_identification:_identify(src/kinematics) by extensions ['cmake', 'python']
[0.327s] Level 1:colcon.colcon_core.package_identification:_identify(src/kinematics) by extension 'cmake'
[0.327s] Level 1:colcon.colcon_core.package_identification:_identify(src/kinematics) by extension 'python'
[0.327s] Level 1:colcon.colcon_core.package_identification:_identify(src/kinematics) by extensions ['python_setup_py']
[0.327s] Level 1:colcon.colcon_core.package_identification:_identify(src/kinematics) by extension 'python_setup_py'
[0.327s] Level 1:colcon.colcon_core.package_identification:_identify(src/ldlidar_ros2) by extensions ['ignore', 'ignore_ament_install']
[0.327s] Level 1:colcon.colcon_core.package_identification:_identify(src/ldlidar_ros2) by extension 'ignore'
[0.327s] Level 1:colcon.colcon_core.package_identification:_identify(src/ldlidar_ros2) by extension 'ignore_ament_install'
[0.327s] Level 1:colcon.colcon_core.package_identification:_identify(src/ldlidar_ros2) by extensions ['colcon_pkg']
[0.327s] Level 1:colcon.colcon_core.package_identification:_identify(src/ldlidar_ros2) by extension 'colcon_pkg'
[0.327s] Level 1:colcon.colcon_core.package_identification:_identify(src/ldlidar_ros2) by extensions ['colcon_meta']
[0.327s] Level 1:colcon.colcon_core.package_identification:_identify(src/ldlidar_ros2) by extension 'colcon_meta'
[0.327s] Level 1:colcon.colcon_core.package_identification:_identify(src/ldlidar_ros2) by extensions ['ros']
[0.327s] Level 1:colcon.colcon_core.package_identification:_identify(src/ldlidar_ros2) by extension 'ros'
[0.327s] Level 1:colcon.colcon_core.package_identification:_identify(src/ldlidar_ros2) by extensions ['cmake', 'python']
[0.327s] Level 1:colcon.colcon_core.package_identification:_identify(src/ldlidar_ros2) by extension 'cmake'
[0.327s] Level 1:colcon.colcon_core.package_identification:_identify(src/ldlidar_ros2) by extension 'python'
[0.327s] Level 1:colcon.colcon_core.package_identification:_identify(src/ldlidar_ros2) by extensions ['python_setup_py']
[0.327s] Level 1:colcon.colcon_core.package_identification:_identify(src/ldlidar_ros2) by extension 'python_setup_py'
[0.327s] Level 1:colcon.colcon_core.package_identification:_identify(src/ldrobot-lidar-ros2) by extensions ['ignore', 'ignore_ament_install']
[0.328s] Level 1:colcon.colcon_core.package_identification:_identify(src/ldrobot-lidar-ros2) by extension 'ignore'
[0.328s] Level 1:colcon.colcon_core.package_identification:_identify(src/ldrobot-lidar-ros2) by extension 'ignore_ament_install'
[0.328s] Level 1:colcon.colcon_core.package_identification:_identify(src/ldrobot-lidar-ros2) by extensions ['colcon_pkg']
[0.328s] Level 1:colcon.colcon_core.package_identification:_identify(src/ldrobot-lidar-ros2) by extension 'colcon_pkg'
[0.328s] Level 1:colcon.colcon_core.package_identification:_identify(src/ldrobot-lidar-ros2) by extensions ['colcon_meta']
[0.328s] Level 1:colcon.colcon_core.package_identification:_identify(src/ldrobot-lidar-ros2) by extension 'colcon_meta'
[0.328s] Level 1:colcon.colcon_core.package_identification:_identify(src/ldrobot-lidar-ros2) by extensions ['ros']
[0.328s] Level 1:colcon.colcon_core.package_identification:_identify(src/ldrobot-lidar-ros2) by extension 'ros'
[0.328s] Level 1:colcon.colcon_core.package_identification:_identify(src/ldrobot-lidar-ros2) by extensions ['cmake', 'python']
[0.328s] Level 1:colcon.colcon_core.package_identification:_identify(src/ldrobot-lidar-ros2) by extension 'cmake'
[0.328s] Level 1:colcon.colcon_core.package_identification:_identify(src/ldrobot-lidar-ros2) by extension 'python'
[0.328s] Level 1:colcon.colcon_core.package_identification:_identify(src/ldrobot-lidar-ros2) by extensions ['python_setup_py']
[0.328s] Level 1:colcon.colcon_core.package_identification:_identify(src/ldrobot-lidar-ros2) by extension 'python_setup_py'
[0.328s] Level 1:colcon.colcon_core.package_discovery:discover_packages(recursive) using defaults
[0.328s] Level 1:colcon.colcon_core.package_discovery:discover_packages(ignore) discover
[0.328s] Level 1:colcon.colcon_core.package_discovery:discover_packages(ignore) using defaults
[0.328s] Level 1:colcon.colcon_core.package_discovery:discover_packages(path) discover
[0.328s] Level 1:colcon.colcon_core.package_discovery:discover_packages(path) using defaults
[0.347s] Level 1:colcon.colcon_core.package_discovery:discover_packages(prefix_path) check parameters
[0.347s] Level 1:colcon.colcon_core.package_discovery:discover_packages(prefix_path) discover
[0.349s] DEBUG:colcon.colcon_installed_package_information.package_discovery:Found 1 installed packages in /home/xtal/ROS2-Omni-Manipulator/install
[0.351s] DEBUG:colcon.colcon_installed_package_information.package_discovery:Found 350 installed packages in /opt/ros/jazzy
[0.352s] Level 1:colcon.colcon_core.package_discovery:discover_packages(prefix_path) using defaults
[0.388s] Level 5:colcon.colcon_core.verb:set package 'dm' build argument 'cmake_args' from command line to 'None'
[0.388s] Level 5:colcon.colcon_core.verb:set package 'dm' build argument 'cmake_target' from command line to 'None'
[0.389s] Level 5:colcon.colcon_core.verb:set package 'dm' build argument 'cmake_target_skip_unavailable' from command line to 'False'
[0.389s] Level 5:colcon.colcon_core.verb:set package 'dm' build argument 'cmake_clean_cache' from command line to 'False'
[0.389s] Level 5:colcon.colcon_core.verb:set package 'dm' build argument 'cmake_clean_first' from command line to 'False'
[0.389s] Level 5:colcon.colcon_core.verb:set package 'dm' build argument 'cmake_force_configure' from command line to 'False'
[0.389s] Level 5:colcon.colcon_core.verb:set package 'dm' build argument 'ament_cmake_args' from command line to 'None'
[0.389s] Level 5:colcon.colcon_core.verb:set package 'dm' build argument 'catkin_cmake_args' from command line to 'None'
[0.389s] Level 5:colcon.colcon_core.verb:set package 'dm' build argument 'catkin_skip_building_tests' from command line to 'False'
[0.389s] DEBUG:colcon.colcon_core.verb:Building package 'dm' with the following arguments: {'ament_cmake_args': None, 'build_base': '/home/xtal/ROS2-Omni-Manipulator/build/dm', 'catkin_cmake_args': None, 'catkin_skip_building_tests': False, 'cmake_args': None, 'cmake_clean_cache': False, 'cmake_clean_first': False, 'cmake_force_configure': False, 'cmake_target': None, 'cmake_target_skip_unavailable': False, 'install_base': '/home/xtal/ROS2-Omni-Manipulator/install/dm', 'merge_install': False, 'path': '/home/xtal/ROS2-Omni-Manipulator/src/dm', 'symlink_install': True, 'test_result_base': None}
[0.389s] Level 5:colcon.colcon_core.verb:set package 'urdf_omnidirectional_manipulator' build argument 'cmake_args' from command line to 'None'
[0.389s] Level 5:colcon.colcon_core.verb:set package 'urdf_omnidirectional_manipulator' build argument 'cmake_target' from command line to 'None'
[0.389s] Level 5:colcon.colcon_core.verb:set package 'urdf_omnidirectional_manipulator' build argument 'cmake_target_skip_unavailable' from command line to 'False'
[0.389s] Level 5:colcon.colcon_core.verb:set package 'urdf_omnidirectional_manipulator' build argument 'cmake_clean_cache' from command line to 'False'
[0.390s] Level 5:colcon.colcon_core.verb:set package 'urdf_omnidirectional_manipulator' build argument 'cmake_clean_first' from command line to 'False'
[0.390s] Level 5:colcon.colcon_core.verb:set package 'urdf_omnidirectional_manipulator' build argument 'cmake_force_configure' from command line to 'False'
[0.390s] Level 5:colcon.colcon_core.verb:set package 'urdf_omnidirectional_manipulator' build argument 'ament_cmake_args' from command line to 'None'
[0.390s] Level 5:colcon.colcon_core.verb:set package 'urdf_omnidirectional_manipulator' build argument 'catkin_cmake_args' from command line to 'None'
[0.390s] Level 5:colcon.colcon_core.verb:set package 'urdf_omnidirectional_manipulator' build argument 'catkin_skip_building_tests' from command line to 'False'
[0.390s] DEBUG:colcon.colcon_core.verb:Building package 'urdf_omnidirectional_manipulator' with the following arguments: {'ament_cmake_args': None, 'build_base': '/home/xtal/ROS2-Omni-Manipulator/build/urdf_omnidirectional_manipulator', 'catkin_cmake_args': None, 'catkin_skip_building_tests': False, 'cmake_args': None, 'cmake_clean_cache': False, 'cmake_clean_first': False, 'cmake_force_configure': False, 'cmake_target': None, 'cmake_target_skip_unavailable': False, 'install_base': '/home/xtal/ROS2-Omni-Manipulator/install/urdf_omnidirectional_manipulator', 'merge_install': False, 'path': '/home/xtal/ROS2-Omni-Manipulator/model/urdf_omnidirectional_manipulator', 'symlink_install': True, 'test_result_base': None}
[0.390s] INFO:colcon.colcon_core.executor:Executing jobs using 'parallel' executor
[0.391s] DEBUG:colcon.colcon_parallel_executor.executor.parallel:run_until_complete
[0.391s] INFO:colcon.colcon_ros.task.ament_python.build:Building ROS package in '/home/xtal/ROS2-Omni-Manipulator/src/dm' with build type 'ament_python'
[0.391s] Level 1:colcon.colcon_core.shell:create_environment_hook('dm', 'ament_prefix_path')
[0.395s] INFO:colcon.colcon_core.plugin_system:Skipping extension 'colcon_core.shell.bat': Not used on non-Windows systems
[0.395s] INFO:colcon.colcon_core.shell:Creating environment hook '/home/xtal/ROS2-Omni-Manipulator/install/dm/share/dm/hook/ament_prefix_path.ps1'
[0.396s] INFO:colcon.colcon_core.shell:Creating environment descriptor '/home/xtal/ROS2-Omni-Manipulator/install/dm/share/dm/hook/ament_prefix_path.dsv'
[0.396s] INFO:colcon.colcon_core.shell:Creating environment hook '/home/xtal/ROS2-Omni-Manipulator/install/dm/share/dm/hook/ament_prefix_path.sh'
[0.397s] INFO:colcon.colcon_core.shell:Skip shell extension 'powershell' for command environment: Not usable outside of PowerShell
[0.397s] DEBUG:colcon.colcon_core.shell:Skip shell extension 'dsv' for command environment
[0.400s] INFO:colcon.colcon_ros.task.catkin.build:Building ROS package in '/home/xtal/ROS2-Omni-Manipulator/model/urdf_omnidirectional_manipulator' with build type 'catkin'
[0.400s] INFO:colcon.colcon_cmake.task.cmake.build:Building CMake package in '/home/xtal/ROS2-Omni-Manipulator/model/urdf_omnidirectional_manipulator'
[0.400s] INFO:colcon.colcon_core.shell:Skip shell extension 'powershell' for command environment: Not usable outside of PowerShell
[0.400s] DEBUG:colcon.colcon_core.shell:Skip shell extension 'dsv' for command environment
[0.576s] INFO:colcon.colcon_core.task.python.build:Building Python package in '/home/xtal/ROS2-Omni-Manipulator/src/dm'
[0.576s] INFO:colcon.colcon_core.shell:Skip shell extension 'powershell' for command environment: Not usable outside of PowerShell
[0.576s] DEBUG:colcon.colcon_core.shell:Skip shell extension 'dsv' for command environment
[0.581s] DEBUG:colcon.colcon_core.event_handler.log_command:Invoking command in '/home/xtal/ROS2-Omni-Manipulator/build/urdf_omnidirectional_manipulator': DEBUGINFOD_URLS=https://debuginfod.ubuntu.com /usr/bin/cmake /home/xtal/ROS2-Omni-Manipulator/model/urdf_omnidirectional_manipulator -DCATKIN_INSTALL_INTO_PREFIX_ROOT=0 -DCATKIN_SYMLINK_INSTALL=ON -DCMAKE_INSTALL_PREFIX=/home/xtal/ROS2-Omni-Manipulator/install/urdf_omnidirectional_manipulator
[0.622s] DEBUG:colcon.colcon_core.event_handler.log_command:Invoked command in '/home/xtal/ROS2-Omni-Manipulator/build/urdf_omnidirectional_manipulator' returned '1': DEBUGINFOD_URLS=https://debuginfod.ubuntu.com /usr/bin/cmake /home/xtal/ROS2-Omni-Manipulator/model/urdf_omnidirectional_manipulator -DCATKIN_INSTALL_INTO_PREFIX_ROOT=0 -DCATKIN_SYMLINK_INSTALL=ON -DCMAKE_INSTALL_PREFIX=/home/xtal/ROS2-Omni-Manipulator/install/urdf_omnidirectional_manipulator
[0.635s] Level 1:colcon.colcon_core.environment:create_environment_scripts_only(urdf_omnidirectional_manipulator)
[0.639s] Level 1:colcon.colcon_core.environment:checking '/home/xtal/ROS2-Omni-Manipulator/install/urdf_omnidirectional_manipulator' for CMake module files
[0.640s] Level 1:colcon.colcon_core.environment:checking '/home/xtal/ROS2-Omni-Manipulator/install/urdf_omnidirectional_manipulator' for CMake config files
[0.640s] Level 1:colcon.colcon_core.environment:checking '/home/xtal/ROS2-Omni-Manipulator/install/urdf_omnidirectional_manipulator/bin'
[0.640s] Level 1:colcon.colcon_core.environment:checking '/home/xtal/ROS2-Omni-Manipulator/install/urdf_omnidirectional_manipulator/lib/pkgconfig/urdf_omnidirectional_manipulator.pc'
[0.640s] Level 1:colcon.colcon_core.environment:checking '/home/xtal/ROS2-Omni-Manipulator/install/urdf_omnidirectional_manipulator/lib/python3.12/site-packages'
[0.640s] Level 1:colcon.colcon_core.environment:checking '/home/xtal/ROS2-Omni-Manipulator/install/urdf_omnidirectional_manipulator/bin'
[0.641s] INFO:colcon.colcon_core.shell:Creating package script '/home/xtal/ROS2-Omni-Manipulator/install/urdf_omnidirectional_manipulator/share/urdf_omnidirectional_manipulator/package.ps1'
[0.641s] INFO:colcon.colcon_core.shell:Creating package descriptor '/home/xtal/ROS2-Omni-Manipulator/install/urdf_omnidirectional_manipulator/share/urdf_omnidirectional_manipulator/package.dsv'
[0.642s] INFO:colcon.colcon_core.shell:Creating package script '/home/xtal/ROS2-Omni-Manipulator/install/urdf_omnidirectional_manipulator/share/urdf_omnidirectional_manipulator/package.sh'
[0.643s] INFO:colcon.colcon_core.shell:Creating package script '/home/xtal/ROS2-Omni-Manipulator/install/urdf_omnidirectional_manipulator/share/urdf_omnidirectional_manipulator/package.bash'
[0.643s] INFO:colcon.colcon_core.shell:Creating package script '/home/xtal/ROS2-Omni-Manipulator/install/urdf_omnidirectional_manipulator/share/urdf_omnidirectional_manipulator/package.zsh'
[0.644s] Level 1:colcon.colcon_core.environment:create_file_with_runtime_dependencies(/home/xtal/ROS2-Omni-Manipulator/install/urdf_omnidirectional_manipulator/share/colcon-core/packages/urdf_omnidirectional_manipulator)
[1.250s] DEBUG:colcon.colcon_parallel_executor.executor.parallel:closing loop
[1.251s] DEBUG:colcon.colcon_parallel_executor.executor.parallel:loop closed
[1.251s] DEBUG:colcon.colcon_parallel_executor.executor.parallel:run_until_complete finished with '1'
[1.251s] DEBUG:colcon.colcon_core.event_reactor:joining thread
[1.256s] INFO:colcon.colcon_core.plugin_system:Skipping extension 'colcon_notification.desktop_notification.terminal_notifier': Not used on non-Darwin systems
[1.256s] INFO:colcon.colcon_core.plugin_system:Skipping extension 'colcon_notification.desktop_notification.win32': Not used on non-Windows systems
[1.256s] INFO:colcon.colcon_notification.desktop_notification:Sending desktop notification using 'notify2'
[1.266s] DEBUG:colcon.colcon_core.event_reactor:joined thread
[1.267s] INFO:colcon.colcon_core.shell:Creating prefix script '/home/xtal/ROS2-Omni-Manipulator/install/local_setup.ps1'
[1.267s] INFO:colcon.colcon_core.shell:Creating prefix util module '/home/xtal/ROS2-Omni-Manipulator/install/_local_setup_util_ps1.py'
[1.269s] INFO:colcon.colcon_core.shell:Creating prefix chain script '/home/xtal/ROS2-Omni-Manipulator/install/setup.ps1'
[1.270s] INFO:colcon.colcon_core.shell:Creating prefix script '/home/xtal/ROS2-Omni-Manipulator/install/local_setup.sh'
[1.270s] INFO:colcon.colcon_core.shell:Creating prefix util module '/home/xtal/ROS2-Omni-Manipulator/install/_local_setup_util_sh.py'
[1.271s] INFO:colcon.colcon_core.shell:Creating prefix chain script '/home/xtal/ROS2-Omni-Manipulator/install/setup.sh'
[1.272s] INFO:colcon.colcon_core.shell:Creating prefix script '/home/xtal/ROS2-Omni-Manipulator/install/local_setup.bash'
[1.272s] INFO:colcon.colcon_core.shell:Creating prefix chain script '/home/xtal/ROS2-Omni-Manipulator/install/setup.bash'
[1.273s] INFO:colcon.colcon_core.shell:Creating prefix script '/home/xtal/ROS2-Omni-Manipulator/install/local_setup.zsh'
[1.274s] INFO:colcon.colcon_core.shell:Creating prefix chain script '/home/xtal/ROS2-Omni-Manipulator/install/setup.zsh'
