[0.665s] Invoking command in '/home/xtal/ros2_ws/src/dm/build/dm': DEBUGINFOD_URLS=https://debuginfod.ubuntu.com PYTHONPATH=/home/xtal/ros2_ws/src/dm/build/dm/prefix_override:/usr/lib/python3/dist-packages/colcon_core/task/python/colcon_distutils_commands:/home/xtal/ros2_ws/src/dm/install/dm/lib/python3.12/site-packages: /usr/bin/python3 -W ignore:setup.py install is deprecated -W ignore:easy_install command is deprecated setup.py develop --editable --build-directory /home/xtal/ros2_ws/src/dm/build/dm/build --no-deps symlink_data
[0.874s] running develop
[0.972s] running egg_info
[0.972s] creating dm.egg-info
[0.981s] writing dm.egg-info/PKG-INFO
[0.981s] writing dependency_links to dm.egg-info/dependency_links.txt
[0.982s] writing entry points to dm.egg-info/entry_points.txt
[0.982s] writing requirements to dm.egg-info/requires.txt
[0.982s] writing top-level names to dm.egg-info/top_level.txt
[0.982s] writing manifest file 'dm.egg-info/SOURCES.txt'
[1.001s] reading manifest file 'dm.egg-info/SOURCES.txt'
[1.001s] writing manifest file 'dm.egg-info/SOURCES.txt'
[1.012s] running build_ext
[1.013s] Creating /home/xtal/ros2_ws/src/dm/install/dm/lib/python3.12/site-packages/dm.egg-link (link to .)
[1.013s] Installing my_publisher script to /home/xtal/ros2_ws/src/dm/install/dm/lib/dm
[1.014s] 
[1.014s] Installed /home/xtal/ros2_ws/src/dm/build/dm
[1.014s] running symlink_data
[1.014s] creating /home/xtal/ros2_ws/src/dm/install/dm/share/ament_index
[1.014s] creating /home/xtal/ros2_ws/src/dm/install/dm/share/ament_index/resource_index
[1.014s] creating /home/xtal/ros2_ws/src/dm/install/dm/share/ament_index/resource_index/packages
[1.014s] symbolically linking /home/xtal/ros2_ws/src/dm/build/dm/resource/dm -> /home/xtal/ros2_ws/src/dm/install/dm/share/ament_index/resource_index/packages
[1.014s] symbolically linking /home/xtal/ros2_ws/src/dm/build/dm/package.xml -> /home/xtal/ros2_ws/src/dm/install/dm/share/dm
[1.038s] Invoked command in '/home/xtal/ros2_ws/src/dm/build/dm' returned '0': DEBUGINFOD_URLS=https://debuginfod.ubuntu.com PYTHONPATH=/home/xtal/ros2_ws/src/dm/build/dm/prefix_override:/usr/lib/python3/dist-packages/colcon_core/task/python/colcon_distutils_commands:/home/xtal/ros2_ws/src/dm/install/dm/lib/python3.12/site-packages: /usr/bin/python3 -W ignore:setup.py install is deprecated -W ignore:easy_install command is deprecated setup.py develop --editable --build-directory /home/xtal/ros2_ws/src/dm/build/dm/build --no-deps symlink_data
