running develop
running egg_info
creating dm.egg-info
writing dm.egg-info/PKG-INFO
writing dependency_links to dm.egg-info/dependency_links.txt
writing entry points to dm.egg-info/entry_points.txt
writing requirements to dm.egg-info/requires.txt
writing top-level names to dm.egg-info/top_level.txt
writing manifest file 'dm.egg-info/SOURCES.txt'
reading manifest file 'dm.egg-info/SOURCES.txt'
writing manifest file 'dm.egg-info/SOURCES.txt'
running build_ext
Creating /home/xtal/ros2_ws/install/dm/lib/python3.12/site-packages/dm.egg-link (link to .)
Installing my_publisher script to /home/xtal/ros2_ws/install/dm/lib/dm
Installing my_second_publisher script to /home/xtal/ros2_ws/install/dm/lib/dm
Installing my_subscriber script to /home/xtal/ros2_ws/install/dm/lib/dm

Installed /home/xtal/ros2_ws/build/dm
running symlink_data
creating /home/xtal/ros2_ws/install/dm/share/ament_index
creating /home/xtal/ros2_ws/install/dm/share/ament_index/resource_index
creating /home/xtal/ros2_ws/install/dm/share/ament_index/resource_index/packages
symbolically linking /home/xtal/ros2_ws/build/dm/resource/dm -> /home/xtal/ros2_ws/install/dm/share/ament_index/resource_index/packages
symbolically linking /home/xtal/ros2_ws/build/dm/package.xml -> /home/xtal/ros2_ws/install/dm/share/dm
creating /home/xtal/ros2_ws/install/dm/share/dm/launch
symbolically linking /home/xtal/ros2_ws/build/dm/launch/d415.launch.py -> /home/xtal/ros2_ws/install/dm/share/dm/launch
symbolically linking /home/xtal/ros2_ws/build/dm/launch/publishers.launch.py -> /home/xtal/ros2_ws/install/dm/share/dm/launch
