[0.814s] Invoking command in '/home/xtal/ROS2-omni-manipulator/build/dm': DEBUGINFOD_URLS=https://debuginfod.ubuntu.com PYTHONPATH=/home/xtal/ROS2-omni-manipulator/build/dm/prefix_override:/usr/lib/python3/dist-packages/colcon_core/task/python/colcon_distutils_commands:/home/xtal/ROS2-omni-manipulator/install/dm/lib/python3.12/site-packages:${PYTHONPATH} /usr/bin/python3 -W ignore:setup.py install is deprecated -W ignore:easy_install command is deprecated setup.py develop --editable --build-directory /home/xtal/ROS2-omni-manipulator/build/dm/build --no-deps symlink_data
[1.160s] running develop
[1.409s] running egg_info
[1.433s] writing dm.egg-info/PKG-INFO
[1.433s] writing dependency_links to dm.egg-info/dependency_links.txt
[1.433s] writing entry points to dm.egg-info/entry_points.txt
[1.434s] writing requirements to dm.egg-info/requires.txt
[1.434s] writing top-level names to dm.egg-info/top_level.txt
[1.481s] reading manifest file 'dm.egg-info/SOURCES.txt'
[1.481s] writing manifest file 'dm.egg-info/SOURCES.txt'
[1.506s] running build_ext
[1.506s] Creating /home/xtal/ROS2-omni-manipulator/install/dm/lib/python3.12/site-packages/dm.egg-link (link to .)
[1.507s] Installing my_publisher script to /home/xtal/ROS2-omni-manipulator/install/dm/lib/dm
[1.507s] Installing my_second_publisher script to /home/xtal/ROS2-omni-manipulator/install/dm/lib/dm
[1.507s] Installing my_subscriber script to /home/xtal/ROS2-omni-manipulator/install/dm/lib/dm
[1.508s] 
[1.508s] Installed /home/xtal/ROS2-omni-manipulator/build/dm
[1.508s] running symlink_data
[1.508s] symbolically linking /home/xtal/ROS2-omni-manipulator/build/dm/launch/display.launch.py -> /home/xtal/ROS2-omni-manipulator/install/dm/share/dm/launch
[1.534s] Invoked command in '/home/xtal/ROS2-omni-manipulator/build/dm' returned '0': DEBUGINFOD_URLS=https://debuginfod.ubuntu.com PYTHONPATH=/home/xtal/ROS2-omni-manipulator/build/dm/prefix_override:/usr/lib/python3/dist-packages/colcon_core/task/python/colcon_distutils_commands:/home/xtal/ROS2-omni-manipulator/install/dm/lib/python3.12/site-packages:${PYTHONPATH} /usr/bin/python3 -W ignore:setup.py install is deprecated -W ignore:easy_install command is deprecated setup.py develop --editable --build-directory /home/xtal/ROS2-omni-manipulator/build/dm/build --no-deps symlink_data
