[0.015s] Invoking command in '/home/xtal/ros2_ws/build/ldlidar_component': CMAKE_PREFIX_PATH=${CMAKE_PREFIX_PATH}:/opt/ros/jazzy DEBUGINFOD_URLS=https://debuginfod.ubuntu.com /usr/bin/cmake /home/xtal/ros2_ws/src/ldrobot-lidar-ros2/ldlidar_component -DAMENT_CMAKE_SYMLINK_INSTALL=1 -DCMAKE_INSTALL_PREFIX=/home/xtal/ros2_ws/install/ldlidar_component
[0.186s] --  * Release Mode
[0.186s] -- * Found ROS2 jazzy
[0.187s] -- * ROS2 jazzy is officially supported by this package.
[0.187s] -- Found ament_cmake: 2.5.3 (/opt/ros/jazzy/share/ament_cmake/cmake)
[0.190s] -- Override CMake install command with custom implementation using symlinks instead of copying resources
[0.196s] -- Found rclcpp_lifecycle: 28.1.6 (/opt/ros/jazzy/share/rclcpp_lifecycle/cmake)
[0.222s] -- Found rosidl_generator_c: 4.6.5 (/opt/ros/jazzy/share/rosidl_generator_c/cmake)
[0.230s] -- Found rosidl_generator_cpp: 4.6.5 (/opt/ros/jazzy/share/rosidl_generator_cpp/cmake)
[0.239s] -- Using all available rosidl_typesupport_c: rosidl_typesupport_fastrtps_c;rosidl_typesupport_introspection_c
[0.253s] -- Using all available rosidl_typesupport_cpp: rosidl_typesupport_fastrtps_cpp;rosidl_typesupport_introspection_cpp
[0.324s] -- Found rmw_implementation_cmake: 7.3.1 (/opt/ros/jazzy/share/rmw_implementation_cmake/cmake)
[0.325s] -- Found rmw_fastrtps_cpp: 8.4.1 (/opt/ros/jazzy/share/rmw_fastrtps_cpp/cmake)
[0.413s] -- Using RMW implementation 'rmw_fastrtps_cpp' as default
[0.540s] -- Found rclcpp_components: 28.1.6 (/opt/ros/jazzy/share/rclcpp_components/cmake)
[0.585s] -- Found nav2_util: 1.3.5 (/opt/ros/jazzy/share/nav2_util/cmake)
[0.921s] -- Found eigen3_cmake_module: 0.3.0 (/opt/ros/jazzy/share/eigen3_cmake_module/cmake)
[0.922s] -- Found Eigen3: TRUE (found version "3.4.0") 
[0.922s] -- Ensuring Eigen3 include directory is part of orocos-kdl CMake target
[0.979s] -- Found sensor_msgs: 5.3.5 (/opt/ros/jazzy/share/sensor_msgs/cmake)
[1.002s] -- Found diagnostic_msgs: 5.3.5 (/opt/ros/jazzy/share/diagnostic_msgs/cmake)
[1.023s] -- Found diagnostic_updater: 4.2.2 (/opt/ros/jazzy/share/diagnostic_updater/cmake)
[1.039s] -- Found ament_lint_auto: 0.17.1 (/opt/ros/jazzy/share/ament_lint_auto/cmake)
[1.148s] -- Added test 'copyright' to check source files copyright and LICENSE
[1.151s] -- Added test 'cppcheck' to perform static code analysis on C / C++ code
[1.152s] -- Configured cppcheck include dirs: /home/xtal/ros2_ws/src/ldrobot-lidar-ros2/ldlidar_component/include;/home/xtal/ros2_ws/src/ldrobot-lidar-ros2/ldlidar_component/tools/include;/home/xtal/ros2_ws/src/ldrobot-lidar-ros2/ldlidar_component/component/include;/home/xtal/ros2_ws/src/ldrobot-lidar-ros2/ldlidar_component/ldlidar_driver/include/core;/home/xtal/ros2_ws/src/ldrobot-lidar-ros2/ldlidar_component/ldlidar_driver/include/dataprocess;/home/xtal/ros2_ws/src/ldrobot-lidar-ros2/ldlidar_component/ldlidar_driver/include/filter;/home/xtal/ros2_ws/src/ldrobot-lidar-ros2/ldlidar_component/ldlidar_driver/include/logger;/home/xtal/ros2_ws/src/ldrobot-lidar-ros2/ldlidar_component/ldlidar_driver/include/networkcom;/home/xtal/ros2_ws/src/ldrobot-lidar-ros2/ldlidar_component/ldlidar_driver/include/serialcom
[1.152s] -- Configured cppcheck exclude dirs and/or files: 
[1.155s] -- Added test 'cpplint' to check C / C++ code against the Google style
[1.155s] -- Configured cpplint exclude dirs and/or files: 
[1.157s] -- Added test 'lint_cmake' to check CMake code style
[1.160s] -- Added test 'uncrustify' to check C / C++ code style
[1.160s] -- Configured uncrustify additional arguments: 
[1.161s] -- Added test 'xmllint' to check XML markup files
[1.164s] -- Added test 'clang_format' to check C / C++ code style
[1.169s] -- Configuring done (1.1s)
[1.189s] -- Generating done (0.0s)
[1.193s] -- Build files have been written to: /home/xtal/ros2_ws/build/ldlidar_component
[1.207s] Invoked command in '/home/xtal/ros2_ws/build/ldlidar_component' returned '0': CMAKE_PREFIX_PATH=${CMAKE_PREFIX_PATH}:/opt/ros/jazzy DEBUGINFOD_URLS=https://debuginfod.ubuntu.com /usr/bin/cmake /home/xtal/ros2_ws/src/ldrobot-lidar-ros2/ldlidar_component -DAMENT_CMAKE_SYMLINK_INSTALL=1 -DCMAKE_INSTALL_PREFIX=/home/xtal/ros2_ws/install/ldlidar_component
[1.208s] Invoking command in '/home/xtal/ros2_ws/build/ldlidar_component': CMAKE_PREFIX_PATH=${CMAKE_PREFIX_PATH}:/opt/ros/jazzy DEBUGINFOD_URLS=https://debuginfod.ubuntu.com /usr/bin/cmake --build /home/xtal/ros2_ws/build/ldlidar_component -- -j16 -l16
[1.261s] [ 20%] [32mBuilding CXX object ldlidar_driver/CMakeFiles/ldlidar.dir/src/serialcom/serial_interface_linux.cpp.o[0m
[1.261s] [ 20%] [32mBuilding CXX object ldlidar_driver/CMakeFiles/ldlidar.dir/src/core/ldlidar_driver.cpp.o[0m
[1.261s] [ 30%] [32mBuilding CXX object ldlidar_driver/CMakeFiles/ldlidar.dir/src/dataprocess/lipkg.cpp.o[0m
[1.261s] [ 50%] [32mBuilding CXX object ldlidar_driver/CMakeFiles/ldlidar.dir/src/networkcom/network_socket_interface_linux.cpp.o[0m
[1.261s] [ 50%] [32mBuilding CXX object ldlidar_driver/CMakeFiles/ldlidar.dir/src/logger/log_module.cpp.o[0m
[1.263s] [ 60%] [32mBuilding CXX object ldlidar_driver/CMakeFiles/ldlidar.dir/src/filter/tofbf.cpp.o[0m
[1.840s] [ 70%] [32m[1mLinking CXX static library libldlidar.a[0m
[1.903s] [ 70%] Built target ldlidar
[1.927s] [ 90%] [32mBuilding CXX object CMakeFiles/ldlidar_component.dir/component/src/ldlidar_component.cpp.o[0m
[1.927s] [ 90%] [32mBuilding CXX object CMakeFiles/ldlidar_component.dir/tools/src/ldlidar_tools.cpp.o[0m
[7.702s] [100%] [32m[1mLinking CXX shared library libldlidar_component.so[0m
[7.851s] [100%] Built target ldlidar_component
[7.862s] Invoked command in '/home/xtal/ros2_ws/build/ldlidar_component' returned '0': CMAKE_PREFIX_PATH=${CMAKE_PREFIX_PATH}:/opt/ros/jazzy DEBUGINFOD_URLS=https://debuginfod.ubuntu.com /usr/bin/cmake --build /home/xtal/ros2_ws/build/ldlidar_component -- -j16 -l16
[7.863s] Invoking command in '/home/xtal/ros2_ws/build/ldlidar_component': CMAKE_PREFIX_PATH=${CMAKE_PREFIX_PATH}:/opt/ros/jazzy DEBUGINFOD_URLS=https://debuginfod.ubuntu.com /usr/bin/cmake --install /home/xtal/ros2_ws/build/ldlidar_component
[7.871s] -- Install configuration: "Release"
[7.871s] -- Execute custom install script
[7.871s] -- Symlinking: /home/xtal/ros2_ws/install/ldlidar_component/lib/libldlidar_component.so
[7.880s] -- Symlinking: /home/xtal/ros2_ws/install/ldlidar_component/include/ldlidar_component//defines.hpp
[7.888s] -- Symlinking: /home/xtal/ros2_ws/install/ldlidar_component/include/ldlidar_component//ldlidar_component.hpp
[7.897s] -- Symlinking: /home/xtal/ros2_ws/install/ldlidar_component/include/ldlidar_component//ldlidar_tools.hpp
[7.905s] -- Symlinking: /home/xtal/ros2_ws/install/ldlidar_component/include/ldlidar_component//visibility_control.hpp
[7.914s] -- Symlinking: /home/xtal/ros2_ws/install/ldlidar_component/include/ldlidar_component//ldlidar_datatype.h
[7.923s] -- Symlinking: /home/xtal/ros2_ws/install/ldlidar_component/include/ldlidar_component//ldlidar_driver.h
[7.932s] -- Symlinking: /home/xtal/ros2_ws/install/ldlidar_component/include/ldlidar_component//lipkg.h
[7.940s] -- Symlinking: /home/xtal/ros2_ws/install/ldlidar_component/include/ldlidar_component//tofbf.h
[7.949s] -- Symlinking: /home/xtal/ros2_ws/install/ldlidar_component/include/ldlidar_component//log_module.h
[7.957s] -- Symlinking: /home/xtal/ros2_ws/install/ldlidar_component/include/ldlidar_component//network_socket_interface_linux.h
[7.965s] -- Symlinking: /home/xtal/ros2_ws/install/ldlidar_component/include/ldlidar_component//serial_interface_linux.h
[7.974s] -- Symlinking: /home/xtal/ros2_ws/install/ldlidar_component/share/ldlidar_component/environment/library_path.sh
[7.982s] -- Symlinking: /home/xtal/ros2_ws/install/ldlidar_component/share/ldlidar_component/environment/library_path.dsv
[7.990s] -- Symlinking: /home/xtal/ros2_ws/install/ldlidar_component/share/ament_index/resource_index/package_run_dependencies/ldlidar_component
[7.998s] -- Symlinking: /home/xtal/ros2_ws/install/ldlidar_component/share/ament_index/resource_index/parent_prefix_path/ldlidar_component
[8.006s] -- Symlinking: /home/xtal/ros2_ws/install/ldlidar_component/share/ldlidar_component/environment/ament_prefix_path.sh
[8.014s] -- Symlinking: /home/xtal/ros2_ws/install/ldlidar_component/share/ldlidar_component/environment/ament_prefix_path.dsv
[8.024s] -- Symlinking: /home/xtal/ros2_ws/install/ldlidar_component/share/ldlidar_component/environment/path.sh
[8.032s] -- Symlinking: /home/xtal/ros2_ws/install/ldlidar_component/share/ldlidar_component/environment/path.dsv
[8.041s] -- Symlinking: /home/xtal/ros2_ws/install/ldlidar_component/share/ldlidar_component/local_setup.bash
[8.050s] -- Symlinking: /home/xtal/ros2_ws/install/ldlidar_component/share/ldlidar_component/local_setup.sh
[8.058s] -- Symlinking: /home/xtal/ros2_ws/install/ldlidar_component/share/ldlidar_component/local_setup.zsh
[8.066s] -- Symlinking: /home/xtal/ros2_ws/install/ldlidar_component/share/ldlidar_component/local_setup.dsv
[8.074s] -- Symlinking: /home/xtal/ros2_ws/install/ldlidar_component/share/ldlidar_component/package.dsv
[8.083s] -- Symlinking: /home/xtal/ros2_ws/install/ldlidar_component/share/ament_index/resource_index/packages/ldlidar_component
[8.092s] -- Symlinking: /home/xtal/ros2_ws/install/ldlidar_component/share/ament_index/resource_index/rclcpp_components/ldlidar_component
[8.103s] -- Symlinking: /home/xtal/ros2_ws/install/ldlidar_component/share/ldlidar_component/cmake/ament_cmake_export_include_directories-extras.cmake
[8.111s] -- Symlinking: /home/xtal/ros2_ws/install/ldlidar_component/share/ldlidar_component/cmake/ament_cmake_export_libraries-extras.cmake
[8.120s] -- Symlinking: /home/xtal/ros2_ws/install/ldlidar_component/share/ldlidar_component/cmake/ament_cmake_export_dependencies-extras.cmake
[8.129s] -- Symlinking: /home/xtal/ros2_ws/install/ldlidar_component/share/ldlidar_component/cmake/ldlidar_componentConfig.cmake
[8.137s] -- Symlinking: /home/xtal/ros2_ws/install/ldlidar_component/share/ldlidar_component/cmake/ldlidar_componentConfig-version.cmake
[8.146s] -- Symlinking: /home/xtal/ros2_ws/install/ldlidar_component/share/ldlidar_component/package.xml
[8.156s] Invoked command in '/home/xtal/ros2_ws/build/ldlidar_component' returned '0': CMAKE_PREFIX_PATH=${CMAKE_PREFIX_PATH}:/opt/ros/jazzy DEBUGINFOD_URLS=https://debuginfod.ubuntu.com /usr/bin/cmake --install /home/xtal/ros2_ws/build/ldlidar_component
