-- The C compiler identification is GNU 13.3.0
-- The CXX compiler identification is GNU 13.3.0
-- Detecting C compiler ABI info
-- Detecting C compiler ABI info - done
-- Check for working C compiler: /usr/bin/cc - skipped
-- Detecting C compile features
-- Detecting C compile features - done
-- Detecting CXX compiler ABI info
-- Detecting CXX compiler ABI info - done
-- Check for working CXX compiler: /usr/bin/c++ - skipped
-- Detecting CXX compile features
-- Detecting CXX compile features - done
-- * Found ROS2 jazzy
-- * ROS2 jazzy is officially supported by this package.
-- Found ament_cmake: 2.5.3 (/opt/ros/jazzy/share/ament_cmake/cmake)
-- Found Python3: /usr/bin/python3 (found version "3.12.3") found components: Interpreter 
-- Override CMake install command with custom implementation using symlinks instead of copying resources
-- Found ament_lint_auto: 0.17.1 (/opt/ros/jazzy/share/ament_lint_auto/cmake)
-- Found python_cmake_module: 0.11.1 (/opt/ros/jazzy/share/python_cmake_module/cmake)
-- Found PythonExtra: /usr/bin/python3  
-- Added test 'copyright' to check source files copyright and LICENSE
-- Added test 'flake8' to check Python code syntax and style conventions
-- Configured 'flake8' exclude dirs and/or files: 
-- Added test 'lint_cmake' to check CMake code style
-- Added test 'pep257' to check Python code against some of the docstring style conventions in PEP 257
-- Added test 'xmllint' to check XML markup files
-- Configuring done (0.8s)
-- Generating done (0.0s)
-- Build files have been written to: /home/xtal/ros2_ws/build/ldlidar_node
-- Install configuration: ""
-- Execute custom install script
-- Symlinking: /home/xtal/ros2_ws/install/ldlidar_node/share/ldlidar_node/params/ldlidar.yaml
-- Symlinking: /home/xtal/ros2_ws/install/ldlidar_node/share/ldlidar_node/params/lifecycle_mgr.yaml
-- Symlinking: /home/xtal/ros2_ws/install/ldlidar_node/share/ldlidar_node/params/lifecycle_mgr_slam.yaml
-- Symlinking: /home/xtal/ros2_ws/install/ldlidar_node/share/ldlidar_node/params/slam_toolbox.yaml
-- Symlinking: /home/xtal/ros2_ws/install/ldlidar_node/share/ldlidar_node/config/ldlidar.rviz
-- Symlinking: /home/xtal/ros2_ws/install/ldlidar_node/share/ldlidar_node/config/ldlidar_slam.rviz
-- Symlinking: /home/xtal/ros2_ws/install/ldlidar_node/share/ldlidar_node/urdf/ldlidar_descr.urdf.xml
-- Symlinking: /home/xtal/ros2_ws/install/ldlidar_node/share/ldlidar_node/urdf/model/LD19.stl
-- Symlinking: /home/xtal/ros2_ws/install/ldlidar_node/share/ldlidar_node/launch/.data
-- Symlinking: /home/xtal/ros2_ws/install/ldlidar_node/share/ldlidar_node/launch/.posegraph
-- Symlinking: /home/xtal/ros2_ws/install/ldlidar_node/share/ldlidar_node/launch/__pycache__/ldlidar_slam.launch.cpython-312.pyc
-- Symlinking: /home/xtal/ros2_ws/install/ldlidar_node/share/ldlidar_node/launch/__pycache__/ldlidar_with_mgr.launch.cpython-312.pyc
-- Symlinking: /home/xtal/ros2_ws/install/ldlidar_node/share/ldlidar_node/launch/ldlidar_bringup.launch.py
-- Symlinking: /home/xtal/ros2_ws/install/ldlidar_node/share/ldlidar_node/launch/ldlidar_rviz2.launch.py
-- Symlinking: /home/xtal/ros2_ws/install/ldlidar_node/share/ldlidar_node/launch/ldlidar_slam.launch.py
-- Symlinking: /home/xtal/ros2_ws/install/ldlidar_node/share/ldlidar_node/launch/ldlidar_with_mgr.launch.py
-- Symlinking: /home/xtal/ros2_ws/install/ldlidar_node/share/ament_index/resource_index/package_run_dependencies/ldlidar_node
-- Symlinking: /home/xtal/ros2_ws/install/ldlidar_node/share/ament_index/resource_index/parent_prefix_path/ldlidar_node
-- Symlinking: /home/xtal/ros2_ws/install/ldlidar_node/share/ldlidar_node/environment/ament_prefix_path.sh
-- Symlinking: /home/xtal/ros2_ws/install/ldlidar_node/share/ldlidar_node/environment/ament_prefix_path.dsv
-- Symlinking: /home/xtal/ros2_ws/install/ldlidar_node/share/ldlidar_node/environment/path.sh
-- Symlinking: /home/xtal/ros2_ws/install/ldlidar_node/share/ldlidar_node/environment/path.dsv
-- Symlinking: /home/xtal/ros2_ws/install/ldlidar_node/share/ldlidar_node/local_setup.bash
-- Symlinking: /home/xtal/ros2_ws/install/ldlidar_node/share/ldlidar_node/local_setup.sh
-- Symlinking: /home/xtal/ros2_ws/install/ldlidar_node/share/ldlidar_node/local_setup.zsh
-- Symlinking: /home/xtal/ros2_ws/install/ldlidar_node/share/ldlidar_node/local_setup.dsv
-- Symlinking: /home/xtal/ros2_ws/install/ldlidar_node/share/ldlidar_node/package.dsv
-- Symlinking: /home/xtal/ros2_ws/install/ldlidar_node/share/ament_index/resource_index/packages/ldlidar_node
-- Symlinking: /home/xtal/ros2_ws/install/ldlidar_node/share/ldlidar_node/cmake/ldlidar_nodeConfig.cmake
-- Symlinking: /home/xtal/ros2_ws/install/ldlidar_node/share/ldlidar_node/cmake/ldlidar_nodeConfig-version.cmake
-- Symlinking: /home/xtal/ros2_ws/install/ldlidar_node/share/ldlidar_node/package.xml
